#
# There is insufficient memory for the Java Runtime Environment to continue.
# Native memory allocation (malloc) failed to allocate 2058688 bytes. Error detail: Chunk::new
# Possible reasons:
#   The system is out of physical RAM or swap space
#   This process is running with CompressedOops enabled, and the Java Heap may be blocking the growth of the native heap
# Possible solutions:
#   Reduce memory load on the system
#   Increase physical memory or swap space
#   Check if swap backing store is full
#   Decrease Java heap size (-Xmx/-Xms)
#   Decrease number of Java threads
#   Decrease Java thread stack sizes (-Xss)
#   Set larger code cache with -XX:ReservedCodeCacheSize=
#   JVM is running with Unscaled Compressed Oops mode in which the Java heap is
#     placed in the first 4GB address space. The Java Heap base address is the
#     maximum limit for the native heap growth. Please use -XX:HeapBaseMinAddress
#     to set the Java Heap base and to place the Java Heap above 4GB virtual address.
# This output file may be truncated or incomplete.
#
#  Out of Memory Error (arena.cpp:168), pid=33244, tid=20992
#
# JRE version: OpenJDK Runtime Environment (21.0.8) (build 21.0.8+-14196175-b1038.72)
# Java VM: OpenJDK 64-Bit Server VM (21.0.8+-14196175-b1038.72, mixed mode, tiered, compressed oops, compressed class ptrs, g1 gc, windows-amd64)
# No core dump will be written. Minidumps are not enabled by default on client versions of Windows
#

---------------  S U M M A R Y ------------

Command Line: --add-opens=java.base/java.lang=ALL-UNNAMED --add-opens=java.base/java.lang.invoke=ALL-UNNAMED --add-opens=java.base/java.util=ALL-UNNAMED --add-opens=java.prefs/java.util.prefs=ALL-UNNAMED --add-exports=jdk.compiler/com.sun.tools.javac.api=ALL-UNNAMED --add-exports=jdk.compiler/com.sun.tools.javac.util=ALL-UNNAMED --add-opens=java.base/java.util=ALL-UNNAMED --add-opens=java.prefs/java.util.prefs=ALL-UNNAMED --add-opens=java.base/java.nio.charset=ALL-UNNAMED --add-opens=java.base/java.net=ALL-UNNAMED --add-opens=java.base/java.util.concurrent.atomic=ALL-UNNAMED --add-opens=java.xml/javax.xml.namespace=ALL-UNNAMED -XX:MaxMetaspaceSize=512m -XX:ReservedCodeCacheSize=256m -XX:+HeapDumpOnOutOfMemoryError -Xmx2G -Dfile.encoding=UTF-8 -Duser.country=IN -Duser.language=en -Duser.variant -javaagent:C:\Users\ACER\.gradle\wrapper\dists\gradle-8.13-all\54h0s9kvb6g2sinako7ub77ku\gradle-8.13\lib\agents\gradle-instrumentation-agent-8.13.jar org.gradle.launcher.daemon.bootstrap.GradleDaemon 8.13

Host: 11th Gen Intel(R) Core(TM) i7-1165G7 @ 2.80GHz, 8 cores, 15G,  Windows 11 , 64 bit Build 26100 (10.0.26100.7705)
Time: Wed Feb 25 21:22:36 2026 India Standard Time elapsed time: 11.983940 seconds (0d 0h 0m 11s)

---------------  T H R E A D  ---------------

Current thread (0x0000029ac85c01c0):  JavaThread "C2 CompilerThread2" daemon [_thread_in_native, id=20992, stack(0x000000fbf2500000,0x000000fbf2600000) (1024K)]


Current CompileTask:
C2:11984 4109   !   4       java.net.URLClassLoader::findClass (47 bytes)

Stack: [0x000000fbf2500000,0x000000fbf2600000]
Native frames: (J=compiled Java code, j=interpreted, Vv=VM code, C=native code)
V  [jvm.dll+0x6d68d9]
V  [jvm.dll+0x866693]
V  [jvm.dll+0x868c4e]
V  [jvm.dll+0x869333]
V  [jvm.dll+0x280566]
V  [jvm.dll+0xc07cd]
V  [jvm.dll+0xc0d03]
V  [jvm.dll+0x3b961b]
V  [jvm.dll+0x385507]
V  [jvm.dll+0x38497a]
V  [jvm.dll+0x249252]
V  [jvm.dll+0x248821]
V  [jvm.dll+0x1c73a4]
V  [jvm.dll+0x257f9e]
V  [jvm.dll+0x2564e6]
V  [jvm.dll+0x3f4696]
V  [jvm.dll+0x80eac8]
V  [jvm.dll+0x6d512d]
C  [ucrtbase.dll+0x37b0]
C  [KERNEL32.DLL+0x2e8d7]
C  [ntdll.dll+0x8c40c]


---------------  P R O C E S S  ---------------

Threads class SMR info:
_java_thread_list=0x0000029acad43d50, length=31, elements={
0x0000029aaa5af0c0, 0x0000029ac2d921c0, 0x0000029ac2d94250, 0x0000029ac2da90b0,
0x0000029ac2dc1a20, 0x0000029ac2dc2480, 0x0000029ac2dc2ee0, 0x0000029ac2dd1110,
0x0000029ac2db1cf0, 0x0000029ac2db6f80, 0x0000029ac31fb800, 0x0000029ac89690f0,
0x0000029ac94a4300, 0x0000029ac96355c0, 0x0000029ac9628610, 0x0000029ac9620630,
0x0000029ac96238e0, 0x0000029ac9623f50, 0x0000029ac9409140, 0x0000029ac9408ab0,
0x0000029ac9407d90, 0x0000029ac9408420, 0x0000029ac97ab0f0, 0x0000029ac97acb30,
0x0000029ac97ad1c0, 0x0000029ac97abe10, 0x0000029ac97adee0, 0x0000029ac97ae570,
0x0000029ac97aec00, 0x0000029ac85be680, 0x0000029ac85c01c0
}

Java Threads: ( => current thread )
  0x0000029aaa5af0c0 JavaThread "main"                              [_thread_blocked, id=11308, stack(0x000000fbef800000,0x000000fbef900000) (1024K)]
  0x0000029ac2d921c0 JavaThread "Common-Cleaner"             daemon [_thread_blocked, id=24704, stack(0x000000fbf0000000,0x000000fbf0100000) (1024K)]
  0x0000029ac2d94250 JavaThread "Reference Handler"          daemon [_thread_blocked, id=28704, stack(0x000000fbf0100000,0x000000fbf0200000) (1024K)]
  0x0000029ac2da90b0 JavaThread "Finalizer"                  daemon [_thread_blocked, id=11988, stack(0x000000fbf0200000,0x000000fbf0300000) (1024K)]
  0x0000029ac2dc1a20 JavaThread "Signal Dispatcher"          daemon [_thread_blocked, id=24144, stack(0x000000fbf0300000,0x000000fbf0400000) (1024K)]
  0x0000029ac2dc2480 JavaThread "Attach Listener"            daemon [_thread_blocked, id=30340, stack(0x000000fbf0400000,0x000000fbf0500000) (1024K)]
  0x0000029ac2dc2ee0 JavaThread "Service Thread"             daemon [_thread_blocked, id=28960, stack(0x000000fbf0500000,0x000000fbf0600000) (1024K)]
  0x0000029ac2dd1110 JavaThread "Monitor Deflation Thread"   daemon [_thread_blocked, id=25776, stack(0x000000fbf0600000,0x000000fbf0700000) (1024K)]
  0x0000029ac2db1cf0 JavaThread "C2 CompilerThread0"         daemon [_thread_blocked, id=28884, stack(0x000000fbf0700000,0x000000fbf0800000) (1024K)]
  0x0000029ac2db6f80 JavaThread "C1 CompilerThread0"         daemon [_thread_blocked, id=30444, stack(0x000000fbf0800000,0x000000fbf0900000) (1024K)]
  0x0000029ac31fb800 JavaThread "Notification Thread"        daemon [_thread_blocked, id=8664, stack(0x000000fbf0900000,0x000000fbf0a00000) (1024K)]
  0x0000029ac89690f0 JavaThread "Daemon health stats"               [_thread_blocked, id=31580, stack(0x000000fbf1200000,0x000000fbf1300000) (1024K)]
  0x0000029ac94a4300 JavaThread "Incoming local TCP Connector on port 52322"        [_thread_in_native, id=4084, stack(0x000000fbf1300000,0x000000fbf1400000) (1024K)]
  0x0000029ac96355c0 JavaThread "Daemon periodic checks"            [_thread_blocked, id=23492, stack(0x000000fbf1400000,0x000000fbf1500000) (1024K)]
  0x0000029ac9628610 JavaThread "Daemon"                            [_thread_blocked, id=18332, stack(0x000000fbf1500000,0x000000fbf1600000) (1024K)]
  0x0000029ac9620630 JavaThread "Handler for socket connection from /127.0.0.1:52322 to /127.0.0.1:52323"        [_thread_in_native, id=31748, stack(0x000000fbf1600000,0x000000fbf1700000) (1024K)]
  0x0000029ac96238e0 JavaThread "Cancel handler"                    [_thread_blocked, id=30244, stack(0x000000fbf1700000,0x000000fbf1800000) (1024K)]
  0x0000029ac9623f50 JavaThread "Daemon worker"                     [_thread_in_Java, id=33276, stack(0x000000fbf1800000,0x000000fbf1900000) (1024K)]
  0x0000029ac9409140 JavaThread "Asynchronous log dispatcher for DefaultDaemonConnection: socket connection from /127.0.0.1:52322 to /127.0.0.1:52323"        [_thread_blocked, id=7672, stack(0x000000fbf1900000,0x000000fbf1a00000) (1024K)]
  0x0000029ac9408ab0 JavaThread "Stdin handler"                     [_thread_blocked, id=24944, stack(0x000000fbf1a00000,0x000000fbf1b00000) (1024K)]
  0x0000029ac9407d90 JavaThread "Daemon client event forwarder"        [_thread_blocked, id=24844, stack(0x000000fbf1b00000,0x000000fbf1c00000) (1024K)]
  0x0000029ac9408420 JavaThread "Cache worker for journal cache (C:\Users\ACER\.gradle\caches\journal-1)"        [_thread_blocked, id=33788, stack(0x000000fbf0a00000,0x000000fbf0b00000) (1024K)]
  0x0000029ac97ab0f0 JavaThread "File lock request listener"        [_thread_in_native, id=32920, stack(0x000000fbf1d00000,0x000000fbf1e00000) (1024K)]
  0x0000029ac97acb30 JavaThread "Cache worker for file hash cache (C:\Users\ACER\.gradle\caches\8.13\fileHashes)"        [_thread_blocked, id=1936, stack(0x000000fbf1e00000,0x000000fbf1f00000) (1024K)]
  0x0000029ac97ad1c0 JavaThread "Cache worker for file hash cache (C:\Users\ACER\Downloads\WattX-main (2)\WattX-main\android\.gradle\8.13\fileHashes)"        [_thread_blocked, id=32340, stack(0x000000fbf2000000,0x000000fbf2100000) (1024K)]
  0x0000029ac97abe10 JavaThread "Cache worker for Build Output Cleanup Cache (C:\Users\ACER\Downloads\WattX-main (2)\WattX-main\android\.gradle\buildOutputCleanup)"        [_thread_blocked, id=19068, stack(0x000000fbf2100000,0x000000fbf2200000) (1024K)]
  0x0000029ac97adee0 JavaThread "File lock release action executor"        [_thread_blocked, id=21824, stack(0x000000fbf2200000,0x000000fbf2300000) (1024K)]
  0x0000029ac97ae570 JavaThread "File watcher server"        daemon [_thread_in_native, id=10080, stack(0x000000fbf2300000,0x000000fbf2400000) (1024K)]
  0x0000029ac97aec00 JavaThread "File watcher consumer"      daemon [_thread_blocked, id=12200, stack(0x000000fbf2400000,0x000000fbf2500000) (1024K)]
  0x0000029ac85be680 JavaThread "C2 CompilerThread1"         daemon [_thread_blocked, id=26092, stack(0x000000fbf1f00000,0x000000fbf2000000) (1024K)]
=>0x0000029ac85c01c0 JavaThread "C2 CompilerThread2"         daemon [_thread_in_native, id=20992, stack(0x000000fbf2500000,0x000000fbf2600000) (1024K)]
Total: 31

Other Threads:
  0x0000029ac2c91500 VMThread "VM Thread"                           [id=29628, stack(0x000000fbeff00000,0x000000fbf0000000) (1024K)]
  0x0000029ac2c31a30 WatcherThread "VM Periodic Task Thread"        [id=6756, stack(0x000000fbefe00000,0x000000fbeff00000) (1024K)]
  0x0000029aaa6083d0 WorkerThread "GC Thread#0"                     [id=18108, stack(0x000000fbef900000,0x000000fbefa00000) (1024K)]
  0x0000029ac35eead0 WorkerThread "GC Thread#1"                     [id=11156, stack(0x000000fbf0c00000,0x000000fbf0d00000) (1024K)]
  0x0000029ac3541790 WorkerThread "GC Thread#2"                     [id=24984, stack(0x000000fbf0d00000,0x000000fbf0e00000) (1024K)]
  0x0000029ac3541b30 WorkerThread "GC Thread#3"                     [id=29336, stack(0x000000fbf0e00000,0x000000fbf0f00000) (1024K)]
  0x0000029ac367af40 WorkerThread "GC Thread#4"                     [id=32316, stack(0x000000fbf0f00000,0x000000fbf1000000) (1024K)]
  0x0000029ac367b2e0 WorkerThread "GC Thread#5"                     [id=27680, stack(0x000000fbf1000000,0x000000fbf1100000) (1024K)]
  0x0000029ac942f1f0 WorkerThread "GC Thread#6"                     [id=17388, stack(0x000000fbf0b00000,0x000000fbf0c00000) (1024K)]
  0x0000029ac8dbc280 WorkerThread "GC Thread#7"                     [id=32752, stack(0x000000fbf1100000,0x000000fbf1200000) (1024K)]
  0x0000029aaa6192c0 ConcurrentGCThread "G1 Main Marker"            [id=18920, stack(0x000000fbefa00000,0x000000fbefb00000) (1024K)]
  0x0000029aaa61ace0 WorkerThread "G1 Conc#0"                       [id=11820, stack(0x000000fbefb00000,0x000000fbefc00000) (1024K)]
  0x0000029ac86f4030 WorkerThread "G1 Conc#1"                       [id=28000, stack(0x000000fbf1c00000,0x000000fbf1d00000) (1024K)]
  0x0000029ac2b856a0 ConcurrentGCThread "G1 Refine#0"               [id=16880, stack(0x000000fbefc00000,0x000000fbefd00000) (1024K)]
  0x0000029ac2b86ed0 ConcurrentGCThread "G1 Service"                [id=31832, stack(0x000000fbefd00000,0x000000fbefe00000) (1024K)]
Total: 15

Threads with active compile tasks:
C2 CompilerThread2  12004 4109   !   4       java.net.URLClassLoader::findClass (47 bytes)
Total: 1

VM state: not at safepoint (normal execution)

VM Mutex/Monitor currently owned by a thread:  ([mutex/lock_event])
[0x00007ff94f4d8c38] SystemDictionary_lock - owner thread: 0x0000000000000000

Heap address: 0x0000000080000000, size: 2048 MB, Compressed Oops mode: 32-bit

CDS archive(s) not mapped
Compressed class space mapped at: 0x0000000100000000-0x000000011a000000, reserved size: 436207616
Narrow klass base: 0x0000000000000000, Narrow klass shift: 3, Narrow klass range: 0x11a000000

GC Precious Log:
 CardTable entry size: 512
 Card Set container configuration: InlinePtr #cards 5 size 8 Array Of Cards #cards 12 size 40 Howl #buckets 4 coarsen threshold 1843 Howl Bitmap #cards 512 size 80 coarsen threshold 460 Card regions per heap region 1 cards per card region 2048
 CPUs: 8 total, 8 available
 Memory: 16163M
 Large Page Support: Disabled
 NUMA Support: Disabled
 Compressed Oops: Enabled (32-bit)
 Heap Region Size: 1M
 Heap Min Capacity: 8M
 Heap Initial Capacity: 254M
 Heap Max Capacity: 2G
 Pre-touch: Disabled
 Parallel Workers: 8
 Concurrent Workers: 2
 Concurrent Refinement Workers: 8
 Periodic GC: Disabled

Heap:
 garbage-first heap   total 71680K, used 60921K [0x0000000080000000, 0x0000000100000000)
  region size 1024K, 36 young (36864K), 5 survivors (5120K)
 Metaspace       used 44890K, committed 45824K, reserved 491520K
  class space    used 5969K, committed 6400K, reserved 425984K

Heap Regions: E=young(eden), S=young(survivor), O=old, HS=humongous(starts), HC=humongous(continues), CS=collection set, F=free, TAMS=top-at-mark-start, PB=parsable bottom
|   0|0x0000000080000000, 0x0000000080100000, 0x0000000080100000|100%|HS|  |TAMS 0x0000000080000000| PB 0x0000000080000000| Complete 
|   1|0x0000000080100000, 0x0000000080200000, 0x0000000080200000|100%|HC|  |TAMS 0x0000000080100000| PB 0x0000000080100000| Complete 
|   2|0x0000000080200000, 0x0000000080300000, 0x0000000080300000|100%|HC|  |TAMS 0x0000000080200000| PB 0x0000000080200000| Complete 
|   3|0x0000000080300000, 0x0000000080400000, 0x0000000080400000|100%| O|  |TAMS 0x0000000080300000| PB 0x0000000080300000| Untracked 
|   4|0x0000000080400000, 0x0000000080500000, 0x0000000080500000|100%| O|  |TAMS 0x0000000080400000| PB 0x0000000080400000| Untracked 
|   5|0x0000000080500000, 0x0000000080600000, 0x0000000080600000|100%| O|  |TAMS 0x0000000080500000| PB 0x0000000080500000| Untracked 
|   6|0x0000000080600000, 0x0000000080700000, 0x0000000080700000|100%|HS|  |TAMS 0x0000000080600000| PB 0x0000000080600000| Complete 
|   7|0x0000000080700000, 0x0000000080800000, 0x0000000080800000|100%| O|  |TAMS 0x0000000080700000| PB 0x0000000080700000| Untracked 
|   8|0x0000000080800000, 0x0000000080900000, 0x0000000080900000|100%| O|  |TAMS 0x0000000080800000| PB 0x0000000080800000| Untracked 
|   9|0x0000000080900000, 0x0000000080a00000, 0x0000000080a00000|100%| O|  |TAMS 0x0000000080900000| PB 0x0000000080900000| Untracked 
|  10|0x0000000080a00000, 0x0000000080b00000, 0x0000000080b00000|100%| O|Cm|TAMS 0x0000000080a00000| PB 0x0000000080a00000| Complete 
|  11|0x0000000080b00000, 0x0000000080c00000, 0x0000000080c00000|100%| O|  |TAMS 0x0000000080b00000| PB 0x0000000080b00000| Untracked 
|  12|0x0000000080c00000, 0x0000000080d00000, 0x0000000080d00000|100%| O|  |TAMS 0x0000000080c00000| PB 0x0000000080c00000| Untracked 
|  13|0x0000000080d00000, 0x0000000080e00000, 0x0000000080e00000|100%| O|  |TAMS 0x0000000080d00000| PB 0x0000000080d00000| Untracked 
|  14|0x0000000080e00000, 0x0000000080f00000, 0x0000000080f00000|100%| O|  |TAMS 0x0000000080e00000| PB 0x0000000080e00000| Untracked 
|  15|0x0000000080f00000, 0x0000000081000000, 0x0000000081000000|100%| O|  |TAMS 0x0000000080f00000| PB 0x0000000080f00000| Untracked 
|  16|0x0000000081000000, 0x0000000081100000, 0x0000000081100000|100%| O|  |TAMS 0x0000000081000000| PB 0x0000000081000000| Untracked 
|  17|0x0000000081100000, 0x0000000081200000, 0x0000000081200000|100%| O|  |TAMS 0x0000000081100000| PB 0x0000000081100000| Untracked 
|  18|0x0000000081200000, 0x0000000081300000, 0x0000000081300000|100%| O|  |TAMS 0x0000000081200000| PB 0x0000000081200000| Untracked 
|  19|0x0000000081300000, 0x0000000081400000, 0x0000000081400000|100%| O|  |TAMS 0x0000000081300000| PB 0x0000000081300000| Untracked 
|  20|0x0000000081400000, 0x0000000081500000, 0x0000000081500000|100%| O|  |TAMS 0x0000000081400000| PB 0x0000000081400000| Untracked 
|  21|0x0000000081500000, 0x0000000081600000, 0x0000000081600000|100%| O|  |TAMS 0x0000000081500000| PB 0x0000000081500000| Untracked 
|  22|0x0000000081600000, 0x0000000081700000, 0x0000000081700000|100%| O|  |TAMS 0x0000000081600000| PB 0x0000000081600000| Untracked 
|  23|0x0000000081700000, 0x00000000817b6570, 0x0000000081800000| 71%| O|  |TAMS 0x0000000081700000| PB 0x0000000081700000| Untracked 
|  24|0x0000000081800000, 0x0000000081900000, 0x0000000081900000|100%|HS|  |TAMS 0x0000000081800000| PB 0x0000000081800000| Complete 
|  25|0x0000000081900000, 0x0000000081a00000, 0x0000000081a00000|100%|HS|  |TAMS 0x0000000081900000| PB 0x0000000081900000| Complete 
|  26|0x0000000081a00000, 0x0000000081a00000, 0x0000000081b00000|  0%| F|  |TAMS 0x0000000081a00000| PB 0x0000000081a00000| Untracked 
|  27|0x0000000081b00000, 0x0000000081b00000, 0x0000000081c00000|  0%| F|  |TAMS 0x0000000081b00000| PB 0x0000000081b00000| Untracked 
|  28|0x0000000081c00000, 0x0000000081c00000, 0x0000000081d00000|  0%| F|  |TAMS 0x0000000081c00000| PB 0x0000000081c00000| Untracked 
|  29|0x0000000081d00000, 0x0000000081d00000, 0x0000000081e00000|  0%| F|  |TAMS 0x0000000081d00000| PB 0x0000000081d00000| Untracked 
|  30|0x0000000081e00000, 0x0000000081ec7f38, 0x0000000081f00000| 78%| S|CS|TAMS 0x0000000081e00000| PB 0x0000000081e00000| Complete 
|  31|0x0000000081f00000, 0x0000000082000000, 0x0000000082000000|100%| S|CS|TAMS 0x0000000081f00000| PB 0x0000000081f00000| Complete 
|  32|0x0000000082000000, 0x0000000082100000, 0x0000000082100000|100%| S|CS|TAMS 0x0000000082000000| PB 0x0000000082000000| Complete 
|  33|0x0000000082100000, 0x0000000082200000, 0x0000000082200000|100%| S|CS|TAMS 0x0000000082100000| PB 0x0000000082100000| Complete 
|  34|0x0000000082200000, 0x0000000082300000, 0x0000000082300000|100%| S|CS|TAMS 0x0000000082200000| PB 0x0000000082200000| Complete 
|  35|0x0000000082300000, 0x0000000082300000, 0x0000000082400000|  0%| F|  |TAMS 0x0000000082300000| PB 0x0000000082300000| Untracked 
|  36|0x0000000082400000, 0x0000000082400000, 0x0000000082500000|  0%| F|  |TAMS 0x0000000082400000| PB 0x0000000082400000| Untracked 
|  37|0x0000000082500000, 0x0000000082500000, 0x0000000082600000|  0%| F|  |TAMS 0x0000000082500000| PB 0x0000000082500000| Untracked 
|  38|0x0000000082600000, 0x0000000082600000, 0x0000000082700000|  0%| F|  |TAMS 0x0000000082600000| PB 0x0000000082600000| Untracked 
|  39|0x0000000082700000, 0x000000008278ad60, 0x0000000082800000| 54%| E|  |TAMS 0x0000000082700000| PB 0x0000000082700000| Complete 
|  40|0x0000000082800000, 0x0000000082900000, 0x0000000082900000|100%| E|CS|TAMS 0x0000000082800000| PB 0x0000000082800000| Complete 
|  41|0x0000000082900000, 0x0000000082a00000, 0x0000000082a00000|100%| E|CS|TAMS 0x0000000082900000| PB 0x0000000082900000| Complete 
|  42|0x0000000082a00000, 0x0000000082b00000, 0x0000000082b00000|100%| E|CS|TAMS 0x0000000082a00000| PB 0x0000000082a00000| Complete 
|  43|0x0000000082b00000, 0x0000000082c00000, 0x0000000082c00000|100%| E|  |TAMS 0x0000000082b00000| PB 0x0000000082b00000| Complete 
|  44|0x0000000082c00000, 0x0000000082d00000, 0x0000000082d00000|100%| E|CS|TAMS 0x0000000082c00000| PB 0x0000000082c00000| Complete 
|  45|0x0000000082d00000, 0x0000000082e00000, 0x0000000082e00000|100%| E|CS|TAMS 0x0000000082d00000| PB 0x0000000082d00000| Complete 
|  46|0x0000000082e00000, 0x0000000082f00000, 0x0000000082f00000|100%| E|CS|TAMS 0x0000000082e00000| PB 0x0000000082e00000| Complete 
|  47|0x0000000082f00000, 0x0000000083000000, 0x0000000083000000|100%| E|CS|TAMS 0x0000000082f00000| PB 0x0000000082f00000| Complete 
|  48|0x0000000083000000, 0x0000000083100000, 0x0000000083100000|100%| E|CS|TAMS 0x0000000083000000| PB 0x0000000083000000| Complete 
|  49|0x0000000083100000, 0x0000000083200000, 0x0000000083200000|100%| E|CS|TAMS 0x0000000083100000| PB 0x0000000083100000| Complete 
|  50|0x0000000083200000, 0x0000000083300000, 0x0000000083300000|100%| E|CS|TAMS 0x0000000083200000| PB 0x0000000083200000| Complete 
|  51|0x0000000083300000, 0x0000000083400000, 0x0000000083400000|100%| E|CS|TAMS 0x0000000083300000| PB 0x0000000083300000| Complete 
|  52|0x0000000083400000, 0x0000000083500000, 0x0000000083500000|100%| E|CS|TAMS 0x0000000083400000| PB 0x0000000083400000| Complete 
|  53|0x0000000083500000, 0x0000000083600000, 0x0000000083600000|100%| E|CS|TAMS 0x0000000083500000| PB 0x0000000083500000| Complete 
|  54|0x0000000083600000, 0x0000000083700000, 0x0000000083700000|100%| E|CS|TAMS 0x0000000083600000| PB 0x0000000083600000| Complete 
|  55|0x0000000083700000, 0x0000000083800000, 0x0000000083800000|100%| E|CS|TAMS 0x0000000083700000| PB 0x0000000083700000| Complete 
|  56|0x0000000083800000, 0x0000000083900000, 0x0000000083900000|100%| E|CS|TAMS 0x0000000083800000| PB 0x0000000083800000| Complete 
|  57|0x0000000083900000, 0x0000000083a00000, 0x0000000083a00000|100%| E|CS|TAMS 0x0000000083900000| PB 0x0000000083900000| Complete 
|  58|0x0000000083a00000, 0x0000000083b00000, 0x0000000083b00000|100%| E|CS|TAMS 0x0000000083a00000| PB 0x0000000083a00000| Complete 
|  59|0x0000000083b00000, 0x0000000083c00000, 0x0000000083c00000|100%| E|CS|TAMS 0x0000000083b00000| PB 0x0000000083b00000| Complete 
| 223|0x000000008df00000, 0x000000008e000000, 0x000000008e000000|100%| E|CS|TAMS 0x000000008df00000| PB 0x000000008df00000| Complete 
| 224|0x000000008e000000, 0x000000008e100000, 0x000000008e100000|100%| E|CS|TAMS 0x000000008e000000| PB 0x000000008e000000| Complete 
| 225|0x000000008e100000, 0x000000008e200000, 0x000000008e200000|100%| E|CS|TAMS 0x000000008e100000| PB 0x000000008e100000| Complete 
| 226|0x000000008e200000, 0x000000008e300000, 0x000000008e300000|100%| E|CS|TAMS 0x000000008e200000| PB 0x000000008e200000| Complete 
| 227|0x000000008e300000, 0x000000008e400000, 0x000000008e400000|100%| E|CS|TAMS 0x000000008e300000| PB 0x000000008e300000| Complete 
| 228|0x000000008e400000, 0x000000008e500000, 0x000000008e500000|100%| E|CS|TAMS 0x000000008e400000| PB 0x000000008e400000| Complete 
| 229|0x000000008e500000, 0x000000008e600000, 0x000000008e600000|100%| E|CS|TAMS 0x000000008e500000| PB 0x000000008e500000| Complete 
| 230|0x000000008e600000, 0x000000008e700000, 0x000000008e700000|100%| E|CS|TAMS 0x000000008e600000| PB 0x000000008e600000| Complete 
| 231|0x000000008e700000, 0x000000008e800000, 0x000000008e800000|100%| E|CS|TAMS 0x000000008e700000| PB 0x000000008e700000| Complete 
| 253|0x000000008fd00000, 0x000000008fe00000, 0x000000008fe00000|100%| E|CS|TAMS 0x000000008fd00000| PB 0x000000008fd00000| Complete 

Card table byte_map: [0x0000029abde30000,0x0000029abe230000] _byte_map_base: 0x0000029abda30000

Marking Bits: (CMBitMap*) 0x0000029aaa6089e0
 Bits: [0x0000029abe230000, 0x0000029ac0230000)

Polling page: 0x0000029aa8560000

Metaspace:

Usage:
  Non-class:     38.03 MB used.
      Class:      5.83 MB used.
       Both:     43.86 MB used.

Virtual space:
  Non-class space:       64.00 MB reserved,      38.50 MB ( 60%) committed,  1 nodes.
      Class space:      416.00 MB reserved,       6.25 MB (  2%) committed,  1 nodes.
             Both:      480.00 MB reserved,      44.75 MB (  9%) committed. 

Chunk freelists:
   Non-Class:  8.66 MB
       Class:  9.73 MB
        Both:  18.39 MB

MaxMetaspaceSize: 512.00 MB
CompressedClassSpaceSize: 416.00 MB
Initial GC threshold: 21.00 MB
Current GC threshold: 58.69 MB
CDS: off
 - commit_granule_bytes: 65536.
 - commit_granule_words: 8192.
 - virtual_space_node_default_size: 8388608.
 - enlarge_chunks_in_place: 1.
 - use_allocation_guard: 0.


Internal statistics:

num_allocs_failed_limit: 6.
num_arena_births: 1624.
num_arena_deaths: 0.
num_vsnodes_births: 2.
num_vsnodes_deaths: 0.
num_space_committed: 716.
num_space_uncommitted: 0.
num_chunks_returned_to_freelist: 6.
num_chunks_taken_from_freelist: 3083.
num_chunk_merges: 3.
num_chunk_splits: 2023.
num_chunks_enlarged: 1301.
num_inconsistent_stats: 0.

CodeHeap 'non-profiled nmethods': size=128192Kb used=2177Kb max_used=2177Kb free=126014Kb
 bounds [0x0000029ab59d0000, 0x0000029ab5c40000, 0x0000029abd700000]
CodeHeap 'profiled nmethods': size=128192Kb used=7105Kb max_used=7105Kb free=121086Kb
 bounds [0x0000029aad700000, 0x0000029aade00000, 0x0000029ab5430000]
CodeHeap 'non-nmethods': size=5760Kb used=2097Kb max_used=2124Kb free=3662Kb
 bounds [0x0000029ab5430000, 0x0000029ab56a0000, 0x0000029ab59d0000]
CodeCache: size=262144Kb, used=11379Kb, max_used=11406Kb, free=250762Kb
 total_blobs=4407, nmethods=3712, adapters=599, full_count=0
Compilation: enabled, stopped_count=0, restarted_count=0

Compilation events (20 events):
Event: 10.801 Thread 0x0000029ac2db6f80 nmethod 4132 0x0000029aadded890 code [0x0000029aaddedb00, 0x0000029aaddee4b8]
Event: 10.831 Thread 0x0000029ac2db6f80 4133       3       kotlin.jvm.internal.Intrinsics::checkNotNullParameter (9 bytes)
Event: 10.831 Thread 0x0000029ac2db6f80 nmethod 4133 0x0000029aaddee890 code [0x0000029aaddeeaa0, 0x0000029aaddeef88]
Event: 10.833 Thread 0x0000029ac2db1cf0 nmethod 4053 0x0000029ab5bdb610 code [0x0000029ab5bdbac0, 0x0000029ab5bdfdf0]
Event: 10.833 Thread 0x0000029ac2db1cf0 4128 %     4       jdk.internal.loader.URLClassPath::getResource @ 39 (74 bytes)
Event: 10.842 Thread 0x0000029ac2db1cf0 nmethod 4128% 0x0000029ab5be3590 code [0x0000029ab5be37a0, 0x0000029ab5be3c90]
Event: 10.842 Thread 0x0000029ac2db1cf0 4088       4       java.util.HashMap$HashMapSpliterator::getFence (53 bytes)
Event: 10.843 Thread 0x0000029ac2db1cf0 nmethod 4088 0x0000029ab5be4190 code [0x0000029ab5be4320, 0x0000029ab5be43f8]
Event: 10.843 Thread 0x0000029ac2db1cf0 4086       4       java.util.stream.ReferencePipeline$2$1::accept (27 bytes)
Event: 10.844 Thread 0x0000029ac2db1cf0 nmethod 4086 0x0000029ab5be4510 code [0x0000029ab5be46a0, 0x0000029ab5be47a0]
Event: 10.844 Thread 0x0000029ac2db1cf0 4089       4       java.util.HashMap$KeySpliterator::characteristics (30 bytes)
Event: 10.844 Thread 0x0000029ac2db1cf0 nmethod 4089 0x0000029ab5be4890 code [0x0000029ab5be4a20, 0x0000029ab5be4ad0]
Event: 10.844 Thread 0x0000029ac2db1cf0 4052       4       java.util.regex.Pattern$Node::study (21 bytes)
Event: 10.845 Thread 0x0000029ac2db1cf0 nmethod 4052 0x0000029ab5be4b90 code [0x0000029ab5be4d40, 0x0000029ab5be4e98]
Event: 10.904 Thread 0x0000029ac85be680 nmethod 4047 0x0000029ab5be5010 code [0x0000029ab5be56a0, 0x0000029ab5bebf18]
Event: 11.234 Thread 0x0000029ac2db6f80 4134       3       java.util.concurrent.locks.AbstractQueuedSynchronizer$Node::setStatusRelaxed (12 bytes)
Event: 11.234 Thread 0x0000029ac2db6f80 nmethod 4134 0x0000029aaddef190 code [0x0000029aaddef320, 0x0000029aaddef438]
Event: 11.310 Thread 0x0000029ac2db6f80 4135   !   3       java.util.concurrent.locks.LockSupport::parkNanos (56 bytes)
Event: 11.311 Thread 0x0000029ac2db6f80 nmethod 4135 0x0000029aaddef510 code [0x0000029aaddef720, 0x0000029aaddefb50]
Event: 11.326 Thread 0x0000029ac2db6f80 4136       3       java.util.concurrent.locks.AbstractQueuedSynchronizer$Node::clearStatus (12 bytes)

GC Heap History (16 events):
Event: 1.223 GC heap before
{Heap before GC invocations=0 (full 0):
 garbage-first heap   total 260096K, used 22528K [0x0000000080000000, 0x0000000100000000)
  region size 1024K, 23 young (23552K), 0 survivors (0K)
 Metaspace       used 8111K, committed 8256K, reserved 491520K
  class space    used 749K, committed 832K, reserved 425984K
}
Event: 1.228 GC heap after
{Heap after GC invocations=1 (full 0):
 garbage-first heap   total 260096K, used 2389K [0x0000000080000000, 0x0000000100000000)
  region size 1024K, 3 young (3072K), 3 survivors (3072K)
 Metaspace       used 8111K, committed 8256K, reserved 491520K
  class space    used 749K, committed 832K, reserved 425984K
}
Event: 2.268 GC heap before
{Heap before GC invocations=1 (full 0):
 garbage-first heap   total 260096K, used 41301K [0x0000000080000000, 0x0000000100000000)
  region size 1024K, 39 young (39936K), 3 survivors (3072K)
 Metaspace       used 12396K, committed 12608K, reserved 491520K
  class space    used 1353K, committed 1472K, reserved 425984K
}
Event: 2.272 GC heap after
{Heap after GC invocations=2 (full 0):
 garbage-first heap   total 260096K, used 10757K [0x0000000080000000, 0x0000000100000000)
  region size 1024K, 5 young (5120K), 5 survivors (5120K)
 Metaspace       used 12396K, committed 12608K, reserved 491520K
  class space    used 1353K, committed 1472K, reserved 425984K
}
Event: 4.533 GC heap before
{Heap before GC invocations=2 (full 0):
 garbage-first heap   total 260096K, used 60933K [0x0000000080000000, 0x0000000100000000)
  region size 1024K, 53 young (54272K), 5 survivors (5120K)
 Metaspace       used 15602K, committed 15872K, reserved 491520K
  class space    used 1795K, committed 1920K, reserved 425984K
}
Event: 4.539 GC heap after
{Heap after GC invocations=3 (full 0):
 garbage-first heap   total 260096K, used 18128K [0x0000000080000000, 0x0000000100000000)
  region size 1024K, 6 young (6144K), 6 survivors (6144K)
 Metaspace       used 15602K, committed 15872K, reserved 491520K
  class space    used 1795K, committed 1920K, reserved 425984K
}
Event: 5.707 GC heap before
{Heap before GC invocations=3 (full 0):
 garbage-first heap   total 260096K, used 39632K [0x0000000080000000, 0x0000000100000000)
  region size 1024K, 28 young (28672K), 6 survivors (6144K)
 Metaspace       used 21225K, committed 21504K, reserved 491520K
  class space    used 2549K, committed 2688K, reserved 425984K
}
Event: 5.712 GC heap after
{Heap after GC invocations=4 (full 0):
 garbage-first heap   total 260096K, used 20880K [0x0000000080000000, 0x0000000100000000)
  region size 1024K, 9 young (9216K), 9 survivors (9216K)
 Metaspace       used 21225K, committed 21504K, reserved 491520K
  class space    used 2549K, committed 2688K, reserved 425984K
}
Event: 6.804 GC heap before
{Heap before GC invocations=5 (full 0):
 garbage-first heap   total 71680K, used 54672K [0x0000000080000000, 0x0000000100000000)
  region size 1024K, 42 young (43008K), 9 survivors (9216K)
 Metaspace       used 27220K, committed 27648K, reserved 491520K
  class space    used 3467K, committed 3648K, reserved 425984K
}
Event: 6.811 GC heap after
{Heap after GC invocations=6 (full 0):
 garbage-first heap   total 71680K, used 22045K [0x0000000080000000, 0x0000000100000000)
  region size 1024K, 4 young (4096K), 4 survivors (4096K)
 Metaspace       used 27220K, committed 27648K, reserved 491520K
  class space    used 3467K, committed 3648K, reserved 425984K
}
Event: 8.017 GC heap before
{Heap before GC invocations=6 (full 0):
 garbage-first heap   total 71680K, used 55837K [0x0000000080000000, 0x0000000100000000)
  region size 1024K, 38 young (38912K), 4 survivors (4096K)
 Metaspace       used 31772K, committed 32448K, reserved 491520K
  class space    used 4289K, committed 4608K, reserved 425984K
}
Event: 8.022 GC heap after
{Heap after GC invocations=7 (full 0):
 garbage-first heap   total 71680K, used 24630K [0x0000000080000000, 0x0000000100000000)
  region size 1024K, 5 young (5120K), 5 survivors (5120K)
 Metaspace       used 31772K, committed 32448K, reserved 491520K
  class space    used 4289K, committed 4608K, reserved 425984K
}
Event: 8.595 GC heap before
{Heap before GC invocations=7 (full 0):
 garbage-first heap   total 71680K, used 47158K [0x0000000080000000, 0x0000000100000000)
  region size 1024K, 28 young (28672K), 5 survivors (5120K)
 Metaspace       used 35171K, committed 35968K, reserved 491520K
  class space    used 4849K, committed 5184K, reserved 425984K
}
Event: 8.600 GC heap after
{Heap after GC invocations=8 (full 0):
 garbage-first heap   total 71680K, used 25622K [0x0000000080000000, 0x0000000100000000)
  region size 1024K, 2 young (2048K), 2 survivors (2048K)
 Metaspace       used 35171K, committed 35968K, reserved 491520K
  class space    used 4849K, committed 5184K, reserved 425984K
}
Event: 9.483 GC heap before
{Heap before GC invocations=9 (full 0):
 garbage-first heap   total 71680K, used 58390K [0x0000000080000000, 0x0000000100000000)
  region size 1024K, 35 young (35840K), 2 survivors (2048K)
 Metaspace       used 42358K, committed 43264K, reserved 491520K
  class space    used 5716K, committed 6144K, reserved 425984K
}
Event: 9.486 GC heap after
{Heap after GC invocations=10 (full 0):
 garbage-first heap   total 71680K, used 29177K [0x0000000080000000, 0x0000000100000000)
  region size 1024K, 5 young (5120K), 5 survivors (5120K)
 Metaspace       used 42358K, committed 43264K, reserved 491520K
  class space    used 5716K, committed 6144K, reserved 425984K
}

Dll operation events (3 events):
Event: 0.020 Loaded shared library C:\Program Files\Android\Android Studio\jbr\bin\java.dll
Event: 0.031 Loaded shared library C:\Program Files\Android\Android Studio\jbr\bin\zip.dll
Event: 1.358 Loaded shared library C:\Program Files\Android\Android Studio\jbr\bin\verify.dll

Deoptimization events (20 events):
Event: 9.481 Thread 0x0000029ac9623f50 Uncommon trap: trap_request=0xffffff45 fr.pc=0x0000029ab5b00618 relative=0x00000000000000f8
Event: 9.481 Thread 0x0000029ac9623f50 Uncommon trap: reason=unstable_if action=reinterpret pc=0x0000029ab5b00618 method=java.lang.ClassLoader.getClassLoadingLock(Ljava/lang/String;)Ljava/lang/Object; @ 6 c2
Event: 9.482 Thread 0x0000029ac9623f50 DEOPT PACKING pc=0x0000029ab5b00618 sp=0x000000fbf18f8d50
Event: 9.482 Thread 0x0000029ac9623f50 DEOPT UNPACKING pc=0x0000029ab5487da2 sp=0x000000fbf18f8cd0 mode 2
Event: 9.489 Thread 0x0000029ac9623f50 Uncommon trap: trap_request=0xffffff6e fr.pc=0x0000029ab5a81848 relative=0x0000000000000808
Event: 9.489 Thread 0x0000029ac9623f50 Uncommon trap: reason=loop_limit_check action=maybe_recompile pc=0x0000029ab5a81848 method=java.util.regex.Pattern$Start.match(Ljava/util/regex/Matcher;ILjava/lang/CharSequence;)Z @ 34 c2
Event: 9.489 Thread 0x0000029ac9623f50 DEOPT PACKING pc=0x0000029ab5a81848 sp=0x000000fbf18f8ae0
Event: 9.489 Thread 0x0000029ac9623f50 DEOPT UNPACKING pc=0x0000029ab5487da2 sp=0x000000fbf18f8a50 mode 2
Event: 10.818 Thread 0x0000029ac9623f50 Uncommon trap: trap_request=0xffffffc6 fr.pc=0x0000029ab5bd2d2c relative=0x000000000000016c
Event: 10.818 Thread 0x0000029ac9623f50 Uncommon trap: reason=bimorphic_or_optimized_type_check action=maybe_recompile pc=0x0000029ab5bd2d2c method=java.util.stream.ReferencePipeline.forEachWithCancel(Ljava/util/Spliterator;Ljava/util/stream/Sink;)Z @ 1 c2
Event: 10.818 Thread 0x0000029ac9623f50 DEOPT PACKING pc=0x0000029ab5bd2d2c sp=0x000000fbf18f9990
Event: 10.818 Thread 0x0000029ac9623f50 DEOPT UNPACKING pc=0x0000029ab5487da2 sp=0x000000fbf18f9910 mode 2
Event: 10.960 Thread 0x0000029ac9623f50 Uncommon trap: trap_request=0xffffffde fr.pc=0x0000029ab59e36c8 relative=0x00000000000001a8
Event: 10.960 Thread 0x0000029ac9623f50 Uncommon trap: reason=class_check action=maybe_recompile pc=0x0000029ab59e36c8 method=java.lang.String.equals(Ljava/lang/Object;)Z @ 8 c2
Event: 10.960 Thread 0x0000029ac9623f50 DEOPT PACKING pc=0x0000029ab59e36c8 sp=0x000000fbf18faa90
Event: 10.960 Thread 0x0000029ac9623f50 DEOPT UNPACKING pc=0x0000029ab5487da2 sp=0x000000fbf18faa28 mode 2
Event: 10.963 Thread 0x0000029ac9623f50 Uncommon trap: trap_request=0xffffffde fr.pc=0x0000029ab59e36c8 relative=0x00000000000001a8
Event: 10.963 Thread 0x0000029ac9623f50 Uncommon trap: reason=class_check action=maybe_recompile pc=0x0000029ab59e36c8 method=java.lang.String.equals(Ljava/lang/Object;)Z @ 8 c2
Event: 10.963 Thread 0x0000029ac9623f50 DEOPT PACKING pc=0x0000029ab59e36c8 sp=0x000000fbf18fa7c0
Event: 10.963 Thread 0x0000029ac9623f50 DEOPT UNPACKING pc=0x0000029ab5487da2 sp=0x000000fbf18fa758 mode 2

Classes loaded (20 events):
Event: 9.498 Loading class jdk/internal/jimage/ImageReader$Resource
Event: 9.498 Loading class jdk/internal/jimage/ImageReader$Resource done
Event: 9.604 Loading class java/util/WeakHashMap$KeyIterator
Event: 9.604 Loading class java/util/WeakHashMap$HashIterator
Event: 9.604 Loading class java/util/WeakHashMap$HashIterator done
Event: 9.604 Loading class java/util/WeakHashMap$KeyIterator done
Event: 10.669 Loading class sun/nio/fs/WindowsPath$1
Event: 10.669 Loading class sun/nio/fs/WindowsPath$1 done
Event: 10.669 Loading class sun/nio/fs/WindowsException
Event: 10.669 Loading class sun/nio/fs/WindowsException done
Event: 10.670 Loading class com/jetbrains/internal/IoToNioErrorMessageHolder
Event: 10.670 Loading class com/jetbrains/internal/IoToNioErrorMessageHolder done
Event: 10.721 Loading class java/util/Collections$SynchronizedRandomAccessList
Event: 10.721 Loading class java/util/Collections$SynchronizedList
Event: 10.721 Loading class java/util/Collections$SynchronizedList done
Event: 10.721 Loading class java/util/Collections$SynchronizedRandomAccessList done
Event: 10.747 Loading class java/lang/invoke/BoundMethodHandle$Species_LLLLLLLLLLLLLLLLLLLLLLLLL
Event: 10.747 Loading class java/lang/invoke/BoundMethodHandle$Species_LLLLLLLLLLLLLLLLLLLLLLLLL done
Event: 10.748 Loading class java/lang/invoke/BoundMethodHandle$Species_LLLLLLLLLLLLLLLLLLLLLLLLLL
Event: 10.748 Loading class java/lang/invoke/BoundMethodHandle$Species_LLLLLLLLLLLLLLLLLLLLLLLLLL done

Classes unloaded (0 events):
No events

Classes redefined (0 events):
No events

Internal exceptions (20 events):
Event: 9.299 Thread 0x0000029ac9623f50 Exception <a 'java/lang/ClassNotFoundException'{0x0000000082a2ee40}: java/lang/ObjectCustomizer> (0x0000000082a2ee40) 
thrown [s\src\hotspot\share\classfile\systemDictionary.cpp, line 312]
Event: 9.302 Thread 0x0000029ac9623f50 Exception <a 'java/lang/IncompatibleClassChangeError'{0x0000000082a3d250}: Found class java.lang.Object, but interface was expected> (0x0000000082a3d250) 
thrown [s\src\hotspot\share\interpreter\linkResolver.cpp, line 851]
Event: 9.307 Thread 0x0000029ac9623f50 Exception <a 'java/lang/ClassNotFoundException'{0x0000000082a57478}: groovy/lang/MetaClassImplCustomizer> (0x0000000082a57478) 
thrown [s\src\hotspot\share\classfile\systemDictionary.cpp, line 312]
Event: 9.313 Thread 0x0000029ac9623f50 Exception <a 'java/lang/ClassNotFoundException'{0x0000000082a7f768}: groovy/lang/ExpandoMetaClassCustomizer> (0x0000000082a7f768) 
thrown [s\src\hotspot\share\classfile\systemDictionary.cpp, line 312]
Event: 10.629 Thread 0x0000029ac9623f50 Exception <a 'java/lang/ClassNotFoundException'{0x000000008337b528}: org/gradle/internal/extensibility/DefaultExtraPropertiesExtensionBeanInfo> (0x000000008337b528) 
thrown [s\src\hotspot\share\classfile\systemDictionary.cpp, line 312]
Event: 10.630 Thread 0x0000029ac9623f50 Exception <a 'java/lang/ClassNotFoundException'{0x0000000083383f90}: groovy/lang/GroovyObjectSupportBeanInfo> (0x0000000083383f90) 
thrown [s\src\hotspot\share\classfile\systemDictionary.cpp, line 312]
Event: 10.630 Thread 0x0000029ac9623f50 Exception <a 'java/lang/ClassNotFoundException'{0x000000008338c780}: groovy/lang/GroovyObjectSupportCustomizer> (0x000000008338c780) 
thrown [s\src\hotspot\share\classfile\systemDictionary.cpp, line 312]
Event: 10.633 Thread 0x0000029ac9623f50 Exception <a 'java/lang/ClassNotFoundException'{0x00000000833a6d88}: org/gradle/internal/extensibility/DefaultExtraPropertiesExtensionCustomizer> (0x00000000833a6d88) 
thrown [s\src\hotspot\share\classfile\systemDictionary.cpp, line 312]
Event: 10.637 Thread 0x0000029ac9623f50 Exception <a 'java/lang/IncompatibleClassChangeError'{0x00000000833c2198}: Found class java.lang.Object, but interface was expected> (0x00000000833c2198) 
thrown [s\src\hotspot\share\interpreter\linkResolver.cpp, line 851]
Event: 10.669 Thread 0x0000029ac9623f50 Exception <a 'sun/nio/fs/WindowsException'{0x00000000832ae838}> (0x00000000832ae838) 
thrown [s\src\hotspot\share\prims\jni.cpp, line 537]
Event: 10.670 Thread 0x0000029ac9623f50 Exception <a 'sun/nio/fs/WindowsException'{0x00000000832b04c8}> (0x00000000832b04c8) 
thrown [s\src\hotspot\share\prims\jni.cpp, line 537]
Event: 10.671 Thread 0x0000029ac9623f50 Exception <a 'sun/nio/fs/WindowsException'{0x00000000832b19d8}> (0x00000000832b19d8) 
thrown [s\src\hotspot\share\prims\jni.cpp, line 537]
Event: 10.671 Thread 0x0000029ac9623f50 Exception <a 'sun/nio/fs/WindowsException'{0x00000000832b2b10}> (0x00000000832b2b10) 
thrown [s\src\hotspot\share\prims\jni.cpp, line 537]
Event: 10.704 Thread 0x0000029ac9623f50 Exception <a 'java/lang/NoSuchMethodError'{0x00000000831d4940}: 'java.lang.Object java.lang.invoke.Invokers$Holder.invoker(java.lang.Object, java.lang.Object, java.lang.Object, java.lang.Object, java.lang.Object, java.lang.Object)'> (0x00000000831d4940) 
thrown [s\src\hotspot\share\interpreter\linkResolver.cpp, line 784]
Event: 10.741 Thread 0x0000029ac9623f50 Exception <a 'java/lang/NoSuchMethodError'{0x00000000830f1280}: 'java.lang.Object java.lang.invoke.DirectMethodHandle$Holder.invokeSpecial(java.lang.Object, java.lang.Object, java.lang.Object, java.lang.Object, java.lang.Object, java.lang.Object, java.lang.Object, java.lang.Object, java.lang.Object, java.lang.Object, java.lang.Object, java.lang.Object, java.lang.Object, java.lang.Object, java.lang.Object, java.lang.Object, java.lang.Object, java.lang.Object, java.lang.Object, java.lang.Object, java.lang.Ob
Event: 10.742 Thread 0x0000029ac9623f50 Exception <a 'java/lang/NoSuchMethodError'{0x00000000830f7358}: 'java.lang.Object java.lang.invoke.DelegatingMethodHandle$Holder.reinvoke_L(java.lang.Object, java.lang.Object, java.lang.Object, java.lang.Object, java.lang.Object, java.lang.Object, java.lang.Object, java.lang.Object, java.lang.Object, java.lang.Object, java.lang.Object, java.lang.Object, java.lang.Object, java.lang.Object, java.lang.Object, java.lang.Object, java.lang.Object, java.lang.Object, java.lang.Object, java.lang.Object, java.lang.O
Event: 10.743 Thread 0x0000029ac9623f50 Exception <a 'java/lang/NoSuchMethodError'{0x0000000082f02788}: 'java.lang.Object java.lang.invoke.Invokers$Holder.invoker(java.lang.Object, java.lang.Object, java.lang.Object, java.lang.Object, java.lang.Object, java.lang.Object, java.lang.Object, java.lang.Object, java.lang.Object, java.lang.Object, java.lang.Object, java.lang.Object, java.lang.Object, java.lang.Object, java.lang.Object, java.lang.Object, java.lang.Object, java.lang.Object, java.lang.Object, java.lang.Object, java.lang.Object, java.lang.
Event: 10.744 Thread 0x0000029ac9623f50 Exception <a 'java/lang/NoSuchMethodError'{0x0000000082f09110}: 'java.lang.Object java.lang.invoke.DelegatingMethodHandle$Holder.delegate(java.lang.Object, java.lang.Object, java.lang.Object, java.lang.Object, java.lang.Object, java.lang.Object, java.lang.Object, java.lang.Object, java.lang.Object, java.lang.Object, java.lang.Object, java.lang.Object, java.lang.Object, java.lang.Object, java.lang.Object, java.lang.Object, java.lang.Object, java.lang.Object, java.lang.Object, java.lang.Object, java.lang.Obj
Event: 10.748 Thread 0x0000029ac9623f50 Exception <a 'java/lang/NoSuchMethodError'{0x0000000082fddac0}: 'java.lang.Object java.lang.invoke.DirectMethodHandle$Holder.invokeStatic(java.lang.Object, java.lang.Object, java.lang.Object, java.lang.Object, java.lang.Object, java.lang.Object, java.lang.Object, java.lang.Object, java.lang.Object, java.lang.Object, java.lang.Object, java.lang.Object, java.lang.Object, java.lang.Object, java.lang.Object, java.lang.Object, java.lang.Object, java.lang.Object, java.lang.Object, java.lang.Object, java.lang.Obj
Event: 10.749 Thread 0x0000029ac9623f50 Exception <a 'java/lang/NoSuchMethodError'{0x0000000082e131b0}: 'java.lang.Object java.lang.invoke.DirectMethodHandle$Holder.invokeStatic(java.lang.Object, java.lang.Object, java.lang.Object, java.lang.Object, java.lang.Object, java.lang.Object, java.lang.Object, java.lang.Object, java.lang.Object, java.lang.Object, java.lang.Object, java.lang.Object, java.lang.Object, java.lang.Object, java.lang.Object, java.lang.Object, java.lang.Object, java.lang.Object, java.lang.Object, java.lang.Object, java.lang.Obj

ZGC Phase Switch (0 events):
No events

VM Operations (20 events):
Event: 9.006 Executing VM operation: HandshakeAllThreads (Deoptimize) done
Event: 9.176 Executing VM operation: HandshakeAllThreads (Deoptimize)
Event: 9.176 Executing VM operation: HandshakeAllThreads (Deoptimize) done
Event: 9.319 Executing VM operation: ICBufferFull
Event: 9.319 Executing VM operation: ICBufferFull done
Event: 9.394 Executing VM operation: HandshakeAllThreads (Deoptimize)
Event: 9.394 Executing VM operation: HandshakeAllThreads (Deoptimize) done
Event: 9.394 Executing VM operation: HandshakeAllThreads (Deoptimize)
Event: 9.394 Executing VM operation: HandshakeAllThreads (Deoptimize) done
Event: 9.401 Executing VM operation: HandshakeAllThreads (Deoptimize)
Event: 9.401 Executing VM operation: HandshakeAllThreads (Deoptimize) done
Event: 9.483 Executing VM operation: G1CollectForAllocation (G1 Evacuation Pause)
Event: 9.486 Executing VM operation: G1CollectForAllocation (G1 Evacuation Pause) done
Event: 9.496 Executing VM operation: HandshakeAllThreads (Deoptimize)
Event: 9.496 Executing VM operation: HandshakeAllThreads (Deoptimize) done
Event: 10.501 Executing VM operation: Cleanup
Event: 10.625 Executing VM operation: Cleanup done
Event: 10.791 Executing VM operation: HandshakeAllThreads (Deoptimize)
Event: 10.791 Executing VM operation: HandshakeAllThreads (Deoptimize) done
Event: 11.794 Executing VM operation: Cleanup

Memory protections (0 events):
No events

Nmethod flushes (20 events):
Event: 8.632 Thread 0x0000029ac2c91500 flushing  nmethod 0x0000029aad7cca90
Event: 8.632 Thread 0x0000029ac2c91500 flushing  nmethod 0x0000029aad88b310
Event: 8.632 Thread 0x0000029ac2c91500 flushing  nmethod 0x0000029aad890e90
Event: 8.632 Thread 0x0000029ac2c91500 flushing  nmethod 0x0000029aad8bdc90
Event: 8.632 Thread 0x0000029ac2c91500 flushing  nmethod 0x0000029aad8c7f10
Event: 8.632 Thread 0x0000029ac2c91500 flushing  nmethod 0x0000029aad92e310
Event: 8.632 Thread 0x0000029ac2c91500 flushing  nmethod 0x0000029aad92fa90
Event: 8.632 Thread 0x0000029ac2c91500 flushing  nmethod 0x0000029aad930d90
Event: 8.632 Thread 0x0000029ac2c91500 flushing  nmethod 0x0000029aad932b10
Event: 8.632 Thread 0x0000029ac2c91500 flushing  nmethod 0x0000029aad96d910
Event: 8.632 Thread 0x0000029ac2c91500 flushing  nmethod 0x0000029aad96dc90
Event: 8.632 Thread 0x0000029ac2c91500 flushing  nmethod 0x0000029aad975d10
Event: 8.632 Thread 0x0000029ac2c91500 flushing  nmethod 0x0000029aada12310
Event: 8.632 Thread 0x0000029ac2c91500 flushing  nmethod 0x0000029aadadd710
Event: 8.632 Thread 0x0000029ac2c91500 flushing  nmethod 0x0000029aadae0610
Event: 8.632 Thread 0x0000029ac2c91500 flushing  nmethod 0x0000029aadafb910
Event: 8.632 Thread 0x0000029ac2c91500 flushing  nmethod 0x0000029aadb4db90
Event: 8.632 Thread 0x0000029ac2c91500 flushing  nmethod 0x0000029aadb4f290
Event: 8.632 Thread 0x0000029ac2c91500 flushing  nmethod 0x0000029aadb67310
Event: 8.632 Thread 0x0000029ac2c91500 flushing  nmethod 0x0000029aadb6a110

Events (20 events):
Event: 5.435 Thread 0x0000029ac94a4300 Thread added: 0x0000029ac9628610
Event: 5.464 Thread 0x0000029ac9628610 Thread added: 0x0000029ac9620630
Event: 5.542 Thread 0x0000029ac9628610 Thread added: 0x0000029ac96238e0
Event: 5.554 Thread 0x0000029ac9628610 Thread added: 0x0000029ac9623f50
Event: 5.582 Thread 0x0000029ac9623f50 Thread added: 0x0000029ac9409140
Event: 5.588 Thread 0x0000029ac9623f50 Thread added: 0x0000029ac9408ab0
Event: 5.593 Thread 0x0000029ac9623f50 Thread added: 0x0000029ac9407d90
Event: 6.204 Thread 0x0000029ac85c01c0 Thread exited: 0x0000029ac85c01c0
Event: 6.306 Thread 0x0000029ac9623f50 Thread added: 0x0000029ac9408420
Event: 6.318 Thread 0x0000029ac9623f50 Thread added: 0x0000029ac97ab0f0
Event: 6.368 Thread 0x0000029ac9623f50 Thread added: 0x0000029ac97acb30
Event: 6.383 Thread 0x0000029ac2db6f80 Thread added: 0x0000029ac85bed50
Event: 8.081 Thread 0x0000029ac9623f50 Thread added: 0x0000029ac97ad1c0
Event: 8.104 Thread 0x0000029ac9623f50 Thread added: 0x0000029ac97abe10
Event: 8.181 Thread 0x0000029ac97ab0f0 Thread added: 0x0000029ac97adee0
Event: 8.466 Thread 0x0000029ac9623f50 Thread added: 0x0000029ac97ae570
Event: 8.476 Thread 0x0000029ac9623f50 Thread added: 0x0000029ac97aec00
Event: 8.568 Thread 0x0000029ac85bed50 Thread exited: 0x0000029ac85bed50
Event: 8.995 Thread 0x0000029ac2db1cf0 Thread added: 0x0000029ac85be680
Event: 9.057 Thread 0x0000029ac2db1cf0 Thread added: 0x0000029ac85c01c0


Dynamic libraries:
0x00007ff7a6f50000 - 0x00007ff7a6f5a000 	C:\Program Files\Android\Android Studio\jbr\bin\java.exe
0x00007ff9e9600000 - 0x00007ff9e9868000 	C:\WINDOWS\SYSTEM32\ntdll.dll
0x00007ff9e80e0000 - 0x00007ff9e81a9000 	C:\WINDOWS\System32\KERNEL32.DLL
0x00007ff9e6800000 - 0x00007ff9e6bf1000 	C:\WINDOWS\System32\KERNELBASE.dll
0x00007ff9e71c0000 - 0x00007ff9e730b000 	C:\WINDOWS\System32\ucrtbase.dll
0x00007ff9e1040000 - 0x00007ff9e1058000 	C:\Program Files\Android\Android Studio\jbr\bin\jli.dll
0x00007ff9dacc0000 - 0x00007ff9dacdb000 	C:\Program Files\Android\Android Studio\jbr\bin\VCRUNTIME140.dll
0x00007ff9e7f10000 - 0x00007ff9e80d6000 	C:\WINDOWS\System32\USER32.dll
0x00007ff9e6cb0000 - 0x00007ff9e6cd7000 	C:\WINDOWS\System32\win32u.dll
0x00007ff9e8220000 - 0x00007ff9e824b000 	C:\WINDOWS\System32\GDI32.dll
0x00007ff9ce680000 - 0x00007ff9ce913000 	C:\WINDOWS\WinSxS\amd64_microsoft.windows.common-controls_6595b64144ccf1df_6.0.26100.7824_none_3e0870b2e3345462\COMCTL32.dll
0x00007ff9e6fd0000 - 0x00007ff9e70fb000 	C:\WINDOWS\System32\gdi32full.dll
0x00007ff9e7410000 - 0x00007ff9e74b9000 	C:\WINDOWS\System32\msvcrt.dll
0x00007ff9e6c00000 - 0x00007ff9e6ca3000 	C:\WINDOWS\System32\msvcp_win.dll
0x00007ff9e7570000 - 0x00007ff9e75a1000 	C:\WINDOWS\System32\IMM32.DLL
0x00007ff9dc940000 - 0x00007ff9dc94c000 	C:\Program Files\Android\Android Studio\jbr\bin\vcruntime140_1.dll
0x00007ff99f770000 - 0x00007ff99f7fd000 	C:\Program Files\Android\Android Studio\jbr\bin\msvcp140.dll
0x00007ff94e920000 - 0x00007ff94f5b6000 	C:\Program Files\Android\Android Studio\jbr\bin\server\jvm.dll
0x00007ff9e9500000 - 0x00007ff9e95b4000 	C:\WINDOWS\System32\ADVAPI32.dll
0x00007ff9e74c0000 - 0x00007ff9e7566000 	C:\WINDOWS\System32\sechost.dll
0x00007ff9e76b0000 - 0x00007ff9e77c8000 	C:\WINDOWS\System32\RPCRT4.dll
0x00007ff9e75b0000 - 0x00007ff9e7624000 	C:\WINDOWS\System32\WS2_32.dll
0x00007ff9e5d40000 - 0x00007ff9e5d9e000 	C:\WINDOWS\SYSTEM32\POWRPROF.dll
0x00007ff9dd830000 - 0x00007ff9dd865000 	C:\WINDOWS\SYSTEM32\WINMM.dll
0x00007ff9d2c40000 - 0x00007ff9d2c4b000 	C:\WINDOWS\SYSTEM32\VERSION.dll
0x00007ff9e5d20000 - 0x00007ff9e5d34000 	C:\WINDOWS\SYSTEM32\UMPDC.dll
0x00007ff9e4c80000 - 0x00007ff9e4c9b000 	C:\WINDOWS\SYSTEM32\kernel.appcore.dll
0x00007ff9daab0000 - 0x00007ff9daaba000 	C:\Program Files\Android\Android Studio\jbr\bin\jimage.dll
0x00007ff9e3d00000 - 0x00007ff9e3f42000 	C:\WINDOWS\SYSTEM32\DBGHELP.DLL
0x00007ff9e77e0000 - 0x00007ff9e7b66000 	C:\WINDOWS\System32\combase.dll
0x00007ff9e7c10000 - 0x00007ff9e7ce7000 	C:\WINDOWS\System32\OLEAUT32.dll
0x00007ff9ca560000 - 0x00007ff9ca59b000 	C:\WINDOWS\SYSTEM32\dbgcore.DLL
0x00007ff9e6750000 - 0x00007ff9e67f5000 	C:\WINDOWS\System32\bcryptPrimitives.dll
0x00007ff9dc9b0000 - 0x00007ff9dc9be000 	C:\Program Files\Android\Android Studio\jbr\bin\instrument.dll
0x00007ff9d93a0000 - 0x00007ff9d93c0000 	C:\Program Files\Android\Android Studio\jbr\bin\java.dll
0x00007ff9d9010000 - 0x00007ff9d9028000 	C:\Program Files\Android\Android Studio\jbr\bin\zip.dll
0x00007ff9e8ce0000 - 0x00007ff9e9432000 	C:\WINDOWS\System32\SHELL32.dll
0x00007ff9e6e60000 - 0x00007ff9e6fca000 	C:\WINDOWS\System32\wintypes.dll
0x00007ff9e5ee0000 - 0x00007ff9e6743000 	C:\WINDOWS\System32\windows.storage.dll
0x00007ff9e8b30000 - 0x00007ff9e8c26000 	C:\WINDOWS\System32\SHCORE.dll
0x00007ff9e81b0000 - 0x00007ff9e8217000 	C:\WINDOWS\System32\shlwapi.dll
0x00007ff9e5e00000 - 0x00007ff9e5e29000 	C:\WINDOWS\SYSTEM32\profapi.dll
0x00007ff9da850000 - 0x00007ff9da860000 	C:\Program Files\Android\Android Studio\jbr\bin\net.dll
0x00007ff9d8e80000 - 0x00007ff9d8fa7000 	C:\WINDOWS\SYSTEM32\WINHTTP.dll
0x00007ff9e51f0000 - 0x00007ff9e525b000 	C:\WINDOWS\system32\mswsock.dll
0x00007ff9d0030000 - 0x00007ff9d0046000 	C:\Program Files\Android\Android Studio\jbr\bin\nio.dll
0x00007ff9d8fd0000 - 0x00007ff9d8fe0000 	C:\Program Files\Android\Android Studio\jbr\bin\verify.dll
0x00007ff9d9210000 - 0x00007ff9d9237000 	C:\Users\ACER\.gradle\native\1def1411415f61bf3af743bc5b6707747c0891f09f0c88961ee8f79bc544acac\windows-amd64\native-platform.dll
0x00007ff9a5710000 - 0x00007ff9a5788000 	C:\Users\ACER\.gradle\native\0.2.7\x86_64-windows-gnu\gradle-fileevents.dll
0x00007ff9e3f90000 - 0x00007ff9e3f99000 	C:\Program Files\Android\Android Studio\jbr\bin\management.dll
0x00007ff9dc9e0000 - 0x00007ff9dc9eb000 	C:\Program Files\Android\Android Studio\jbr\bin\management_ext.dll
0x00007ff9e73d0000 - 0x00007ff9e73d8000 	C:\WINDOWS\System32\PSAPI.DLL
0x00007ff9e4680000 - 0x00007ff9e46b4000 	C:\WINDOWS\SYSTEM32\IPHLPAPI.DLL
0x00007ff9e77d0000 - 0x00007ff9e77da000 	C:\WINDOWS\System32\NSI.dll
0x00007ff9d1c40000 - 0x00007ff9d1c49000 	C:\Program Files\Android\Android Studio\jbr\bin\extnet.dll
0x00007ff9e54d0000 - 0x00007ff9e54eb000 	C:\WINDOWS\SYSTEM32\CRYPTSP.dll
0x00007ff9e4be0000 - 0x00007ff9e4c19000 	C:\WINDOWS\system32\rsaenh.dll
0x00007ff9e52a0000 - 0x00007ff9e52cb000 	C:\WINDOWS\SYSTEM32\USERENV.dll
0x00007ff9e5dd0000 - 0x00007ff9e5dfa000 	C:\WINDOWS\SYSTEM32\bcrypt.dll
0x00007ff9e54c0000 - 0x00007ff9e54cc000 	C:\WINDOWS\SYSTEM32\CRYPTBASE.dll
0x00007ff9886f0000 - 0x00007ff9886f8000 	C:\WINDOWS\system32\wshunix.dll

JVMTI agents:
C:\Users\ACER\.gradle\wrapper\dists\gradle-8.13-all\54h0s9kvb6g2sinako7ub77ku\gradle-8.13\lib\agents\gradle-instrumentation-agent-8.13.jar path:C:\Program Files\Android\Android Studio\jbr\bin\instrument.dll, loaded, initialized, instrumentlib options:none

dbghelp: loaded successfully - version: 4.0.5 - missing functions: none
symbol engine: initialized successfully - sym options: 0x614 - pdb path: .;C:\Program Files\Android\Android Studio\jbr\bin;C:\WINDOWS\SYSTEM32;C:\WINDOWS\WinSxS\amd64_microsoft.windows.common-controls_6595b64144ccf1df_6.0.26100.7824_none_3e0870b2e3345462;C:\Program Files\Android\Android Studio\jbr\bin\server;C:\Users\ACER\.gradle\native\1def1411415f61bf3af743bc5b6707747c0891f09f0c88961ee8f79bc544acac\windows-amd64;C:\Users\ACER\.gradle\native\0.2.7\x86_64-windows-gnu

VM Arguments:
jvm_args: --add-opens=java.base/java.lang=ALL-UNNAMED --add-opens=java.base/java.lang.invoke=ALL-UNNAMED --add-opens=java.base/java.util=ALL-UNNAMED --add-opens=java.prefs/java.util.prefs=ALL-UNNAMED --add-exports=jdk.compiler/com.sun.tools.javac.api=ALL-UNNAMED --add-exports=jdk.compiler/com.sun.tools.javac.util=ALL-UNNAMED --add-opens=java.base/java.util=ALL-UNNAMED --add-opens=java.prefs/java.util.prefs=ALL-UNNAMED --add-opens=java.base/java.nio.charset=ALL-UNNAMED --add-opens=java.base/java.net=ALL-UNNAMED --add-opens=java.base/java.util.concurrent.atomic=ALL-UNNAMED --add-opens=java.xml/javax.xml.namespace=ALL-UNNAMED -XX:MaxMetaspaceSize=512m -XX:ReservedCodeCacheSize=256m -XX:+HeapDumpOnOutOfMemoryError -Xmx2G -Dfile.encoding=UTF-8 -Duser.country=IN -Duser.language=en -Duser.variant -javaagent:C:\Users\ACER\.gradle\wrapper\dists\gradle-8.13-all\54h0s9kvb6g2sinako7ub77ku\gradle-8.13\lib\agents\gradle-instrumentation-agent-8.13.jar 
java_command: org.gradle.launcher.daemon.bootstrap.GradleDaemon 8.13
java_class_path (initial): C:\Users\ACER\.gradle\wrapper\dists\gradle-8.13-all\54h0s9kvb6g2sinako7ub77ku\gradle-8.13\lib\gradle-daemon-main-8.13.jar
Launcher Type: SUN_STANDARD

[Global flags]
     intx CICompilerCount                          = 4                                         {product} {ergonomic}
   size_t CompressedClassSpaceSize                 = 436207616                                 {product} {ergonomic}
     uint ConcGCThreads                            = 2                                         {product} {ergonomic}
     uint G1ConcRefinementThreads                  = 8                                         {product} {ergonomic}
   size_t G1HeapRegionSize                         = 1048576                                   {product} {ergonomic}
    uintx GCDrainStackTargetSize                   = 64                                        {product} {ergonomic}
     bool HeapDumpOnOutOfMemoryError               = true                                   {manageable} {command line}
   size_t InitialHeapSize                          = 266338304                                 {product} {ergonomic}
   size_t MarkStackSize                            = 4194304                                   {product} {ergonomic}
   size_t MaxHeapSize                              = 2147483648                                {product} {command line}
   size_t MaxMetaspaceSize                         = 536870912                                 {product} {command line}
   size_t MaxNewSize                               = 1287651328                                {product} {ergonomic}
   size_t MinHeapDeltaBytes                        = 1048576                                   {product} {ergonomic}
   size_t MinHeapSize                              = 8388608                                   {product} {ergonomic}
    uintx NonNMethodCodeHeapSize                   = 5839372                                {pd product} {ergonomic}
    uintx NonProfiledCodeHeapSize                  = 131298042                              {pd product} {ergonomic}
    uintx ProfiledCodeHeapSize                     = 131298042                              {pd product} {ergonomic}
    uintx ReservedCodeCacheSize                    = 268435456                              {pd product} {command line}
     bool SegmentedCodeCache                       = true                                      {product} {ergonomic}
   size_t SoftMaxHeapSize                          = 2147483648                             {manageable} {ergonomic}
     bool UseCompressedOops                        = true                           {product lp64_product} {ergonomic}
     bool UseG1GC                                  = true                                      {product} {ergonomic}
     bool UseLargePagesIndividualAllocation        = false                                  {pd product} {ergonomic}

Logging:
Log output configuration:
 #0: stdout all=warning uptime,level,tags foldmultilines=false
 #1: stderr all=off uptime,level,tags foldmultilines=false

Environment Variables:
JAVA_HOME=C:\Program Files\Android\Android Studio\jbr
CLASSPATH=C:\Users\ACER\Downloads\WattX-main (2)\WattX-main\android\\gradle\wrapper\gradle-wrapper.jar
PATH=C:\Program Files\Android\Android Studio\jbr\bin;C:\Program Files\Java\jdk-17\bin;C:\WINDOWS\system32;C:\WINDOWS;C:\WINDOWS\System32\Wbem;C:\WINDOWS\System32\WindowsPowerShell\v1.0\;C:\WINDOWS\System32\OpenSSH\;C:\Program Files\dotnet\;C:\ProgramData\chocolatey\bin;C:\Users\ACER\AppData\Roaming\Microsoft\Windows\Start Menu\Programs\Python 3.12;C:\Program Files\Git\cmd;C:\Program Files\mysql-9.4.0-winx64\bin;C:\Program Files (x86)\Microsoft SQL Server\160\Tools\Binn\;C:\Program Files\Microsoft SQL Server\160\Tools\Binn\;C:\Program Files\Microsoft SQL Server\Client SDK\ODBC\170\Tools\Binn\;C:\Program Files\Microsoft SQL Server\160\DTS\Binn\;C:\xampp\php;C:\ProgramData\ComposerSetup\bin;C:\Program Files\Microsoft SQL Server\170\Tools\Binn\;C:\flutter\bin;C:\Users\ACER\AppData\Local\Programs\Python\Launcher\;C:\Program Files\MySQL\MySQL Shell 8.0\bin\;C:\msys64\ucrt64\bin;C:\MinGW\bin;C:\MinGW\mingw32\bin;C:\Users\ACER\AppData\Local\Programs\Microsoft VS Code\bin;C:\Users\ACER\AppData\Local\Microsoft\WindowsApps;C:\Users\ACER\AppData\Local\Microsoft\WinGet\Packages\Schniz.fnm_Microsoft.Winget.Source_8wekyb3d8bbwe;C:\Users\ACER\AppData\Local\Microsoft\WindowsApps;C:\Users\ACER\AppData\Roaming\Composer\vendor\bin;C:\Users\ACER\AppData\Local\Programs\Antigravity\bin;C:\Users\ACER\.dotnet\tools;C:\Users\ACER\AppData\Local\Python\bin;C:\flutter\bin\mingit\cmd;C:\flutter\bin\mingit\cmd
USERNAME=ACER
OS=Windows_NT
PROCESSOR_IDENTIFIER=Intel64 Family 6 Model 140 Stepping 1, GenuineIntel
TMP=C:\Users\ACER\AppData\Local\Temp
TEMP=C:\Users\ACER\AppData\Local\Temp




Periodic native trim disabled

JNI global refs:
JNI global refs: 24, weak refs: 0

JNI global refs memory usage: 835, weak refs: 201

Process memory usage:
Resident Set Size: 233120K (1% of 16551224K total physical memory with 1197260K free physical memory)

OOME stack traces (most recent first):
Classloader memory used:
Loader org.gradle.internal.classloader.VisitableURLClassLoader                         : 21202K
Loader bootstrap                                                                       : 20378K
Loader org.gradle.initialization.MixInLegacyTypesClassLoader                           : 2611K
Loader jdk.internal.loader.ClassLoaders$PlatformClassLoader                            : 522K
Loader jdk.internal.loader.ClassLoaders$AppClassLoader                                 : 235K

Classes loaded by more than one classloader:
Class org.gradle.internal.classloader.FilteringClassLoader                            : loaded 2 times (x 105B)
Class org.gradle.internal.classloader.ClassLoaderHierarchy                            : loaded 2 times (x 70B)
Class org.gradle.api.internal.classpath.ManifestUtil                                  : loaded 2 times (x 71B)
Class org.gradle.internal.classloader.DefaultClassLoaderFactory                       : loaded 2 times (x 82B)
Class org.gradle.internal.classloader.ClassLoaderVisitor                              : loaded 2 times (x 76B)
Class org.gradle.api.internal.classpath.EffectiveClassPath                            : loaded 2 times (x 90B)
Class org.gradle.api.internal.DefaultClassPathProvider                                : loaded 2 times (x 76B)
Class [Lorg.gradle.api.internal.ClassPathProvider;                                    : loaded 2 times (x 69B)
Class org.gradle.api.internal.ClassPathProvider                                       : loaded 2 times (x 70B)
Class org.gradle.internal.service.UnknownServiceException                             : loaded 2 times (x 83B)
Class org.gradle.internal.classpath.TransformedClassPath                              : loaded 2 times (x 96B)
Class org.gradle.internal.classloader.InstrumentingClassLoader                        : loaded 2 times (x 70B)
Class org.gradle.internal.service.ServiceLocator                                      : loaded 2 times (x 70B)
Class org.gradle.internal.InternalTransformer                                         : loaded 2 times (x 70B)
Class org.gradle.internal.classloader.ClasspathUtil$1                                 : loaded 2 times (x 76B)
Class org.gradle.api.internal.classpath.DefaultModuleRegistry$DefaultModule           : loaded 2 times (x 86B)
Class org.gradle.api.internal.classpath.Module                                        : loaded 2 times (x 70B)
Class org.gradle.api.internal.classpath.UnknownModuleException                        : loaded 2 times (x 82B)
Class org.gradle.api.internal.DefaultClassPathRegistry                                : loaded 2 times (x 76B)
Class org.gradle.api.internal.ClassPathRegistry                                       : loaded 2 times (x 70B)
Class org.gradle.internal.classpath.DefaultClassPath$ImmutableUniqueList              : loaded 2 times (x 199B)
Class org.gradle.internal.classpath.ClassPath                                         : loaded 2 times (x 70B)
Class org.gradle.api.UncheckedIOException                                             : loaded 2 times (x 82B)
Class org.gradle.internal.installation.GradleInstallation$1                           : loaded 2 times (x 75B)
Class org.gradle.api.internal.classpath.ModuleRegistry                                : loaded 2 times (x 70B)
Class org.gradle.api.internal.classpath.DefaultModuleRegistry                         : loaded 2 times (x 86B)
Class org.gradle.internal.service.ServiceLookupException                              : loaded 2 times (x 82B)
Class org.gradle.internal.classloader.ClassLoaderFactory                              : loaded 2 times (x 70B)
Class org.gradle.internal.service.CachingServiceLocator                               : loaded 2 times (x 82B)
Class org.gradle.internal.classloader.ClasspathUtil                                   : loaded 2 times (x 71B)
Class org.gradle.api.specs.Spec                                                       : loaded 2 times (x 70B)
Class org.gradle.internal.classloader.VisitableURLClassLoader$InstrumentingVisitableURLClassLoader: loaded 2 times (x 123B)
Class org.gradle.internal.classloader.VisitableURLClassLoader$Spec                    : loaded 2 times (x 74B)
Class org.gradle.internal.classpath.DefaultClassPath                                  : loaded 2 times (x 90B)
Class org.gradle.internal.classloader.ClassLoaderSpec                                 : loaded 2 times (x 71B)
Class org.gradle.internal.classloader.VisitableURLClassLoader                         : loaded 2 times (x 117B)
Class org.gradle.internal.Cast                                                        : loaded 2 times (x 71B)
Class org.gradle.api.Action                                                           : loaded 2 times (x 70B)
Class org.gradle.internal.classpath.DefaultClassPath$ImmutableUniqueList$Builder      : loaded 2 times (x 75B)
Class org.gradle.api.GradleException                                                  : loaded 2 times (x 82B)
Class org.gradle.internal.IoActions                                                   : loaded 2 times (x 71B)
Class org.gradle.internal.classloader.SystemClassLoaderSpec                           : loaded 2 times (x 71B)
Class org.gradle.api.internal.classpath.GlobalCacheRootsProvider                      : loaded 2 times (x 70B)
Class org.gradle.internal.installation.CurrentGradleInstallationLocator               : loaded 2 times (x 71B)
Class org.gradle.internal.service.DefaultServiceLocator                               : loaded 2 times (x 83B)
Class org.gradle.internal.installation.CurrentGradleInstallation                      : loaded 2 times (x 73B)
Class org.gradle.util.internal.GUtil                                                  : loaded 2 times (x 71B)
Class org.gradle.internal.installation.GradleInstallation                             : loaded 2 times (x 75B)

---------------  S Y S T E M  ---------------

OS:
 Windows 11 , 64 bit Build 26100 (10.0.26100.7705)
OS uptime: 2 days 12:51 hours
Hyper-V role detected

CPU: total 8 (initial active 8) (4 cores per cpu, 2 threads per core) family 6 model 140 stepping 1 microcode 0xaa, cx8, cmov, fxsr, ht, mmx, 3dnowpref, sse, sse2, sse3, ssse3, sse4.1, sse4.2, popcnt, lzcnt, tsc, tscinvbit, avx, avx2, aes, erms, clmul, bmi1, bmi2, adx, avx512f, avx512dq, avx512cd, avx512bw, avx512vl, sha, fma, vzeroupper, avx512_vpopcntdq, avx512_vpclmulqdq, avx512_vaes, avx512_vnni, clflush, clflushopt, clwb, avx512_vbmi2, avx512_vbmi, hv, rdtscp, rdpid, fsrm, gfni, avx512_bitalg, f16c, cet_ibt, cet_ss, avx512_ifma
Processor Information for the first 8 processors :
  Max Mhz: 2803, Current Mhz: 2803, Mhz Limit: 2803

Memory: 4k page, system-wide physical 16163M (1165M free)
TotalPageFile size 29390M (AvailPageFile size 4M)
current process WorkingSet (physical memory assigned to process): 228M, peak: 232M
current process commit charge ("private bytes"): 265M, peak: 383M

vm_info: OpenJDK 64-Bit Server VM (21.0.8+-14196175-b1038.72) for windows-amd64 JRE (21.0.8+-14196175-b1038.72), built on 2025-10-01T10:24:33Z by "builder" with MS VC++ 16.10 / 16.11 (VS2019)

END.
