#
# There is insufficient memory for the Java Runtime Environment to continue.
# Native memory allocation (malloc) failed to allocate 2155696 bytes for Chunk::new
# Possible reasons:
#   The system is out of physical RAM or swap space
#   The process is running with CompressedOops enabled, and the Java Heap may be blocking the growth of the native heap
# Possible solutions:
#   Reduce memory load on the system
#   Increase physical memory or swap space
#   Check if swap backing store is full
#   Decrease Java heap size (-Xmx/-Xms)
#   Decrease number of Java threads
#   Decrease Java thread stack sizes (-Xss)
#   Set larger code cache with -XX:ReservedCodeCacheSize=
#   JVM is running with Unscaled Compressed Oops mode in which the Java heap is
#     placed in the first 4GB address space. The Java Heap base address is the
#     maximum limit for the native heap growth. Please use -XX:HeapBaseMinAddress
#     to set the Java Heap base and to place the Java Heap above 4GB virtual address.
# This output file may be truncated or incomplete.
#
#  Out of Memory Error (arena.cpp:189), pid=23304, tid=16000
#
# JRE version: Java(TM) SE Runtime Environment (17.0.12+8) (build 17.0.12+8-LTS-286)
# Java VM: Java HotSpot(TM) 64-Bit Server VM (17.0.12+8-LTS-286, mixed mode, sharing, tiered, compressed oops, compressed class ptrs, g1 gc, windows-amd64)
# No core dump will be written. Minidumps are not enabled by default on client versions of Windows
#

---------------  S U M M A R Y ------------

Command Line: --add-opens=java.base/java.lang=ALL-UNNAMED --add-opens=java.base/java.lang.invoke=ALL-UNNAMED --add-opens=java.base/java.util=ALL-UNNAMED --add-opens=java.prefs/java.util.prefs=ALL-UNNAMED --add-exports=jdk.compiler/com.sun.tools.javac.api=ALL-UNNAMED --add-exports=jdk.compiler/com.sun.tools.javac.util=ALL-UNNAMED --add-opens=java.base/java.util=ALL-UNNAMED --add-opens=java.prefs/java.util.prefs=ALL-UNNAMED --add-opens=java.base/java.nio.charset=ALL-UNNAMED --add-opens=java.base/java.net=ALL-UNNAMED --add-opens=java.base/java.util.concurrent.atomic=ALL-UNNAMED --add-opens=java.xml/javax.xml.namespace=ALL-UNNAMED -XX:MaxMetaspaceSize=512m -XX:ReservedCodeCacheSize=256m -XX:+HeapDumpOnOutOfMemoryError -Xmx1536m -Dfile.encoding=windows-1252 -Duser.country=IN -Duser.language=en -Duser.variant -javaagent:C:\Users\ACER\.gradle\wrapper\dists\gradle-8.13-all\54h0s9kvb6g2sinako7ub77ku\gradle-8.13\lib\agents\gradle-instrumentation-agent-8.13.jar org.gradle.launcher.daemon.bootstrap.GradleDaemon 8.13

Host: 11th Gen Intel(R) Core(TM) i7-1165G7 @ 2.80GHz, 8 cores, 15G,  Windows 11 , 64 bit Build 26100 (10.0.26100.7705)
Time: Wed Feb 25 22:20:25 2026 India Standard Time elapsed time: 18.613444 seconds (0d 0h 0m 18s)

---------------  T H R E A D  ---------------

Current thread (0x0000028a7b477dc0):  JavaThread "C2 CompilerThread2" daemon [_thread_in_native, id=16000, stack(0x000000f5d4300000,0x000000f5d4400000)]


Current CompileTask:
C2:  18613 7741       4       org.gradle.internal.instantiation.generator.AbstractClassGenerator::inspectType (602 bytes)

Stack: [0x000000f5d4300000,0x000000f5d4400000]
Native frames: (J=compiled Java code, j=interpreted, Vv=VM code, C=native code)
V  [jvm.dll+0x67a04a]
V  [jvm.dll+0x7da4ed]
V  [jvm.dll+0x7dbe33]
V  [jvm.dll+0x7dc4a3]
V  [jvm.dll+0x24508f]
V  [jvm.dll+0xab773]
V  [jvm.dll+0xabd3c]
V  [jvm.dll+0x361b9f]
V  [jvm.dll+0x1ba45a]
V  [jvm.dll+0x216997]
V  [jvm.dll+0x215c6f]
V  [jvm.dll+0x1a2960]
V  [jvm.dll+0x22610b]
V  [jvm.dll+0x2242ab]
V  [jvm.dll+0x79075c]
V  [jvm.dll+0x78abea]
V  [jvm.dll+0x678f35]
C  [ucrtbase.dll+0x37b0]
C  [KERNEL32.DLL+0x2e8d7]
C  [ntdll.dll+0x8c40c]


---------------  P R O C E S S  ---------------

Threads class SMR info:
_java_thread_list=0x0000028a7af1e180, length=70, elements={
0x0000028a507d5f50, 0x0000028a704e24e0, 0x0000028a704e52d0, 0x0000028a704f2c90,
0x0000028a704f3560, 0x0000028a704f4e40, 0x0000028a704f5d20, 0x0000028a704f6b30,
0x0000028a704f9860, 0x0000028a705041c0, 0x0000028a70607ac0, 0x0000028a706c73e0,
0x0000028a76f52370, 0x0000028a768e7b30, 0x0000028a7663ee80, 0x0000028a76e20c70,
0x0000028a76e1d9d0, 0x0000028a76e1ee10, 0x0000028a76e1fd40, 0x0000028a76e1f830,
0x0000028a76e1dee0, 0x0000028a76e1e3f0, 0x0000028a76e1e900, 0x0000028a76e1f320,
0x0000028a76e20250, 0x0000028a76e1d4c0, 0x0000028a7832f400, 0x0000028a7832e9e0,
0x0000028a7832eef0, 0x0000028a7832fe20, 0x0000028a7832f910, 0x0000028a7832e4d0,
0x0000028a7832dfc0, 0x0000028a78330d50, 0x0000028a783330c0, 0x0000028a78332190,
0x0000028a783335d0, 0x0000028a78334500, 0x0000028a78331260, 0x0000028a783326a0,
0x0000028a78333ae0, 0x0000028a78333ff0, 0x0000028a78331c80, 0x0000028a78331770,
0x0000028a79751550, 0x0000028a79750110, 0x0000028a79750b30, 0x0000028a79750620,
0x0000028a7974dda0, 0x0000028a79751040, 0x0000028a7974f6f0, 0x0000028a79751a60,
0x0000028a7974fc00, 0x0000028a7974e2b0, 0x0000028a7974f1e0, 0x0000028a79751f70,
0x0000028a7974e7c0, 0x0000028a79752480, 0x0000028a79754d00, 0x0000028a7527f550,
0x0000028a7b477dc0, 0x0000028a79755720, 0x0000028a797542e0, 0x0000028a79753dd0,
0x0000028a797538c0, 0x0000028a797547f0, 0x0000028a79752990, 0x0000028a79752ea0,
0x0000028a75de16e0, 0x0000028a75de07b0
}

Java Threads: ( => current thread )
  0x0000028a507d5f50 JavaThread "main" [_thread_blocked, id=4700, stack(0x000000f5cf800000,0x000000f5cf900000)]
  0x0000028a704e24e0 JavaThread "Reference Handler" daemon [_thread_blocked, id=13648, stack(0x000000f5cff00000,0x000000f5d0000000)]
  0x0000028a704e52d0 JavaThread "Finalizer" daemon [_thread_blocked, id=25088, stack(0x000000f5d0000000,0x000000f5d0100000)]
  0x0000028a704f2c90 JavaThread "Signal Dispatcher" daemon [_thread_blocked, id=25628, stack(0x000000f5d0100000,0x000000f5d0200000)]
  0x0000028a704f3560 JavaThread "Attach Listener" daemon [_thread_blocked, id=15788, stack(0x000000f5d0200000,0x000000f5d0300000)]
  0x0000028a704f4e40 JavaThread "Service Thread" daemon [_thread_blocked, id=15940, stack(0x000000f5d0300000,0x000000f5d0400000)]
  0x0000028a704f5d20 JavaThread "Monitor Deflation Thread" daemon [_thread_blocked, id=8932, stack(0x000000f5d0400000,0x000000f5d0500000)]
  0x0000028a704f6b30 JavaThread "C2 CompilerThread0" daemon [_thread_in_native, id=12532, stack(0x000000f5d0500000,0x000000f5d0600000)]
  0x0000028a704f9860 JavaThread "C1 CompilerThread0" daemon [_thread_blocked, id=14476, stack(0x000000f5d0600000,0x000000f5d0700000)]
  0x0000028a705041c0 JavaThread "Sweeper thread" daemon [_thread_blocked, id=26960, stack(0x000000f5d0700000,0x000000f5d0800000)]
  0x0000028a70607ac0 JavaThread "Common-Cleaner" daemon [_thread_blocked, id=31424, stack(0x000000f5d0800000,0x000000f5d0900000)]
  0x0000028a706c73e0 JavaThread "Notification Thread" daemon [_thread_blocked, id=15492, stack(0x000000f5d0900000,0x000000f5d0a00000)]
  0x0000028a76f52370 JavaThread "Daemon health stats" [_thread_blocked, id=30852, stack(0x000000f5d1200000,0x000000f5d1300000)]
  0x0000028a768e7b30 JavaThread "Incoming local TCP Connector on port 57376" [_thread_in_native, id=7400, stack(0x000000f5d1300000,0x000000f5d1400000)]
  0x0000028a7663ee80 JavaThread "Daemon periodic checks" [_thread_blocked, id=9192, stack(0x000000f5d1400000,0x000000f5d1500000)]
  0x0000028a76e20c70 JavaThread "Daemon" [_thread_blocked, id=1724, stack(0x000000f5d1500000,0x000000f5d1600000)]
  0x0000028a76e1d9d0 JavaThread "Handler for socket connection from /127.0.0.1:57376 to /127.0.0.1:57378" [_thread_in_native, id=12848, stack(0x000000f5d1600000,0x000000f5d1700000)]
  0x0000028a76e1ee10 JavaThread "Cancel handler" [_thread_blocked, id=32668, stack(0x000000f5d1700000,0x000000f5d1800000)]
  0x0000028a76e1fd40 JavaThread "Daemon worker" [_thread_blocked, id=31240, stack(0x000000f5d1800000,0x000000f5d1900000)]
  0x0000028a76e1f830 JavaThread "Asynchronous log dispatcher for DefaultDaemonConnection: socket connection from /127.0.0.1:57376 to /127.0.0.1:57378" [_thread_blocked, id=33360, stack(0x000000f5d1900000,0x000000f5d1a00000)]
  0x0000028a76e1dee0 JavaThread "Stdin handler" [_thread_blocked, id=28184, stack(0x000000f5d1a00000,0x000000f5d1b00000)]
  0x0000028a76e1e3f0 JavaThread "Daemon client event forwarder" [_thread_blocked, id=23756, stack(0x000000f5d1b00000,0x000000f5d1c00000)]
  0x0000028a76e1e900 JavaThread "Cache worker for journal cache (C:\Users\ACER\.gradle\caches\journal-1)" [_thread_blocked, id=31712, stack(0x000000f5d0c00000,0x000000f5d0d00000)]
  0x0000028a76e1f320 JavaThread "File lock request listener" [_thread_in_native, id=7476, stack(0x000000f5d1c00000,0x000000f5d1d00000)]
  0x0000028a76e20250 JavaThread "Cache worker for file hash cache (C:\Users\ACER\.gradle\caches\8.13\fileHashes)" [_thread_blocked, id=31792, stack(0x000000f5d1d00000,0x000000f5d1e00000)]
  0x0000028a76e1d4c0 JavaThread "Cache worker for file hash cache (C:\Users\ACER\Downloads\WattX-main (2)\WattX-main\android\.gradle\8.13\fileHashes)" [_thread_blocked, id=12068, stack(0x000000f5d1e00000,0x000000f5d1f00000)]
  0x0000028a7832f400 JavaThread "Cache worker for Build Output Cleanup Cache (C:\Users\ACER\Downloads\WattX-main (2)\WattX-main\android\.gradle\buildOutputCleanup)" [_thread_blocked, id=29768, stack(0x000000f5d1f00000,0x000000f5d2000000)]
  0x0000028a7832e9e0 JavaThread "File watcher server" daemon [_thread_in_native, id=9560, stack(0x000000f5d2000000,0x000000f5d2100000)]
  0x0000028a7832eef0 JavaThread "File watcher consumer" daemon [_thread_blocked, id=31452, stack(0x000000f5d2400000,0x000000f5d2500000)]
  0x0000028a7832fe20 JavaThread "jar transforms" [_thread_blocked, id=8740, stack(0x000000f5d2500000,0x000000f5d2600000)]
  0x0000028a7832f910 JavaThread "jar transforms Thread 2" [_thread_blocked, id=6444, stack(0x000000f5d2600000,0x000000f5d2700000)]
  0x0000028a7832e4d0 JavaThread "Cache worker for checksums cache (C:\Users\ACER\Downloads\WattX-main (2)\WattX-main\android\.gradle\8.13\checksums)" [_thread_blocked, id=21600, stack(0x000000f5d2800000,0x000000f5d2900000)]
  0x0000028a7832dfc0 JavaThread "Cache worker for file content cache (C:\Users\ACER\.gradle\caches\8.13\fileContent)" [_thread_blocked, id=30812, stack(0x000000f5d2900000,0x000000f5d2a00000)]
  0x0000028a78330d50 JavaThread "Cache worker for cache directory md-supplier (C:\Users\ACER\.gradle\caches\8.13\md-supplier)" [_thread_blocked, id=23808, stack(0x000000f5d2a00000,0x000000f5d2b00000)]
  0x0000028a783330c0 JavaThread "Cache worker for cache directory md-rule (C:\Users\ACER\.gradle\caches\8.13\md-rule)" [_thread_blocked, id=27264, stack(0x000000f5d2b00000,0x000000f5d2c00000)]
  0x0000028a78332190 JavaThread "Cache worker for Build Output Cleanup Cache (C:\flutter\packages\flutter_tools\gradle\.gradle\buildOutputCleanup)" [_thread_blocked, id=9968, stack(0x000000f5d2c00000,0x000000f5d2d00000)]
  0x0000028a783335d0 JavaThread "Unconstrained build operations" [_thread_blocked, id=31604, stack(0x000000f5d2700000,0x000000f5d2800000)]
  0x0000028a78334500 JavaThread "Unconstrained build operations Thread 2" [_thread_blocked, id=12608, stack(0x000000f5d2d00000,0x000000f5d2e00000)]
  0x0000028a78331260 JavaThread "Unconstrained build operations Thread 3" [_thread_blocked, id=27216, stack(0x000000f5d2e00000,0x000000f5d2f00000)]
  0x0000028a783326a0 JavaThread "Unconstrained build operations Thread 4" [_thread_blocked, id=2096, stack(0x000000f5d2f00000,0x000000f5d3000000)]
  0x0000028a78333ae0 JavaThread "Unconstrained build operations Thread 5" [_thread_blocked, id=29956, stack(0x000000f5d3000000,0x000000f5d3100000)]
  0x0000028a78333ff0 JavaThread "Unconstrained build operations Thread 6" [_thread_blocked, id=7772, stack(0x000000f5d3100000,0x000000f5d3200000)]
  0x0000028a78331c80 JavaThread "Unconstrained build operations Thread 7" [_thread_blocked, id=2360, stack(0x000000f5d3200000,0x000000f5d3300000)]
  0x0000028a78331770 JavaThread "Unconstrained build operations Thread 8" [_thread_blocked, id=29192, stack(0x000000f5d3300000,0x000000f5d3400000)]
  0x0000028a79751550 JavaThread "Unconstrained build operations Thread 9" [_thread_blocked, id=31124, stack(0x000000f5d3400000,0x000000f5d3500000)]
  0x0000028a79750110 JavaThread "Unconstrained build operations Thread 10" [_thread_blocked, id=10936, stack(0x000000f5d3500000,0x000000f5d3600000)]
  0x0000028a79750b30 JavaThread "Unconstrained build operations Thread 11" [_thread_blocked, id=24368, stack(0x000000f5d3600000,0x000000f5d3700000)]
  0x0000028a79750620 JavaThread "Unconstrained build operations Thread 12" [_thread_blocked, id=12236, stack(0x000000f5d3700000,0x000000f5d3800000)]
  0x0000028a7974dda0 JavaThread "Unconstrained build operations Thread 13" [_thread_blocked, id=3912, stack(0x000000f5d3800000,0x000000f5d3900000)]
  0x0000028a79751040 JavaThread "Unconstrained build operations Thread 14" [_thread_blocked, id=29996, stack(0x000000f5d3900000,0x000000f5d3a00000)]
  0x0000028a7974f6f0 JavaThread "Unconstrained build operations Thread 15" [_thread_blocked, id=31280, stack(0x000000f5d3a00000,0x000000f5d3b00000)]
  0x0000028a79751a60 JavaThread "Unconstrained build operations Thread 16" [_thread_blocked, id=13552, stack(0x000000f5d3b00000,0x000000f5d3c00000)]
  0x0000028a7974fc00 JavaThread "Unconstrained build operations Thread 17" [_thread_blocked, id=6512, stack(0x000000f5d3c00000,0x000000f5d3d00000)]
  0x0000028a7974e2b0 JavaThread "Unconstrained build operations Thread 18" [_thread_blocked, id=9160, stack(0x000000f5d3d00000,0x000000f5d3e00000)]
  0x0000028a7974f1e0 JavaThread "Unconstrained build operations Thread 19" [_thread_blocked, id=18920, stack(0x000000f5d3e00000,0x000000f5d3f00000)]
  0x0000028a79751f70 JavaThread "Unconstrained build operations Thread 20" [_thread_blocked, id=33756, stack(0x000000f5d3f00000,0x000000f5d4000000)]
  0x0000028a7974e7c0 JavaThread "Unconstrained build operations Thread 21" [_thread_blocked, id=16964, stack(0x000000f5d4000000,0x000000f5d4100000)]
  0x0000028a79752480 JavaThread "Memory manager" [_thread_blocked, id=17552, stack(0x000000f5d4100000,0x000000f5d4200000)]
  0x0000028a79754d00 JavaThread "build event listener" [_thread_in_vm, id=26012, stack(0x000000f5d4200000,0x000000f5d4300000)]
  0x0000028a7527f550 JavaThread "C2 CompilerThread1" daemon [_thread_blocked, id=30628, stack(0x000000f5d0b00000,0x000000f5d0c00000)]
=>0x0000028a7b477dc0 JavaThread "C2 CompilerThread2" daemon [_thread_in_native, id=16000, stack(0x000000f5d4300000,0x000000f5d4400000)]
  0x0000028a79755720 JavaThread "included builds" [_thread_blocked, id=33224, stack(0x000000f5d4400000,0x000000f5d4500000)]
  0x0000028a797542e0 JavaThread "Execution worker" [_thread_in_Java, id=21588, stack(0x000000f5d4500000,0x000000f5d4600000)]
  0x0000028a79753dd0 JavaThread "Execution worker Thread 2" [_thread_blocked, id=24300, stack(0x000000f5d4600000,0x000000f5d4700000)]
  0x0000028a797538c0 JavaThread "Execution worker Thread 3" [_thread_blocked, id=27796, stack(0x000000f5d4700000,0x000000f5d4800000)]
  0x0000028a797547f0 JavaThread "Execution worker Thread 4" [_thread_blocked, id=6304, stack(0x000000f5d4800000,0x000000f5d4900000)]
  0x0000028a79752990 JavaThread "Execution worker Thread 5" [_thread_blocked, id=32896, stack(0x000000f5d4900000,0x000000f5d4a00000)]
  0x0000028a79752ea0 JavaThread "Execution worker Thread 6" [_thread_in_Java, id=33484, stack(0x000000f5d4a00000,0x000000f5d4b00000)]
  0x0000028a75de16e0 JavaThread "Execution worker Thread 7" [_thread_blocked, id=24064, stack(0x000000f5d4b00000,0x000000f5d4c00000)]
  0x0000028a75de07b0 JavaThread "Cache worker for execution history cache (C:\flutter\packages\flutter_tools\gradle\.gradle\8.13\executionHistory)" [_thread_blocked, id=5592, stack(0x000000f5d4c00000,0x000000f5d4d00000)]

Other Threads:
  0x0000028a704d6050 VMThread "VM Thread" [stack: 0x000000f5cfe00000,0x000000f5cff00000] [id=21364]
  0x0000028a50891770 WatcherThread [stack: 0x000000f5d0a00000,0x000000f5d0b00000] [id=30692]
  0x0000028a50824200 GCTaskThread "GC Thread#0" [stack: 0x000000f5cf900000,0x000000f5cfa00000] [id=15972]
  0x0000028a755b2860 GCTaskThread "GC Thread#1" [stack: 0x000000f5d0d00000,0x000000f5d0e00000] [id=18476]
  0x0000028a755b2b20 GCTaskThread "GC Thread#2" [stack: 0x000000f5d0e00000,0x000000f5d0f00000] [id=6528]
  0x0000028a755b2de0 GCTaskThread "GC Thread#3" [stack: 0x000000f5d0f00000,0x000000f5d1000000] [id=26212]
  0x0000028a755b30a0 GCTaskThread "GC Thread#4" [stack: 0x000000f5d1000000,0x000000f5d1100000] [id=22784]
  0x0000028a708cc050 GCTaskThread "GC Thread#5" [stack: 0x000000f5d1100000,0x000000f5d1200000] [id=13344]
  0x0000028a79858ce0 GCTaskThread "GC Thread#6" [stack: 0x000000f5d2100000,0x000000f5d2200000] [id=24348]
  0x0000028a771948b0 GCTaskThread "GC Thread#7" [stack: 0x000000f5d2200000,0x000000f5d2300000] [id=30532]
  0x0000028a50831060 ConcurrentGCThread "G1 Main Marker" [stack: 0x000000f5cfa00000,0x000000f5cfb00000] [id=21800]
  0x0000028a50831980 ConcurrentGCThread "G1 Conc#0" [stack: 0x000000f5cfb00000,0x000000f5cfc00000] [id=28484]
  0x0000028a7825db20 ConcurrentGCThread "G1 Conc#1" [stack: 0x000000f5d2300000,0x000000f5d2400000] [id=13536]
  0x0000028a70392180 ConcurrentGCThread "G1 Refine#0" [stack: 0x000000f5cfc00000,0x000000f5cfd00000] [id=10976]
  0x0000028a70392b70 ConcurrentGCThread "G1 Service" [stack: 0x000000f5cfd00000,0x000000f5cfe00000] [id=25612]

Threads with active compile tasks:
C2 CompilerThread0    18658 7888       4       org.gradle.internal.service.DefaultServiceRegistry$SingletonService::get (5 bytes)
C2 CompilerThread2    18658 7741       4       org.gradle.internal.instantiation.generator.AbstractClassGenerator::inspectType (602 bytes)

VM state: not at safepoint (normal execution)

VM Mutex/Monitor currently owned by a thread: None

Heap address: 0x00000000a0000000, size: 1536 MB, Compressed Oops mode: 32-bit

CDS archive(s) mapped at: [0x0000028a00000000-0x0000028a00bd0000-0x0000028a00bd0000), size 12386304, SharedBaseAddress: 0x0000028a00000000, ArchiveRelocationMode: 1.
Compressed class space mapped at: 0x0000028a01000000-0x0000028a1b000000, reserved size: 436207616
Narrow klass base: 0x0000028a00000000, Narrow klass shift: 0, Narrow klass range: 0x100000000

GC Precious Log:
 CPUs: 8 total, 8 available
 Memory: 16163M
 Large Page Support: Disabled
 NUMA Support: Disabled
 Compressed Oops: Enabled (32-bit)
 Heap Region Size: 1M
 Heap Min Capacity: 8M
 Heap Initial Capacity: 254M
 Heap Max Capacity: 1536M
 Pre-touch: Disabled
 Parallel Workers: 8
 Concurrent Workers: 2
 Concurrent Refinement Workers: 8
 Periodic GC: Disabled

Heap:
 garbage-first heap   total 112640K, used 91630K [0x00000000a0000000, 0x0000000100000000)
  region size 1024K, 30 young (30720K), 3 survivors (3072K)
 Metaspace       used 67056K, committed 67776K, reserved 491520K
  class space    used 9585K, committed 9920K, reserved 425984K

Heap Regions: E=young(eden), S=young(survivor), O=old, HS=humongous(starts), HC=humongous(continues), CS=collection set, F=free, OA=open archive, CA=closed archive, TAMS=top-at-mark-start (previous, next)
|   0|0x00000000a0000000, 0x00000000a0100000, 0x00000000a0100000|100%|HS|  |TAMS 0x00000000a0100000, 0x00000000a0000000| Complete 
|   1|0x00000000a0100000, 0x00000000a0200000, 0x00000000a0200000|100%|HC|  |TAMS 0x00000000a0200000, 0x00000000a0100000| Complete 
|   2|0x00000000a0200000, 0x00000000a0300000, 0x00000000a0300000|100%|HC|  |TAMS 0x00000000a0300000, 0x00000000a0200000| Complete 
|   3|0x00000000a0300000, 0x00000000a0400000, 0x00000000a0400000|100%| O|  |TAMS 0x00000000a0400000, 0x00000000a0300000| Untracked 
|   4|0x00000000a0400000, 0x00000000a0500000, 0x00000000a0500000|100%| O|  |TAMS 0x00000000a0500000, 0x00000000a0400000| Untracked 
|   5|0x00000000a0500000, 0x00000000a0600000, 0x00000000a0600000|100%| O|  |TAMS 0x00000000a0600000, 0x00000000a0500000| Untracked 
|   6|0x00000000a0600000, 0x00000000a0700000, 0x00000000a0700000|100%|HS|  |TAMS 0x00000000a0700000, 0x00000000a0600000| Complete 
|   7|0x00000000a0700000, 0x00000000a0800000, 0x00000000a0800000|100%| O|  |TAMS 0x00000000a0800000, 0x00000000a0700000| Untracked 
|   8|0x00000000a0800000, 0x00000000a0900000, 0x00000000a0900000|100%| O|  |TAMS 0x00000000a0900000, 0x00000000a0800000| Untracked 
|   9|0x00000000a0900000, 0x00000000a0a00000, 0x00000000a0a00000|100%| O|  |TAMS 0x00000000a0a00000, 0x00000000a0900000| Untracked 
|  10|0x00000000a0a00000, 0x00000000a0b00000, 0x00000000a0b00000|100%| O|  |TAMS 0x00000000a0b00000, 0x00000000a0a00000| Untracked 
|  11|0x00000000a0b00000, 0x00000000a0c00000, 0x00000000a0c00000|100%| O|  |TAMS 0x00000000a0c00000, 0x00000000a0b00000| Untracked 
|  12|0x00000000a0c00000, 0x00000000a0cd3e00, 0x00000000a0d00000| 82%| O|  |TAMS 0x00000000a0cd3e00, 0x00000000a0c00000| Untracked 
|  13|0x00000000a0d00000, 0x00000000a0e00000, 0x00000000a0e00000|100%| O|  |TAMS 0x00000000a0e00000, 0x00000000a0d00000| Untracked 
|  14|0x00000000a0e00000, 0x00000000a0f00000, 0x00000000a0f00000|100%| O|  |TAMS 0x00000000a0f00000, 0x00000000a0e00000| Untracked 
|  15|0x00000000a0f00000, 0x00000000a1000000, 0x00000000a1000000|100%| O|  |TAMS 0x00000000a1000000, 0x00000000a0f00000| Untracked 
|  16|0x00000000a1000000, 0x00000000a1100000, 0x00000000a1100000|100%| O|  |TAMS 0x00000000a1100000, 0x00000000a1000000| Untracked 
|  17|0x00000000a1100000, 0x00000000a1200000, 0x00000000a1200000|100%| O|  |TAMS 0x00000000a1200000, 0x00000000a1100000| Untracked 
|  18|0x00000000a1200000, 0x00000000a1300000, 0x00000000a1300000|100%| O|  |TAMS 0x00000000a1300000, 0x00000000a1200000| Untracked 
|  19|0x00000000a1300000, 0x00000000a1400000, 0x00000000a1400000|100%| O|  |TAMS 0x00000000a1400000, 0x00000000a1300000| Untracked 
|  20|0x00000000a1400000, 0x00000000a1500000, 0x00000000a1500000|100%| O|  |TAMS 0x00000000a1500000, 0x00000000a1400000| Untracked 
|  21|0x00000000a1500000, 0x00000000a1600000, 0x00000000a1600000|100%| O|  |TAMS 0x00000000a1600000, 0x00000000a1500000| Untracked 
|  22|0x00000000a1600000, 0x00000000a1700000, 0x00000000a1700000|100%| O|  |TAMS 0x00000000a1700000, 0x00000000a1600000| Untracked 
|  23|0x00000000a1700000, 0x00000000a1800000, 0x00000000a1800000|100%| O|  |TAMS 0x00000000a1800000, 0x00000000a1700000| Untracked 
|  24|0x00000000a1800000, 0x00000000a1900000, 0x00000000a1900000|100%| O|  |TAMS 0x00000000a1900000, 0x00000000a1800000| Untracked 
|  25|0x00000000a1900000, 0x00000000a1a00000, 0x00000000a1a00000|100%| O|  |TAMS 0x00000000a1a00000, 0x00000000a1900000| Untracked 
|  26|0x00000000a1a00000, 0x00000000a1b00000, 0x00000000a1b00000|100%| O|  |TAMS 0x00000000a1b00000, 0x00000000a1a00000| Untracked 
|  27|0x00000000a1b00000, 0x00000000a1c00000, 0x00000000a1c00000|100%| O|  |TAMS 0x00000000a1c00000, 0x00000000a1b00000| Untracked 
|  28|0x00000000a1c00000, 0x00000000a1d00000, 0x00000000a1d00000|100%| O|  |TAMS 0x00000000a1d00000, 0x00000000a1c00000| Untracked 
|  29|0x00000000a1d00000, 0x00000000a1e00000, 0x00000000a1e00000|100%| O|  |TAMS 0x00000000a1e00000, 0x00000000a1d00000| Untracked 
|  30|0x00000000a1e00000, 0x00000000a1f00000, 0x00000000a1f00000|100%| O|  |TAMS 0x00000000a1f00000, 0x00000000a1e00000| Untracked 
|  31|0x00000000a1f00000, 0x00000000a2000000, 0x00000000a2000000|100%| O|  |TAMS 0x00000000a2000000, 0x00000000a1f00000| Untracked 
|  32|0x00000000a2000000, 0x00000000a2100000, 0x00000000a2100000|100%| O|  |TAMS 0x00000000a2100000, 0x00000000a2000000| Untracked 
|  33|0x00000000a2100000, 0x00000000a2200000, 0x00000000a2200000|100%| O|  |TAMS 0x00000000a2200000, 0x00000000a2100000| Untracked 
|  34|0x00000000a2200000, 0x00000000a2300000, 0x00000000a2300000|100%| O|  |TAMS 0x00000000a2300000, 0x00000000a2200000| Untracked 
|  35|0x00000000a2300000, 0x00000000a2400000, 0x00000000a2400000|100%| O|  |TAMS 0x00000000a2400000, 0x00000000a2300000| Untracked 
|  36|0x00000000a2400000, 0x00000000a2500000, 0x00000000a2500000|100%| O|  |TAMS 0x00000000a2500000, 0x00000000a2400000| Untracked 
|  37|0x00000000a2500000, 0x00000000a2600000, 0x00000000a2600000|100%| O|  |TAMS 0x00000000a2600000, 0x00000000a2500000| Untracked 
|  38|0x00000000a2600000, 0x00000000a2700000, 0x00000000a2700000|100%| O|  |TAMS 0x00000000a2700000, 0x00000000a2600000| Untracked 
|  39|0x00000000a2700000, 0x00000000a2800000, 0x00000000a2800000|100%| O|  |TAMS 0x00000000a2800000, 0x00000000a2700000| Untracked 
|  40|0x00000000a2800000, 0x00000000a2900000, 0x00000000a2900000|100%| O|  |TAMS 0x00000000a2900000, 0x00000000a2800000| Untracked 
|  41|0x00000000a2900000, 0x00000000a2a00000, 0x00000000a2a00000|100%| O|  |TAMS 0x00000000a2a00000, 0x00000000a2900000| Untracked 
|  42|0x00000000a2a00000, 0x00000000a2b00000, 0x00000000a2b00000|100%| O|  |TAMS 0x00000000a2b00000, 0x00000000a2a00000| Untracked 
|  43|0x00000000a2b00000, 0x00000000a2c00000, 0x00000000a2c00000|100%|HS|  |TAMS 0x00000000a2c00000, 0x00000000a2b00000| Complete 
|  44|0x00000000a2c00000, 0x00000000a2d00000, 0x00000000a2d00000|100%|HC|  |TAMS 0x00000000a2d00000, 0x00000000a2c00000| Complete 
|  45|0x00000000a2d00000, 0x00000000a2e00000, 0x00000000a2e00000|100%|HS|  |TAMS 0x00000000a2e00000, 0x00000000a2d00000| Complete 
|  46|0x00000000a2e00000, 0x00000000a2f00000, 0x00000000a2f00000|100%|HC|  |TAMS 0x00000000a2f00000, 0x00000000a2e00000| Complete 
|  47|0x00000000a2f00000, 0x00000000a3000000, 0x00000000a3000000|100%| O|  |TAMS 0x00000000a3000000, 0x00000000a2f00000| Untracked 
|  48|0x00000000a3000000, 0x00000000a3100000, 0x00000000a3100000|100%| O|  |TAMS 0x00000000a3100000, 0x00000000a3000000| Untracked 
|  49|0x00000000a3100000, 0x00000000a3200000, 0x00000000a3200000|100%|HS|  |TAMS 0x00000000a3200000, 0x00000000a3100000| Complete 
|  50|0x00000000a3200000, 0x00000000a3300000, 0x00000000a3300000|100%|HC|  |TAMS 0x00000000a3300000, 0x00000000a3200000| Complete 
|  51|0x00000000a3300000, 0x00000000a3400000, 0x00000000a3400000|100%|HC|  |TAMS 0x00000000a3400000, 0x00000000a3300000| Complete 
|  52|0x00000000a3400000, 0x00000000a3500000, 0x00000000a3500000|100%| O|  |TAMS 0x00000000a3500000, 0x00000000a3400000| Untracked 
|  53|0x00000000a3500000, 0x00000000a3600000, 0x00000000a3600000|100%| O|  |TAMS 0x00000000a3600000, 0x00000000a3500000| Untracked 
|  54|0x00000000a3600000, 0x00000000a3700000, 0x00000000a3700000|100%| O|  |TAMS 0x00000000a36f9a00, 0x00000000a3600000| Untracked 
|  55|0x00000000a3700000, 0x00000000a3800000, 0x00000000a3800000|100%|HS|  |TAMS 0x00000000a3800000, 0x00000000a3700000| Complete 
|  56|0x00000000a3800000, 0x00000000a3900000, 0x00000000a3900000|100%|HC|  |TAMS 0x00000000a3900000, 0x00000000a3800000| Complete 
|  57|0x00000000a3900000, 0x00000000a3a00000, 0x00000000a3a00000|100%|HC|  |TAMS 0x00000000a3a00000, 0x00000000a3900000| Complete 
|  58|0x00000000a3a00000, 0x00000000a3b00000, 0x00000000a3b00000|100%| O|  |TAMS 0x00000000a3a00000, 0x00000000a3a00000| Untracked 
|  59|0x00000000a3b00000, 0x00000000a3c00000, 0x00000000a3c00000|100%| O|  |TAMS 0x00000000a3b00000, 0x00000000a3b00000| Untracked 
|  60|0x00000000a3c00000, 0x00000000a3cc4a00, 0x00000000a3d00000| 76%| O|  |TAMS 0x00000000a3c00000, 0x00000000a3c00000| Untracked 
|  61|0x00000000a3d00000, 0x00000000a3d00000, 0x00000000a3e00000|  0%| F|  |TAMS 0x00000000a3d00000, 0x00000000a3d00000| Untracked 
|  62|0x00000000a3e00000, 0x00000000a3e00000, 0x00000000a3f00000|  0%| F|  |TAMS 0x00000000a3e00000, 0x00000000a3e00000| Untracked 
|  63|0x00000000a3f00000, 0x00000000a3f00000, 0x00000000a4000000|  0%| F|  |TAMS 0x00000000a3f00000, 0x00000000a3f00000| Untracked 
|  64|0x00000000a4000000, 0x00000000a4000000, 0x00000000a4100000|  0%| F|  |TAMS 0x00000000a4000000, 0x00000000a4000000| Untracked 
|  65|0x00000000a4100000, 0x00000000a4100000, 0x00000000a4200000|  0%| F|  |TAMS 0x00000000a4100000, 0x00000000a4100000| Untracked 
|  66|0x00000000a4200000, 0x00000000a4200000, 0x00000000a4300000|  0%| F|  |TAMS 0x00000000a4200000, 0x00000000a4200000| Untracked 
|  67|0x00000000a4300000, 0x00000000a4300000, 0x00000000a4400000|  0%| F|  |TAMS 0x00000000a4300000, 0x00000000a4300000| Untracked 
|  68|0x00000000a4400000, 0x00000000a4400000, 0x00000000a4500000|  0%| F|  |TAMS 0x00000000a4400000, 0x00000000a4400000| Untracked 
|  69|0x00000000a4500000, 0x00000000a4500000, 0x00000000a4600000|  0%| F|  |TAMS 0x00000000a4500000, 0x00000000a4500000| Untracked 
|  70|0x00000000a4600000, 0x00000000a4600000, 0x00000000a4700000|  0%| F|  |TAMS 0x00000000a4600000, 0x00000000a4600000| Untracked 
|  71|0x00000000a4700000, 0x00000000a4700000, 0x00000000a4800000|  0%| F|  |TAMS 0x00000000a4700000, 0x00000000a4700000| Untracked 
|  72|0x00000000a4800000, 0x00000000a4800000, 0x00000000a4900000|  0%| F|  |TAMS 0x00000000a4800000, 0x00000000a4800000| Untracked 
|  73|0x00000000a4900000, 0x00000000a4900000, 0x00000000a4a00000|  0%| F|  |TAMS 0x00000000a4900000, 0x00000000a4900000| Untracked 
|  74|0x00000000a4a00000, 0x00000000a4a00000, 0x00000000a4b00000|  0%| F|  |TAMS 0x00000000a4a00000, 0x00000000a4a00000| Untracked 
|  75|0x00000000a4b00000, 0x00000000a4b00000, 0x00000000a4c00000|  0%| F|  |TAMS 0x00000000a4b00000, 0x00000000a4b00000| Untracked 
|  76|0x00000000a4c00000, 0x00000000a4c00000, 0x00000000a4d00000|  0%| F|  |TAMS 0x00000000a4c00000, 0x00000000a4c00000| Untracked 
|  77|0x00000000a4d00000, 0x00000000a4d00000, 0x00000000a4e00000|  0%| F|  |TAMS 0x00000000a4d00000, 0x00000000a4d00000| Untracked 
|  78|0x00000000a4e00000, 0x00000000a4e00000, 0x00000000a4f00000|  0%| F|  |TAMS 0x00000000a4e00000, 0x00000000a4e00000| Untracked 
|  79|0x00000000a4f00000, 0x00000000a4f00000, 0x00000000a5000000|  0%| F|  |TAMS 0x00000000a4f00000, 0x00000000a4f00000| Untracked 
|  80|0x00000000a5000000, 0x00000000a50b1830, 0x00000000a5100000| 69%| E|  |TAMS 0x00000000a5000000, 0x00000000a5000000| Complete 
|  81|0x00000000a5100000, 0x00000000a5200000, 0x00000000a5200000|100%| E|CS|TAMS 0x00000000a5100000, 0x00000000a5100000| Complete 
|  82|0x00000000a5200000, 0x00000000a5300000, 0x00000000a5300000|100%| E|CS|TAMS 0x00000000a5200000, 0x00000000a5200000| Complete 
|  83|0x00000000a5300000, 0x00000000a53e32a0, 0x00000000a5400000| 88%| S|CS|TAMS 0x00000000a5300000, 0x00000000a5300000| Complete 
|  84|0x00000000a5400000, 0x00000000a5500000, 0x00000000a5500000|100%| S|CS|TAMS 0x00000000a5400000, 0x00000000a5400000| Complete 
|  85|0x00000000a5500000, 0x00000000a5600000, 0x00000000a5600000|100%| S|CS|TAMS 0x00000000a5500000, 0x00000000a5500000| Complete 
|  86|0x00000000a5600000, 0x00000000a5700000, 0x00000000a5700000|100%| E|CS|TAMS 0x00000000a5600000, 0x00000000a5600000| Complete 
|  87|0x00000000a5700000, 0x00000000a5800000, 0x00000000a5800000|100%| E|CS|TAMS 0x00000000a5700000, 0x00000000a5700000| Complete 
|  88|0x00000000a5800000, 0x00000000a5900000, 0x00000000a5900000|100%| E|CS|TAMS 0x00000000a5800000, 0x00000000a5800000| Complete 
|  89|0x00000000a5900000, 0x00000000a5a00000, 0x00000000a5a00000|100%| E|CS|TAMS 0x00000000a5900000, 0x00000000a5900000| Complete 
|  90|0x00000000a5a00000, 0x00000000a5b00000, 0x00000000a5b00000|100%| E|CS|TAMS 0x00000000a5a00000, 0x00000000a5a00000| Complete 
|  91|0x00000000a5b00000, 0x00000000a5c00000, 0x00000000a5c00000|100%| E|CS|TAMS 0x00000000a5b00000, 0x00000000a5b00000| Complete 
|  92|0x00000000a5c00000, 0x00000000a5d00000, 0x00000000a5d00000|100%| E|CS|TAMS 0x00000000a5c00000, 0x00000000a5c00000| Complete 
|  93|0x00000000a5d00000, 0x00000000a5e00000, 0x00000000a5e00000|100%| E|CS|TAMS 0x00000000a5d00000, 0x00000000a5d00000| Complete 
|  94|0x00000000a5e00000, 0x00000000a5f00000, 0x00000000a5f00000|100%| E|CS|TAMS 0x00000000a5e00000, 0x00000000a5e00000| Complete 
|  95|0x00000000a5f00000, 0x00000000a6000000, 0x00000000a6000000|100%| E|CS|TAMS 0x00000000a5f00000, 0x00000000a5f00000| Complete 
|  96|0x00000000a6000000, 0x00000000a6100000, 0x00000000a6100000|100%| E|CS|TAMS 0x00000000a6000000, 0x00000000a6000000| Complete 
| 133|0x00000000a8500000, 0x00000000a8600000, 0x00000000a8600000|100%| E|CS|TAMS 0x00000000a8500000, 0x00000000a8500000| Complete 
| 134|0x00000000a8600000, 0x00000000a8700000, 0x00000000a8700000|100%| E|CS|TAMS 0x00000000a8600000, 0x00000000a8600000| Complete 
| 135|0x00000000a8700000, 0x00000000a8800000, 0x00000000a8800000|100%| E|CS|TAMS 0x00000000a8700000, 0x00000000a8700000| Complete 
| 136|0x00000000a8800000, 0x00000000a8900000, 0x00000000a8900000|100%| E|CS|TAMS 0x00000000a8800000, 0x00000000a8800000| Complete 
| 137|0x00000000a8900000, 0x00000000a8a00000, 0x00000000a8a00000|100%| E|CS|TAMS 0x00000000a8900000, 0x00000000a8900000| Complete 
| 138|0x00000000a8a00000, 0x00000000a8b00000, 0x00000000a8b00000|100%| E|CS|TAMS 0x00000000a8a00000, 0x00000000a8a00000| Complete 
| 139|0x00000000a8b00000, 0x00000000a8c00000, 0x00000000a8c00000|100%| E|CS|TAMS 0x00000000a8b00000, 0x00000000a8b00000| Complete 
| 140|0x00000000a8c00000, 0x00000000a8d00000, 0x00000000a8d00000|100%| E|CS|TAMS 0x00000000a8c00000, 0x00000000a8c00000| Complete 
| 141|0x00000000a8d00000, 0x00000000a8e00000, 0x00000000a8e00000|100%| E|CS|TAMS 0x00000000a8d00000, 0x00000000a8d00000| Complete 
| 142|0x00000000a8e00000, 0x00000000a8f00000, 0x00000000a8f00000|100%| E|CS|TAMS 0x00000000a8e00000, 0x00000000a8e00000| Complete 
| 143|0x00000000a8f00000, 0x00000000a9000000, 0x00000000a9000000|100%| E|CS|TAMS 0x00000000a8f00000, 0x00000000a8f00000| Complete 
| 144|0x00000000a9000000, 0x00000000a9100000, 0x00000000a9100000|100%| E|CS|TAMS 0x00000000a9000000, 0x00000000a9000000| Complete 
| 253|0x00000000afd00000, 0x00000000afe00000, 0x00000000afe00000|100%| E|CS|TAMS 0x00000000afd00000, 0x00000000afd00000| Complete 

Card table byte_map: [0x0000028a6a3f0000,0x0000028a6a6f0000] _byte_map_base: 0x0000028a69ef0000

Marking Bits (Prev, Next): (CMBitMap*) 0x0000028a50824770, (CMBitMap*) 0x0000028a50824730
 Prev Bits: [0x0000028a6c1f0000, 0x0000028a6d9f0000)
 Next Bits: [0x0000028a6a9f0000, 0x0000028a6c1f0000)

Polling page: 0x0000028a508a0000

Metaspace:

Usage:
  Non-class:     56.17 MB used.
      Class:      9.37 MB used.
       Both:     65.54 MB used.

Virtual space:
  Non-class space:       64.00 MB reserved,      56.56 MB ( 88%) committed,  1 nodes.
      Class space:      416.00 MB reserved,       9.69 MB (  2%) committed,  1 nodes.
             Both:      480.00 MB reserved,      66.25 MB ( 14%) committed. 

Chunk freelists:
   Non-Class:  7.11 MB
       Class:  6.22 MB
        Both:  13.33 MB

MaxMetaspaceSize: 512.00 MB
CompressedClassSpaceSize: 416.00 MB
Initial GC threshold: 21.00 MB
Current GC threshold: 104.19 MB
CDS: on
MetaspaceReclaimPolicy: balanced
 - commit_granule_bytes: 65536.
 - commit_granule_words: 8192.
 - virtual_space_node_default_size: 8388608.
 - enlarge_chunks_in_place: 1.
 - new_chunks_are_fully_committed: 0.
 - uncommit_free_chunks: 1.
 - use_allocation_guard: 0.
 - handle_deallocations: 1.


Internal statistics:

num_allocs_failed_limit: 6.
num_arena_births: 836.
num_arena_deaths: 0.
num_vsnodes_births: 2.
num_vsnodes_deaths: 0.
num_space_committed: 1060.
num_space_uncommitted: 0.
num_chunks_returned_to_freelist: 6.
num_chunks_taken_from_freelist: 3696.
num_chunk_merges: 6.
num_chunk_splits: 2391.
num_chunks_enlarged: 1559.
num_inconsistent_stats: 0.

CodeHeap 'non-profiled nmethods': size=128192Kb used=4480Kb max_used=4480Kb free=123712Kb
 bounds [0x0000028a61930000, 0x0000028a61d90000, 0x0000028a69660000]
CodeHeap 'profiled nmethods': size=128192Kb used=13784Kb max_used=13784Kb free=114407Kb
 bounds [0x0000028a59660000, 0x0000028a5a3e0000, 0x0000028a61390000]
CodeHeap 'non-nmethods': size=5760Kb used=2389Kb max_used=2442Kb free=3370Kb
 bounds [0x0000028a61390000, 0x0000028a61600000, 0x0000028a61930000]
 total_blobs=8014 nmethods=7110 adapters=816
 compilation: enabled
              stopped_count=0, restarted_count=0
 full_count=0

Compilation events (20 events):
Event: 17.481 Thread 0x0000028a704f6b30 nmethod 7872 0x0000028a61d8dc10 code [0x0000028a61d8dda0, 0x0000028a61d8df28]
Event: 17.493 Thread 0x0000028a704f6b30 7875       4       java.util.ImmutableCollections$Set12$1::hasNext (13 bytes)
Event: 17.493 Thread 0x0000028a704f6b30 nmethod 7875 0x0000028a61d8e090 code [0x0000028a61d8e200, 0x0000028a61d8e298]
Event: 17.495 Thread 0x0000028a704f9860 7876       1       org.gradle.execution.plan.LocalTaskNode::getTask (5 bytes)
Event: 17.495 Thread 0x0000028a704f9860 nmethod 7876 0x0000028a61d8e390 code [0x0000028a61d8e520, 0x0000028a61d8e5f8]
Event: 17.509 Thread 0x0000028a704f9860 7879       3       java.util.LinkedList::addFirst (6 bytes)
Event: 17.510 Thread 0x0000028a704f9860 nmethod 7879 0x0000028a5a3cd490 code [0x0000028a5a3cd620, 0x0000028a5a3cd768]
Event: 17.510 Thread 0x0000028a704f9860 7880       3       java.util.LinkedList::linkFirst (59 bytes)
Event: 17.511 Thread 0x0000028a704f9860 nmethod 7880 0x0000028a5a3cd810 code [0x0000028a5a3cd9e0, 0x0000028a5a3cde38]
Event: 17.517 Thread 0x0000028a704f9860 7881   !   3       org.gradle.internal.resources.DefaultResourceLockCoordinationService::getCurrent (33 bytes)
Event: 17.517 Thread 0x0000028a704f9860 nmethod 7881 0x0000028a5a3cdf90 code [0x0000028a5a3ce140, 0x0000028a5a3ce3f8]
Event: 17.556 Thread 0x0000028a704f6b30 7882       4       java.util.stream.Sink$ChainedReference::end (10 bytes)
Event: 17.556 Thread 0x0000028a704f6b30 nmethod 7882 0x0000028a61d8ec90 code [0x0000028a61d8ee00, 0x0000028a61d8ee98]
Event: 17.558 Thread 0x0000028a704f9860 7883       1       org.gradle.internal.resources.AbstractResourceLockRegistry$ThreadLockDetails::access$100 (5 bytes)
Event: 17.558 Thread 0x0000028a704f9860 nmethod 7883 0x0000028a61d8ef90 code [0x0000028a61d8f120, 0x0000028a61d8f1d8]
Event: 17.734 Thread 0x0000028a704f9860 7884       3       java.lang.management.ManagementFactory$$Lambda$73/0x0000028a01074010::apply (12 bytes)
Event: 17.734 Thread 0x0000028a704f9860 nmethod 7884 0x0000028a5a3ce510 code [0x0000028a5a3ce6e0, 0x0000028a5a3ceaf8]
Event: 17.734 Thread 0x0000028a704f9860 7885       3       java.lang.management.ManagementFactory::lambda$getPlatformMXBeans$3 (13 bytes)
Event: 17.735 Thread 0x0000028a704f9860 nmethod 7885 0x0000028a5a3cec10 code [0x0000028a5a3cedc0, 0x0000028a5a3cf038]
Event: 17.735 Thread 0x0000028a704f9860 7886       3       sun.management.spi.PlatformMBeanProvider$PlatformComponent::getMBeans (87 bytes)

GC Heap History (20 events):
Event: 12.801 GC heap before
{Heap before GC invocations=17 (full 0):
 garbage-first heap   total 86016K, used 67832K [0x00000000a0000000, 0x0000000100000000)
  region size 1024K, 25 young (25600K), 2 survivors (2048K)
 Metaspace       used 51075K, committed 51648K, reserved 491520K
  class space    used 7309K, committed 7552K, reserved 425984K
}
Event: 12.805 GC heap after
{Heap after GC invocations=18 (full 0):
 garbage-first heap   total 86016K, used 46203K [0x00000000a0000000, 0x0000000100000000)
  region size 1024K, 3 young (3072K), 3 survivors (3072K)
 Metaspace       used 51075K, committed 51648K, reserved 491520K
  class space    used 7309K, committed 7552K, reserved 425984K
}
Event: 12.911 GC heap before
{Heap before GC invocations=19 (full 0):
 garbage-first heap   total 87040K, used 51323K [0x00000000a0000000, 0x0000000100000000)
  region size 1024K, 5 young (5120K), 3 survivors (3072K)
 Metaspace       used 51116K, committed 51712K, reserved 491520K
  class space    used 7313K, committed 7552K, reserved 425984K
}
Event: 12.913 GC heap after
{Heap after GC invocations=20 (full 0):
 garbage-first heap   total 87040K, used 51022K [0x00000000a0000000, 0x0000000100000000)
  region size 1024K, 2 young (2048K), 2 survivors (2048K)
 Metaspace       used 51116K, committed 51712K, reserved 491520K
  class space    used 7313K, committed 7552K, reserved 425984K
}
Event: 13.293 GC heap before
{Heap before GC invocations=21 (full 0):
 garbage-first heap   total 96256K, used 70478K [0x00000000a0000000, 0x0000000100000000)
  region size 1024K, 18 young (18432K), 2 survivors (2048K)
 Metaspace       used 52698K, committed 53312K, reserved 491520K
  class space    used 7529K, committed 7808K, reserved 425984K
}
Event: 13.298 GC heap after
{Heap after GC invocations=22 (full 0):
 garbage-first heap   total 96256K, used 55075K [0x00000000a0000000, 0x0000000100000000)
  region size 1024K, 2 young (2048K), 2 survivors (2048K)
 Metaspace       used 52698K, committed 53312K, reserved 491520K
  class space    used 7529K, committed 7808K, reserved 425984K
}
Event: 13.613 GC heap before
{Heap before GC invocations=22 (full 0):
 garbage-first heap   total 96256K, used 74531K [0x00000000a0000000, 0x0000000100000000)
  region size 1024K, 21 young (21504K), 2 survivors (2048K)
 Metaspace       used 54795K, committed 55360K, reserved 491520K
  class space    used 7807K, committed 8064K, reserved 425984K
}
Event: 13.616 GC heap after
{Heap after GC invocations=23 (full 0):
 garbage-first heap   total 96256K, used 55385K [0x00000000a0000000, 0x0000000100000000)
  region size 1024K, 2 young (2048K), 2 survivors (2048K)
 Metaspace       used 54795K, committed 55360K, reserved 491520K
  class space    used 7807K, committed 8064K, reserved 425984K
}
Event: 14.090 GC heap before
{Heap before GC invocations=24 (full 0):
 garbage-first heap   total 97280K, used 75865K [0x00000000a0000000, 0x0000000100000000)
  region size 1024K, 22 young (22528K), 2 survivors (2048K)
 Metaspace       used 57282K, committed 57920K, reserved 491520K
  class space    used 8157K, committed 8448K, reserved 425984K
}
Event: 14.093 GC heap after
{Heap after GC invocations=25 (full 0):
 garbage-first heap   total 97280K, used 56134K [0x00000000a0000000, 0x0000000100000000)
  region size 1024K, 3 young (3072K), 3 survivors (3072K)
 Metaspace       used 57282K, committed 57920K, reserved 491520K
  class space    used 8157K, committed 8448K, reserved 425984K
}
Event: 14.645 GC heap before
{Heap before GC invocations=25 (full 0):
 garbage-first heap   total 97280K, used 77638K [0x00000000a0000000, 0x0000000100000000)
  region size 1024K, 24 young (24576K), 3 survivors (3072K)
 Metaspace       used 58833K, committed 59520K, reserved 491520K
  class space    used 8373K, committed 8704K, reserved 425984K
}
Event: 14.651 GC heap after
{Heap after GC invocations=26 (full 0):
 garbage-first heap   total 97280K, used 57435K [0x00000000a0000000, 0x0000000100000000)
  region size 1024K, 3 young (3072K), 3 survivors (3072K)
 Metaspace       used 58833K, committed 59520K, reserved 491520K
  class space    used 8373K, committed 8704K, reserved 425984K
}
Event: 14.994 GC heap before
{Heap before GC invocations=27 (full 0):
 garbage-first heap   total 104448K, used 76891K [0x00000000a0000000, 0x0000000100000000)
  region size 1024K, 23 young (23552K), 3 survivors (3072K)
 Metaspace       used 60107K, committed 60800K, reserved 491520K
  class space    used 8543K, committed 8896K, reserved 425984K
}
Event: 15.000 GC heap after
{Heap after GC invocations=28 (full 0):
 garbage-first heap   total 104448K, used 57903K [0x00000000a0000000, 0x0000000100000000)
  region size 1024K, 2 young (2048K), 2 survivors (2048K)
 Metaspace       used 60107K, committed 60800K, reserved 491520K
  class space    used 8543K, committed 8896K, reserved 425984K
}
Event: 15.595 GC heap before
{Heap before GC invocations=29 (full 0):
 garbage-first heap   total 107520K, used 88623K [0x00000000a0000000, 0x0000000100000000)
  region size 1024K, 29 young (29696K), 2 survivors (2048K)
 Metaspace       used 61735K, committed 62400K, reserved 491520K
  class space    used 8787K, committed 9088K, reserved 425984K
}
Event: 15.599 GC heap after
{Heap after GC invocations=30 (full 0):
 garbage-first heap   total 107520K, used 62255K [0x00000000a0000000, 0x0000000100000000)
  region size 1024K, 3 young (3072K), 3 survivors (3072K)
 Metaspace       used 61735K, committed 62400K, reserved 491520K
  class space    used 8787K, committed 9088K, reserved 425984K
}
Event: 16.285 GC heap before
{Heap before GC invocations=30 (full 0):
 garbage-first heap   total 107520K, used 87855K [0x00000000a0000000, 0x0000000100000000)
  region size 1024K, 29 young (29696K), 3 survivors (3072K)
 Metaspace       used 63179K, committed 63808K, reserved 491520K
  class space    used 8987K, committed 9280K, reserved 425984K
}
Event: 16.289 GC heap after
{Heap after GC invocations=31 (full 0):
 garbage-first heap   total 107520K, used 63754K [0x00000000a0000000, 0x0000000100000000)
  region size 1024K, 4 young (4096K), 4 survivors (4096K)
 Metaspace       used 63179K, committed 63808K, reserved 491520K
  class space    used 8987K, committed 9280K, reserved 425984K
}
Event: 16.833 GC heap before
{Heap before GC invocations=32 (full 0):
 garbage-first heap   total 112640K, used 88330K [0x00000000a0000000, 0x0000000100000000)
  region size 1024K, 28 young (28672K), 4 survivors (4096K)
 Metaspace       used 64811K, committed 65472K, reserved 491520K
  class space    used 9215K, committed 9536K, reserved 425984K
}
Event: 16.836 GC heap after
{Heap after GC invocations=33 (full 0):
 garbage-first heap   total 112640K, used 65006K [0x00000000a0000000, 0x0000000100000000)
  region size 1024K, 3 young (3072K), 3 survivors (3072K)
 Metaspace       used 64811K, committed 65472K, reserved 491520K
  class space    used 9215K, committed 9536K, reserved 425984K
}

Deoptimization events (20 events):
Event: 17.170 Thread 0x0000028a76e1fd40 Uncommon trap: trap_request=0xfffffff4 fr.pc=0x0000028a61d644c0 relative=0x0000000000009900
Event: 17.170 Thread 0x0000028a76e1fd40 Uncommon trap: reason=null_check action=make_not_entrant pc=0x0000028a61d644c0 method=org.gradle.internal.instantiation.generator.AbstractClassGenerator$PropertyMetadata.addGetter(Lorg/gradle/internal/instantiation/generator/AbstractClassGenerator$MethodM
Event: 17.170 Thread 0x0000028a76e1fd40 DEOPT PACKING pc=0x0000028a61d644c0 sp=0x000000f5d18f6f70
Event: 17.170 Thread 0x0000028a76e1fd40 DEOPT UNPACKING pc=0x0000028a613e5ba3 sp=0x000000f5d18f6e80 mode 2
Event: 17.466 Thread 0x0000028a76e1fd40 Uncommon trap: trap_request=0xffffffdc fr.pc=0x0000028a61d8a9c0 relative=0x00000000000002a0
Event: 17.466 Thread 0x0000028a76e1fd40 Uncommon trap: reason=class_check action=make_not_entrant pc=0x0000028a61d8a9c0 method=java.util.ArrayList.toArray([Ljava/lang/Object;)[Ljava/lang/Object; @ 21 c2
Event: 17.466 Thread 0x0000028a76e1fd40 DEOPT PACKING pc=0x0000028a61d8a9c0 sp=0x000000f5d18f8260
Event: 17.466 Thread 0x0000028a76e1fd40 DEOPT UNPACKING pc=0x0000028a613e5ba3 sp=0x000000f5d18f8230 mode 2
Event: 17.516 Thread 0x0000028a79752ea0 Uncommon trap: trap_request=0xffffff45 fr.pc=0x0000028a61acc160 relative=0x0000000000000620
Event: 17.516 Thread 0x0000028a79752ea0 Uncommon trap: reason=unstable_if action=reinterpret pc=0x0000028a61acc160 method=java.util.HashMap$HashIterator.<init>(Ljava/util/HashMap;)V @ 45 c2
Event: 17.516 Thread 0x0000028a79752ea0 DEOPT PACKING pc=0x0000028a61acc160 sp=0x000000f5d4afeae0
Event: 17.516 Thread 0x0000028a79752ea0 DEOPT UNPACKING pc=0x0000028a613e5ba3 sp=0x000000f5d4afe970 mode 2
Event: 17.516 Thread 0x0000028a75de16e0 Uncommon trap: trap_request=0xffffff45 fr.pc=0x0000028a61ac2adc relative=0x000000000000033c
Event: 17.516 Thread 0x0000028a75de16e0 Uncommon trap: reason=unstable_if action=reinterpret pc=0x0000028a61ac2adc method=java.util.HashMap$HashIterator.<init>(Ljava/util/HashMap;)V @ 45 c2
Event: 17.516 Thread 0x0000028a75de16e0 DEOPT PACKING pc=0x0000028a61ac2adc sp=0x000000f5d4bff0b0
Event: 17.516 Thread 0x0000028a75de16e0 DEOPT UNPACKING pc=0x0000028a613e5ba3 sp=0x000000f5d4bff068 mode 2
Event: 17.557 Thread 0x0000028a79755720 Uncommon trap: trap_request=0xffffffc6 fr.pc=0x0000028a61cb38cc relative=0x000000000000048c
Event: 17.557 Thread 0x0000028a79755720 Uncommon trap: reason=bimorphic_or_optimized_type_check action=maybe_recompile pc=0x0000028a61cb38cc method=java.util.Collections$SetFromMap.remove(Ljava/lang/Object;)Z @ 5 c2
Event: 17.557 Thread 0x0000028a79755720 DEOPT PACKING pc=0x0000028a61cb38cc sp=0x000000f5d44fdce0
Event: 17.557 Thread 0x0000028a79755720 DEOPT UNPACKING pc=0x0000028a613e5ba3 sp=0x000000f5d44fdcd8 mode 2

Classes unloaded (0 events):
No events

Classes redefined (0 events):
No events

Internal exceptions (20 events):
Event: 15.301 Thread 0x0000028a76e1fd40 Exception <a 'java/lang/NoSuchMethodError'{0x00000000a5b073d0}: static Lorg/jetbrains/kotlin/gradle/plugin/internal/DefaultIdeaSyncDetector$createIdeaPropertiesEvaluator$1;.<clinit>()V> (0x00000000a5b073d0) 
thrown [s\open\src\hotspot\share\prims\jni.cpp, line 1112]
Event: 15.476 Thread 0x0000028a76e1fd40 Exception <a 'java/lang/ClassNotFoundException'{0x00000000a55c3230}: sun/misc/SharedSecrets> (0x00000000a55c3230) 
thrown [s\open\src\hotspot\share\classfile\systemDictionary.cpp, line 256]
Event: 15.476 Thread 0x0000028a76e1fd40 Exception <a 'java/lang/ClassNotFoundException'{0x00000000a55c9590}: org/jetbrains/kotlin/gradle/targets/js/npm/DefaultNpmDependencyExtensionBeanInfo> (0x00000000a55c9590) 
thrown [s\open\src\hotspot\share\classfile\systemDictionary.cpp, line 256]
Event: 15.477 Thread 0x0000028a76e1fd40 Exception <a 'java/lang/ClassNotFoundException'{0x00000000a55d8020}: org/jetbrains/kotlin/gradle/targets/js/npm/DefaultNpmDependencyExtensionCustomizer> (0x00000000a55d8020) 
thrown [s\open\src\hotspot\share\classfile\systemDictionary.cpp, line 256]
Event: 15.488 Thread 0x0000028a76e1fd40 Exception <a 'java/lang/ClassNotFoundException'{0x00000000a54808a8}: org/jetbrains/kotlin/gradle/targets/js/npm/NpmDependencyExtensionKt$defaultNpmDependencyDelegate$1BeanInfo> (0x00000000a54808a8) 
thrown [s\open\src\hotspot\share\classfile\systemDictionary.cpp, line 256]
Event: 15.489 Thread 0x0000028a76e1fd40 Exception <a 'java/lang/ClassNotFoundException'{0x00000000a548f5e8}: org/jetbrains/kotlin/gradle/targets/js/npm/NpmDependencyExtensionDelegateBeanInfo> (0x00000000a548f5e8) 
thrown [s\open\src\hotspot\share\classfile\systemDictionary.cpp, line 256]
Event: 15.489 Thread 0x0000028a76e1fd40 Exception <a 'java/lang/ClassNotFoundException'{0x00000000a549e088}: org/jetbrains/kotlin/gradle/targets/js/npm/NpmDependencyExtensionDelegateCustomizer> (0x00000000a549e088) 
thrown [s\open\src\hotspot\share\classfile\systemDictionary.cpp, line 256]
Event: 15.491 Thread 0x0000028a76e1fd40 Exception <a 'java/lang/ClassNotFoundException'{0x00000000a54d7770}: org/jetbrains/kotlin/gradle/targets/js/npm/NpmDependencyExtensionKt$defaultNpmDependencyDelegate$1Customizer> (0x00000000a54d7770) 
thrown [s\open\src\hotspot\share\classfile\systemDictionary.cpp, line 256]
Event: 15.496 Thread 0x0000028a76e1fd40 Exception <a 'java/lang/ClassNotFoundException'{0x00000000a5323dd0}: org/jetbrains/kotlin/gradle/targets/js/npm/DefaultDevNpmDependencyExtensionBeanInfo> (0x00000000a5323dd0) 
thrown [s\open\src\hotspot\share\classfile\systemDictionary.cpp, line 256]
Event: 15.496 Thread 0x0000028a76e1fd40 Exception <a 'java/lang/ClassNotFoundException'{0x00000000a5332878}: org/jetbrains/kotlin/gradle/targets/js/npm/DefaultDevNpmDependencyExtensionCustomizer> (0x00000000a5332878) 
thrown [s\open\src\hotspot\share\classfile\systemDictionary.cpp, line 256]
Event: 15.501 Thread 0x0000028a76e1fd40 Exception <a 'java/lang/ClassNotFoundException'{0x00000000a5388948}: org/jetbrains/kotlin/gradle/targets/js/npm/DefaultPeerNpmDependencyExtensionBeanInfo> (0x00000000a5388948) 
thrown [s\open\src\hotspot\share\classfile\systemDictionary.cpp, line 256]
Event: 15.501 Thread 0x0000028a76e1fd40 Exception <a 'java/lang/ClassNotFoundException'{0x00000000a53973f8}: org/jetbrains/kotlin/gradle/targets/js/npm/DefaultPeerNpmDependencyExtensionCustomizer> (0x00000000a53973f8) 
thrown [s\open\src\hotspot\share\classfile\systemDictionary.cpp, line 256]
Event: 15.506 Thread 0x0000028a76e1fd40 Exception <a 'java/lang/ClassNotFoundException'{0x00000000a53fa700}: org/jetbrains/kotlin/gradle/targets/js/npm/DefaultPeerNpmDependencyExtension$delegate$1BeanInfo> (0x00000000a53fa700) 
thrown [s\open\src\hotspot\share\classfile\systemDictionary.cpp, line 256]
Event: 15.507 Thread 0x0000028a76e1fd40 Exception <a 'java/lang/ClassNotFoundException'{0x00000000a52097c8}: org/jetbrains/kotlin/gradle/targets/js/npm/DefaultPeerNpmDependencyExtension$delegate$1Customizer> (0x00000000a52097c8) 
thrown [s\open\src\hotspot\share\classfile\systemDictionary.cpp, line 256]
Event: 15.969 Thread 0x0000028a76e1fd40 Exception <a 'java/lang/NoSuchMethodError'{0x00000000a87f0a58}: 'int java.lang.invoke.DirectMethodHandle$Holder.invokeSpecialIFC(java.lang.Object, java.lang.Object, java.lang.Object, java.lang.Object, java.lang.Object)'> (0x00000000a87f0a58) 
thrown [s\open\src\hotspot\share\interpreter\linkResolver.cpp, line 759]
Event: 17.170 Thread 0x0000028a76e1fd40 Implicit null exception at 0x0000028a61d5db91 to 0x0000028a61d64434
Event: 17.312 Thread 0x0000028a76e1fd40 Exception <a 'java/lang/NoSuchMethodError'{0x00000000a5d47300}: 'java.lang.Object java.lang.invoke.DirectMethodHandle$Holder.newInvokeSpecial(java.lang.Object, java.lang.Object, java.lang.Object, java.lang.Object, java.lang.Object, java.lang.Object, int)'> (0x00000000a5d47300) 
thrown [s\open\src\hotspot\share\interpreter\linkResolver.cpp, line 759]
Event: 17.312 Thread 0x0000028a76e1fd40 Exception <a 'java/lang/NoSuchMethodError'{0x00000000a5d4d500}: 'java.lang.Object java.lang.invoke.DirectMethodHandle$Holder.invokeSpecial(java.lang.Object, java.lang.Object, java.lang.Object, java.lang.Object, java.lang.Object, java.lang.Object, java.lang.Object, int)'> (0x00000000a5d4d500) 
thrown [s\open\src\hotspot\share\interpreter\linkResolver.cpp, line 759]
Event: 17.316 Thread 0x0000028a76e1fd40 Exception <a 'java/lang/NoSuchMethodError'{0x00000000a5d530d0}: 'java.lang.Object java.lang.invoke.Invokers$Holder.linkToTargetMethod(java.lang.Object, java.lang.Object, java.lang.Object, java.lang.Object, java.lang.Object, int, java.lang.Object)'> (0x00000000a5d530d0) 
thrown [s\open\src\hotspot\share\interpreter\linkResolver.cpp, line 759]
Event: 17.501 Thread 0x0000028a79755720 Exception <a 'java/lang/NoSuchMethodError'{0x00000000a5739280}: 'java.lang.Object java.lang.invoke.DirectMethodHandle$Holder.newInvokeSpecial(java.lang.Object, java.lang.Object, int, java.lang.Object, java.lang.Object)'> (0x00000000a5739280) 
thrown [s\open\src\hotspot\share\interpreter\linkResolver.cpp, line 759]

VM Operations (20 events):
Event: 15.000 Executing VM operation: G1TryInitiateConcMark done
Event: 15.067 Executing VM operation: G1Concurrent
Event: 15.072 Executing VM operation: G1Concurrent done
Event: 15.096 Executing VM operation: G1Concurrent
Event: 15.097 Executing VM operation: G1Concurrent done
Event: 15.595 Executing VM operation: G1CollectForAllocation
Event: 15.599 Executing VM operation: G1CollectForAllocation done
Event: 16.285 Executing VM operation: G1CollectForAllocation
Event: 16.289 Executing VM operation: G1CollectForAllocation done
Event: 16.339 Executing VM operation: G1Concurrent
Event: 16.342 Executing VM operation: G1Concurrent done
Event: 16.355 Executing VM operation: HandshakeAllThreads
Event: 16.356 Executing VM operation: HandshakeAllThreads done
Event: 16.369 Executing VM operation: G1Concurrent
Event: 16.370 Executing VM operation: G1Concurrent done
Event: 16.662 Executing VM operation: HandshakeAllThreads
Event: 16.662 Executing VM operation: HandshakeAllThreads done
Event: 16.833 Executing VM operation: G1CollectForAllocation
Event: 16.836 Executing VM operation: G1CollectForAllocation done
Event: 17.843 Executing VM operation: Cleanup

Events (20 events):
Event: 16.536 loading class java/net/InetAddress$CachedLocalHost
Event: 16.536 loading class java/net/InetAddress$CachedLocalHost done
Event: 16.599 loading class sun/reflect/annotation/AnnotationInvocationHandler$1
Event: 16.599 loading class sun/reflect/annotation/AnnotationInvocationHandler$1 done
Event: 16.878 loading class java/lang/AbstractMethodError
Event: 16.878 loading class java/lang/AbstractMethodError done
Event: 16.987 loading class java/util/Comparators$NaturalOrderComparator
Event: 16.987 loading class java/util/Comparators$NaturalOrderComparator done
Event: 17.183 Thread 0x0000028a7b477dc0 Thread added: 0x0000028a7b477dc0
Event: 17.339 loading class java/util/ArrayList$SubList$2
Event: 17.340 loading class java/util/ArrayList$SubList$2 done
Event: 17.492 Thread 0x0000028a79755720 Thread added: 0x0000028a79755720
Event: 17.508 Thread 0x0000028a797542e0 Thread added: 0x0000028a797542e0
Event: 17.509 Thread 0x0000028a79753dd0 Thread added: 0x0000028a79753dd0
Event: 17.509 Thread 0x0000028a797538c0 Thread added: 0x0000028a797538c0
Event: 17.509 Thread 0x0000028a797547f0 Thread added: 0x0000028a797547f0
Event: 17.509 Thread 0x0000028a79752990 Thread added: 0x0000028a79752990
Event: 17.509 Thread 0x0000028a79752ea0 Thread added: 0x0000028a79752ea0
Event: 17.509 Thread 0x0000028a75de16e0 Thread added: 0x0000028a75de16e0
Event: 17.577 Thread 0x0000028a75de07b0 Thread added: 0x0000028a75de07b0


Dynamic libraries:
0x00007ff679680000 - 0x00007ff679690000 	C:\Program Files\Java\jdk-17\bin\java.exe
0x00007ff9e9600000 - 0x00007ff9e9868000 	C:\WINDOWS\SYSTEM32\ntdll.dll
0x00007ff9e80e0000 - 0x00007ff9e81a9000 	C:\WINDOWS\System32\KERNEL32.DLL
0x00007ff9e6800000 - 0x00007ff9e6bf1000 	C:\WINDOWS\System32\KERNELBASE.dll
0x00007ff9e71c0000 - 0x00007ff9e730b000 	C:\WINDOWS\System32\ucrtbase.dll
0x00007ff9dca50000 - 0x00007ff9dca69000 	C:\Program Files\Java\jdk-17\bin\jli.dll
0x00007ff9e9500000 - 0x00007ff9e95b4000 	C:\WINDOWS\System32\ADVAPI32.dll
0x00007ff9dc3f0000 - 0x00007ff9dc40b000 	C:\Program Files\Java\jdk-17\bin\VCRUNTIME140.dll
0x00007ff9e7410000 - 0x00007ff9e74b9000 	C:\WINDOWS\System32\msvcrt.dll
0x00007ff9e74c0000 - 0x00007ff9e7566000 	C:\WINDOWS\System32\sechost.dll
0x00007ff9e76b0000 - 0x00007ff9e77c8000 	C:\WINDOWS\System32\RPCRT4.dll
0x00007ff9e7f10000 - 0x00007ff9e80d6000 	C:\WINDOWS\System32\USER32.dll
0x00007ff9e6cb0000 - 0x00007ff9e6cd7000 	C:\WINDOWS\System32\win32u.dll
0x00007ff9ce680000 - 0x00007ff9ce913000 	C:\WINDOWS\WinSxS\amd64_microsoft.windows.common-controls_6595b64144ccf1df_6.0.26100.7824_none_3e0870b2e3345462\COMCTL32.dll
0x00007ff9e8220000 - 0x00007ff9e824b000 	C:\WINDOWS\System32\GDI32.dll
0x00007ff9e6fd0000 - 0x00007ff9e70fb000 	C:\WINDOWS\System32\gdi32full.dll
0x00007ff9e6c00000 - 0x00007ff9e6ca3000 	C:\WINDOWS\System32\msvcp_win.dll
0x00007ff9d2c40000 - 0x00007ff9d2c4b000 	C:\WINDOWS\SYSTEM32\VERSION.dll
0x00007ff9e7570000 - 0x00007ff9e75a1000 	C:\WINDOWS\System32\IMM32.DLL
0x00007ff9e0da0000 - 0x00007ff9e0dac000 	C:\Program Files\Java\jdk-17\bin\vcruntime140_1.dll
0x00007ff9db6b0000 - 0x00007ff9db73e000 	C:\Program Files\Java\jdk-17\bin\msvcp140.dll
0x00007ff982b40000 - 0x00007ff983720000 	C:\Program Files\Java\jdk-17\bin\server\jvm.dll
0x00007ff9e73d0000 - 0x00007ff9e73d8000 	C:\WINDOWS\System32\PSAPI.DLL
0x00007ff9ce920000 - 0x00007ff9ce92a000 	C:\WINDOWS\SYSTEM32\WSOCK32.dll
0x00007ff9e75b0000 - 0x00007ff9e7624000 	C:\WINDOWS\System32\WS2_32.dll
0x00007ff9dd830000 - 0x00007ff9dd865000 	C:\WINDOWS\SYSTEM32\WINMM.dll
0x00007ff9e4c80000 - 0x00007ff9e4c9b000 	C:\WINDOWS\SYSTEM32\kernel.appcore.dll
0x00007ff9dca90000 - 0x00007ff9dca9a000 	C:\Program Files\Java\jdk-17\bin\jimage.dll
0x00007ff9e3d00000 - 0x00007ff9e3f42000 	C:\WINDOWS\SYSTEM32\DBGHELP.DLL
0x00007ff9e77e0000 - 0x00007ff9e7b66000 	C:\WINDOWS\System32\combase.dll
0x00007ff9e7c10000 - 0x00007ff9e7ce7000 	C:\WINDOWS\System32\OLEAUT32.dll
0x00007ff9ca560000 - 0x00007ff9ca59b000 	C:\WINDOWS\SYSTEM32\dbgcore.DLL
0x00007ff9e6750000 - 0x00007ff9e67f5000 	C:\WINDOWS\System32\bcryptPrimitives.dll
0x00007ff9e40c0000 - 0x00007ff9e40ce000 	C:\Program Files\Java\jdk-17\bin\instrument.dll
0x00007ff9dc3c0000 - 0x00007ff9dc3e5000 	C:\Program Files\Java\jdk-17\bin\java.dll
0x00007ff9db5d0000 - 0x00007ff9db6a7000 	C:\Program Files\Java\jdk-17\bin\jsvml.dll
0x00007ff9e8ce0000 - 0x00007ff9e9432000 	C:\WINDOWS\System32\SHELL32.dll
0x00007ff9e6e60000 - 0x00007ff9e6fca000 	C:\WINDOWS\System32\wintypes.dll
0x00007ff9e5ee0000 - 0x00007ff9e6743000 	C:\WINDOWS\System32\windows.storage.dll
0x00007ff9e8b30000 - 0x00007ff9e8c26000 	C:\WINDOWS\System32\SHCORE.dll
0x00007ff9e81b0000 - 0x00007ff9e8217000 	C:\WINDOWS\System32\shlwapi.dll
0x00007ff9e5e00000 - 0x00007ff9e5e29000 	C:\WINDOWS\SYSTEM32\profapi.dll
0x00007ff9db5b0000 - 0x00007ff9db5c8000 	C:\Program Files\Java\jdk-17\bin\zip.dll
0x00007ff9dbc30000 - 0x00007ff9dbc49000 	C:\Program Files\Java\jdk-17\bin\net.dll
0x00007ff9d8e80000 - 0x00007ff9d8fa7000 	C:\WINDOWS\SYSTEM32\WINHTTP.dll
0x00007ff9e51f0000 - 0x00007ff9e525b000 	C:\WINDOWS\system32\mswsock.dll
0x00007ff9db8d0000 - 0x00007ff9db8e6000 	C:\Program Files\Java\jdk-17\bin\nio.dll
0x00007ff9e3f70000 - 0x00007ff9e3f80000 	C:\Program Files\Java\jdk-17\bin\verify.dll
0x00007ff9d9210000 - 0x00007ff9d9237000 	C:\Users\ACER\.gradle\native\1def1411415f61bf3af743bc5b6707747c0891f09f0c88961ee8f79bc544acac\windows-amd64\native-platform.dll
0x00007ff9a5710000 - 0x00007ff9a5788000 	C:\Users\ACER\.gradle\native\0.2.7\x86_64-windows-gnu\gradle-fileevents.dll
0x00007ff9db890000 - 0x00007ff9db89a000 	C:\Program Files\Java\jdk-17\bin\management.dll
0x00007ff9da840000 - 0x00007ff9da84b000 	C:\Program Files\Java\jdk-17\bin\management_ext.dll
0x00007ff9e4680000 - 0x00007ff9e46b4000 	C:\WINDOWS\SYSTEM32\IPHLPAPI.DLL
0x00007ff9e77d0000 - 0x00007ff9e77da000 	C:\WINDOWS\System32\NSI.dll
0x00007ff9dd800000 - 0x00007ff9dd81e000 	C:\WINDOWS\SYSTEM32\dhcpcsvc6.DLL
0x00007ff9dd6e0000 - 0x00007ff9dd703000 	C:\WINDOWS\SYSTEM32\dhcpcsvc.DLL
0x00007ff9e4710000 - 0x00007ff9e483c000 	C:\WINDOWS\SYSTEM32\DNSAPI.dll
0x00007ff9e54d0000 - 0x00007ff9e54eb000 	C:\WINDOWS\SYSTEM32\CRYPTSP.dll
0x00007ff9e4be0000 - 0x00007ff9e4c19000 	C:\WINDOWS\system32\rsaenh.dll
0x00007ff9e52a0000 - 0x00007ff9e52cb000 	C:\WINDOWS\SYSTEM32\USERENV.dll
0x00007ff9e5dd0000 - 0x00007ff9e5dfa000 	C:\WINDOWS\SYSTEM32\bcrypt.dll
0x00007ff9e54c0000 - 0x00007ff9e54cc000 	C:\WINDOWS\SYSTEM32\CRYPTBASE.dll
0x00007ff9e2d80000 - 0x00007ff9e2d8e000 	C:\Program Files\Java\jdk-17\bin\sunmscapi.dll
0x00007ff9e6ce0000 - 0x00007ff9e6e57000 	C:\WINDOWS\System32\CRYPT32.dll
0x00007ff9e56e0000 - 0x00007ff9e5710000 	C:\WINDOWS\SYSTEM32\ncrypt.dll
0x00007ff9e5690000 - 0x00007ff9e56cf000 	C:\WINDOWS\SYSTEM32\NTASN1.dll
0x00007ff9886f0000 - 0x00007ff9886f8000 	C:\WINDOWS\system32\wshunix.dll
0x00007ff9c5980000 - 0x00007ff9c5998000 	C:\WINDOWS\system32\napinsp.dll
0x00007ff9c5960000 - 0x00007ff9c5972000 	C:\WINDOWS\System32\winrnr.dll
0x00007ff9c5930000 - 0x00007ff9c5952000 	C:\WINDOWS\system32\nlansp_c.dll
0x00007ff9d8fb0000 - 0x00007ff9d8fc6000 	C:\WINDOWS\system32\wshbth.dll
0x00007ff9dcfd0000 - 0x00007ff9dcfdb000 	C:\Windows\System32\rasadhlp.dll
0x00007ff9df700000 - 0x00007ff9df786000 	C:\WINDOWS\System32\fwpuclnt.dll

dbghelp: loaded successfully - version: 4.0.5 - missing functions: none
symbol engine: initialized successfully - sym options: 0x614 - pdb path: .;C:\Program Files\Java\jdk-17\bin;C:\WINDOWS\SYSTEM32;C:\WINDOWS\WinSxS\amd64_microsoft.windows.common-controls_6595b64144ccf1df_6.0.26100.7824_none_3e0870b2e3345462;C:\Program Files\Java\jdk-17\bin\server;C:\Users\ACER\.gradle\native\1def1411415f61bf3af743bc5b6707747c0891f09f0c88961ee8f79bc544acac\windows-amd64;C:\Users\ACER\.gradle\native\0.2.7\x86_64-windows-gnu

VM Arguments:
jvm_args: --add-opens=java.base/java.lang=ALL-UNNAMED --add-opens=java.base/java.lang.invoke=ALL-UNNAMED --add-opens=java.base/java.util=ALL-UNNAMED --add-opens=java.prefs/java.util.prefs=ALL-UNNAMED --add-exports=jdk.compiler/com.sun.tools.javac.api=ALL-UNNAMED --add-exports=jdk.compiler/com.sun.tools.javac.util=ALL-UNNAMED --add-opens=java.base/java.util=ALL-UNNAMED --add-opens=java.prefs/java.util.prefs=ALL-UNNAMED --add-opens=java.base/java.nio.charset=ALL-UNNAMED --add-opens=java.base/java.net=ALL-UNNAMED --add-opens=java.base/java.util.concurrent.atomic=ALL-UNNAMED --add-opens=java.xml/javax.xml.namespace=ALL-UNNAMED -XX:MaxMetaspaceSize=512m -XX:ReservedCodeCacheSize=256m -XX:+HeapDumpOnOutOfMemoryError -Xmx1536m -Dfile.encoding=windows-1252 -Duser.country=IN -Duser.language=en -Duser.variant -javaagent:C:\Users\ACER\.gradle\wrapper\dists\gradle-8.13-all\54h0s9kvb6g2sinako7ub77ku\gradle-8.13\lib\agents\gradle-instrumentation-agent-8.13.jar 
java_command: org.gradle.launcher.daemon.bootstrap.GradleDaemon 8.13
java_class_path (initial): C:\Users\ACER\.gradle\wrapper\dists\gradle-8.13-all\54h0s9kvb6g2sinako7ub77ku\gradle-8.13\lib\gradle-daemon-main-8.13.jar
Launcher Type: SUN_STANDARD

[Global flags]
     intx CICompilerCount                          = 4                                         {product} {ergonomic}
   size_t CompressedClassSpaceSize                 = 436207616                                 {product} {ergonomic}
     uint ConcGCThreads                            = 2                                         {product} {ergonomic}
     uint G1ConcRefinementThreads                  = 8                                         {product} {ergonomic}
   size_t G1HeapRegionSize                         = 1048576                                   {product} {ergonomic}
    uintx GCDrainStackTargetSize                   = 64                                        {product} {ergonomic}
     bool HeapDumpOnOutOfMemoryError               = true                                   {manageable} {command line}
   size_t InitialHeapSize                          = 266338304                                 {product} {ergonomic}
   size_t MarkStackSize                            = 4194304                                   {product} {ergonomic}
   size_t MaxHeapSize                              = 1610612736                                {product} {command line}
   size_t MaxMetaspaceSize                         = 536870912                                 {product} {command line}
   size_t MaxNewSize                               = 965738496                                 {product} {ergonomic}
   size_t MinHeapDeltaBytes                        = 1048576                                   {product} {ergonomic}
   size_t MinHeapSize                              = 8388608                                   {product} {ergonomic}
    uintx NonNMethodCodeHeapSize                   = 5839372                                {pd product} {ergonomic}
    uintx NonProfiledCodeHeapSize                  = 131298042                              {pd product} {ergonomic}
    uintx ProfiledCodeHeapSize                     = 131298042                              {pd product} {ergonomic}
    uintx ReservedCodeCacheSize                    = 268435456                              {pd product} {command line}
     bool SegmentedCodeCache                       = true                                      {product} {ergonomic}
   size_t SoftMaxHeapSize                          = 1610612736                             {manageable} {ergonomic}
   double SweeperThreshold                         = 0.468750                                  {product} {ergonomic}
     bool UseCompressedClassPointers               = true                           {product lp64_product} {ergonomic}
     bool UseCompressedOops                        = true                           {product lp64_product} {ergonomic}
     bool UseG1GC                                  = true                                      {product} {ergonomic}
     bool UseLargePagesIndividualAllocation        = false                                  {pd product} {ergonomic}

Logging:
Log output configuration:
 #0: stdout all=warning uptime,level,tags
 #1: stderr all=off uptime,level,tags

Environment Variables:
CLASSPATH=c:\Users\ACER\Downloads\WattX-main (2)\WattX-main\android\\gradle\wrapper\gradle-wrapper.jar
PATH=C:\Program Files\Java\jdk-17\bin;C:\WINDOWS\system32;C:\WINDOWS;C:\WINDOWS\System32\Wbem;C:\WINDOWS\System32\WindowsPowerShell\v1.0\;C:\WINDOWS\System32\OpenSSH\;C:\Program Files\dotnet\;C:\ProgramData\chocolatey\bin;C:\Users\ACER\AppData\Roaming\Microsoft\Windows\Start Menu\Programs\Python 3.12;C:\Program Files\Git\cmd;C:\Program Files\mysql-9.4.0-winx64\bin;C:\Program Files (x86)\Microsoft SQL Server\160\Tools\Binn\;C:\Program Files\Microsoft SQL Server\160\Tools\Binn\;C:\Program Files\Microsoft SQL Server\Client SDK\ODBC\170\Tools\Binn\;C:\Program Files\Microsoft SQL Server\160\DTS\Binn\;C:\xampp\php;C:\ProgramData\ComposerSetup\bin;C:\Program Files\Microsoft SQL Server\170\Tools\Binn\;C:\flutter\bin;C:\Users\ACER\AppData\Local\Programs\Python\Launcher\;C:\Program Files\MySQL\MySQL Shell 8.0\bin\;C:\msys64\ucrt64\bin;C:\MinGW\bin;C:\MinGW\mingw32\bin;C:\Users\ACER\AppData\Local\Programs\Microsoft VS Code\bin;C:\Users\ACER\AppData\Local\Microsoft\WindowsApps;C:\Users\ACER\AppData\Local\Microsoft\WinGet\Packages\Schniz.fnm_Microsoft.Winget.Source_8wekyb3d8bbwe;C:\Users\ACER\AppData\Local\Microsoft\WindowsApps;C:\Users\ACER\AppData\Roaming\Composer\vendor\bin;C:\Users\ACER\AppData\Local\Programs\Antigravity\bin;C:\Users\ACER\.dotnet\tools;C:\Users\ACER\AppData\Local\Python\bin
USERNAME=ACER
OS=Windows_NT
PROCESSOR_IDENTIFIER=Intel64 Family 6 Model 140 Stepping 1, GenuineIntel



---------------  S Y S T E M  ---------------

OS:
 Windows 11 , 64 bit Build 26100 (10.0.26100.7705)
OS uptime: 2 days 13:49 hours
Hyper-V role detected

CPU: total 8 (initial active 8) (4 cores per cpu, 2 threads per core) family 6 model 140 stepping 1 microcode 0xaa, cx8, cmov, fxsr, ht, mmx, 3dnowpref, sse, sse2, sse3, ssse3, sse4.1, sse4.2, popcnt, lzcnt, tsc, tscinvbit, avx, avx2, aes, erms, clmul, bmi1, bmi2, adx, avx512f, avx512dq, avx512cd, avx512bw, avx512vl, sha, fma, vzeroupper, avx512_vpopcntdq, avx512_vpclmulqdq, avx512_vaes, avx512_vnni, clflush, clflushopt, clwb, avx512_vbmi2, avx512_vbmi, hv

Memory: 4k page, system-wide physical 16163M (1058M free)
TotalPageFile size 29390M (AvailPageFile size 0M)
current process WorkingSet (physical memory assigned to process): 332M, peak: 337M
current process commit charge ("private bytes"): 371M, peak: 446M

vm_info: Java HotSpot(TM) 64-Bit Server VM (17.0.12+8-LTS-286) for windows-amd64 JRE (17.0.12+8-LTS-286), built on Jun  5 2024 06:46:59 by "mach5one" with MS VC++ 17.6 (VS2022)

END.
