#
# There is insufficient memory for the Java Runtime Environment to continue.
# Native memory allocation (malloc) failed to allocate 1673456 bytes. Error detail: Chunk::new
# Possible reasons:
#   The system is out of physical RAM or swap space
#   This process is running with CompressedOops enabled, and the Java Heap may be blocking the growth of the native heap
# Possible solutions:
#   Reduce memory load on the system
#   Increase physical memory or swap space
#   Check if swap backing store is full
#   Decrease Java heap size (-Xmx/-Xms)
#   Decrease number of Java threads
#   Decrease Java thread stack sizes (-Xss)
#   Set larger code cache with -XX:ReservedCodeCacheSize=
#   JVM is running with Zero Based Compressed Oops mode in which the Java heap is
#     placed in the first 32GB address space. The Java Heap base address is the
#     maximum limit for the native heap growth. Please use -XX:HeapBaseMinAddress
#     to set the Java Heap base and to place the Java Heap above 32GB virtual address.
# This output file may be truncated or incomplete.
#
#  Out of Memory Error (arena.cpp:168), pid=27148, tid=23636
#
# JRE version: OpenJDK Runtime Environment (21.0.8) (build 21.0.8+-14196175-b1038.72)
# Java VM: OpenJDK 64-Bit Server VM (21.0.8+-14196175-b1038.72, mixed mode, tiered, compressed oops, compressed class ptrs, g1 gc, windows-amd64)
# No core dump will be written. Minidumps are not enabled by default on client versions of Windows
#

---------------  S U M M A R Y ------------

Command Line: org.jetbrains.kotlin.cli.jvm.K2JVMCompiler @C:\flutter\packages\flutter_tools\gradle\build\20260225_15557107073195904340.compiler.options

Host: 11th Gen Intel(R) Core(TM) i7-1165G7 @ 2.80GHz, 8 cores, 15G,  Windows 11 , 64 bit Build 26100 (10.0.26100.7705)
Time: Wed Feb 25 21:22:28 2026 India Standard Time elapsed time: 6.896889 seconds (0d 0h 0m 6s)

---------------  T H R E A D  ---------------

Current thread (0x000001c5f7090960):  JavaThread "C2 CompilerThread0" daemon [_thread_in_native, id=23636, stack(0x00000077f4b00000,0x00000077f4c00000) (1024K)]


Current CompileTask:
C2:6896 2540   !   4       jdk.internal.loader.BuiltinClassLoader::loadClassOrNull (143 bytes)

Stack: [0x00000077f4b00000,0x00000077f4c00000]
Native frames: (J=compiled Java code, j=interpreted, Vv=VM code, C=native code)
V  [jvm.dll+0x6d68d9]
V  [jvm.dll+0x866693]
V  [jvm.dll+0x868c4e]
V  [jvm.dll+0x869333]
V  [jvm.dll+0x280566]
V  [jvm.dll+0xc07cd]
V  [jvm.dll+0xc0d03]
V  [jvm.dll+0x3b95e1]
V  [jvm.dll+0x385507]
V  [jvm.dll+0x38497a]
V  [jvm.dll+0x249252]
V  [jvm.dll+0x248821]
V  [jvm.dll+0x1c73a4]
V  [jvm.dll+0x257f9e]
V  [jvm.dll+0x2564e6]
V  [jvm.dll+0x3f4696]
V  [jvm.dll+0x80eac8]
V  [jvm.dll+0x6d512d]
C  [ucrtbase.dll+0x37b0]
C  [KERNEL32.DLL+0x2e8d7]
C  [ntdll.dll+0x8c40c]


---------------  P R O C E S S  ---------------

Threads class SMR info:
_java_thread_list=0x000001c5fbeeac00, length=11, elements={
0x000001c5d6ae2ad0, 0x000001c5f7069790, 0x000001c5f707b0e0, 0x000001c5f707c6b0,
0x000001c5f706cd10, 0x000001c5f706d770, 0x000001c5f706e1d0, 0x000001c5f708eef0,
0x000001c5f7090960, 0x000001c5f7096060, 0x000001c5f7247c90
}

Java Threads: ( => current thread )
  0x000001c5d6ae2ad0 JavaThread "main"                              [_thread_in_native, id=30212, stack(0x00000077f3c00000,0x00000077f3d00000) (1024K)]
  0x000001c5f7069790 JavaThread "Common-Cleaner"             daemon [_thread_blocked, id=24824, stack(0x00000077f4400000,0x00000077f4500000) (1024K)]
  0x000001c5f707b0e0 JavaThread "Reference Handler"          daemon [_thread_blocked, id=32528, stack(0x00000077f4500000,0x00000077f4600000) (1024K)]
  0x000001c5f707c6b0 JavaThread "Finalizer"                  daemon [_thread_blocked, id=23148, stack(0x00000077f4600000,0x00000077f4700000) (1024K)]
  0x000001c5f706cd10 JavaThread "Signal Dispatcher"          daemon [_thread_blocked, id=28344, stack(0x00000077f4700000,0x00000077f4800000) (1024K)]
  0x000001c5f706d770 JavaThread "Attach Listener"            daemon [_thread_blocked, id=30368, stack(0x00000077f4800000,0x00000077f4900000) (1024K)]
  0x000001c5f706e1d0 JavaThread "Service Thread"             daemon [_thread_blocked, id=25676, stack(0x00000077f4900000,0x00000077f4a00000) (1024K)]
  0x000001c5f708eef0 JavaThread "Monitor Deflation Thread"   daemon [_thread_blocked, id=6856, stack(0x00000077f4a00000,0x00000077f4b00000) (1024K)]
=>0x000001c5f7090960 JavaThread "C2 CompilerThread0"         daemon [_thread_in_native, id=23636, stack(0x00000077f4b00000,0x00000077f4c00000) (1024K)]
  0x000001c5f7096060 JavaThread "C1 CompilerThread0"         daemon [_thread_blocked, id=17364, stack(0x00000077f4c00000,0x00000077f4d00000) (1024K)]
  0x000001c5f7247c90 JavaThread "Notification Thread"        daemon [_thread_blocked, id=30808, stack(0x00000077f4d00000,0x00000077f4e00000) (1024K)]
Total: 11

Other Threads:
  0x000001c5f2b6ec00 VMThread "VM Thread"                           [id=20424, stack(0x00000077f4300000,0x00000077f4400000) (1024K)]
  0x000001c5f2aeee00 WatcherThread "VM Periodic Task Thread"        [id=27216, stack(0x00000077f4200000,0x00000077f4300000) (1024K)]
  0x000001c5d8dc27a0 WorkerThread "GC Thread#0"                     [id=23460, stack(0x00000077f3d00000,0x00000077f3e00000) (1024K)]
  0x000001c5f7986460 WorkerThread "GC Thread#1"                     [id=30264, stack(0x00000077f4e00000,0x00000077f4f00000) (1024K)]
  0x000001c5f7986800 WorkerThread "GC Thread#2"                     [id=30360, stack(0x00000077f4f00000,0x00000077f5000000) (1024K)]
  0x000001c5f7986ba0 WorkerThread "GC Thread#3"                     [id=14080, stack(0x00000077f5000000,0x00000077f5100000) (1024K)]
  0x000001c5f7972fe0 WorkerThread "GC Thread#4"                     [id=15764, stack(0x00000077f5100000,0x00000077f5200000) (1024K)]
  0x000001c5f7973380 WorkerThread "GC Thread#5"                     [id=18144, stack(0x00000077f5200000,0x00000077f5300000) (1024K)]
  0x000001c5f7aca910 WorkerThread "GC Thread#6"                     [id=15376, stack(0x00000077f5300000,0x00000077f5400000) (1024K)]
  0x000001c5f7acb3f0 WorkerThread "GC Thread#7"                     [id=20292, stack(0x00000077f5400000,0x00000077f5500000) (1024K)]
  0x000001c5d8dd3410 ConcurrentGCThread "G1 Main Marker"            [id=11340, stack(0x00000077f3e00000,0x00000077f3f00000) (1024K)]
  0x000001c5d8dd3f10 WorkerThread "G1 Conc#0"                       [id=28252, stack(0x00000077f3f00000,0x00000077f4000000) (1024K)]
  0x000001c5f7acbed0 WorkerThread "G1 Conc#1"                       [id=21620, stack(0x00000077f5500000,0x00000077f5600000) (1024K)]
  0x000001c5f29c1570 ConcurrentGCThread "G1 Refine#0"               [id=14792, stack(0x00000077f4000000,0x00000077f4100000) (1024K)]
  0x000001c5f29c1ff0 ConcurrentGCThread "G1 Service"                [id=9008, stack(0x00000077f4100000,0x00000077f4200000) (1024K)]
Total: 15

Threads with active compile tasks:
C2 CompilerThread0  6920 2540   !   4       jdk.internal.loader.BuiltinClassLoader::loadClassOrNull (143 bytes)
C1 CompilerThread0  6920 2574       3       org.jetbrains.kotlin.container.ComponentStorage::collectAdhocComponents (190 bytes)
Total: 2

VM state: not at safepoint (normal execution)

VM Mutex/Monitor currently owned by a thread: None

Heap address: 0x0000000703600000, size: 4042 MB, Compressed Oops mode: Zero based, Oop shift amount: 3

CDS archive(s) not mapped
Compressed class space mapped at: 0x0000000800000000-0x0000000840000000, reserved size: 1073741824
Narrow klass base: 0x0000000800000000, Narrow klass shift: 0, Narrow klass range: 0x40000000

GC Precious Log:
 CardTable entry size: 512
 Card Set container configuration: InlinePtr #cards 4 size 8 Array Of Cards #cards 16 size 48 Howl #buckets 8 coarsen threshold 3686 Howl Bitmap #cards 512 size 80 coarsen threshold 460 Card regions per heap region 1 cards per card region 4096
 CPUs: 8 total, 8 available
 Memory: 16163M
 Large Page Support: Disabled
 NUMA Support: Disabled
 Compressed Oops: Enabled (Zero based)
 Heap Region Size: 2M
 Heap Min Capacity: 8M
 Heap Initial Capacity: 254M
 Heap Max Capacity: 4042M
 Pre-touch: Disabled
 Parallel Workers: 8
 Concurrent Workers: 2
 Concurrent Refinement Workers: 8
 Periodic GC: Disabled

Heap:
 garbage-first heap   total 159744K, used 71395K [0x0000000703600000, 0x0000000800000000)
  region size 2048K, 19 young (38912K), 1 survivors (2048K)
 Metaspace       used 40711K, committed 41024K, reserved 1114112K
  class space    used 4896K, committed 5056K, reserved 1048576K

Heap Regions: E=young(eden), S=young(survivor), O=old, HS=humongous(starts), HC=humongous(continues), CS=collection set, F=free, TAMS=top-at-mark-start, PB=parsable bottom
|   0|0x0000000703600000, 0x0000000703800000, 0x0000000703800000|100%|HS|  |TAMS 0x0000000703600000| PB 0x0000000703600000| Complete 
|   1|0x0000000703800000, 0x0000000703a00000, 0x0000000703a00000|100%|HC|  |TAMS 0x0000000703800000| PB 0x0000000703800000| Complete 
|   2|0x0000000703a00000, 0x0000000703c00000, 0x0000000703c00000|100%| O|  |TAMS 0x0000000703a00000| PB 0x0000000703a00000| Untracked 
|   3|0x0000000703c00000, 0x0000000703e00000, 0x0000000703e00000|100%| O|  |TAMS 0x0000000703c00000| PB 0x0000000703c00000| Untracked 
|   4|0x0000000703e00000, 0x0000000704000000, 0x0000000704000000|100%| O|  |TAMS 0x0000000703e00000| PB 0x0000000703e00000| Untracked 
|   5|0x0000000704000000, 0x0000000704200000, 0x0000000704200000|100%| O|  |TAMS 0x0000000704000000| PB 0x0000000704000000| Untracked 
|   6|0x0000000704200000, 0x00000007043d7798, 0x0000000704400000| 92%| O|  |TAMS 0x0000000704200000| PB 0x0000000704200000| Untracked 
|   7|0x0000000704400000, 0x0000000704600000, 0x0000000704600000|100%| O|  |TAMS 0x0000000704400000| PB 0x0000000704400000| Untracked 
|   8|0x0000000704600000, 0x0000000704800000, 0x0000000704800000|100%| O|  |TAMS 0x0000000704600000| PB 0x0000000704600000| Untracked 
|   9|0x0000000704800000, 0x0000000704a00000, 0x0000000704a00000|100%| O|  |TAMS 0x0000000704800000| PB 0x0000000704800000| Untracked 
|  10|0x0000000704a00000, 0x0000000704c00000, 0x0000000704c00000|100%|HS|  |TAMS 0x0000000704a00000| PB 0x0000000704a00000| Complete 
|  11|0x0000000704c00000, 0x0000000704e00000, 0x0000000704e00000|100%| O|  |TAMS 0x0000000704c00000| PB 0x0000000704c00000| Untracked 
|  12|0x0000000704e00000, 0x0000000705000000, 0x0000000705000000|100%| O|  |TAMS 0x0000000704e00000| PB 0x0000000704e00000| Untracked 
|  13|0x0000000705000000, 0x0000000705000000, 0x0000000705200000|  0%| F|  |TAMS 0x0000000705000000| PB 0x0000000705000000| Untracked 
|  14|0x0000000705200000, 0x0000000705400000, 0x0000000705400000|100%| O|  |TAMS 0x0000000705200000| PB 0x0000000705200000| Untracked 
|  15|0x0000000705400000, 0x0000000705600000, 0x0000000705600000|100%|HS|  |TAMS 0x0000000705400000| PB 0x0000000705400000| Complete 
|  16|0x0000000705600000, 0x0000000705800000, 0x0000000705800000|100%|HC|  |TAMS 0x0000000705600000| PB 0x0000000705600000| Complete 
|  17|0x0000000705800000, 0x0000000705a00000, 0x0000000705a00000|100%|HC|  |TAMS 0x0000000705800000| PB 0x0000000705800000| Complete 
|  18|0x0000000705a00000, 0x0000000705a00000, 0x0000000705c00000|  0%| F|  |TAMS 0x0000000705a00000| PB 0x0000000705a00000| Untracked 
|  19|0x0000000705c00000, 0x0000000705de1530, 0x0000000705e00000| 94%| S|CS|TAMS 0x0000000705c00000| PB 0x0000000705c00000| Complete 
|  20|0x0000000705e00000, 0x0000000705e00000, 0x0000000706000000|  0%| F|  |TAMS 0x0000000705e00000| PB 0x0000000705e00000| Untracked 
|  21|0x0000000706000000, 0x0000000706000000, 0x0000000706200000|  0%| F|  |TAMS 0x0000000706000000| PB 0x0000000706000000| Untracked 
|  22|0x0000000706200000, 0x0000000706200000, 0x0000000706400000|  0%| F|  |TAMS 0x0000000706200000| PB 0x0000000706200000| Untracked 
|  23|0x0000000706400000, 0x0000000706400000, 0x0000000706600000|  0%| F|  |TAMS 0x0000000706400000| PB 0x0000000706400000| Untracked 
|  24|0x0000000706600000, 0x0000000706600000, 0x0000000706800000|  0%| F|  |TAMS 0x0000000706600000| PB 0x0000000706600000| Untracked 
|  25|0x0000000706800000, 0x0000000706800000, 0x0000000706a00000|  0%| F|  |TAMS 0x0000000706800000| PB 0x0000000706800000| Untracked 
|  26|0x0000000706a00000, 0x0000000706a00000, 0x0000000706c00000|  0%| F|  |TAMS 0x0000000706a00000| PB 0x0000000706a00000| Untracked 
|  27|0x0000000706c00000, 0x0000000706c00000, 0x0000000706e00000|  0%| F|  |TAMS 0x0000000706c00000| PB 0x0000000706c00000| Untracked 
|  28|0x0000000706e00000, 0x0000000706e00000, 0x0000000707000000|  0%| F|  |TAMS 0x0000000706e00000| PB 0x0000000706e00000| Untracked 
|  29|0x0000000707000000, 0x0000000707000000, 0x0000000707200000|  0%| F|  |TAMS 0x0000000707000000| PB 0x0000000707000000| Untracked 
|  30|0x0000000707200000, 0x0000000707200000, 0x0000000707400000|  0%| F|  |TAMS 0x0000000707200000| PB 0x0000000707200000| Untracked 
|  31|0x0000000707400000, 0x0000000707400000, 0x0000000707600000|  0%| F|  |TAMS 0x0000000707400000| PB 0x0000000707400000| Untracked 
|  32|0x0000000707600000, 0x0000000707600000, 0x0000000707800000|  0%| F|  |TAMS 0x0000000707600000| PB 0x0000000707600000| Untracked 
|  33|0x0000000707800000, 0x0000000707800000, 0x0000000707a00000|  0%| F|  |TAMS 0x0000000707800000| PB 0x0000000707800000| Untracked 
|  34|0x0000000707a00000, 0x0000000707a00000, 0x0000000707c00000|  0%| F|  |TAMS 0x0000000707a00000| PB 0x0000000707a00000| Untracked 
|  35|0x0000000707c00000, 0x0000000707c00000, 0x0000000707e00000|  0%| F|  |TAMS 0x0000000707c00000| PB 0x0000000707c00000| Untracked 
|  36|0x0000000707e00000, 0x0000000707e00000, 0x0000000708000000|  0%| F|  |TAMS 0x0000000707e00000| PB 0x0000000707e00000| Untracked 
|  37|0x0000000708000000, 0x0000000708000000, 0x0000000708200000|  0%| F|  |TAMS 0x0000000708000000| PB 0x0000000708000000| Untracked 
|  38|0x0000000708200000, 0x0000000708200000, 0x0000000708400000|  0%| F|  |TAMS 0x0000000708200000| PB 0x0000000708200000| Untracked 
|  39|0x0000000708400000, 0x0000000708400000, 0x0000000708600000|  0%| F|  |TAMS 0x0000000708400000| PB 0x0000000708400000| Untracked 
|  40|0x0000000708600000, 0x0000000708600000, 0x0000000708800000|  0%| F|  |TAMS 0x0000000708600000| PB 0x0000000708600000| Untracked 
|  41|0x0000000708800000, 0x0000000708800000, 0x0000000708a00000|  0%| F|  |TAMS 0x0000000708800000| PB 0x0000000708800000| Untracked 
|  42|0x0000000708a00000, 0x0000000708a00000, 0x0000000708c00000|  0%| F|  |TAMS 0x0000000708a00000| PB 0x0000000708a00000| Untracked 
|  43|0x0000000708c00000, 0x0000000708c00000, 0x0000000708e00000|  0%| F|  |TAMS 0x0000000708c00000| PB 0x0000000708c00000| Untracked 
|  44|0x0000000708e00000, 0x0000000708e00000, 0x0000000709000000|  0%| F|  |TAMS 0x0000000708e00000| PB 0x0000000708e00000| Untracked 
|  45|0x0000000709000000, 0x0000000709000000, 0x0000000709200000|  0%| F|  |TAMS 0x0000000709000000| PB 0x0000000709000000| Untracked 
|  46|0x0000000709200000, 0x0000000709200000, 0x0000000709400000|  0%| F|  |TAMS 0x0000000709200000| PB 0x0000000709200000| Untracked 
|  47|0x0000000709400000, 0x0000000709400000, 0x0000000709600000|  0%| F|  |TAMS 0x0000000709400000| PB 0x0000000709400000| Untracked 
|  48|0x0000000709600000, 0x0000000709600000, 0x0000000709800000|  0%| F|  |TAMS 0x0000000709600000| PB 0x0000000709600000| Untracked 
|  49|0x0000000709800000, 0x0000000709800000, 0x0000000709a00000|  0%| F|  |TAMS 0x0000000709800000| PB 0x0000000709800000| Untracked 
|  50|0x0000000709a00000, 0x0000000709a00000, 0x0000000709c00000|  0%| F|  |TAMS 0x0000000709a00000| PB 0x0000000709a00000| Untracked 
|  51|0x0000000709c00000, 0x0000000709c00000, 0x0000000709e00000|  0%| F|  |TAMS 0x0000000709c00000| PB 0x0000000709c00000| Untracked 
|  52|0x0000000709e00000, 0x0000000709e00000, 0x000000070a000000|  0%| F|  |TAMS 0x0000000709e00000| PB 0x0000000709e00000| Untracked 
|  53|0x000000070a000000, 0x000000070a000000, 0x000000070a200000|  0%| F|  |TAMS 0x000000070a000000| PB 0x000000070a000000| Untracked 
|  54|0x000000070a200000, 0x000000070a200000, 0x000000070a400000|  0%| F|  |TAMS 0x000000070a200000| PB 0x000000070a200000| Untracked 
|  55|0x000000070a400000, 0x000000070a400000, 0x000000070a600000|  0%| F|  |TAMS 0x000000070a400000| PB 0x000000070a400000| Untracked 
|  56|0x000000070a600000, 0x000000070a600000, 0x000000070a800000|  0%| F|  |TAMS 0x000000070a600000| PB 0x000000070a600000| Untracked 
|  57|0x000000070a800000, 0x000000070a800000, 0x000000070aa00000|  0%| F|  |TAMS 0x000000070a800000| PB 0x000000070a800000| Untracked 
|  58|0x000000070aa00000, 0x000000070aa00000, 0x000000070ac00000|  0%| F|  |TAMS 0x000000070aa00000| PB 0x000000070aa00000| Untracked 
|  59|0x000000070ac00000, 0x000000070ae00000, 0x000000070ae00000|100%| E|  |TAMS 0x000000070ac00000| PB 0x000000070ac00000| Complete 
|  60|0x000000070ae00000, 0x000000070b000000, 0x000000070b000000|100%| E|CS|TAMS 0x000000070ae00000| PB 0x000000070ae00000| Complete 
|  61|0x000000070b000000, 0x000000070b200000, 0x000000070b200000|100%| E|  |TAMS 0x000000070b000000| PB 0x000000070b000000| Complete 
|  62|0x000000070b200000, 0x000000070b400000, 0x000000070b400000|100%| E|CS|TAMS 0x000000070b200000| PB 0x000000070b200000| Complete 
|  63|0x000000070b400000, 0x000000070b600000, 0x000000070b600000|100%| E|CS|TAMS 0x000000070b400000| PB 0x000000070b400000| Complete 
|  64|0x000000070b600000, 0x000000070b800000, 0x000000070b800000|100%| E|CS|TAMS 0x000000070b600000| PB 0x000000070b600000| Complete 
|  65|0x000000070b800000, 0x000000070ba00000, 0x000000070ba00000|100%| E|CS|TAMS 0x000000070b800000| PB 0x000000070b800000| Complete 
|  66|0x000000070ba00000, 0x000000070bc00000, 0x000000070bc00000|100%| E|CS|TAMS 0x000000070ba00000| PB 0x000000070ba00000| Complete 
|  67|0x000000070bc00000, 0x000000070be00000, 0x000000070be00000|100%| E|CS|TAMS 0x000000070bc00000| PB 0x000000070bc00000| Complete 
|  68|0x000000070be00000, 0x000000070c000000, 0x000000070c000000|100%| E|CS|TAMS 0x000000070be00000| PB 0x000000070be00000| Complete 
|  69|0x000000070c000000, 0x000000070c200000, 0x000000070c200000|100%| E|CS|TAMS 0x000000070c000000| PB 0x000000070c000000| Complete 
|  70|0x000000070c200000, 0x000000070c400000, 0x000000070c400000|100%| E|CS|TAMS 0x000000070c200000| PB 0x000000070c200000| Complete 
|  71|0x000000070c400000, 0x000000070c600000, 0x000000070c600000|100%| E|CS|TAMS 0x000000070c400000| PB 0x000000070c400000| Complete 
|  72|0x000000070c600000, 0x000000070c800000, 0x000000070c800000|100%| E|CS|TAMS 0x000000070c600000| PB 0x000000070c600000| Complete 
| 110|0x0000000711200000, 0x0000000711400000, 0x0000000711400000|100%| E|CS|TAMS 0x0000000711200000| PB 0x0000000711200000| Complete 
| 111|0x0000000711400000, 0x0000000711600000, 0x0000000711600000|100%| E|CS|TAMS 0x0000000711400000| PB 0x0000000711400000| Complete 
| 112|0x0000000711600000, 0x0000000711800000, 0x0000000711800000|100%| E|CS|TAMS 0x0000000711600000| PB 0x0000000711600000| Complete 
| 126|0x0000000713200000, 0x0000000713400000, 0x0000000713400000|100%| E|CS|TAMS 0x0000000713200000| PB 0x0000000713200000| Complete 
|2020|0x00000007ffe00000, 0x0000000800000000, 0x0000000800000000|100%| O|  |TAMS 0x00000007ffe00000| PB 0x00000007ffe00000| Untracked 

Card table byte_map: [0x000001c5eb9d0000,0x000001c5ec1c0000] _byte_map_base: 0x000001c5e81b5000

Marking Bits: (CMBitMap*) 0x000001c5d8dc2ea0
 Bits: [0x000001c5ec1c0000, 0x000001c5f00e8000)

Polling page: 0x000001c5d6d30000

Metaspace:

Usage:
  Non-class:     35.03 MB used.
      Class:      4.78 MB used.
       Both:     39.82 MB used.

Virtual space:
  Non-class space:       64.00 MB reserved,      35.19 MB ( 55%) committed,  1 nodes.
      Class space:        1.00 GB reserved,       4.94 MB ( <1%) committed,  1 nodes.
             Both:        1.06 GB reserved,      40.12 MB (  4%) committed. 

Chunk freelists:
   Non-Class:  12.83 MB
       Class:  11.03 MB
        Both:  23.86 MB

MaxMetaspaceSize: unlimited
CompressedClassSpaceSize: 1.00 GB
Initial GC threshold: 21.00 MB
Current GC threshold: 48.69 MB
CDS: off
 - commit_granule_bytes: 65536.
 - commit_granule_words: 8192.
 - virtual_space_node_default_size: 8388608.
 - enlarge_chunks_in_place: 1.
 - use_allocation_guard: 0.


Internal statistics:

num_allocs_failed_limit: 3.
num_arena_births: 190.
num_arena_deaths: 0.
num_vsnodes_births: 2.
num_vsnodes_deaths: 0.
num_space_committed: 640.
num_space_uncommitted: 0.
num_chunks_returned_to_freelist: 3.
num_chunks_taken_from_freelist: 1295.
num_chunk_merges: 3.
num_chunk_splits: 1069.
num_chunks_enlarged: 964.
num_inconsistent_stats: 0.

CodeHeap 'non-profiled nmethods': size=120000Kb used=1306Kb max_used=1306Kb free=118693Kb
 bounds [0x000001c5e3980000, 0x000001c5e3bf0000, 0x000001c5eaeb0000]
CodeHeap 'profiled nmethods': size=120000Kb used=4499Kb max_used=4499Kb free=115500Kb
 bounds [0x000001c5dbeb0000, 0x000001c5dc320000, 0x000001c5e33e0000]
CodeHeap 'non-nmethods': size=5760Kb used=1640Kb max_used=1647Kb free=4119Kb
 bounds [0x000001c5e33e0000, 0x000001c5e3650000, 0x000001c5e3980000]
CodeCache: size=245760Kb, used=7445Kb, max_used=7452Kb, free=238312Kb
 total_blobs=3009, nmethods=2442, adapters=471, full_count=0
Compilation: enabled, stopped_count=0, restarted_count=0

Compilation events (20 events):
Event: 5.750 Thread 0x000001c5f7096060 2562       3       kotlin.sequences.SequencesKt__SequencesKt::generateSequence (42 bytes)
Event: 5.751 Thread 0x000001c5f7096060 nmethod 2562 0x000001c5dc30a310 code [0x000001c5dc30a600, 0x000001c5dc30b680]
Event: 5.751 Thread 0x000001c5f7096060 2564       3       java.lang.Class::copyConstructors (38 bytes)
Event: 5.752 Thread 0x000001c5f7096060 nmethod 2564 0x000001c5dc30bc10 code [0x000001c5dc30be80, 0x000001c5dc30c9e8]
Event: 5.762 Thread 0x000001c5f7096060 2565       3       java.lang.Class::getMethods (26 bytes)
Event: 5.762 Thread 0x000001c5f7096060 nmethod 2565 0x000001c5dc30ce90 code [0x000001c5dc30d060, 0x000001c5dc30d2b8]
Event: 5.810 Thread 0x000001c5f7096060 2566       3       kotlin.collections.CollectionsKt__MutableCollectionsKt::addAll (74 bytes)
Event: 5.811 Thread 0x000001c5f7096060 nmethod 2566 0x000001c5dc30d390 code [0x000001c5dc30d6c0, 0x000001c5dc30e8a0]
Event: 5.820 Thread 0x000001c5f7096060 2567       3       sun.reflect.generics.parser.SignatureParser::parseTypeArgument (135 bytes)
Event: 5.821 Thread 0x000001c5f7096060 nmethod 2567 0x000001c5dc30ee10 code [0x000001c5dc30f160, 0x000001c5dc310948]
Event: 5.833 Thread 0x000001c5f7096060 2568       3       sun.reflect.generics.repository.AbstractRepository::getReifier (8 bytes)
Event: 5.834 Thread 0x000001c5f7096060 nmethod 2568 0x000001c5dc310f10 code [0x000001c5dc3110c0, 0x000001c5dc3113c0]
Event: 5.840 Thread 0x000001c5f7096060 2569       3       java.util.HashMap::afterNodeAccess (1 bytes)
Event: 5.840 Thread 0x000001c5f7096060 nmethod 2569 0x000001c5dc311510 code [0x000001c5dc3116a0, 0x000001c5dc3117a8]
Event: 5.862 Thread 0x000001c5f7096060 2570       3       java.lang.reflect.Constructor::copy (72 bytes)
Event: 5.862 Thread 0x000001c5f7096060 nmethod 2570 0x000001c5dc311810 code [0x000001c5dc3119e0, 0x000001c5dc311dc0]
Event: 5.862 Thread 0x000001c5f7096060 2571       3       java.lang.reflect.Constructor::<init> (50 bytes)
Event: 5.862 Thread 0x000001c5f7096060 nmethod 2571 0x000001c5dc311f10 code [0x000001c5dc3120e0, 0x000001c5dc312580]
Event: 5.871 Thread 0x000001c5f7096060 2572       1       sun.reflect.generics.tree.ClassSignature::getSuperInterfaces (5 bytes)
Event: 5.871 Thread 0x000001c5f7096060 nmethod 2572 0x000001c5e3ac6810 code [0x000001c5e3ac69a0, 0x000001c5e3ac6a70]

GC Heap History (18 events):
Event: 1.306 GC heap before
{Heap before GC invocations=0 (full 0):
 garbage-first heap   total 260096K, used 24576K [0x0000000703600000, 0x0000000800000000)
  region size 2048K, 11 young (22528K), 0 survivors (0K)
 Metaspace       used 13885K, committed 14016K, reserved 1114112K
  class space    used 1345K, committed 1408K, reserved 1048576K
}
Event: 1.319 GC heap after
{Heap after GC invocations=1 (full 0):
 garbage-first heap   total 260096K, used 6927K [0x0000000703600000, 0x0000000800000000)
  region size 2048K, 2 young (4096K), 2 survivors (4096K)
 Metaspace       used 13885K, committed 14016K, reserved 1114112K
  class space    used 1345K, committed 1408K, reserved 1048576K
}
Event: 2.095 GC heap before
{Heap before GC invocations=1 (full 0):
 garbage-first heap   total 260096K, used 29455K [0x0000000703600000, 0x0000000800000000)
  region size 2048K, 14 young (28672K), 2 survivors (4096K)
 Metaspace       used 21324K, committed 21504K, reserved 1114112K
  class space    used 2252K, committed 2368K, reserved 1048576K
}
Event: 2.099 GC heap after
{Heap after GC invocations=2 (full 0):
 garbage-first heap   total 260096K, used 8704K [0x0000000703600000, 0x0000000800000000)
  region size 2048K, 3 young (6144K), 3 survivors (6144K)
 Metaspace       used 21324K, committed 21504K, reserved 1114112K
  class space    used 2252K, committed 2368K, reserved 1048576K
}
Event: 3.364 GC heap before
{Heap before GC invocations=3 (full 0):
 garbage-first heap   total 40960K, used 37376K [0x0000000703600000, 0x0000000800000000)
  region size 2048K, 15 young (30720K), 3 survivors (6144K)
 Metaspace       used 29330K, committed 29632K, reserved 1114112K
  class space    used 3531K, committed 3648K, reserved 1048576K
}
Event: 3.372 GC heap after
{Heap after GC invocations=4 (full 0):
 garbage-first heap   total 49152K, used 16969K [0x0000000703600000, 0x0000000800000000)
  region size 2048K, 4 young (8192K), 4 survivors (8192K)
 Metaspace       used 29330K, committed 29632K, reserved 1114112K
  class space    used 3531K, committed 3648K, reserved 1048576K
}
Event: 3.516 GC heap before
{Heap before GC invocations=4 (full 0):
 garbage-first heap   total 49152K, used 35401K [0x0000000703600000, 0x0000000800000000)
  region size 2048K, 13 young (26624K), 4 survivors (8192K)
 Metaspace       used 29331K, committed 29632K, reserved 1114112K
  class space    used 3531K, committed 3648K, reserved 1048576K
}
Event: 3.530 GC heap after
{Heap after GC invocations=5 (full 0):
 garbage-first heap   total 49152K, used 21383K [0x0000000703600000, 0x0000000800000000)
  region size 2048K, 2 young (4096K), 2 survivors (4096K)
 Metaspace       used 29331K, committed 29632K, reserved 1114112K
  class space    used 3531K, committed 3648K, reserved 1048576K
}
Event: 3.793 GC heap before
{Heap before GC invocations=5 (full 0):
 garbage-first heap   total 49152K, used 35719K [0x0000000703600000, 0x0000000800000000)
  region size 2048K, 10 young (20480K), 2 survivors (4096K)
 Metaspace       used 29459K, committed 29824K, reserved 1114112K
  class space    used 3537K, committed 3712K, reserved 1048576K
}
Event: 3.828 GC heap after
{Heap after GC invocations=6 (full 0):
 garbage-first heap   total 51200K, used 23563K [0x0000000703600000, 0x0000000800000000)
  region size 2048K, 2 young (4096K), 2 survivors (4096K)
 Metaspace       used 29459K, committed 29824K, reserved 1114112K
  class space    used 3537K, committed 3712K, reserved 1048576K
}
Event: 3.956 GC heap before
{Heap before GC invocations=6 (full 0):
 garbage-first heap   total 51200K, used 37899K [0x0000000703600000, 0x0000000800000000)
  region size 2048K, 9 young (18432K), 2 survivors (4096K)
 Metaspace       used 29464K, committed 29824K, reserved 1114112K
  class space    used 3537K, committed 3712K, reserved 1048576K
}
Event: 3.976 GC heap after
{Heap after GC invocations=7 (full 0):
 garbage-first heap   total 51200K, used 30720K [0x0000000703600000, 0x0000000800000000)
  region size 2048K, 2 young (4096K), 2 survivors (4096K)
 Metaspace       used 29464K, committed 29824K, reserved 1114112K
  class space    used 3537K, committed 3712K, reserved 1048576K
}
Event: 4.083 GC heap before
{Heap before GC invocations=7 (full 0):
 garbage-first heap   total 51200K, used 36864K [0x0000000703600000, 0x0000000800000000)
  region size 2048K, 6 young (12288K), 2 survivors (4096K)
 Metaspace       used 29496K, committed 29888K, reserved 1114112K
  class space    used 3539K, committed 3712K, reserved 1048576K
}
Event: 4.094 GC heap after
{Heap after GC invocations=8 (full 0):
 garbage-first heap   total 51200K, used 33685K [0x0000000703600000, 0x0000000800000000)
  region size 2048K, 1 young (2048K), 1 survivors (2048K)
 Metaspace       used 29496K, committed 29888K, reserved 1114112K
  class space    used 3539K, committed 3712K, reserved 1048576K
}
Event: 4.266 GC heap before
{Heap before GC invocations=9 (full 0):
 garbage-first heap   total 59392K, used 39829K [0x0000000703600000, 0x0000000800000000)
  region size 2048K, 4 young (8192K), 1 survivors (2048K)
 Metaspace       used 29949K, committed 30208K, reserved 1114112K
  class space    used 3594K, committed 3712K, reserved 1048576K
}
Event: 4.271 GC heap after
{Heap after GC invocations=10 (full 0):
 garbage-first heap   total 59392K, used 31533K [0x0000000703600000, 0x0000000800000000)
  region size 2048K, 1 young (2048K), 1 survivors (2048K)
 Metaspace       used 29949K, committed 30208K, reserved 1114112K
  class space    used 3594K, committed 3712K, reserved 1048576K
}
Event: 4.840 GC heap before
{Heap before GC invocations=10 (full 0):
 garbage-first heap   total 59392K, used 43821K [0x0000000703600000, 0x0000000800000000)
  region size 2048K, 8 young (16384K), 1 survivors (2048K)
 Metaspace       used 34610K, committed 34880K, reserved 1114112K
  class space    used 4313K, committed 4416K, reserved 1048576K
}
Event: 4.848 GC heap after
{Heap after GC invocations=11 (full 0):
 garbage-first heap   total 159744K, used 30435K [0x0000000703600000, 0x0000000800000000)
  region size 2048K, 1 young (2048K), 1 survivors (2048K)
 Metaspace       used 34610K, committed 34880K, reserved 1114112K
  class space    used 4313K, committed 4416K, reserved 1048576K
}

Dll operation events (3 events):
Event: 0.018 Loaded shared library C:\Program Files\Android\Android Studio\jbr\bin\java.dll
Event: 0.030 Loaded shared library C:\Program Files\Android\Android Studio\jbr\bin\zip.dll
Event: 3.092 Loaded shared library C:\Program Files\Android\Android Studio\jbr\bin\verify.dll

Deoptimization events (20 events):
Event: 5.445 Thread 0x000001c5d6ae2ad0 Uncommon trap: trap_request=0xffffffde fr.pc=0x000001c5e3a2d43c relative=0x00000000000007fc
Event: 5.445 Thread 0x000001c5d6ae2ad0 Uncommon trap: reason=class_check action=maybe_recompile pc=0x000001c5e3a2d43c method=java.util.HashMap.putVal(ILjava/lang/Object;Ljava/lang/Object;ZZ)Ljava/lang/Object; @ 91 c2
Event: 5.445 Thread 0x000001c5d6ae2ad0 DEOPT PACKING pc=0x000001c5e3a2d43c sp=0x00000077f3cfa840
Event: 5.445 Thread 0x000001c5d6ae2ad0 DEOPT UNPACKING pc=0x000001c5e3437da2 sp=0x00000077f3cfa768 mode 2
Event: 5.456 Thread 0x000001c5d6ae2ad0 Uncommon trap: trap_request=0xffffff45 fr.pc=0x000001c5e39be64c relative=0x000000000000028c
Event: 5.456 Thread 0x000001c5d6ae2ad0 Uncommon trap: reason=unstable_if action=reinterpret pc=0x000001c5e39be64c method=java.util.concurrent.ConcurrentHashMap.get(Ljava/lang/Object;)Ljava/lang/Object; @ 76 c2
Event: 5.456 Thread 0x000001c5d6ae2ad0 DEOPT PACKING pc=0x000001c5e39be64c sp=0x00000077f3cfb1e0
Event: 5.456 Thread 0x000001c5d6ae2ad0 DEOPT UNPACKING pc=0x000001c5e3437da2 sp=0x00000077f3cfb158 mode 2
Event: 5.581 Thread 0x000001c5d6ae2ad0 Uncommon trap: trap_request=0xffffff45 fr.pc=0x000001c5e3abbbb4 relative=0x0000000000001694
Event: 5.581 Thread 0x000001c5d6ae2ad0 Uncommon trap: reason=unstable_if action=reinterpret pc=0x000001c5e3abbbb4 method=java.util.HashMap.putVal(ILjava/lang/Object;Ljava/lang/Object;ZZ)Ljava/lang/Object; @ 193 c2
Event: 5.581 Thread 0x000001c5d6ae2ad0 DEOPT PACKING pc=0x000001c5e3abbbb4 sp=0x00000077f3cfda70
Event: 5.581 Thread 0x000001c5d6ae2ad0 DEOPT UNPACKING pc=0x000001c5e3437da2 sp=0x00000077f3cfd918 mode 2
Event: 5.706 Thread 0x000001c5d6ae2ad0 Uncommon trap: trap_request=0xffffff45 fr.pc=0x000001c5e3ab5f80 relative=0x00000000000008c0
Event: 5.706 Thread 0x000001c5d6ae2ad0 Uncommon trap: reason=unstable_if action=reinterpret pc=0x000001c5e3ab5f80 method=java.util.HashMap.putVal(ILjava/lang/Object;Ljava/lang/Object;ZZ)Ljava/lang/Object; @ 193 c2
Event: 5.706 Thread 0x000001c5d6ae2ad0 DEOPT PACKING pc=0x000001c5e3ab5f80 sp=0x00000077f3cfdd90
Event: 5.706 Thread 0x000001c5d6ae2ad0 DEOPT UNPACKING pc=0x000001c5e3437da2 sp=0x00000077f3cfdca0 mode 2
Event: 5.706 Thread 0x000001c5d6ae2ad0 Uncommon trap: trap_request=0xffffff45 fr.pc=0x000001c5e39c45e4 relative=0x00000000000008a4
Event: 5.706 Thread 0x000001c5d6ae2ad0 Uncommon trap: reason=unstable_if action=reinterpret pc=0x000001c5e39c45e4 method=java.util.HashMap.putVal(ILjava/lang/Object;Ljava/lang/Object;ZZ)Ljava/lang/Object; @ 193 c2
Event: 5.706 Thread 0x000001c5d6ae2ad0 DEOPT PACKING pc=0x000001c5e39c45e4 sp=0x00000077f3cfdcd0
Event: 5.706 Thread 0x000001c5d6ae2ad0 DEOPT UNPACKING pc=0x000001c5e3437da2 sp=0x00000077f3cfdc90 mode 2

Classes loaded (20 events):
Event: 5.591 Loading class sun/reflect/generics/scope/ConstructorScope
Event: 5.591 Loading class sun/reflect/generics/scope/ConstructorScope done
Event: 5.591 Loading class sun/reflect/generics/repository/ConstructorRepository
Event: 5.591 Loading class sun/reflect/generics/repository/ConstructorRepository done
Event: 5.591 Loading class sun/reflect/generics/tree/BottomSignature
Event: 5.591 Loading class sun/reflect/generics/tree/BottomSignature done
Event: 5.591 Loading class sun/reflect/generics/tree/Wildcard
Event: 5.591 Loading class sun/reflect/generics/tree/Wildcard done
Event: 5.591 Loading class sun/reflect/generics/tree/VoidDescriptor
Event: 5.591 Loading class sun/reflect/generics/tree/VoidDescriptor done
Event: 5.591 Loading class sun/reflect/generics/tree/MethodTypeSignature
Event: 5.591 Loading class sun/reflect/generics/tree/MethodTypeSignature done
Event: 5.591 Loading class sun/reflect/generics/reflectiveObjects/WildcardTypeImpl
Event: 5.591 Loading class java/lang/reflect/WildcardType
Event: 5.591 Loading class java/lang/reflect/WildcardType done
Event: 5.592 Loading class sun/reflect/generics/reflectiveObjects/WildcardTypeImpl done
Event: 5.779 Loading class sun/reflect/generics/scope/MethodScope
Event: 5.779 Loading class sun/reflect/generics/scope/MethodScope done
Event: 5.779 Loading class sun/reflect/generics/repository/MethodRepository
Event: 5.779 Loading class sun/reflect/generics/repository/MethodRepository done

Classes unloaded (0 events):
No events

Classes redefined (0 events):
No events

Internal exceptions (20 events):
Event: 1.872 Thread 0x000001c5d6ae2ad0 Exception <a 'java/lang/NoSuchMethodError'{0x000000071202b698}: 'int java.lang.invoke.DelegatingMethodHandle$Holder.reinvoke_L(java.lang.Object, java.lang.Object, java.lang.Object, long, java.lang.Object, java.lang.Object)'> (0x000000071202b698) 
thrown [s\src\hotspot\share\interpreter\linkResolver.cpp, line 784]
Event: 1.874 Thread 0x000001c5d6ae2ad0 Exception <a 'java/lang/NoSuchMethodError'{0x0000000712039ab8}: 'int java.lang.invoke.DelegatingMethodHandle$Holder.reinvoke_L(java.lang.Object, java.lang.Object, java.lang.Object, long, int, int)'> (0x0000000712039ab8) 
thrown [s\src\hotspot\share\interpreter\linkResolver.cpp, line 784]
Event: 1.876 Thread 0x000001c5d6ae2ad0 Exception <a 'java/lang/NoSuchMethodError'{0x0000000712047c88}: 'int java.lang.invoke.DelegatingMethodHandle$Holder.reinvoke_L(java.lang.Object, java.lang.Object, java.lang.Object, long, long, long)'> (0x0000000712047c88) 
thrown [s\src\hotspot\share\interpreter\linkResolver.cpp, line 784]
Event: 1.877 Thread 0x000001c5d6ae2ad0 Exception <a 'java/lang/NoSuchMethodError'{0x0000000712055ae0}: 'int java.lang.invoke.DelegatingMethodHandle$Holder.reinvoke_L(java.lang.Object, java.lang.Object, java.lang.Object, long, int)'> (0x0000000712055ae0) 
thrown [s\src\hotspot\share\interpreter\linkResolver.cpp, line 784]
Event: 1.878 Thread 0x000001c5d6ae2ad0 Exception <a 'java/lang/NoSuchMethodError'{0x0000000712061240}: 'int java.lang.invoke.DirectMethodHandle$Holder.invokeSpecial(java.lang.Object, java.lang.Object, java.lang.Object, java.lang.Object)'> (0x0000000712061240) 
thrown [s\src\hotspot\share\interpreter\linkResolver.cpp, line 784]
Event: 1.879 Thread 0x000001c5d6ae2ad0 Exception <a 'java/lang/NoSuchMethodError'{0x000000071206fe00}: 'void java.lang.invoke.DelegatingMethodHandle$Holder.reinvoke_L(java.lang.Object, java.lang.Object, java.lang.Object, long, java.lang.Object, long, long)'> (0x000000071206fe00) 
thrown [s\src\hotspot\share\interpreter\linkResolver.cpp, line 784]
Event: 1.879 Thread 0x000001c5d6ae2ad0 Exception <a 'java/lang/NoSuchMethodError'{0x0000000712076c00}: 'long java.lang.invoke.Invokers$Holder.invokeExact_MT(java.lang.Object, java.lang.Object, java.lang.Object)'> (0x0000000712076c00) 
thrown [s\src\hotspot\share\interpreter\linkResolver.cpp, line 784]
Event: 1.880 Thread 0x000001c5d6ae2ad0 Exception <a 'java/lang/NoSuchMethodError'{0x000000071207ab38}: 'int java.lang.invoke.Invokers$Holder.invokeExact_MT(java.lang.Object, java.lang.Object, java.lang.Object)'> (0x000000071207ab38) 
thrown [s\src\hotspot\share\interpreter\linkResolver.cpp, line 784]
Event: 1.958 Thread 0x000001c5d6ae2ad0 Exception <a 'java/lang/NoSuchMethodError'{0x0000000711e3d230}: 'int java.lang.invoke.DirectMethodHandle$Holder.invokeStatic(java.lang.Object)'> (0x0000000711e3d230) 
thrown [s\src\hotspot\share\interpreter\linkResolver.cpp, line 784]
Event: 1.959 Thread 0x000001c5d6ae2ad0 Exception <a 'java/lang/NoSuchMethodError'{0x0000000711e40678}: 'int java.lang.invoke.DirectMethodHandle$Holder.invokeStaticInit(java.lang.Object)'> (0x0000000711e40678) 
thrown [s\src\hotspot\share\interpreter\linkResolver.cpp, line 784]
Event: 2.155 Thread 0x000001c5d6ae2ad0 Exception <a 'java/lang/NoSuchMethodError'{0x0000000704e8dfc8}: 'void java.lang.invoke.DirectMethodHandle$Holder.invokeStatic(java.lang.Object, java.lang.Object, java.lang.Object, java.lang.Object)'> (0x0000000704e8dfc8) 
thrown [s\src\hotspot\share\interpreter\linkResolver.cpp, line 784]
Event: 2.391 Thread 0x000001c5d6ae2ad0 Exception <a 'java/lang/NoSuchMethodError'{0x00000007049efcf8}: 'void java.lang.invoke.Invokers$Holder.invokeExact_MT(java.lang.Object, int, java.lang.Object)'> (0x00000007049efcf8) 
thrown [s\src\hotspot\share\interpreter\linkResolver.cpp, line 784]
Event: 2.879 Thread 0x000001c5d6ae2ad0 Exception <a 'java/lang/NoSuchMethodError'{0x0000000704351f58}: 'java.lang.Object java.lang.invoke.Invokers$Holder.invokeExact_MT(java.lang.Object, java.lang.Object, java.lang.Object, java.lang.Object, java.lang.Object, java.lang.Object)'> (0x0000000704351f58) 
thrown [s\src\hotspot\share\interpreter\linkResolver.cpp, line 784]
Event: 3.165 Thread 0x000001c5d6ae2ad0 Exception <a 'java/lang/NoSuchMethodError'{0x0000000703c8e3b0}: 'long java.lang.invoke.DirectMethodHandle$Holder.invokeStatic(java.lang.Object, java.lang.Object, int)'> (0x0000000703c8e3b0) 
thrown [s\src\hotspot\share\interpreter\linkResolver.cpp, line 784]
Event: 3.166 Thread 0x000001c5d6ae2ad0 Exception <a 'java/lang/NoSuchMethodError'{0x0000000703c9c298}: 'java.lang.Object java.lang.invoke.DelegatingMethodHandle$Holder.reinvoke_L(java.lang.Object, int, long, java.lang.Object, java.lang.Object, int, java.lang.Object)'> (0x0000000703c9c298) 
thrown [s\src\hotspot\share\interpreter\linkResolver.cpp, line 784]
Event: 3.748 Thread 0x000001c5d6ae2ad0 Implicit null exception at 0x000001c5e3a3f648 to 0x000001c5e3a3fde0
Event: 4.628 Thread 0x000001c5d6ae2ad0 Implicit null exception at 0x000001c5e39b6d20 to 0x000001c5e39b733c
Event: 4.860 Thread 0x000001c5d6ae2ad0 Implicit null exception at 0x000001c5e39ba5a0 to 0x000001c5e39babb4
Event: 4.940 Thread 0x000001c5d6ae2ad0 Exception <a 'java/lang/NoSuchMethodError'{0x0000000711786858}: 'java.lang.Object java.lang.invoke.DirectMethodHandle$Holder.newInvokeSpecial(java.lang.Object, java.lang.Object, int)'> (0x0000000711786858) 
thrown [s\src\hotspot\share\interpreter\linkResolver.cpp, line 784]
Event: 4.944 Thread 0x000001c5d6ae2ad0 Exception <a 'java/lang/NoSuchMethodError'{0x00000007117a0c08}: 'java.lang.Object java.lang.invoke.DirectMethodHandle$Holder.invokeVirtual(java.lang.Object, java.lang.Object, java.lang.Object)'> (0x00000007117a0c08) 
thrown [s\src\hotspot\share\interpreter\linkResolver.cpp, line 784]

ZGC Phase Switch (0 events):
No events

VM Operations (20 events):
Event: 4.083 Executing VM operation: G1CollectForAllocation (G1 Evacuation Pause)
Event: 4.094 Executing VM operation: G1CollectForAllocation (G1 Evacuation Pause) done
Event: 4.117 Executing VM operation: G1PauseRemark
Event: 4.121 Executing VM operation: G1PauseRemark done
Event: 4.132 Executing VM operation: G1PauseCleanup
Event: 4.132 Executing VM operation: G1PauseCleanup done
Event: 4.266 Executing VM operation: G1CollectForAllocation (G1 Evacuation Pause)
Event: 4.271 Executing VM operation: G1CollectForAllocation (G1 Evacuation Pause) done
Event: 4.570 Executing VM operation: HandshakeAllThreads (Deoptimize)
Event: 4.570 Executing VM operation: HandshakeAllThreads (Deoptimize) done
Event: 4.571 Executing VM operation: HandshakeAllThreads (Deoptimize)
Event: 4.571 Executing VM operation: HandshakeAllThreads (Deoptimize) done
Event: 4.839 Executing VM operation: G1CollectForAllocation (G1 Evacuation Pause)
Event: 4.848 Executing VM operation: G1CollectForAllocation (G1 Evacuation Pause) done
Event: 4.865 Executing VM operation: HandshakeAllThreads (Deoptimize)
Event: 4.865 Executing VM operation: HandshakeAllThreads (Deoptimize) done
Event: 5.780 Executing VM operation: HandshakeAllThreads (Deoptimize)
Event: 5.780 Executing VM operation: HandshakeAllThreads (Deoptimize) done
Event: 6.784 Executing VM operation: Cleanup
Event: 6.784 Executing VM operation: Cleanup done

Memory protections (0 events):
No events

Nmethod flushes (20 events):
Event: 4.120 Thread 0x000001c5f2b6ec00 flushing  nmethod 0x000001c5dbf1ad10
Event: 4.120 Thread 0x000001c5f2b6ec00 flushing  nmethod 0x000001c5dbf1be10
Event: 4.120 Thread 0x000001c5f2b6ec00 flushing  nmethod 0x000001c5dbf1c610
Event: 4.120 Thread 0x000001c5f2b6ec00 flushing  nmethod 0x000001c5dbf1e810
Event: 4.120 Thread 0x000001c5f2b6ec00 flushing  nmethod 0x000001c5dbf1ee10
Event: 4.120 Thread 0x000001c5f2b6ec00 flushing  nmethod 0x000001c5dbf1fc10
Event: 4.120 Thread 0x000001c5f2b6ec00 flushing  nmethod 0x000001c5dbf21190
Event: 4.120 Thread 0x000001c5f2b6ec00 flushing  nmethod 0x000001c5dbf2be90
Event: 4.120 Thread 0x000001c5f2b6ec00 flushing  nmethod 0x000001c5dbf2da10
Event: 4.120 Thread 0x000001c5f2b6ec00 flushing  nmethod 0x000001c5dbf2dd90
Event: 4.120 Thread 0x000001c5f2b6ec00 flushing  nmethod 0x000001c5dbf30010
Event: 4.120 Thread 0x000001c5f2b6ec00 flushing  nmethod 0x000001c5dbf45690
Event: 4.120 Thread 0x000001c5f2b6ec00 flushing  nmethod 0x000001c5dbf47b90
Event: 4.120 Thread 0x000001c5f2b6ec00 flushing  nmethod 0x000001c5dbf49610
Event: 4.120 Thread 0x000001c5f2b6ec00 flushing  nmethod 0x000001c5dbf4bb10
Event: 4.120 Thread 0x000001c5f2b6ec00 flushing  nmethod 0x000001c5dbf4db90
Event: 4.120 Thread 0x000001c5f2b6ec00 flushing  nmethod 0x000001c5dbf52910
Event: 4.120 Thread 0x000001c5f2b6ec00 flushing  nmethod 0x000001c5dbf80190
Event: 4.120 Thread 0x000001c5f2b6ec00 flushing  nmethod 0x000001c5dbf98590
Event: 4.120 Thread 0x000001c5f2b6ec00 flushing  nmethod 0x000001c5dbf9a710

Events (20 events):
Event: 0.129 Thread 0x000001c5d6ae2ad0 Thread added: 0x000001c5f707c6b0
Event: 0.131 Thread 0x000001c5d6ae2ad0 Thread added: 0x000001c5f706cd10
Event: 0.131 Thread 0x000001c5d6ae2ad0 Thread added: 0x000001c5f706d770
Event: 0.131 Thread 0x000001c5d6ae2ad0 Thread added: 0x000001c5f706e1d0
Event: 0.131 Thread 0x000001c5d6ae2ad0 Thread added: 0x000001c5f708eef0
Event: 0.131 Thread 0x000001c5d6ae2ad0 Thread added: 0x000001c5f7090960
Event: 0.132 Thread 0x000001c5d6ae2ad0 Thread added: 0x000001c5f7096060
Event: 0.236 Thread 0x000001c5d6ae2ad0 Thread added: 0x000001c5f7247c90
Event: 0.259 Loaded shared library C:\Program Files\Android\Android Studio\jbr\bin\net.dll
Event: 0.261 Loaded shared library C:\Program Files\Android\Android Studio\jbr\bin\nio.dll
Event: 0.301 Thread 0x000001c5f7090960 Thread added: 0x000001c5f72cba90
Event: 0.301 Thread 0x000001c5f7090960 Thread added: 0x000001c5f72cc140
Event: 0.317 Loaded shared library C:\Program Files\Android\Android Studio\jbr\bin\zip.dll
Event: 0.378 Loaded shared library C:\Program Files\Android\Android Studio\jbr\bin\jimage.dll
Event: 0.734 Thread 0x000001c5f72cc140 Thread exited: 0x000001c5f72cc140
Event: 0.941 Thread 0x000001c5f72cba90 Thread exited: 0x000001c5f72cba90
Event: 3.290 Thread 0x000001c5f7096060 Thread added: 0x000001c5f8a61ce0
Event: 3.297 Thread 0x000001c5f7096060 Thread added: 0x000001c5f8400850
Event: 4.350 Thread 0x000001c5f8400850 Thread exited: 0x000001c5f8400850
Event: 5.316 Thread 0x000001c5f8a61ce0 Thread exited: 0x000001c5f8a61ce0


Dynamic libraries:
0x00007ff7a6f50000 - 0x00007ff7a6f5a000 	C:\Program Files\Android\Android Studio\jbr\bin\java.exe
0x00007ff9e9600000 - 0x00007ff9e9868000 	C:\WINDOWS\SYSTEM32\ntdll.dll
0x00007ff9e80e0000 - 0x00007ff9e81a9000 	C:\WINDOWS\System32\KERNEL32.DLL
0x00007ff9e6800000 - 0x00007ff9e6bf1000 	C:\WINDOWS\System32\KERNELBASE.dll
0x00007ff9e71c0000 - 0x00007ff9e730b000 	C:\WINDOWS\System32\ucrtbase.dll
0x00007ff9e1040000 - 0x00007ff9e1058000 	C:\Program Files\Android\Android Studio\jbr\bin\jli.dll
0x00007ff9e7f10000 - 0x00007ff9e80d6000 	C:\WINDOWS\System32\USER32.dll
0x00007ff9e6cb0000 - 0x00007ff9e6cd7000 	C:\WINDOWS\System32\win32u.dll
0x00007ff9e8220000 - 0x00007ff9e824b000 	C:\WINDOWS\System32\GDI32.dll
0x00007ff9e6fd0000 - 0x00007ff9e70fb000 	C:\WINDOWS\System32\gdi32full.dll
0x00007ff9e6c00000 - 0x00007ff9e6ca3000 	C:\WINDOWS\System32\msvcp_win.dll
0x00007ff9dacc0000 - 0x00007ff9dacdb000 	C:\Program Files\Android\Android Studio\jbr\bin\VCRUNTIME140.dll
0x00007ff9ce680000 - 0x00007ff9ce913000 	C:\WINDOWS\WinSxS\amd64_microsoft.windows.common-controls_6595b64144ccf1df_6.0.26100.7824_none_3e0870b2e3345462\COMCTL32.dll
0x00007ff9e7410000 - 0x00007ff9e74b9000 	C:\WINDOWS\System32\msvcrt.dll
0x00007ff9e7570000 - 0x00007ff9e75a1000 	C:\WINDOWS\System32\IMM32.DLL
0x00007ff9dc940000 - 0x00007ff9dc94c000 	C:\Program Files\Android\Android Studio\jbr\bin\vcruntime140_1.dll
0x00007ff99f770000 - 0x00007ff99f7fd000 	C:\Program Files\Android\Android Studio\jbr\bin\msvcp140.dll
0x00007ff94e920000 - 0x00007ff94f5b6000 	C:\Program Files\Android\Android Studio\jbr\bin\server\jvm.dll
0x00007ff9e9500000 - 0x00007ff9e95b4000 	C:\WINDOWS\System32\ADVAPI32.dll
0x00007ff9e74c0000 - 0x00007ff9e7566000 	C:\WINDOWS\System32\sechost.dll
0x00007ff9e76b0000 - 0x00007ff9e77c8000 	C:\WINDOWS\System32\RPCRT4.dll
0x00007ff9e75b0000 - 0x00007ff9e7624000 	C:\WINDOWS\System32\WS2_32.dll
0x00007ff9e5d40000 - 0x00007ff9e5d9e000 	C:\WINDOWS\SYSTEM32\POWRPROF.dll
0x00007ff9dd830000 - 0x00007ff9dd865000 	C:\WINDOWS\SYSTEM32\WINMM.dll
0x00007ff9d2c40000 - 0x00007ff9d2c4b000 	C:\WINDOWS\SYSTEM32\VERSION.dll
0x00007ff9e5d20000 - 0x00007ff9e5d34000 	C:\WINDOWS\SYSTEM32\UMPDC.dll
0x00007ff9e4c80000 - 0x00007ff9e4c9b000 	C:\WINDOWS\SYSTEM32\kernel.appcore.dll
0x00007ff9daab0000 - 0x00007ff9daaba000 	C:\Program Files\Android\Android Studio\jbr\bin\jimage.dll
0x00007ff9e3d00000 - 0x00007ff9e3f42000 	C:\WINDOWS\SYSTEM32\DBGHELP.DLL
0x00007ff9e77e0000 - 0x00007ff9e7b66000 	C:\WINDOWS\System32\combase.dll
0x00007ff9e7c10000 - 0x00007ff9e7ce7000 	C:\WINDOWS\System32\OLEAUT32.dll
0x00007ff9ca560000 - 0x00007ff9ca59b000 	C:\WINDOWS\SYSTEM32\dbgcore.DLL
0x00007ff9e6750000 - 0x00007ff9e67f5000 	C:\WINDOWS\System32\bcryptPrimitives.dll
0x00007ff9d93a0000 - 0x00007ff9d93c0000 	C:\Program Files\Android\Android Studio\jbr\bin\java.dll
0x00007ff9d9010000 - 0x00007ff9d9028000 	C:\Program Files\Android\Android Studio\jbr\bin\zip.dll
0x00007ff9e8ce0000 - 0x00007ff9e9432000 	C:\WINDOWS\System32\SHELL32.dll
0x00007ff9e6e60000 - 0x00007ff9e6fca000 	C:\WINDOWS\System32\wintypes.dll
0x00007ff9e5ee0000 - 0x00007ff9e6743000 	C:\WINDOWS\System32\windows.storage.dll
0x00007ff9e8b30000 - 0x00007ff9e8c26000 	C:\WINDOWS\System32\SHCORE.dll
0x00007ff9e81b0000 - 0x00007ff9e8217000 	C:\WINDOWS\System32\shlwapi.dll
0x00007ff9e5e00000 - 0x00007ff9e5e29000 	C:\WINDOWS\SYSTEM32\profapi.dll
0x00007ff9da850000 - 0x00007ff9da860000 	C:\Program Files\Android\Android Studio\jbr\bin\net.dll
0x00007ff9d8e80000 - 0x00007ff9d8fa7000 	C:\WINDOWS\SYSTEM32\WINHTTP.dll
0x00007ff9e51f0000 - 0x00007ff9e525b000 	C:\WINDOWS\system32\mswsock.dll
0x00007ff9d0030000 - 0x00007ff9d0046000 	C:\Program Files\Android\Android Studio\jbr\bin\nio.dll
0x00007ff9d8fd0000 - 0x00007ff9d8fe0000 	C:\Program Files\Android\Android Studio\jbr\bin\verify.dll

JVMTI agents: none

dbghelp: loaded successfully - version: 4.0.5 - missing functions: none
symbol engine: initialized successfully - sym options: 0x614 - pdb path: .;C:\Program Files\Android\Android Studio\jbr\bin;C:\WINDOWS\SYSTEM32;C:\WINDOWS\WinSxS\amd64_microsoft.windows.common-controls_6595b64144ccf1df_6.0.26100.7824_none_3e0870b2e3345462;C:\Program Files\Android\Android Studio\jbr\bin\server

VM Arguments:
java_command: org.jetbrains.kotlin.cli.jvm.K2JVMCompiler @C:\flutter\packages\flutter_tools\gradle\build\20260225_15557107073195904340.compiler.options
java_class_path (initial): C:\Users\ACER\.gradle\caches\modules-2\files-2.1\org.jetbrains.kotlin\kotlin-compiler-embeddable\2.0.21\79346ed53db48b18312a472602eb5c057070c54d\kotlin-compiler-embeddable-2.0.21.jar;C:\Users\ACER\.gradle\caches\modules-2\files-2.1\org.jetbrains.kotlin\kotlin-stdlib\2.0.21\618b539767b4899b4660a83006e052b63f1db551\kotlin-stdlib-2.0.21.jar;C:\Users\ACER\.gradle\caches\modules-2\files-2.1\org.jetbrains.kotlin\kotlin-script-runtime\2.0.21\c9b044380ad41f89aa89aa896c2d32a8c0b2129d\kotlin-script-runtime-2.0.21.jar;C:\Users\ACER\.gradle\caches\modules-2\files-2.1\org.jetbrains.kotlin\kotlin-reflect\1.6.10\1cbe9c92c12a94eea200d23c2bbaedaf3daf5132\kotlin-reflect-1.6.10.jar;C:\Users\ACER\.gradle\caches\modules-2\files-2.1\org.jetbrains.kotlin\kotlin-daemon-embeddable\2.0.21\c9e933b23287de9b5a17e2116b4657bb91aea72c\kotlin-daemon-embeddable-2.0.21.jar;C:\Users\ACER\.gradle\caches\modules-2\files-2.1\org.jetbrains.intellij.deps\trove4j\1.0.20200330\3afb14d5f9ceb459d724e907a21145e8ff394f02\trove4j-1.0.20200330.jar;C:\Users\ACER\.gradle\caches\modules-2\files-2.1\org.jetbrains.kotlinx\kotlinx-coroutines-core-jvm\1.6.4\2c997cd1c0ef33f3e751d3831929aeff1390cb30\kotlinx-coroutines-core-jvm-1.6.4.jar;C:\Users\ACER\.gradle\caches\modules-2\files-2.1\org.jetbrains\annotations\13.0\919f0dfe192fb4e063e7dacadee7f8bb9a2672a9\annotations-13.0.jar
Launcher Type: SUN_STANDARD

[Global flags]
     intx CICompilerCount                          = 4                                         {product} {ergonomic}
     uint ConcGCThreads                            = 2                                         {product} {ergonomic}
     uint G1ConcRefinementThreads                  = 8                                         {product} {ergonomic}
   size_t G1HeapRegionSize                         = 2097152                                   {product} {ergonomic}
    uintx GCDrainStackTargetSize                   = 64                                        {product} {ergonomic}
   size_t InitialHeapSize                          = 266338304                                 {product} {ergonomic}
   size_t MarkStackSize                            = 4194304                                   {product} {ergonomic}
   size_t MaxHeapSize                              = 4238344192                                {product} {ergonomic}
   size_t MaxNewSize                               = 2541748224                                {product} {ergonomic}
   size_t MinHeapDeltaBytes                        = 2097152                                   {product} {ergonomic}
   size_t MinHeapSize                              = 8388608                                   {product} {ergonomic}
    uintx NonNMethodCodeHeapSize                   = 5839372                                {pd product} {ergonomic}
    uintx NonProfiledCodeHeapSize                  = 122909434                              {pd product} {ergonomic}
    uintx ProfiledCodeHeapSize                     = 122909434                              {pd product} {ergonomic}
    uintx ReservedCodeCacheSize                    = 251658240                              {pd product} {ergonomic}
     bool SegmentedCodeCache                       = true                                      {product} {ergonomic}
   size_t SoftMaxHeapSize                          = 4238344192                             {manageable} {ergonomic}
     bool UseCompressedOops                        = true                           {product lp64_product} {ergonomic}
     bool UseG1GC                                  = true                                      {product} {ergonomic}
     bool UseLargePagesIndividualAllocation        = false                                  {pd product} {ergonomic}

Logging:
Log output configuration:
 #0: stdout all=warning uptime,level,tags foldmultilines=false
 #1: stderr all=off uptime,level,tags foldmultilines=false

Environment Variables:
JAVA_HOME=C:\Program Files\Android\Android Studio\jbr
CLASSPATH=C:\Users\ACER\Downloads\WattX-main (2)\WattX-main\android\\gradle\wrapper\gradle-wrapper.jar
PATH=C:\Program Files\Android\Android Studio\jbr\bin;C:\Program Files\Java\jdk-17\bin;C:\WINDOWS\system32;C:\WINDOWS;C:\WINDOWS\System32\Wbem;C:\WINDOWS\System32\WindowsPowerShell\v1.0\;C:\WINDOWS\System32\OpenSSH\;C:\Program Files\dotnet\;C:\ProgramData\chocolatey\bin;C:\Users\ACER\AppData\Roaming\Microsoft\Windows\Start Menu\Programs\Python 3.12;C:\Program Files\Git\cmd;C:\Program Files\mysql-9.4.0-winx64\bin;C:\Program Files (x86)\Microsoft SQL Server\160\Tools\Binn\;C:\Program Files\Microsoft SQL Server\160\Tools\Binn\;C:\Program Files\Microsoft SQL Server\Client SDK\ODBC\170\Tools\Binn\;C:\Program Files\Microsoft SQL Server\160\DTS\Binn\;C:\xampp\php;C:\ProgramData\ComposerSetup\bin;C:\Program Files\Microsoft SQL Server\170\Tools\Binn\;C:\flutter\bin;C:\Users\ACER\AppData\Local\Programs\Python\Launcher\;C:\Program Files\MySQL\MySQL Shell 8.0\bin\;C:\msys64\ucrt64\bin;C:\MinGW\bin;C:\MinGW\mingw32\bin;C:\Users\ACER\AppData\Local\Programs\Microsoft VS Code\bin;C:\Users\ACER\AppData\Local\Microsoft\WindowsApps;C:\Users\ACER\AppData\Local\Microsoft\WinGet\Packages\Schniz.fnm_Microsoft.Winget.Source_8wekyb3d8bbwe;C:\Users\ACER\AppData\Local\Microsoft\WindowsApps;C:\Users\ACER\AppData\Roaming\Composer\vendor\bin;C:\Users\ACER\AppData\Local\Programs\Antigravity\bin;C:\Users\ACER\.dotnet\tools;C:\Users\ACER\AppData\Local\Python\bin;C:\flutter\bin\mingit\cmd;C:\flutter\bin\mingit\cmd
USERNAME=ACER
OS=Windows_NT
PROCESSOR_IDENTIFIER=Intel64 Family 6 Model 140 Stepping 1, GenuineIntel
TMP=C:\Users\ACER\AppData\Local\Temp
TEMP=C:\Users\ACER\AppData\Local\Temp




Periodic native trim disabled

JNI global refs:
JNI global refs: 8, weak refs: 1

JNI global refs memory usage: 835, weak refs: 833

Process memory usage:
Resident Set Size: 210604K (1% of 16551224K total physical memory with 1222112K free physical memory)

OOME stack traces (most recent first):
Classloader memory used:
Loader jdk.internal.loader.ClassLoaders$AppClassLoader                                 : 28971K
Loader bootstrap                                                                       : 11011K
Loader java.net.URLClassLoader                                                         : 593K
Loader jdk.internal.jrtfs.JrtFileSystemProvider$JrtFsLoader                            : 308K
Loader jdk.internal.loader.ClassLoaders$PlatformClassLoader                            : 67880B

Classes loaded by more than one classloader:
Class jdk.internal.jimage.BasicImageReader                                            : loaded 2 times (x 95B)
Class jdk.internal.jimage.decompressor.StringSharingDecompressorFactory               : loaded 2 times (x 74B)
Class jdk.internal.jrtfs.JrtFileSystemProvider                                        : loaded 2 times (x 101B)
Class jdk.internal.jimage.ImageLocation                                               : loaded 2 times (x 90B)
Class jdk.internal.jimage.ImageBufferCache$1                                          : loaded 2 times (x 83B)
Class jdk.internal.jimage.ImageBufferCache$2                                          : loaded 2 times (x 91B)
Class jdk.internal.jimage.ImageHeader                                                 : loaded 2 times (x 71B)
Class jdk.internal.jimage.decompressor.ResourceDecompressor                           : loaded 2 times (x 70B)
Class jdk.internal.jimage.ImageStringsReader                                          : loaded 2 times (x 80B)
Class jdk.internal.jimage.ImageReader                                                 : loaded 2 times (x 75B)
Class jdk.internal.jimage.ImageReader$SharedImageReader                               : loaded 2 times (x 95B)
Class jdk.internal.jimage.decompressor.ResourceDecompressorFactory                    : loaded 2 times (x 74B)
Class jdk.internal.jimage.ImageReader$Node                                            : loaded 2 times (x 84B)
Class jdk.internal.jimage.BasicImageReader$1                                          : loaded 2 times (x 77B)
Class jdk.internal.jimage.decompressor.Decompressor                                   : loaded 2 times (x 72B)
Class jdk.internal.jimage.ImageBufferCache                                            : loaded 2 times (x 71B)
Class jdk.internal.jrtfs.JrtPath                                                      : loaded 2 times (x 118B)
Class jdk.internal.jimage.decompressor.ResourceDecompressorRepository                 : loaded 2 times (x 71B)
Class jdk.internal.jimage.ImageReader$Directory                                       : loaded 2 times (x 84B)
Class jdk.internal.jimage.decompressor.ZipDecompressorFactory                         : loaded 2 times (x 74B)
Class jdk.internal.jimage.decompressor.ZipDecompressor                                : loaded 2 times (x 75B)
Class jdk.internal.jimage.ImageStrings                                                : loaded 2 times (x 70B)
Class jdk.internal.jrtfs.JrtFileSystem                                                : loaded 2 times (x 102B)
Class jdk.internal.jimage.decompressor.CompressedResourceHeader                       : loaded 2 times (x 71B)
Class jdk.internal.jimage.decompressor.ResourceDecompressor$StringsProvider           : loaded 2 times (x 70B)

---------------  S Y S T E M  ---------------

OS:
 Windows 11 , 64 bit Build 26100 (10.0.26100.7705)
OS uptime: 2 days 12:51 hours
Hyper-V role detected

CPU: total 8 (initial active 8) (4 cores per cpu, 2 threads per core) family 6 model 140 stepping 1 microcode 0xaa, cx8, cmov, fxsr, ht, mmx, 3dnowpref, sse, sse2, sse3, ssse3, sse4.1, sse4.2, popcnt, lzcnt, tsc, tscinvbit, avx, avx2, aes, erms, clmul, bmi1, bmi2, adx, avx512f, avx512dq, avx512cd, avx512bw, avx512vl, sha, fma, vzeroupper, avx512_vpopcntdq, avx512_vpclmulqdq, avx512_vaes, avx512_vnni, clflush, clflushopt, clwb, avx512_vbmi2, avx512_vbmi, hv, rdtscp, rdpid, fsrm, gfni, avx512_bitalg, f16c, cet_ibt, cet_ss, avx512_ifma
Processor Information for the first 8 processors :
  Max Mhz: 2803, Current Mhz: 2803, Mhz Limit: 2803

Memory: 4k page, system-wide physical 16163M (1191M free)
TotalPageFile size 29390M (AvailPageFile size 5M)
current process WorkingSet (physical memory assigned to process): 206M, peak: 206M
current process commit charge ("private bytes"): 311M, peak: 360M

vm_info: OpenJDK 64-Bit Server VM (21.0.8+-14196175-b1038.72) for windows-amd64 JRE (21.0.8+-14196175-b1038.72), built on 2025-10-01T10:24:33Z by "builder" with MS VC++ 16.10 / 16.11 (VS2019)

END.
