#
# There is insufficient memory for the Java Runtime Environment to continue.
# Native memory allocation (mmap) failed to map 24117248 bytes. Error detail: G1 virtual space
# Possible reasons:
#   The system is out of physical RAM or swap space
#   This process is running with CompressedOops enabled, and the Java Heap may be blocking the growth of the native heap
# Possible solutions:
#   Reduce memory load on the system
#   Increase physical memory or swap space
#   Check if swap backing store is full
#   Decrease Java heap size (-Xmx/-Xms)
#   Decrease number of Java threads
#   Decrease Java thread stack sizes (-Xss)
#   Set larger code cache with -XX:ReservedCodeCacheSize=
#   JVM is running with Unscaled Compressed Oops mode in which the Java heap is
#     placed in the first 4GB address space. The Java Heap base address is the
#     maximum limit for the native heap growth. Please use -XX:HeapBaseMinAddress
#     to set the Java Heap base and to place the Java Heap above 4GB virtual address.
# This output file may be truncated or incomplete.
#
#  Out of Memory Error (os_windows.cpp:3925), pid=31860, tid=13176
#
# JRE version: OpenJDK Runtime Environment (21.0.8) (build 21.0.8+-14196175-b1038.72)
# Java VM: OpenJDK 64-Bit Server VM (21.0.8+-14196175-b1038.72, mixed mode, tiered, compressed oops, compressed class ptrs, g1 gc, windows-amd64)
# No core dump will be written. Minidumps are not enabled by default on client versions of Windows
#

---------------  S U M M A R Y ------------

Command Line: --add-opens=java.base/java.lang=ALL-UNNAMED --add-opens=java.base/java.lang.invoke=ALL-UNNAMED --add-opens=java.base/java.util=ALL-UNNAMED --add-opens=java.prefs/java.util.prefs=ALL-UNNAMED --add-exports=jdk.compiler/com.sun.tools.javac.api=ALL-UNNAMED --add-exports=jdk.compiler/com.sun.tools.javac.util=ALL-UNNAMED --add-opens=java.base/java.util=ALL-UNNAMED --add-opens=java.prefs/java.util.prefs=ALL-UNNAMED --add-opens=java.base/java.nio.charset=ALL-UNNAMED --add-opens=java.base/java.net=ALL-UNNAMED --add-opens=java.base/java.util.concurrent.atomic=ALL-UNNAMED --add-opens=java.xml/javax.xml.namespace=ALL-UNNAMED -XX:MaxMetaspaceSize=512m -XX:ReservedCodeCacheSize=256m -XX:+HeapDumpOnOutOfMemoryError -Xmx2G -Dfile.encoding=UTF-8 -Duser.country=IN -Duser.language=en -Duser.variant -javaagent:C:\Users\ACER\.gradle\wrapper\dists\gradle-8.13-all\54h0s9kvb6g2sinako7ub77ku\gradle-8.13\lib\agents\gradle-instrumentation-agent-8.13.jar org.gradle.launcher.daemon.bootstrap.GradleDaemon 8.13

Host: 11th Gen Intel(R) Core(TM) i7-1165G7 @ 2.80GHz, 8 cores, 15G,  Windows 11 , 64 bit Build 26100 (10.0.26100.7705)
Time: Wed Feb 25 21:14:30 2026 India Standard Time elapsed time: 28.069070 seconds (0d 0h 0m 28s)

---------------  T H R E A D  ---------------

Current thread (0x00000280bae43bf0):  VMThread "VM Thread"          [id=13176, stack(0x000000f728200000,0x000000f728300000) (1024K)]

Stack: [0x000000f728200000,0x000000f728300000]
Native frames: (J=compiled Java code, j=interpreted, Vv=VM code, C=native code)
V  [jvm.dll+0x6d68d9]
V  [jvm.dll+0x866693]
V  [jvm.dll+0x868c4e]
V  [jvm.dll+0x869333]
V  [jvm.dll+0x280566]
V  [jvm.dll+0x6d3195]
V  [jvm.dll+0x6c69ea]
V  [jvm.dll+0x3586db]
V  [jvm.dll+0x360336]
V  [jvm.dll+0x3b23f6]
V  [jvm.dll+0x3b26c8]
V  [jvm.dll+0x32ae6c]
V  [jvm.dll+0x32aef7]
V  [jvm.dll+0x370d3c]
V  [jvm.dll+0x36f4ee]
V  [jvm.dll+0x32a5c1]
V  [jvm.dll+0x36ebf0]
V  [jvm.dll+0x86f0b8]
V  [jvm.dll+0x870434]
V  [jvm.dll+0x870970]
V  [jvm.dll+0x870c03]
V  [jvm.dll+0x80eac8]
V  [jvm.dll+0x6d512d]
C  [ucrtbase.dll+0x37b0]
C  [KERNEL32.DLL+0x2e8d7]
C  [ntdll.dll+0x8c40c]

VM_Operation (0x000000f72a2fc300): G1CollectForAllocation, mode: safepoint, requested by thread 0x00000280c190af80


---------------  P R O C E S S  ---------------

Threads class SMR info:
_java_thread_list=0x00000280c0e318c0, length=111, elements={
0x00000280a2655390, 0x00000280bae8deb0, 0x00000280bae97af0, 0x00000280baea39e0,
0x00000280baec4330, 0x00000280baec4d90, 0x00000280baeca370, 0x00000280baed2de0,
0x00000280baeb1620, 0x00000280baeb1cd0, 0x00000280bb17e780, 0x00000280c043a150,
0x00000280c043bb90, 0x00000280c043ae70, 0x00000280c043cf40, 0x00000280c043b500,
0x00000280c043c220, 0x00000280c043d5d0, 0x00000280c14b17b0, 0x00000280c14b1e40,
0x00000280c14b2b60, 0x00000280c14b45a0, 0x00000280c14b4c30, 0x00000280c14b3f10,
0x00000280c14b52c0, 0x00000280c14b24d0, 0x00000280c14b3880, 0x00000280c14b5fe0,
0x00000280c14b6670, 0x00000280c14b7a20, 0x00000280c14b80b0, 0x00000280c14b8dd0,
0x00000280c14b8740, 0x00000280c3cecf50, 0x00000280c3cef020, 0x00000280c3cee300,
0x00000280c3cec8c0, 0x00000280c3cedc70, 0x00000280c3cef6b0, 0x00000280c3cec230,
0x00000280c3cf10f0, 0x00000280c3cefd40, 0x00000280c3cf1e10, 0x00000280c3cf1780,
0x00000280c3cf03d0, 0x00000280c3cf2b30, 0x00000280c3cf0a60, 0x00000280c3cf3850,
0x00000280c3cf24a0, 0x00000280c3cf31c0, 0x00000280c5982c20, 0x00000280c5983fd0,
0x00000280c59832b0, 0x00000280c59860a0, 0x00000280c5984660, 0x00000280c5983940,
0x00000280c5985380, 0x00000280c4316c90, 0x00000280c43158e0, 0x00000280c4318d60,
0x00000280c43193f0, 0x00000280c4318040, 0x00000280c4315f70, 0x00000280c4319a80,
0x00000280c4316600, 0x00000280c431a110, 0x00000280c431a7a0, 0x00000280c431ae30,
0x00000280c43179b0, 0x00000280c431cf00, 0x00000280c431b4c0, 0x00000280c431c1e0,
0x00000280c431c870, 0x00000280c431bb50, 0x00000280c2cf2b60, 0x00000280c2cf0a90,
0x00000280c2cf31f0, 0x00000280c2cf45a0, 0x00000280c2cf1e40, 0x00000280c2cf1120,
0x00000280c2cf3880, 0x00000280c2cf24d0, 0x00000280c2cf3f10, 0x00000280c2cf4c30,
0x00000280c2cf17b0, 0x00000280c2cf7a20, 0x00000280c2cf6670, 0x00000280c2cf52c0,
0x00000280c2cf5950, 0x00000280c2cf6d00, 0x00000280c2cf80b0, 0x00000280c2cf7390,
0x00000280c2cf5fe0, 0x00000280c1909bd0, 0x00000280c190a8f0, 0x00000280c190b610,
0x00000280c190c330, 0x00000280c1908eb0, 0x00000280c190bca0, 0x00000280c190c9c0,
0x00000280c1909540, 0x00000280c190d050, 0x00000280c190d6e0, 0x00000280c190af80,
0x00000280c190a260, 0x00000280c190dd70, 0x00000280c190f7b0, 0x00000280c190e400,
0x00000280c19104d0, 0x00000280c190f120, 0x00000280c404b460
}

Java Threads: ( => current thread )
  0x00000280a2655390 JavaThread "main"                              [_thread_blocked, id=4064, stack(0x000000f727b00000,0x000000f727c00000) (1024K)]
  0x00000280bae8deb0 JavaThread "Common-Cleaner"             daemon [_thread_blocked, id=15732, stack(0x000000f728300000,0x000000f728400000) (1024K)]
  0x00000280bae97af0 JavaThread "Reference Handler"          daemon [_thread_blocked, id=9436, stack(0x000000f728400000,0x000000f728500000) (1024K)]
  0x00000280baea39e0 JavaThread "Finalizer"                  daemon [_thread_blocked, id=27024, stack(0x000000f728500000,0x000000f728600000) (1024K)]
  0x00000280baec4330 JavaThread "Signal Dispatcher"          daemon [_thread_blocked, id=21516, stack(0x000000f728600000,0x000000f728700000) (1024K)]
  0x00000280baec4d90 JavaThread "Attach Listener"            daemon [_thread_blocked, id=25272, stack(0x000000f728700000,0x000000f728800000) (1024K)]
  0x00000280baeca370 JavaThread "Service Thread"             daemon [_thread_blocked, id=23672, stack(0x000000f728800000,0x000000f728900000) (1024K)]
  0x00000280baed2de0 JavaThread "Monitor Deflation Thread"   daemon [_thread_blocked, id=12916, stack(0x000000f728900000,0x000000f728a00000) (1024K)]
  0x00000280baeb1620 JavaThread "C2 CompilerThread0"         daemon [_thread_blocked, id=3760, stack(0x000000f728a00000,0x000000f728b00000) (1024K)]
  0x00000280baeb1cd0 JavaThread "C1 CompilerThread0"         daemon [_thread_blocked, id=3552, stack(0x000000f728b00000,0x000000f728c00000) (1024K)]
  0x00000280bb17e780 JavaThread "Notification Thread"        daemon [_thread_blocked, id=15736, stack(0x000000f728c00000,0x000000f728d00000) (1024K)]
  0x00000280c043a150 JavaThread "Daemon health stats"               [_thread_blocked, id=13348, stack(0x000000f729400000,0x000000f729500000) (1024K)]
  0x00000280c043bb90 JavaThread "Incoming local TCP Connector on port 58823"        [_thread_in_native, id=17528, stack(0x000000f729500000,0x000000f729600000) (1024K)]
  0x00000280c043ae70 JavaThread "Daemon periodic checks"            [_thread_blocked, id=11116, stack(0x000000f729700000,0x000000f729800000) (1024K)]
  0x00000280c043cf40 JavaThread "Daemon"                            [_thread_blocked, id=18300, stack(0x000000f729800000,0x000000f729900000) (1024K)]
  0x00000280c043b500 JavaThread "Handler for socket connection from /127.0.0.1:58823 to /127.0.0.1:58824"        [_thread_in_native, id=28680, stack(0x000000f729900000,0x000000f729a00000) (1024K)]
  0x00000280c043c220 JavaThread "Cancel handler"                    [_thread_blocked, id=20664, stack(0x000000f729600000,0x000000f729700000) (1024K)]
  0x00000280c043d5d0 JavaThread "Daemon worker"                     [_thread_blocked, id=10688, stack(0x000000f729a00000,0x000000f729b00000) (1024K)]
  0x00000280c14b17b0 JavaThread "Asynchronous log dispatcher for DefaultDaemonConnection: socket connection from /127.0.0.1:58823 to /127.0.0.1:58824"        [_thread_blocked, id=30844, stack(0x000000f729b00000,0x000000f729c00000) (1024K)]
  0x00000280c14b1e40 JavaThread "Stdin handler"                     [_thread_blocked, id=33384, stack(0x000000f729c00000,0x000000f729d00000) (1024K)]
  0x00000280c14b2b60 JavaThread "Daemon client event forwarder"        [_thread_blocked, id=13840, stack(0x000000f729d00000,0x000000f729e00000) (1024K)]
  0x00000280c14b45a0 JavaThread "Cache worker for journal cache (C:\Users\ACER\.gradle\caches\journal-1)"        [_thread_blocked, id=25176, stack(0x000000f729f00000,0x000000f72a000000) (1024K)]
  0x00000280c14b4c30 JavaThread "File lock request listener"        [_thread_in_native, id=6272, stack(0x000000f72a000000,0x000000f72a100000) (1024K)]
  0x00000280c14b3f10 JavaThread "Cache worker for file hash cache (C:\Users\ACER\.gradle\caches\8.13\fileHashes)"        [_thread_blocked, id=1772, stack(0x000000f72a100000,0x000000f72a200000) (1024K)]
  0x00000280c14b52c0 JavaThread "File lock release action executor"        [_thread_blocked, id=27736, stack(0x000000f72a300000,0x000000f72a400000) (1024K)]
  0x00000280c14b24d0 JavaThread "Cache worker for file hash cache (C:\Users\ACER\Downloads\WattX-main (2)\WattX-main\android\.gradle\8.13\fileHashes)"        [_thread_blocked, id=30048, stack(0x000000f72a500000,0x000000f72a600000) (1024K)]
  0x00000280c14b3880 JavaThread "Cache worker for Build Output Cleanup Cache (C:\Users\ACER\Downloads\WattX-main (2)\WattX-main\android\.gradle\buildOutputCleanup)"        [_thread_blocked, id=32992, stack(0x000000f72a600000,0x000000f72a700000) (1024K)]
  0x00000280c14b5fe0 JavaThread "File watcher server"        daemon [_thread_in_native, id=29284, stack(0x000000f72a700000,0x000000f72a800000) (1024K)]
  0x00000280c14b6670 JavaThread "File watcher consumer"      daemon [_thread_blocked, id=33224, stack(0x000000f72a800000,0x000000f72a900000) (1024K)]
  0x00000280c14b7a20 JavaThread "Cache worker for checksums cache (C:\Users\ACER\Downloads\WattX-main (2)\WattX-main\android\.gradle\8.13\checksums)"        [_thread_blocked, id=25980, stack(0x000000f72a900000,0x000000f72aa00000) (1024K)]
  0x00000280c14b80b0 JavaThread "Cache worker for file content cache (C:\Users\ACER\.gradle\caches\8.13\fileContent)"        [_thread_blocked, id=23904, stack(0x000000f72aa00000,0x000000f72ab00000) (1024K)]
  0x00000280c14b8dd0 JavaThread "Cache worker for cache directory md-supplier (C:\Users\ACER\.gradle\caches\8.13\md-supplier)"        [_thread_blocked, id=14604, stack(0x000000f72ab00000,0x000000f72ac00000) (1024K)]
  0x00000280c14b8740 JavaThread "Cache worker for cache directory md-rule (C:\Users\ACER\.gradle\caches\8.13\md-rule)"        [_thread_blocked, id=8676, stack(0x000000f72a400000,0x000000f72a500000) (1024K)]
  0x00000280c3cecf50 JavaThread "Cache worker for Build Output Cleanup Cache (C:\flutter\packages\flutter_tools\gradle\.gradle\buildOutputCleanup)"        [_thread_blocked, id=29968, stack(0x000000f72ac00000,0x000000f72ad00000) (1024K)]
  0x00000280c3cef020 JavaThread "Unconstrained build operations"        [_thread_blocked, id=30940, stack(0x000000f72ae00000,0x000000f72af00000) (1024K)]
  0x00000280c3cee300 JavaThread "Unconstrained build operations Thread 2"        [_thread_blocked, id=26772, stack(0x000000f72af00000,0x000000f72b000000) (1024K)]
  0x00000280c3cec8c0 JavaThread "Unconstrained build operations Thread 3"        [_thread_blocked, id=32852, stack(0x000000f72b000000,0x000000f72b100000) (1024K)]
  0x00000280c3cedc70 JavaThread "Unconstrained build operations Thread 4"        [_thread_blocked, id=7104, stack(0x000000f72b100000,0x000000f72b200000) (1024K)]
  0x00000280c3cef6b0 JavaThread "Unconstrained build operations Thread 5"        [_thread_blocked, id=13828, stack(0x000000f72b200000,0x000000f72b300000) (1024K)]
  0x00000280c3cec230 JavaThread "Unconstrained build operations Thread 6"        [_thread_blocked, id=3316, stack(0x000000f72b300000,0x000000f72b400000) (1024K)]
  0x00000280c3cf10f0 JavaThread "Unconstrained build operations Thread 7"        [_thread_blocked, id=6284, stack(0x000000f72b400000,0x000000f72b500000) (1024K)]
  0x00000280c3cefd40 JavaThread "Unconstrained build operations Thread 8"        [_thread_blocked, id=33528, stack(0x000000f72b500000,0x000000f72b600000) (1024K)]
  0x00000280c3cf1e10 JavaThread "Unconstrained build operations Thread 9"        [_thread_blocked, id=29800, stack(0x000000f72b600000,0x000000f72b700000) (1024K)]
  0x00000280c3cf1780 JavaThread "Unconstrained build operations Thread 10"        [_thread_blocked, id=32796, stack(0x000000f72b700000,0x000000f72b800000) (1024K)]
  0x00000280c3cf03d0 JavaThread "Unconstrained build operations Thread 11"        [_thread_blocked, id=16812, stack(0x000000f72b800000,0x000000f72b900000) (1024K)]
  0x00000280c3cf2b30 JavaThread "Unconstrained build operations Thread 12"        [_thread_blocked, id=11484, stack(0x000000f72b900000,0x000000f72ba00000) (1024K)]
  0x00000280c3cf0a60 JavaThread "Unconstrained build operations Thread 13"        [_thread_blocked, id=26332, stack(0x000000f72ba00000,0x000000f72bb00000) (1024K)]
  0x00000280c3cf3850 JavaThread "Unconstrained build operations Thread 14"        [_thread_blocked, id=31312, stack(0x000000f72bb00000,0x000000f72bc00000) (1024K)]
  0x00000280c3cf24a0 JavaThread "Unconstrained build operations Thread 15"        [_thread_blocked, id=18132, stack(0x000000f72bc00000,0x000000f72bd00000) (1024K)]
  0x00000280c3cf31c0 JavaThread "Unconstrained build operations Thread 16"        [_thread_blocked, id=26372, stack(0x000000f72bd00000,0x000000f72be00000) (1024K)]
  0x00000280c5982c20 JavaThread "Unconstrained build operations Thread 17"        [_thread_blocked, id=7676, stack(0x000000f72be00000,0x000000f72bf00000) (1024K)]
  0x00000280c5983fd0 JavaThread "Unconstrained build operations Thread 18"        [_thread_blocked, id=17000, stack(0x000000f72bf00000,0x000000f72c000000) (1024K)]
  0x00000280c59832b0 JavaThread "Unconstrained build operations Thread 19"        [_thread_blocked, id=29244, stack(0x000000f72c000000,0x000000f72c100000) (1024K)]
  0x00000280c59860a0 JavaThread "Unconstrained build operations Thread 20"        [_thread_blocked, id=15920, stack(0x000000f72c100000,0x000000f72c200000) (1024K)]
  0x00000280c5984660 JavaThread "Unconstrained build operations Thread 21"        [_thread_blocked, id=4700, stack(0x000000f72c200000,0x000000f72c300000) (1024K)]
  0x00000280c5983940 JavaThread "Memory manager"                    [_thread_blocked, id=11416, stack(0x000000f72ad00000,0x000000f72ae00000) (1024K)]
  0x00000280c5985380 JavaThread "build event listener"              [_thread_blocked, id=20920, stack(0x000000f72c300000,0x000000f72c400000) (1024K)]
  0x00000280c4316c90 JavaThread "included builds"                   [_thread_blocked, id=8696, stack(0x000000f72c400000,0x000000f72c500000) (1024K)]
  0x00000280c43158e0 JavaThread "Execution worker"                  [_thread_blocked, id=24312, stack(0x000000f72c500000,0x000000f72c600000) (1024K)]
  0x00000280c4318d60 JavaThread "Execution worker Thread 2"         [_thread_blocked, id=14684, stack(0x000000f72c600000,0x000000f72c700000) (1024K)]
  0x00000280c43193f0 JavaThread "Execution worker Thread 3"         [_thread_blocked, id=17556, stack(0x000000f72c700000,0x000000f72c800000) (1024K)]
  0x00000280c4318040 JavaThread "Execution worker Thread 4"         [_thread_blocked, id=10384, stack(0x000000f72c800000,0x000000f72c900000) (1024K)]
  0x00000280c4315f70 JavaThread "Execution worker Thread 5"         [_thread_blocked, id=11248, stack(0x000000f72c900000,0x000000f72ca00000) (1024K)]
  0x00000280c4319a80 JavaThread "Execution worker Thread 6"         [_thread_blocked, id=9076, stack(0x000000f72ca00000,0x000000f72cb00000) (1024K)]
  0x00000280c4316600 JavaThread "Execution worker Thread 7"         [_thread_blocked, id=27536, stack(0x000000f72cb00000,0x000000f72cc00000) (1024K)]
  0x00000280c431a110 JavaThread "Cache worker for execution history cache (C:\flutter\packages\flutter_tools\gradle\.gradle\8.13\executionHistory)"        [_thread_blocked, id=22780, stack(0x000000f72cc00000,0x000000f72cd00000) (1024K)]
  0x00000280c431a7a0 JavaThread "Unconstrained build operations Thread 22"        [_thread_blocked, id=31924, stack(0x000000f72cd00000,0x000000f72ce00000) (1024K)]
  0x00000280c431ae30 JavaThread "Unconstrained build operations Thread 23"        [_thread_blocked, id=23896, stack(0x000000f72ce00000,0x000000f72cf00000) (1024K)]
  0x00000280c43179b0 JavaThread "Unconstrained build operations Thread 24"        [_thread_blocked, id=22520, stack(0x000000f72cf00000,0x000000f72d000000) (1024K)]
  0x00000280c431cf00 JavaThread "Unconstrained build operations Thread 25"        [_thread_blocked, id=28144, stack(0x000000f72d000000,0x000000f72d100000) (1024K)]
  0x00000280c431b4c0 JavaThread "Unconstrained build operations Thread 26"        [_thread_blocked, id=30872, stack(0x000000f72d100000,0x000000f72d200000) (1024K)]
  0x00000280c431c1e0 JavaThread "Unconstrained build operations Thread 27"        [_thread_blocked, id=28908, stack(0x000000f72d200000,0x000000f72d300000) (1024K)]
  0x00000280c431c870 JavaThread "Unconstrained build operations Thread 28"        [_thread_blocked, id=32908, stack(0x000000f72d300000,0x000000f72d400000) (1024K)]
  0x00000280c431bb50 JavaThread "Unconstrained build operations Thread 29"        [_thread_blocked, id=10312, stack(0x000000f72d400000,0x000000f72d500000) (1024K)]
  0x00000280c2cf2b60 JavaThread "Unconstrained build operations Thread 30"        [_thread_blocked, id=27972, stack(0x000000f72d500000,0x000000f72d600000) (1024K)]
  0x00000280c2cf0a90 JavaThread "Unconstrained build operations Thread 31"        [_thread_blocked, id=33232, stack(0x000000f72d600000,0x000000f72d700000) (1024K)]
  0x00000280c2cf31f0 JavaThread "Unconstrained build operations Thread 32"        [_thread_blocked, id=33776, stack(0x000000f72d700000,0x000000f72d800000) (1024K)]
  0x00000280c2cf45a0 JavaThread "Unconstrained build operations Thread 33"        [_thread_blocked, id=22300, stack(0x000000f72d800000,0x000000f72d900000) (1024K)]
  0x00000280c2cf1e40 JavaThread "Unconstrained build operations Thread 34"        [_thread_blocked, id=18504, stack(0x000000f72d900000,0x000000f72da00000) (1024K)]
  0x00000280c2cf1120 JavaThread "Unconstrained build operations Thread 35"        [_thread_blocked, id=31512, stack(0x000000f72da00000,0x000000f72db00000) (1024K)]
  0x00000280c2cf3880 JavaThread "Unconstrained build operations Thread 36"        [_thread_blocked, id=23656, stack(0x000000f72db00000,0x000000f72dc00000) (1024K)]
  0x00000280c2cf24d0 JavaThread "Unconstrained build operations Thread 37"        [_thread_blocked, id=30092, stack(0x000000f72dc00000,0x000000f72dd00000) (1024K)]
  0x00000280c2cf3f10 JavaThread "Unconstrained build operations Thread 38"        [_thread_blocked, id=33668, stack(0x000000f72dd00000,0x000000f72de00000) (1024K)]
  0x00000280c2cf4c30 JavaThread "Unconstrained build operations Thread 39"        [_thread_blocked, id=31008, stack(0x000000f72de00000,0x000000f72df00000) (1024K)]
  0x00000280c2cf17b0 JavaThread "Unconstrained build operations Thread 40"        [_thread_blocked, id=23860, stack(0x000000f72df00000,0x000000f72e000000) (1024K)]
  0x00000280c2cf7a20 JavaThread "Unconstrained build operations Thread 41"        [_thread_blocked, id=23636, stack(0x000000f72e000000,0x000000f72e100000) (1024K)]
  0x00000280c2cf6670 JavaThread "Unconstrained build operations Thread 42"        [_thread_blocked, id=25676, stack(0x000000f72e100000,0x000000f72e200000) (1024K)]
  0x00000280c2cf52c0 JavaThread "Unconstrained build operations Thread 43"        [_thread_blocked, id=31136, stack(0x000000f72e200000,0x000000f72e300000) (1024K)]
  0x00000280c2cf5950 JavaThread "Unconstrained build operations Thread 44"        [_thread_blocked, id=14480, stack(0x000000f72e300000,0x000000f72e400000) (1024K)]
  0x00000280c2cf6d00 JavaThread "Unconstrained build operations Thread 45"        [_thread_blocked, id=6856, stack(0x000000f72e400000,0x000000f72e500000) (1024K)]
  0x00000280c2cf80b0 JavaThread "Unconstrained build operations Thread 46"        [_thread_blocked, id=30368, stack(0x000000f72e500000,0x000000f72e600000) (1024K)]
  0x00000280c2cf7390 JavaThread "Unconstrained build operations Thread 47"        [_thread_blocked, id=12020, stack(0x000000f72e600000,0x000000f72e700000) (1024K)]
  0x00000280c2cf5fe0 JavaThread "Unconstrained build operations Thread 48"        [_thread_blocked, id=22684, stack(0x000000f72e700000,0x000000f72e800000) (1024K)]
  0x00000280c1909bd0 JavaThread "Unconstrained build operations Thread 49"        [_thread_blocked, id=24960, stack(0x000000f72e800000,0x000000f72e900000) (1024K)]
  0x00000280c190a8f0 JavaThread "Unconstrained build operations Thread 50"        [_thread_blocked, id=31120, stack(0x000000f72e900000,0x000000f72ea00000) (1024K)]
  0x00000280c190b610 JavaThread "Unconstrained build operations Thread 51"        [_thread_blocked, id=20548, stack(0x000000f72ea00000,0x000000f72eb00000) (1024K)]
  0x00000280c190c330 JavaThread "Unconstrained build operations Thread 52"        [_thread_blocked, id=32516, stack(0x000000f72eb00000,0x000000f72ec00000) (1024K)]
  0x00000280c1908eb0 JavaThread "Unconstrained build operations Thread 53"        [_thread_blocked, id=32484, stack(0x000000f72ec00000,0x000000f72ed00000) (1024K)]
  0x00000280c190bca0 JavaThread "Unconstrained build operations Thread 54"        [_thread_blocked, id=29944, stack(0x000000f72ed00000,0x000000f72ee00000) (1024K)]
  0x00000280c190c9c0 JavaThread "Unconstrained build operations Thread 55"        [_thread_blocked, id=24800, stack(0x000000f72ee00000,0x000000f72ef00000) (1024K)]
  0x00000280c1909540 JavaThread "Unconstrained build operations Thread 56"        [_thread_blocked, id=30328, stack(0x000000f72ef00000,0x000000f72f000000) (1024K)]
  0x00000280c190d050 JavaThread "Unconstrained build operations Thread 57"        [_thread_blocked, id=13552, stack(0x000000f72f000000,0x000000f72f100000) (1024K)]
  0x00000280c190d6e0 JavaThread "Unconstrained build operations Thread 58"        [_thread_blocked, id=31488, stack(0x000000f72f100000,0x000000f72f200000) (1024K)]
  0x00000280c190af80 JavaThread "Unconstrained build operations Thread 59"        [_thread_blocked, id=17064, stack(0x000000f72a200000,0x000000f72a300000) (1024K)]
  0x00000280c190a260 JavaThread "Unconstrained build operations Thread 60"        [_thread_blocked, id=30000, stack(0x000000f72f200000,0x000000f72f300000) (1024K)]
  0x00000280c190dd70 JavaThread "Unconstrained build operations Thread 61"        [_thread_blocked, id=29576, stack(0x000000f72f300000,0x000000f72f400000) (1024K)]
  0x00000280c190f7b0 JavaThread "Unconstrained build operations Thread 62"        [_thread_blocked, id=28040, stack(0x000000f72f400000,0x000000f72f500000) (1024K)]
  0x00000280c190e400 JavaThread "Unconstrained build operations Thread 63"        [_thread_blocked, id=16460, stack(0x000000f72f500000,0x000000f72f600000) (1024K)]
  0x00000280c19104d0 JavaThread "Unconstrained build operations Thread 64"        [_thread_blocked, id=30392, stack(0x000000f72f600000,0x000000f72f700000) (1024K)]
  0x00000280c190f120 JavaThread "Unconstrained build operations Thread 65"        [_thread_blocked, id=2364, stack(0x000000f72f700000,0x000000f72f800000) (1024K)]
  0x00000280c404b460 JavaThread "C2 CompilerThread1"         daemon [_thread_blocked, id=26728, stack(0x000000f72f800000,0x000000f72f900000) (1024K)]
Total: 111

Other Threads:
=>0x00000280bae43bf0 VMThread "VM Thread"                           [id=13176, stack(0x000000f728200000,0x000000f728300000) (1024K)]
  0x00000280bae009d0 WatcherThread "VM Periodic Task Thread"        [id=3044, stack(0x000000f728100000,0x000000f728200000) (1024K)]
  0x00000280a02fe010 WorkerThread "GC Thread#0"                     [id=20716, stack(0x000000f727c00000,0x000000f727d00000) (1024K)]
  0x00000280bb5f6580 WorkerThread "GC Thread#1"                     [id=9776, stack(0x000000f728f00000,0x000000f729000000) (1024K)]
  0x00000280bb574960 WorkerThread "GC Thread#2"                     [id=1288, stack(0x000000f729000000,0x000000f729100000) (1024K)]
  0x00000280bb52aa30 WorkerThread "GC Thread#3"                     [id=16908, stack(0x000000f729100000,0x000000f729200000) (1024K)]
  0x00000280bb52add0 WorkerThread "GC Thread#4"                     [id=3180, stack(0x000000f729200000,0x000000f729300000) (1024K)]
  0x00000280bb8b4e60 WorkerThread "GC Thread#5"                     [id=5160, stack(0x000000f729300000,0x000000f729400000) (1024K)]
  0x00000280c0b61980 WorkerThread "GC Thread#6"                     [id=12100, stack(0x000000f728d00000,0x000000f728e00000) (1024K)]
  0x00000280c0b61d20 WorkerThread "GC Thread#7"                     [id=26944, stack(0x000000f728e00000,0x000000f728f00000) (1024K)]
  0x00000280a26ba540 ConcurrentGCThread "G1 Main Marker"            [id=12968, stack(0x000000f727d00000,0x000000f727e00000) (1024K)]
  0x00000280a26bbe60 WorkerThread "G1 Conc#0"                       [id=19488, stack(0x000000f727e00000,0x000000f727f00000) (1024K)]
  0x00000280c136df20 WorkerThread "G1 Conc#1"                       [id=29112, stack(0x000000f729e00000,0x000000f729f00000) (1024K)]
  0x00000280bac78d00 ConcurrentGCThread "G1 Refine#0"               [id=21016, stack(0x000000f727f00000,0x000000f728000000) (1024K)]
  0x00000280bac7a630 ConcurrentGCThread "G1 Service"                [id=22776, stack(0x000000f728000000,0x000000f728100000) (1024K)]
Total: 15

Threads with active compile tasks:
C2 CompilerThread0  28117 10280   !   4       com.google.common.cache.LocalCache$Segment::get (210 bytes)
Total: 1

VM state: at safepoint (normal execution)

VM Mutex/Monitor currently owned by a thread:  ([mutex/lock_event])
[0x00007ff94f4d85b8] Threads_lock - owner thread: 0x00000280bae43bf0
[0x00007ff94f4d86b8] Heap_lock - owner thread: 0x00000280c190af80

Heap address: 0x0000000080000000, size: 2048 MB, Compressed Oops mode: 32-bit

CDS archive(s) not mapped
Compressed class space mapped at: 0x0000000100000000-0x000000011a000000, reserved size: 436207616
Narrow klass base: 0x0000000000000000, Narrow klass shift: 3, Narrow klass range: 0x11a000000

GC Precious Log:
 CardTable entry size: 512
 Card Set container configuration: InlinePtr #cards 5 size 8 Array Of Cards #cards 12 size 40 Howl #buckets 4 coarsen threshold 1843 Howl Bitmap #cards 512 size 80 coarsen threshold 460 Card regions per heap region 1 cards per card region 2048
 CPUs: 8 total, 8 available
 Memory: 16163M
 Large Page Support: Disabled
 NUMA Support: Disabled
 Compressed Oops: Enabled (32-bit)
 Heap Region Size: 1M
 Heap Min Capacity: 8M
 Heap Initial Capacity: 254M
 Heap Max Capacity: 2G
 Pre-touch: Disabled
 Parallel Workers: 8
 Concurrent Workers: 2
 Concurrent Refinement Workers: 8
 Periodic GC: Disabled

Heap:
 garbage-first heap   total 117760K, used 72942K [0x0000000080000000, 0x0000000100000000)
  region size 1024K, 4 young (4096K), 4 survivors (4096K)
 Metaspace       used 85434K, committed 87360K, reserved 557056K
  class space    used 12316K, committed 13248K, reserved 425984K

Heap Regions: E=young(eden), S=young(survivor), O=old, HS=humongous(starts), HC=humongous(continues), CS=collection set, F=free, TAMS=top-at-mark-start, PB=parsable bottom
|   0|0x0000000080000000, 0x0000000080100000, 0x0000000080100000|100%|HS|  |TAMS 0x0000000080000000| PB 0x0000000080000000| Complete 
|   1|0x0000000080100000, 0x0000000080200000, 0x0000000080200000|100%|HC|  |TAMS 0x0000000080100000| PB 0x0000000080100000| Complete 
|   2|0x0000000080200000, 0x0000000080300000, 0x0000000080300000|100%|HC|  |TAMS 0x0000000080200000| PB 0x0000000080200000| Complete 
|   3|0x0000000080300000, 0x0000000080400000, 0x0000000080400000|100%| O|  |TAMS 0x0000000080300000| PB 0x0000000080300000| Untracked 
|   4|0x0000000080400000, 0x0000000080500000, 0x0000000080500000|100%| O|  |TAMS 0x0000000080400000| PB 0x0000000080400000| Untracked 
|   5|0x0000000080500000, 0x0000000080600000, 0x0000000080600000|100%| O|  |TAMS 0x0000000080500000| PB 0x0000000080500000| Untracked 
|   6|0x0000000080600000, 0x0000000080700000, 0x0000000080700000|100%|HS|  |TAMS 0x0000000080600000| PB 0x0000000080600000| Complete 
|   7|0x0000000080700000, 0x0000000080800000, 0x0000000080800000|100%| O|  |TAMS 0x0000000080700000| PB 0x0000000080700000| Untracked 
|   8|0x0000000080800000, 0x0000000080900000, 0x0000000080900000|100%| O|  |TAMS 0x0000000080800000| PB 0x0000000080800000| Untracked 
|   9|0x0000000080900000, 0x0000000080a00000, 0x0000000080a00000|100%| O|  |TAMS 0x0000000080900000| PB 0x0000000080900000| Untracked 
|  10|0x0000000080a00000, 0x0000000080b00000, 0x0000000080b00000|100%| O|  |TAMS 0x0000000080a00000| PB 0x0000000080a00000| Untracked 
|  11|0x0000000080b00000, 0x0000000080c00000, 0x0000000080c00000|100%| O|  |TAMS 0x0000000080b00000| PB 0x0000000080b00000| Untracked 
|  12|0x0000000080c00000, 0x0000000080d00000, 0x0000000080d00000|100%| O|  |TAMS 0x0000000080c00000| PB 0x0000000080c00000| Untracked 
|  13|0x0000000080d00000, 0x0000000080e00000, 0x0000000080e00000|100%| O|  |TAMS 0x0000000080d00000| PB 0x0000000080d00000| Untracked 
|  14|0x0000000080e00000, 0x0000000080f00000, 0x0000000080f00000|100%| O|  |TAMS 0x0000000080e00000| PB 0x0000000080e00000| Untracked 
|  15|0x0000000080f00000, 0x0000000081000000, 0x0000000081000000|100%| O|  |TAMS 0x0000000080f00000| PB 0x0000000080f00000| Untracked 
|  16|0x0000000081000000, 0x0000000081100000, 0x0000000081100000|100%| O|  |TAMS 0x0000000081000000| PB 0x0000000081000000| Untracked 
|  17|0x0000000081100000, 0x0000000081200000, 0x0000000081200000|100%| O|  |TAMS 0x0000000081100000| PB 0x0000000081100000| Untracked 
|  18|0x0000000081200000, 0x0000000081300000, 0x0000000081300000|100%| O|  |TAMS 0x0000000081200000| PB 0x0000000081200000| Untracked 
|  19|0x0000000081300000, 0x0000000081400000, 0x0000000081400000|100%| O|  |TAMS 0x0000000081300000| PB 0x0000000081300000| Untracked 
|  20|0x0000000081400000, 0x0000000081500000, 0x0000000081500000|100%| O|  |TAMS 0x0000000081400000| PB 0x0000000081400000| Untracked 
|  21|0x0000000081500000, 0x0000000081600000, 0x0000000081600000|100%| O|  |TAMS 0x0000000081500000| PB 0x0000000081500000| Untracked 
|  22|0x0000000081600000, 0x0000000081700000, 0x0000000081700000|100%| O|  |TAMS 0x0000000081600000| PB 0x0000000081600000| Untracked 
|  23|0x0000000081700000, 0x0000000081800000, 0x0000000081800000|100%| O|  |TAMS 0x0000000081700000| PB 0x0000000081700000| Untracked 
|  24|0x0000000081800000, 0x0000000081900000, 0x0000000081900000|100%| O|  |TAMS 0x0000000081800000| PB 0x0000000081800000| Untracked 
|  25|0x0000000081900000, 0x0000000081a00000, 0x0000000081a00000|100%| O|  |TAMS 0x0000000081900000| PB 0x0000000081900000| Untracked 
|  26|0x0000000081a00000, 0x0000000081b00000, 0x0000000081b00000|100%| O|  |TAMS 0x0000000081a00000| PB 0x0000000081a00000| Untracked 
|  27|0x0000000081b00000, 0x0000000081c00000, 0x0000000081c00000|100%| O|  |TAMS 0x0000000081b00000| PB 0x0000000081b00000| Untracked 
|  28|0x0000000081c00000, 0x0000000081d00000, 0x0000000081d00000|100%| O|  |TAMS 0x0000000081c00000| PB 0x0000000081c00000| Untracked 
|  29|0x0000000081d00000, 0x0000000081e00000, 0x0000000081e00000|100%| O|  |TAMS 0x0000000081d00000| PB 0x0000000081d00000| Untracked 
|  30|0x0000000081e00000, 0x0000000081f00000, 0x0000000081f00000|100%| O|  |TAMS 0x0000000081e00000| PB 0x0000000081e00000| Untracked 
|  31|0x0000000081f00000, 0x0000000082000000, 0x0000000082000000|100%| O|  |TAMS 0x0000000081f00000| PB 0x0000000081f00000| Untracked 
|  32|0x0000000082000000, 0x0000000082100000, 0x0000000082100000|100%| O|  |TAMS 0x0000000082000000| PB 0x0000000082000000| Untracked 
|  33|0x0000000082100000, 0x0000000082200000, 0x0000000082200000|100%| O|  |TAMS 0x0000000082100000| PB 0x0000000082100000| Untracked 
|  34|0x0000000082200000, 0x0000000082300000, 0x0000000082300000|100%| O|  |TAMS 0x0000000082200000| PB 0x0000000082200000| Untracked 
|  35|0x0000000082300000, 0x0000000082400000, 0x0000000082400000|100%| O|  |TAMS 0x0000000082300000| PB 0x0000000082300000| Untracked 
|  36|0x0000000082400000, 0x0000000082500000, 0x0000000082500000|100%| O|  |TAMS 0x0000000082400000| PB 0x0000000082400000| Untracked 
|  37|0x0000000082500000, 0x0000000082600000, 0x0000000082600000|100%| O|  |TAMS 0x0000000082500000| PB 0x0000000082500000| Untracked 
|  38|0x0000000082600000, 0x0000000082700000, 0x0000000082700000|100%| O|  |TAMS 0x0000000082600000| PB 0x0000000082600000| Untracked 
|  39|0x0000000082700000, 0x0000000082800000, 0x0000000082800000|100%| O|  |TAMS 0x0000000082700000| PB 0x0000000082700000| Untracked 
|  40|0x0000000082800000, 0x0000000082900000, 0x0000000082900000|100%| O|  |TAMS 0x0000000082800000| PB 0x0000000082800000| Untracked 
|  41|0x0000000082900000, 0x0000000082a00000, 0x0000000082a00000|100%| O|  |TAMS 0x0000000082900000| PB 0x0000000082900000| Untracked 
|  42|0x0000000082a00000, 0x0000000082b00000, 0x0000000082b00000|100%|HS|  |TAMS 0x0000000082a00000| PB 0x0000000082a00000| Complete 
|  43|0x0000000082b00000, 0x0000000082c00000, 0x0000000082c00000|100%|HC|  |TAMS 0x0000000082b00000| PB 0x0000000082b00000| Complete 
|  44|0x0000000082c00000, 0x0000000082d00000, 0x0000000082d00000|100%| O|  |TAMS 0x0000000082c00000| PB 0x0000000082c00000| Untracked 
|  45|0x0000000082d00000, 0x0000000082e00000, 0x0000000082e00000|100%|HS|  |TAMS 0x0000000082d00000| PB 0x0000000082d00000| Complete 
|  46|0x0000000082e00000, 0x0000000082f00000, 0x0000000082f00000|100%|HC|  |TAMS 0x0000000082e00000| PB 0x0000000082e00000| Complete 
|  47|0x0000000082f00000, 0x0000000083000000, 0x0000000083000000|100%| O|  |TAMS 0x0000000082f00000| PB 0x0000000082f00000| Untracked 
|  48|0x0000000083000000, 0x0000000083100000, 0x0000000083100000|100%|HS|  |TAMS 0x0000000083000000| PB 0x0000000083000000| Complete 
|  49|0x0000000083100000, 0x0000000083200000, 0x0000000083200000|100%|HC|  |TAMS 0x0000000083100000| PB 0x0000000083100000| Complete 
|  50|0x0000000083200000, 0x0000000083300000, 0x0000000083300000|100%|HC|  |TAMS 0x0000000083200000| PB 0x0000000083200000| Complete 
|  51|0x0000000083300000, 0x0000000083400000, 0x0000000083400000|100%| O|  |TAMS 0x0000000083300000| PB 0x0000000083300000| Untracked 
|  52|0x0000000083400000, 0x0000000083500000, 0x0000000083500000|100%| O|  |TAMS 0x0000000083400000| PB 0x0000000083400000| Untracked 
|  53|0x0000000083500000, 0x0000000083600000, 0x0000000083600000|100%| O|  |TAMS 0x0000000083500000| PB 0x0000000083500000| Untracked 
|  54|0x0000000083600000, 0x0000000083600000, 0x0000000083700000|  0%| F|  |TAMS 0x0000000083600000| PB 0x0000000083600000| Untracked 
|  55|0x0000000083700000, 0x0000000083800000, 0x0000000083800000|100%| O|  |TAMS 0x0000000083700000| PB 0x0000000083700000| Untracked 
|  56|0x0000000083800000, 0x0000000083900000, 0x0000000083900000|100%| O|  |TAMS 0x0000000083800000| PB 0x0000000083800000| Untracked 
|  57|0x0000000083900000, 0x0000000083a00000, 0x0000000083a00000|100%| O|  |TAMS 0x0000000083900000| PB 0x0000000083900000| Untracked 
|  58|0x0000000083a00000, 0x0000000083b00000, 0x0000000083b00000|100%| O|  |TAMS 0x0000000083a00000| PB 0x0000000083a00000| Untracked 
|  59|0x0000000083b00000, 0x0000000083c00000, 0x0000000083c00000|100%|HS|  |TAMS 0x0000000083b00000| PB 0x0000000083b00000| Complete 
|  60|0x0000000083c00000, 0x0000000083d00000, 0x0000000083d00000|100%|HC|  |TAMS 0x0000000083c00000| PB 0x0000000083c00000| Complete 
|  61|0x0000000083d00000, 0x0000000083e00000, 0x0000000083e00000|100%|HC|  |TAMS 0x0000000083d00000| PB 0x0000000083d00000| Complete 
|  62|0x0000000083e00000, 0x0000000083f00000, 0x0000000083f00000|100%| O|  |TAMS 0x0000000083e00000| PB 0x0000000083e00000| Untracked 
|  63|0x0000000083f00000, 0x0000000084000000, 0x0000000084000000|100%| O|  |TAMS 0x0000000083f00000| PB 0x0000000083f00000| Untracked 
|  64|0x0000000084000000, 0x0000000084100000, 0x0000000084100000|100%| O|  |TAMS 0x0000000084000000| PB 0x0000000084000000| Untracked 
|  65|0x0000000084100000, 0x0000000084200000, 0x0000000084200000|100%| O|  |TAMS 0x0000000084100000| PB 0x0000000084100000| Untracked 
|  66|0x0000000084200000, 0x0000000084300000, 0x0000000084300000|100%| O|  |TAMS 0x0000000084200000| PB 0x0000000084200000| Untracked 
|  67|0x0000000084300000, 0x0000000084300000, 0x0000000084400000|  0%| F|  |TAMS 0x0000000084300000| PB 0x0000000084300000| Untracked 
|  68|0x0000000084400000, 0x0000000084500000, 0x0000000084500000|100%| O|  |TAMS 0x0000000084400000| PB 0x0000000084400000| Untracked 
|  69|0x0000000084500000, 0x0000000084500000, 0x0000000084600000|  0%| F|  |TAMS 0x0000000084500000| PB 0x0000000084500000| Untracked 
|  70|0x0000000084600000, 0x0000000084600000, 0x0000000084700000|  0%| F|  |TAMS 0x0000000084600000| PB 0x0000000084600000| Untracked 
|  71|0x0000000084700000, 0x0000000084700000, 0x0000000084800000|  0%| F|  |TAMS 0x0000000084700000| PB 0x0000000084700000| Untracked 
|  72|0x0000000084800000, 0x000000008483bb00, 0x0000000084900000| 23%| S|CS|TAMS 0x0000000084800000| PB 0x0000000084800000| Complete 
|  73|0x0000000084900000, 0x0000000084a00000, 0x0000000084a00000|100%| S|CS|TAMS 0x0000000084900000| PB 0x0000000084900000| Complete 
|  74|0x0000000084a00000, 0x0000000084b00000, 0x0000000084b00000|100%| S|CS|TAMS 0x0000000084a00000| PB 0x0000000084a00000| Complete 
|  75|0x0000000084b00000, 0x0000000084c00000, 0x0000000084c00000|100%| S|CS|TAMS 0x0000000084b00000| PB 0x0000000084b00000| Complete 
|  76|0x0000000084c00000, 0x0000000084c00000, 0x0000000084d00000|  0%| F|  |TAMS 0x0000000084c00000| PB 0x0000000084c00000| Untracked 
|  77|0x0000000084d00000, 0x0000000084d00000, 0x0000000084e00000|  0%| F|  |TAMS 0x0000000084d00000| PB 0x0000000084d00000| Untracked 
|  78|0x0000000084e00000, 0x0000000084e00000, 0x0000000084f00000|  0%| F|  |TAMS 0x0000000084e00000| PB 0x0000000084e00000| Untracked 
|  79|0x0000000084f00000, 0x0000000084f00000, 0x0000000085000000|  0%| F|  |TAMS 0x0000000084f00000| PB 0x0000000084f00000| Untracked 
|  80|0x0000000085000000, 0x0000000085000000, 0x0000000085100000|  0%| F|  |TAMS 0x0000000085000000| PB 0x0000000085000000| Untracked 
|  81|0x0000000085100000, 0x0000000085100000, 0x0000000085200000|  0%| F|  |TAMS 0x0000000085100000| PB 0x0000000085100000| Untracked 
|  82|0x0000000085200000, 0x0000000085200000, 0x0000000085300000|  0%| F|  |TAMS 0x0000000085200000| PB 0x0000000085200000| Untracked 
|  83|0x0000000085300000, 0x0000000085300000, 0x0000000085400000|  0%| F|  |TAMS 0x0000000085300000| PB 0x0000000085300000| Untracked 
|  84|0x0000000085400000, 0x0000000085400000, 0x0000000085500000|  0%| F|  |TAMS 0x0000000085400000| PB 0x0000000085400000| Untracked 
|  85|0x0000000085500000, 0x0000000085500000, 0x0000000085600000|  0%| F|  |TAMS 0x0000000085500000| PB 0x0000000085500000| Untracked 
|  86|0x0000000085600000, 0x0000000085600000, 0x0000000085700000|  0%| F|  |TAMS 0x0000000085600000| PB 0x0000000085600000| Untracked 
|  87|0x0000000085700000, 0x0000000085700000, 0x0000000085800000|  0%| F|  |TAMS 0x0000000085700000| PB 0x0000000085700000| Untracked 
|  88|0x0000000085800000, 0x0000000085800000, 0x0000000085900000|  0%| F|  |TAMS 0x0000000085800000| PB 0x0000000085800000| Untracked 
|  89|0x0000000085900000, 0x0000000085900000, 0x0000000085a00000|  0%| F|  |TAMS 0x0000000085900000| PB 0x0000000085900000| Untracked 
|  90|0x0000000085a00000, 0x0000000085a00000, 0x0000000085b00000|  0%| F|  |TAMS 0x0000000085a00000| PB 0x0000000085a00000| Untracked 
|  91|0x0000000085b00000, 0x0000000085b00000, 0x0000000085c00000|  0%| F|  |TAMS 0x0000000085b00000| PB 0x0000000085b00000| Untracked 
|  92|0x0000000085c00000, 0x0000000085c00000, 0x0000000085d00000|  0%| F|  |TAMS 0x0000000085c00000| PB 0x0000000085c00000| Untracked 
|  93|0x0000000085d00000, 0x0000000085d00000, 0x0000000085e00000|  0%| F|  |TAMS 0x0000000085d00000| PB 0x0000000085d00000| Untracked 
|  94|0x0000000085e00000, 0x0000000085e00000, 0x0000000085f00000|  0%| F|  |TAMS 0x0000000085e00000| PB 0x0000000085e00000| Untracked 
|  95|0x0000000085f00000, 0x0000000085f00000, 0x0000000086000000|  0%| F|  |TAMS 0x0000000085f00000| PB 0x0000000085f00000| Untracked 
|  96|0x0000000086000000, 0x0000000086000000, 0x0000000086100000|  0%| F|  |TAMS 0x0000000086000000| PB 0x0000000086000000| Untracked 
|  97|0x0000000086100000, 0x0000000086100000, 0x0000000086200000|  0%| F|  |TAMS 0x0000000086100000| PB 0x0000000086100000| Untracked 
|  98|0x0000000086200000, 0x0000000086200000, 0x0000000086300000|  0%| F|  |TAMS 0x0000000086200000| PB 0x0000000086200000| Untracked 
|  99|0x0000000086300000, 0x0000000086300000, 0x0000000086400000|  0%| F|  |TAMS 0x0000000086300000| PB 0x0000000086300000| Untracked 
| 100|0x0000000086400000, 0x0000000086400000, 0x0000000086500000|  0%| F|  |TAMS 0x0000000086400000| PB 0x0000000086400000| Untracked 
| 101|0x0000000086500000, 0x0000000086500000, 0x0000000086600000|  0%| F|  |TAMS 0x0000000086500000| PB 0x0000000086500000| Untracked 
| 102|0x0000000086600000, 0x0000000086600000, 0x0000000086700000|  0%| F|  |TAMS 0x0000000086600000| PB 0x0000000086600000| Untracked 
| 222|0x000000008de00000, 0x000000008de00000, 0x000000008df00000|  0%| F|  |TAMS 0x000000008de00000| PB 0x000000008de00000| Untracked 
| 223|0x000000008df00000, 0x000000008df00000, 0x000000008e000000|  0%| F|  |TAMS 0x000000008df00000| PB 0x000000008df00000| Untracked 
| 224|0x000000008e000000, 0x000000008e000000, 0x000000008e100000|  0%| F|  |TAMS 0x000000008e000000| PB 0x000000008e000000| Untracked 
| 225|0x000000008e100000, 0x000000008e100000, 0x000000008e200000|  0%| F|  |TAMS 0x000000008e100000| PB 0x000000008e100000| Untracked 
| 226|0x000000008e200000, 0x000000008e200000, 0x000000008e300000|  0%| F|  |TAMS 0x000000008e200000| PB 0x000000008e200000| Untracked 
| 227|0x000000008e300000, 0x000000008e300000, 0x000000008e400000|  0%| F|  |TAMS 0x000000008e300000| PB 0x000000008e300000| Untracked 
| 228|0x000000008e400000, 0x000000008e400000, 0x000000008e500000|  0%| F|  |TAMS 0x000000008e400000| PB 0x000000008e400000| Untracked 
| 229|0x000000008e500000, 0x000000008e500000, 0x000000008e600000|  0%| F|  |TAMS 0x000000008e500000| PB 0x000000008e500000| Untracked 
| 230|0x000000008e600000, 0x000000008e600000, 0x000000008e700000|  0%| F|  |TAMS 0x000000008e600000| PB 0x000000008e600000| Untracked 
| 252|0x000000008fc00000, 0x000000008fc00000, 0x000000008fd00000|  0%| F|  |TAMS 0x000000008fc00000| PB 0x000000008fc00000| Untracked 
| 253|0x000000008fd00000, 0x000000008fd00000, 0x000000008fe00000|  0%| F|  |TAMS 0x000000008fd00000| PB 0x000000008fd00000| Untracked 
|2047|0x00000000fff00000, 0x0000000100000000, 0x0000000100000000|100%| O|  |TAMS 0x00000000fff00000| PB 0x00000000fff00000| Untracked 

Card table byte_map: [0x00000280b5ee0000,0x00000280b62e0000] _byte_map_base: 0x00000280b5ae0000

Marking Bits: (CMBitMap*) 0x00000280a02fe620
 Bits: [0x00000280b62e0000, 0x00000280b82e0000)

Polling page: 0x00000280a01f0000

Metaspace:

Usage:
  Non-class:     71.40 MB used.
      Class:     12.03 MB used.
       Both:     83.43 MB used.

Virtual space:
  Non-class space:      128.00 MB reserved,      72.38 MB ( 57%) committed,  2 nodes.
      Class space:      416.00 MB reserved,      12.94 MB (  3%) committed,  1 nodes.
             Both:      544.00 MB reserved,      85.31 MB ( 16%) committed. 

Chunk freelists:
   Non-Class:  6.91 MB
       Class:  3.02 MB
        Both:  9.92 MB

MaxMetaspaceSize: 512.00 MB
CompressedClassSpaceSize: 416.00 MB
Initial GC threshold: 21.00 MB
Current GC threshold: 141.81 MB
CDS: off
 - commit_granule_bytes: 65536.
 - commit_granule_words: 8192.
 - virtual_space_node_default_size: 8388608.
 - enlarge_chunks_in_place: 1.
 - use_allocation_guard: 0.


Internal statistics:

num_allocs_failed_limit: 6.
num_arena_births: 3668.
num_arena_deaths: 0.
num_vsnodes_births: 3.
num_vsnodes_deaths: 0.
num_space_committed: 1365.
num_space_uncommitted: 0.
num_chunks_returned_to_freelist: 6.
num_chunks_taken_from_freelist: 7322.
num_chunk_merges: 6.
num_chunk_splits: 4739.
num_chunks_enlarged: 2896.
num_inconsistent_stats: 0.

CodeHeap 'non-profiled nmethods': size=128192Kb used=5270Kb max_used=5270Kb free=122922Kb
 bounds [0x00000280ada70000, 0x00000280adfa0000, 0x00000280b57a0000]
CodeHeap 'profiled nmethods': size=128192Kb used=16008Kb max_used=16008Kb free=112183Kb
 bounds [0x00000280a57a0000, 0x00000280a6750000, 0x00000280ad4d0000]
CodeHeap 'non-nmethods': size=5760Kb used=2262Kb max_used=2301Kb free=3497Kb
 bounds [0x00000280ad4d0000, 0x00000280ad740000, 0x00000280ada70000]
CodeCache: size=262144Kb, used=23540Kb, max_used=23579Kb, free=238602Kb
 total_blobs=9695, nmethods=8895, adapters=703, full_count=0
Compilation: enabled, stopped_count=0, restarted_count=0

Compilation events (20 events):
Event: 25.986 Thread 0x00000280baeb1620 nmethod 10272 0x00000280adf90610 code [0x00000280adf90800, 0x00000280adf90be0]
Event: 25.993 Thread 0x00000280baeb1620 10273   !   4       org.gradle.cache.internal.ExclusiveCacheAccessingWorker::addToQueue (37 bytes)
Event: 25.994 Thread 0x00000280c404b460 10274   !   4       java.util.concurrent.ArrayBlockingQueue::put (58 bytes)
Event: 26.005 Thread 0x00000280c404b460 nmethod 10274 0x00000280adf90f10 code [0x00000280adf91160, 0x00000280adf91b60]
Event: 26.006 Thread 0x00000280baeb1620 nmethod 10273 0x00000280adf92190 code [0x00000280adf92400, 0x00000280adf92f08]
Event: 26.006 Thread 0x00000280c404b460 10275       4       org.gradle.internal.serialize.InterningStringSerializer::write (10 bytes)
Event: 26.008 Thread 0x00000280baeb1cd0 10276       3       org.gradle.api.internal.artifacts.transform.TransformExecutionResult$Builder$ProducedOutputOnlyResult::resolveForWorkspace (54 bytes)
Event: 26.010 Thread 0x00000280baeb1cd0 nmethod 10276 0x00000280a673ff10 code [0x00000280a6740260, 0x00000280a6741888]
Event: 26.010 Thread 0x00000280baeb1cd0 10277       3       org.gradle.api.internal.artifacts.transform.TransformExecutionResult$Builder$ProducedOutputOnlyResult$$Lambda/0x00000001009229b8::<init> (10 bytes)
Event: 26.010 Thread 0x00000280baeb1cd0 nmethod 10277 0x00000280a6741f90 code [0x00000280a6742140, 0x00000280a67422f8]
Event: 26.013 Thread 0x00000280c404b460 nmethod 10275 0x00000280adf93610 code [0x00000280adf93800, 0x00000280adf93bc0]
Event: 26.024 Thread 0x00000280c404b460 10278       4       org.gradle.internal.operations.DefaultBuildOperationListenerManager$ProgressShieldingBuildOperationListener::progress (25 bytes)
Event: 26.024 Thread 0x00000280baeb1620 10279       4       org.gradle.internal.snapshot.SingletonChildMap::withNode (11 bytes)
Event: 26.026 Thread 0x00000280baeb1620 nmethod 10279 0x00000280adf93f90 code [0x00000280adf94140, 0x00000280adf94288]
Event: 26.026 Thread 0x00000280baeb1620 10280   !   4       com.google.common.cache.LocalCache$Segment::get (210 bytes)
Event: 26.031 Thread 0x00000280c404b460 nmethod 10278 0x00000280adf94490 code [0x00000280adf94660, 0x00000280adf94a40]
Event: 26.031 Thread 0x00000280c404b460 10281       4       org.gradle.internal.execution.DefaultWorkExecutionTracker$OperationListener::progress (1 bytes)
Event: 26.031 Thread 0x00000280c404b460 nmethod 10281 0x00000280adf94e10 code [0x00000280adf94fa0, 0x00000280adf95028]
Event: 26.034 Thread 0x00000280c404b460 10282       4       com.google.common.cache.LocalCache::put (29 bytes)
Event: 26.037 Thread 0x00000280c404b460 nmethod 10282 0x00000280adf95110 code [0x00000280adf952c0, 0x00000280adf95580]

GC Heap History (20 events):
Event: 16.865 GC heap after
{Heap after GC invocations=25 (full 0):
 garbage-first heap   total 91136K, used 53253K [0x0000000080000000, 0x0000000100000000)
  region size 1024K, 1 young (1024K), 1 survivors (1024K)
 Metaspace       used 69204K, committed 70912K, reserved 491520K
  class space    used 9902K, committed 10752K, reserved 425984K
}
Event: 17.437 GC heap before
{Heap before GC invocations=25 (full 0):
 garbage-first heap   total 91136K, used 82949K [0x0000000080000000, 0x0000000100000000)
  region size 1024K, 31 young (31744K), 1 survivors (1024K)
 Metaspace       used 72815K, committed 74560K, reserved 491520K
  class space    used 10421K, committed 11264K, reserved 425984K
}
Event: 17.440 GC heap after
{Heap after GC invocations=26 (full 0):
 garbage-first heap   total 91136K, used 54282K [0x0000000080000000, 0x0000000100000000)
  region size 1024K, 3 young (3072K), 3 survivors (3072K)
 Metaspace       used 72815K, committed 74560K, reserved 491520K
  class space    used 10421K, committed 11264K, reserved 425984K
}
Event: 17.842 GC heap before
{Heap before GC invocations=26 (full 0):
 garbage-first heap   total 91136K, used 81930K [0x0000000080000000, 0x0000000100000000)
  region size 1024K, 30 young (30720K), 3 survivors (3072K)
 Metaspace       used 74915K, committed 76672K, reserved 491520K
  class space    used 10704K, committed 11584K, reserved 425984K
}
Event: 17.846 GC heap after
{Heap after GC invocations=27 (full 0):
 garbage-first heap   total 91136K, used 55626K [0x0000000080000000, 0x0000000100000000)
  region size 1024K, 4 young (4096K), 4 survivors (4096K)
 Metaspace       used 74915K, committed 76672K, reserved 491520K
  class space    used 10704K, committed 11584K, reserved 425984K
}
Event: 18.229 GC heap before
{Heap before GC invocations=28 (full 0):
 garbage-first heap   total 94208K, used 83274K [0x0000000080000000, 0x0000000100000000)
  region size 1024K, 28 young (28672K), 4 survivors (4096K)
 Metaspace       used 76513K, committed 78272K, reserved 557056K
  class space    used 10951K, committed 11776K, reserved 425984K
}
Event: 18.233 GC heap after
{Heap after GC invocations=29 (full 0):
 garbage-first heap   total 94208K, used 59799K [0x0000000080000000, 0x0000000100000000)
  region size 1024K, 3 young (3072K), 3 survivors (3072K)
 Metaspace       used 76513K, committed 78272K, reserved 557056K
  class space    used 10951K, committed 11776K, reserved 425984K
}
Event: 18.637 GC heap before
{Heap before GC invocations=29 (full 0):
 garbage-first heap   total 94208K, used 83351K [0x0000000080000000, 0x0000000100000000)
  region size 1024K, 27 young (27648K), 3 survivors (3072K)
 Metaspace       used 78205K, committed 79936K, reserved 557056K
  class space    used 11209K, committed 12032K, reserved 425984K
}
Event: 18.641 GC heap after
{Heap after GC invocations=30 (full 0):
 garbage-first heap   total 94208K, used 60571K [0x0000000080000000, 0x0000000100000000)
  region size 1024K, 3 young (3072K), 3 survivors (3072K)
 Metaspace       used 78205K, committed 79936K, reserved 557056K
  class space    used 11209K, committed 12032K, reserved 425984K
}
Event: 19.275 GC heap before
{Heap before GC invocations=30 (full 0):
 garbage-first heap   total 94208K, used 82075K [0x0000000080000000, 0x0000000100000000)
  region size 1024K, 25 young (25600K), 3 survivors (3072K)
 Metaspace       used 79483K, committed 81280K, reserved 557056K
  class space    used 11379K, committed 12224K, reserved 425984K
}
Event: 19.279 GC heap after
{Heap after GC invocations=31 (full 0):
 garbage-first heap   total 94208K, used 62470K [0x0000000080000000, 0x0000000100000000)
  region size 1024K, 4 young (4096K), 4 survivors (4096K)
 Metaspace       used 79483K, committed 81280K, reserved 557056K
  class space    used 11379K, committed 12224K, reserved 425984K
}
Event: 19.690 GC heap before
{Heap before GC invocations=32 (full 0):
 garbage-first heap   total 106496K, used 82950K [0x0000000080000000, 0x0000000100000000)
  region size 1024K, 24 young (24576K), 4 survivors (4096K)
 Metaspace       used 81019K, committed 82816K, reserved 557056K
  class space    used 11605K, committed 12480K, reserved 425984K
}
Event: 19.696 GC heap after
{Heap after GC invocations=33 (full 0):
 garbage-first heap   total 106496K, used 63573K [0x0000000080000000, 0x0000000100000000)
  region size 1024K, 2 young (2048K), 2 survivors (2048K)
 Metaspace       used 81019K, committed 82816K, reserved 557056K
  class space    used 11605K, committed 12480K, reserved 425984K
}
Event: 20.423 GC heap before
{Heap before GC invocations=33 (full 0):
 garbage-first heap   total 106496K, used 96341K [0x0000000080000000, 0x0000000100000000)
  region size 1024K, 35 young (35840K), 2 survivors (2048K)
 Metaspace       used 83948K, committed 85888K, reserved 557056K
  class space    used 12150K, committed 13120K, reserved 425984K
}
Event: 20.430 GC heap after
{Heap after GC invocations=34 (full 0):
 garbage-first heap   total 106496K, used 66525K [0x0000000080000000, 0x0000000100000000)
  region size 1024K, 5 young (5120K), 5 survivors (5120K)
 Metaspace       used 83948K, committed 85888K, reserved 557056K
  class space    used 12150K, committed 13120K, reserved 425984K
}
Event: 21.159 GC heap before
{Heap before GC invocations=34 (full 0):
 garbage-first heap   total 106496K, used 93149K [0x0000000080000000, 0x0000000100000000)
  region size 1024K, 32 young (32768K), 5 survivors (5120K)
 Metaspace       used 85097K, committed 87040K, reserved 557056K
  class space    used 12303K, committed 13248K, reserved 425984K
}
Event: 21.166 GC heap after
{Heap after GC invocations=35 (full 0):
 garbage-first heap   total 106496K, used 69785K [0x0000000080000000, 0x0000000100000000)
  region size 1024K, 4 young (4096K), 4 survivors (4096K)
 Metaspace       used 85097K, committed 87040K, reserved 557056K
  class space    used 12303K, committed 13248K, reserved 425984K
}
Event: 21.684 GC heap before
{Heap before GC invocations=36 (full 0):
 garbage-first heap   total 117760K, used 93337K [0x0000000080000000, 0x0000000100000000)
  region size 1024K, 28 young (28672K), 4 survivors (4096K)
 Metaspace       used 85340K, committed 87232K, reserved 557056K
  class space    used 12314K, committed 13248K, reserved 425984K
}
Event: 21.690 GC heap after
{Heap after GC invocations=37 (full 0):
 garbage-first heap   total 117760K, used 71376K [0x0000000080000000, 0x0000000100000000)
  region size 1024K, 2 young (2048K), 2 survivors (2048K)
 Metaspace       used 85340K, committed 87232K, reserved 557056K
  class space    used 12314K, committed 13248K, reserved 425984K
}
Event: 26.048 GC heap before
{Heap before GC invocations=37 (full 0):
 garbage-first heap   total 117760K, used 107216K [0x0000000080000000, 0x0000000100000000)
  region size 1024K, 38 young (38912K), 2 survivors (2048K)
 Metaspace       used 85434K, committed 87360K, reserved 557056K
  class space    used 12316K, committed 13248K, reserved 425984K
}

Dll operation events (3 events):
Event: 0.016 Loaded shared library C:\Program Files\Android\Android Studio\jbr\bin\java.dll
Event: 0.025 Loaded shared library C:\Program Files\Android\Android Studio\jbr\bin\zip.dll
Event: 1.405 Loaded shared library C:\Program Files\Android\Android Studio\jbr\bin\verify.dll

Deoptimization events (20 events):
Event: 23.847 Thread 0x00000280c043d5d0 Uncommon trap: trap_request=0xffffffde fr.pc=0x00000280adde9198 relative=0x00000000000002d8
Event: 23.847 Thread 0x00000280c043d5d0 Uncommon trap: reason=class_check action=maybe_recompile pc=0x00000280adde9198 method=java.util.concurrent.ConcurrentHashMap.get(Ljava/lang/Object;)Ljava/lang/Object; @ 93 c2
Event: 23.847 Thread 0x00000280c043d5d0 DEOPT PACKING pc=0x00000280adde9198 sp=0x000000f729af7730
Event: 23.847 Thread 0x00000280c043d5d0 DEOPT UNPACKING pc=0x00000280ad527da2 sp=0x000000f729af7698 mode 2
Event: 23.847 Thread 0x00000280c043d5d0 Uncommon trap: trap_request=0xffffffde fr.pc=0x00000280adde9198 relative=0x00000000000002d8
Event: 23.847 Thread 0x00000280c043d5d0 Uncommon trap: reason=class_check action=maybe_recompile pc=0x00000280adde9198 method=java.util.concurrent.ConcurrentHashMap.get(Ljava/lang/Object;)Ljava/lang/Object; @ 93 c2
Event: 23.847 Thread 0x00000280c043d5d0 DEOPT PACKING pc=0x00000280adde9198 sp=0x000000f729af7730
Event: 23.847 Thread 0x00000280c043d5d0 DEOPT UNPACKING pc=0x00000280ad527da2 sp=0x000000f729af7698 mode 2
Event: 23.850 Thread 0x00000280c190a260 Uncommon trap: trap_request=0xffffff45 fr.pc=0x00000280adb09b4c relative=0x000000000000026c
Event: 23.850 Thread 0x00000280c190a260 Uncommon trap: reason=unstable_if action=reinterpret pc=0x00000280adb09b4c method=java.util.concurrent.ConcurrentHashMap.addCount(JI)V @ 171 c2
Event: 23.850 Thread 0x00000280c190a260 DEOPT PACKING pc=0x00000280adb09b4c sp=0x000000f72f2fe000
Event: 23.850 Thread 0x00000280c190a260 DEOPT UNPACKING pc=0x00000280ad527da2 sp=0x000000f72f2fdf40 mode 2
Event: 23.850 Thread 0x00000280c190f120 Uncommon trap: trap_request=0xffffff45 fr.pc=0x00000280adf694dc relative=0x000000000000021c
Event: 23.850 Thread 0x00000280c190f120 Uncommon trap: reason=unstable_if action=reinterpret pc=0x00000280adf694dc method=java.util.concurrent.locks.ReentrantLock$FairSync.tryAcquire(I)Z @ 20 c2
Event: 23.850 Thread 0x00000280c190f120 DEOPT PACKING pc=0x00000280adf694dc sp=0x000000f72f7fba40
Event: 23.850 Thread 0x00000280c190f120 DEOPT UNPACKING pc=0x00000280ad527da2 sp=0x000000f72f7fba00 mode 2
Event: 24.961 Thread 0x00000280c190f120 Uncommon trap: trap_request=0xffffff45 fr.pc=0x00000280adf6d040 relative=0x0000000000001880
Event: 25.960 Thread 0x00000280c190f120 Uncommon trap: reason=unstable_if action=reinterpret pc=0x00000280adf6d040 method=java.util.concurrent.locks.AbstractQueuedSynchronizer.acquire(Ljava/util/concurrent/locks/AbstractQueuedSynchronizer$Node;IZZZJ)I @ 83 c2
Event: 25.977 Thread 0x00000280c190f120 DEOPT PACKING pc=0x00000280adf6d040 sp=0x000000f72f7fcaa0
Event: 25.977 Thread 0x00000280c190f120 DEOPT UNPACKING pc=0x00000280ad527da2 sp=0x000000f72f7fca48 mode 2

Classes loaded (20 events):
Event: 20.202 Loading class java/io/ObjectStreamClass$ExceptionInfo
Event: 20.202 Loading class java/io/ObjectStreamClass$ExceptionInfo done
Event: 20.206 Loading class java/util/HashMap$UnsafeHolder
Event: 20.206 Loading class java/util/HashMap$UnsafeHolder done
Event: 20.220 Loading class java/util/stream/ReferencePipeline$4
Event: 20.220 Loading class java/util/stream/IntPipeline$StatelessOp
Event: 20.220 Loading class java/util/stream/IntPipeline$StatelessOp done
Event: 20.220 Loading class java/util/stream/ReferencePipeline$4 done
Event: 20.220 Loading class java/util/stream/ReduceOps$6
Event: 20.220 Loading class java/util/stream/ReduceOps$6 done
Event: 20.220 Loading class java/util/stream/ReduceOps$5ReducingSink
Event: 20.221 Loading class java/util/stream/ReduceOps$5ReducingSink done
Event: 20.221 Loading class java/util/stream/ReferencePipeline$4$1
Event: 20.221 Loading class java/util/stream/ReferencePipeline$4$1 done
Event: 20.851 Loading class java/util/concurrent/ConcurrentLinkedQueue$Itr
Event: 20.851 Loading class java/util/concurrent/ConcurrentLinkedQueue$Itr done
Event: 21.029 Loading class java/util/Collections$ReverseComparator
Event: 21.030 Loading class java/util/Collections$ReverseComparator done
Event: 21.030 Loading class java/util/Collections$ReverseComparator2
Event: 21.030 Loading class java/util/Collections$ReverseComparator2 done

Classes unloaded (0 events):
No events

Classes redefined (0 events):
No events

Internal exceptions (20 events):
Event: 19.940 Thread 0x00000280c043d5d0 Exception <a 'java/lang/NoSuchMethodError'{0x0000000085aa83c0}: 'java.lang.Object java.lang.invoke.DirectMethodHandle$Holder.invokeSpecial(java.lang.Object, java.lang.Object, java.lang.Object, java.lang.Object, java.lang.Object, java.lang.Object, java.lang.Object, int)'> (0x0000000085aa83c0) 
thrown [s\src\hotspot\share\interpreter\linkResolver.cpp, line 784]
Event: 19.940 Thread 0x00000280c043d5d0 Exception <a 'java/lang/NoSuchMethodError'{0x0000000085aad4d8}: 'java.lang.Object java.lang.invoke.Invokers$Holder.linkToTargetMethod(java.lang.Object, java.lang.Object, java.lang.Object, java.lang.Object, java.lang.Object, int, java.lang.Object)'> (0x0000000085aad4d8) 
thrown [s\src\hotspot\share\interpreter\linkResolver.cpp, line 784]
Event: 20.100 Thread 0x00000280c4316c90 Exception <a 'java/lang/NoSuchMethodError'{0x000000008549a2c8}: 'java.lang.Object java.lang.invoke.DirectMethodHandle$Holder.newInvokeSpecial(java.lang.Object, java.lang.Object, int, java.lang.Object, java.lang.Object)'> (0x000000008549a2c8) 
thrown [s\src\hotspot\share\interpreter\linkResolver.cpp, line 784]
Event: 20.100 Thread 0x00000280c4316c90 Exception <a 'java/lang/NoSuchMethodError'{0x000000008549e160}: 'java.lang.Object java.lang.invoke.DirectMethodHandle$Holder.invokeSpecial(java.lang.Object, java.lang.Object, java.lang.Object, int, java.lang.Object, java.lang.Object)'> (0x000000008549e160) 
thrown [s\src\hotspot\share\interpreter\linkResolver.cpp, line 784]
Event: 20.161 Thread 0x00000280c4316c90 Exception <a 'java/lang/NoSuchMethodError'{0x0000000084f73630}: 'java.lang.Object java.lang.invoke.DirectMethodHandle$Holder.invokeVirtual(java.lang.Object, java.lang.Object, java.lang.Object, java.lang.Object, java.lang.Object, java.lang.Object, java.lang.Object, java.lang.Object, java.lang.Object, java.lang.Object, java.lang.Object, java.lang.Object, java.lang.Object, java.lang.Object, java.lang.Object, java.lang.Object, java.lang.Object, java.lang.Object, java.lang.Object)'> (0x0000000084f73630) 
thrown
Event: 20.184 Thread 0x00000280c4316c90 Exception <a 'java/lang/NoSuchMethodError'{0x0000000084e9f1e0}: 'void java.lang.invoke.DirectMethodHandle$Holder.invokeSpecial(java.lang.Object, java.lang.Object, java.lang.Object, java.lang.Object, int, java.lang.Object, java.lang.Object)'> (0x0000000084e9f1e0) 
thrown [s\src\hotspot\share\interpreter\linkResolver.cpp, line 784]
Event: 20.197 Thread 0x00000280c5985380 Exception <a 'java/lang/NoSuchMethodError'{0x0000000084dc0850}: static Ljava/lang/Object;.<clinit>()V> (0x0000000084dc0850) 
thrown [s\src\hotspot\share\prims\jni.cpp, line 1144]
Event: 20.200 Thread 0x00000280c5985380 Exception <a 'java/lang/NoSuchMethodError'{0x0000000084c12c90}: static Lorg/jetbrains/kotlin/gradle/plugin/statistics/MetricContainer;.<clinit>()V> (0x0000000084c12c90) 
thrown [s\src\hotspot\share\prims\jni.cpp, line 1144]
Event: 20.244 Thread 0x00000280c43158e0 Exception <a 'java/lang/NoSuchMethodError'{0x0000000084a379a8}: 'int java.lang.invoke.DirectMethodHandle$Holder.invokeSpecial(java.lang.Object, java.lang.Object, java.lang.Object, java.lang.Object, java.lang.Object)'> (0x0000000084a379a8) 
thrown [s\src\hotspot\share\interpreter\linkResolver.cpp, line 784]
Event: 20.303 Thread 0x00000280c43158e0 Exception <a 'java/lang/IncompatibleClassChangeError'{0x000000008474a850}: Found class java.lang.Object, but interface was expected> (0x000000008474a850) 
thrown [s\src\hotspot\share\interpreter\linkResolver.cpp, line 851]
Event: 20.518 Thread 0x00000280c43158e0 Exception <a 'java/lang/NoSuchMethodError'{0x000000008e5b89d0}: static Ljava/lang/Object;.<clinit>()V> (0x000000008e5b89d0) 
thrown [s\src\hotspot\share\prims\jni.cpp, line 1144]
Event: 20.735 Thread 0x00000280c43158e0 Exception <a 'java/lang/NoSuchMethodError'{0x0000000085bcbfe0}: 'int java.lang.invoke.DirectMethodHandle$Holder.invokeStaticInit(java.lang.Object, java.lang.Object, java.lang.Object, java.lang.Object, java.lang.Object)'> (0x0000000085bcbfe0) 
thrown [s\src\hotspot\share\interpreter\linkResolver.cpp, line 784]
Event: 20.794 Thread 0x00000280c43158e0 Exception <a 'sun/nio/fs/WindowsException'{0x000000008595bca8}> (0x000000008595bca8) 
thrown [s\src\hotspot\share\prims\jni.cpp, line 537]
Event: 20.795 Thread 0x00000280c43158e0 Exception <a 'sun/nio/fs/WindowsException'{0x000000008595de78}> (0x000000008595de78) 
thrown [s\src\hotspot\share\prims\jni.cpp, line 537]
Event: 20.795 Thread 0x00000280c43158e0 Exception <a 'sun/nio/fs/WindowsException'{0x000000008595fd18}> (0x000000008595fd18) 
thrown [s\src\hotspot\share\prims\jni.cpp, line 537]
Event: 20.796 Thread 0x00000280c43158e0 Exception <a 'sun/nio/fs/WindowsException'{0x0000000085961960}> (0x0000000085961960) 
thrown [s\src\hotspot\share\prims\jni.cpp, line 537]
Event: 20.801 Thread 0x00000280c43158e0 Exception <a 'sun/nio/fs/WindowsException'{0x0000000085990e38}> (0x0000000085990e38) 
thrown [s\src\hotspot\share\prims\jni.cpp, line 537]
Event: 20.802 Thread 0x00000280c43158e0 Exception <a 'sun/nio/fs/WindowsException'{0x0000000085992c90}> (0x0000000085992c90) 
thrown [s\src\hotspot\share\prims\jni.cpp, line 537]
Event: 20.802 Thread 0x00000280c43158e0 Exception <a 'sun/nio/fs/WindowsException'{0x0000000085994860}> (0x0000000085994860) 
thrown [s\src\hotspot\share\prims\jni.cpp, line 537]
Event: 21.681 Thread 0x00000280c190d6e0 Implicit null exception at 0x00000280adf759e9 to 0x00000280adf75a94

ZGC Phase Switch (0 events):
No events

VM Operations (20 events):
Event: 20.783 Executing VM operation: HandshakeAllThreads (Deoptimize) done
Event: 20.943 Executing VM operation: ICBufferFull
Event: 20.943 Executing VM operation: ICBufferFull done
Event: 21.159 Executing VM operation: G1CollectForAllocation (G1 Evacuation Pause)
Event: 21.166 Executing VM operation: G1CollectForAllocation (G1 Evacuation Pause) done
Event: 21.235 Executing VM operation: G1PauseRemark
Event: 21.239 Executing VM operation: G1PauseRemark done
Event: 21.264 Executing VM operation: G1PauseCleanup
Event: 21.265 Executing VM operation: G1PauseCleanup done
Event: 21.684 Executing VM operation: G1CollectForAllocation (G1 Evacuation Pause)
Event: 21.690 Executing VM operation: G1CollectForAllocation (G1 Evacuation Pause) done
Event: 21.738 Executing VM operation: HandshakeAllThreads (Deoptimize)
Event: 21.738 Executing VM operation: HandshakeAllThreads (Deoptimize) done
Event: 22.745 Executing VM operation: Cleanup
Event: 22.792 Executing VM operation: Cleanup done
Event: 23.801 Executing VM operation: Cleanup
Event: 23.801 Executing VM operation: Cleanup done
Event: 25.803 Executing VM operation: Cleanup
Event: 25.977 Executing VM operation: Cleanup done
Event: 26.048 Executing VM operation: G1CollectForAllocation (G1 Evacuation Pause)

Memory protections (0 events):
No events

Nmethod flushes (20 events):
Event: 21.238 Thread 0x00000280bae43bf0 flushing  nmethod 0x00000280a5bac710
Event: 21.238 Thread 0x00000280bae43bf0 flushing  nmethod 0x00000280a5c90c10
Event: 21.238 Thread 0x00000280bae43bf0 flushing  nmethod 0x00000280a5de7d10
Event: 21.238 Thread 0x00000280bae43bf0 flushing  nmethod 0x00000280a5dea010
Event: 21.238 Thread 0x00000280bae43bf0 flushing  nmethod 0x00000280a5df0c90
Event: 21.238 Thread 0x00000280bae43bf0 flushing  nmethod 0x00000280a5eb4a90
Event: 21.238 Thread 0x00000280bae43bf0 flushing  nmethod 0x00000280a5eb7b90
Event: 21.238 Thread 0x00000280bae43bf0 flushing  nmethod 0x00000280a5f6ce10
Event: 21.238 Thread 0x00000280bae43bf0 flushing  nmethod 0x00000280a5f6e310
Event: 21.238 Thread 0x00000280bae43bf0 flushing  nmethod 0x00000280a6094a10
Event: 21.238 Thread 0x00000280bae43bf0 flushing  nmethod 0x00000280a60efb90
Event: 21.238 Thread 0x00000280bae43bf0 flushing  nmethod 0x00000280a6130190
Event: 21.238 Thread 0x00000280bae43bf0 flushing  nmethod 0x00000280a6132a90
Event: 21.238 Thread 0x00000280bae43bf0 flushing  nmethod 0x00000280a5a4ec90
Event: 21.238 Thread 0x00000280bae43bf0 flushing  nmethod 0x00000280a5a53c90
Event: 21.238 Thread 0x00000280bae43bf0 flushing  nmethod 0x00000280a5b47510
Event: 21.238 Thread 0x00000280bae43bf0 flushing  nmethod 0x00000280a5d6cd90
Event: 21.238 Thread 0x00000280bae43bf0 flushing  nmethod 0x00000280a5e7b890
Event: 21.238 Thread 0x00000280bae43bf0 flushing  nmethod 0x00000280a5fe1510
Event: 21.238 Thread 0x00000280bae43bf0 flushing  nmethod 0x00000280a6041110

Events (20 events):
Event: 21.140 Thread 0x00000280c043d5d0 Thread added: 0x00000280c2cf5fe0
Event: 21.141 Thread 0x00000280c043d5d0 Thread added: 0x00000280c1909bd0
Event: 21.141 Thread 0x00000280c043d5d0 Thread added: 0x00000280c190a8f0
Event: 21.141 Thread 0x00000280c043d5d0 Thread added: 0x00000280c190b610
Event: 21.273 Thread 0x00000280c043d5d0 Thread added: 0x00000280c190c330
Event: 21.273 Thread 0x00000280c043d5d0 Thread added: 0x00000280c1908eb0
Event: 21.277 Thread 0x00000280c043d5d0 Thread added: 0x00000280c190bca0
Event: 21.278 Thread 0x00000280c043d5d0 Thread added: 0x00000280c190c9c0
Event: 21.280 Thread 0x00000280c043d5d0 Thread added: 0x00000280c1909540
Event: 21.281 Thread 0x00000280c043d5d0 Thread added: 0x00000280c190d050
Event: 21.282 Thread 0x00000280c043d5d0 Thread added: 0x00000280c190d6e0
Event: 22.792 Thread 0x00000280c5017d70 Thread exited: 0x00000280c5017d70
Event: 22.794 Thread 0x00000280c043d5d0 Thread added: 0x00000280c190af80
Event: 22.795 Thread 0x00000280c043d5d0 Thread added: 0x00000280c190a260
Event: 22.795 Thread 0x00000280c043d5d0 Thread added: 0x00000280c190dd70
Event: 22.795 Thread 0x00000280c043d5d0 Thread added: 0x00000280c190f7b0
Event: 23.796 Thread 0x00000280c043d5d0 Thread added: 0x00000280c190e400
Event: 23.797 Thread 0x00000280c043d5d0 Thread added: 0x00000280c19104d0
Event: 23.797 Thread 0x00000280c043d5d0 Thread added: 0x00000280c190f120
Event: 24.918 Thread 0x00000280baeb1cd0 Thread added: 0x00000280c404b460


Dynamic libraries:
0x00007ff7a6f50000 - 0x00007ff7a6f5a000 	C:\Program Files\Android\Android Studio\jbr\bin\java.exe
0x00007ff9e9600000 - 0x00007ff9e9868000 	C:\WINDOWS\SYSTEM32\ntdll.dll
0x00007ff9e80e0000 - 0x00007ff9e81a9000 	C:\WINDOWS\System32\KERNEL32.DLL
0x00007ff9e6800000 - 0x00007ff9e6bf1000 	C:\WINDOWS\System32\KERNELBASE.dll
0x00007ff9e71c0000 - 0x00007ff9e730b000 	C:\WINDOWS\System32\ucrtbase.dll
0x00007ff9e1040000 - 0x00007ff9e1058000 	C:\Program Files\Android\Android Studio\jbr\bin\jli.dll
0x00007ff9dacc0000 - 0x00007ff9dacdb000 	C:\Program Files\Android\Android Studio\jbr\bin\VCRUNTIME140.dll
0x00007ff9e7f10000 - 0x00007ff9e80d6000 	C:\WINDOWS\System32\USER32.dll
0x00007ff9e6cb0000 - 0x00007ff9e6cd7000 	C:\WINDOWS\System32\win32u.dll
0x00007ff9ce680000 - 0x00007ff9ce913000 	C:\WINDOWS\WinSxS\amd64_microsoft.windows.common-controls_6595b64144ccf1df_6.0.26100.7824_none_3e0870b2e3345462\COMCTL32.dll
0x00007ff9e8220000 - 0x00007ff9e824b000 	C:\WINDOWS\System32\GDI32.dll
0x00007ff9e7410000 - 0x00007ff9e74b9000 	C:\WINDOWS\System32\msvcrt.dll
0x00007ff9e6fd0000 - 0x00007ff9e70fb000 	C:\WINDOWS\System32\gdi32full.dll
0x00007ff9e6c00000 - 0x00007ff9e6ca3000 	C:\WINDOWS\System32\msvcp_win.dll
0x00007ff9e7570000 - 0x00007ff9e75a1000 	C:\WINDOWS\System32\IMM32.DLL
0x00007ff9dc940000 - 0x00007ff9dc94c000 	C:\Program Files\Android\Android Studio\jbr\bin\vcruntime140_1.dll
0x00007ff99f770000 - 0x00007ff99f7fd000 	C:\Program Files\Android\Android Studio\jbr\bin\msvcp140.dll
0x00007ff94e920000 - 0x00007ff94f5b6000 	C:\Program Files\Android\Android Studio\jbr\bin\server\jvm.dll
0x00007ff9e9500000 - 0x00007ff9e95b4000 	C:\WINDOWS\System32\ADVAPI32.dll
0x00007ff9e74c0000 - 0x00007ff9e7566000 	C:\WINDOWS\System32\sechost.dll
0x00007ff9e76b0000 - 0x00007ff9e77c8000 	C:\WINDOWS\System32\RPCRT4.dll
0x00007ff9e75b0000 - 0x00007ff9e7624000 	C:\WINDOWS\System32\WS2_32.dll
0x00007ff9e5d40000 - 0x00007ff9e5d9e000 	C:\WINDOWS\SYSTEM32\POWRPROF.dll
0x00007ff9dd830000 - 0x00007ff9dd865000 	C:\WINDOWS\SYSTEM32\WINMM.dll
0x00007ff9d2c40000 - 0x00007ff9d2c4b000 	C:\WINDOWS\SYSTEM32\VERSION.dll
0x00007ff9e5d20000 - 0x00007ff9e5d34000 	C:\WINDOWS\SYSTEM32\UMPDC.dll
0x00007ff9e4c80000 - 0x00007ff9e4c9b000 	C:\WINDOWS\SYSTEM32\kernel.appcore.dll
0x00007ff9daab0000 - 0x00007ff9daaba000 	C:\Program Files\Android\Android Studio\jbr\bin\jimage.dll
0x00007ff9e3d00000 - 0x00007ff9e3f42000 	C:\WINDOWS\SYSTEM32\DBGHELP.DLL
0x00007ff9e77e0000 - 0x00007ff9e7b66000 	C:\WINDOWS\System32\combase.dll
0x00007ff9e7c10000 - 0x00007ff9e7ce7000 	C:\WINDOWS\System32\OLEAUT32.dll
0x00007ff9ca560000 - 0x00007ff9ca59b000 	C:\WINDOWS\SYSTEM32\dbgcore.DLL
0x00007ff9e6750000 - 0x00007ff9e67f5000 	C:\WINDOWS\System32\bcryptPrimitives.dll
0x00007ff9dc9b0000 - 0x00007ff9dc9be000 	C:\Program Files\Android\Android Studio\jbr\bin\instrument.dll
0x00007ff9d93a0000 - 0x00007ff9d93c0000 	C:\Program Files\Android\Android Studio\jbr\bin\java.dll
0x00007ff9d9010000 - 0x00007ff9d9028000 	C:\Program Files\Android\Android Studio\jbr\bin\zip.dll
0x00007ff9e8ce0000 - 0x00007ff9e9432000 	C:\WINDOWS\System32\SHELL32.dll
0x00007ff9e6e60000 - 0x00007ff9e6fca000 	C:\WINDOWS\System32\wintypes.dll
0x00007ff9e5ee0000 - 0x00007ff9e6743000 	C:\WINDOWS\System32\windows.storage.dll
0x00007ff9e8b30000 - 0x00007ff9e8c26000 	C:\WINDOWS\System32\SHCORE.dll
0x00007ff9e81b0000 - 0x00007ff9e8217000 	C:\WINDOWS\System32\shlwapi.dll
0x00007ff9e5e00000 - 0x00007ff9e5e29000 	C:\WINDOWS\SYSTEM32\profapi.dll
0x00007ff9da850000 - 0x00007ff9da860000 	C:\Program Files\Android\Android Studio\jbr\bin\net.dll
0x00007ff9d8e80000 - 0x00007ff9d8fa7000 	C:\WINDOWS\SYSTEM32\WINHTTP.dll
0x00007ff9e51f0000 - 0x00007ff9e525b000 	C:\WINDOWS\system32\mswsock.dll
0x00007ff9d0030000 - 0x00007ff9d0046000 	C:\Program Files\Android\Android Studio\jbr\bin\nio.dll
0x00007ff9d8fd0000 - 0x00007ff9d8fe0000 	C:\Program Files\Android\Android Studio\jbr\bin\verify.dll
0x00007ff9d9210000 - 0x00007ff9d9237000 	C:\Users\ACER\.gradle\native\1def1411415f61bf3af743bc5b6707747c0891f09f0c88961ee8f79bc544acac\windows-amd64\native-platform.dll
0x00007ff9a5710000 - 0x00007ff9a5788000 	C:\Users\ACER\.gradle\native\0.2.7\x86_64-windows-gnu\gradle-fileevents.dll
0x00007ff9e3f90000 - 0x00007ff9e3f99000 	C:\Program Files\Android\Android Studio\jbr\bin\management.dll
0x00007ff9dc9e0000 - 0x00007ff9dc9eb000 	C:\Program Files\Android\Android Studio\jbr\bin\management_ext.dll
0x00007ff9e73d0000 - 0x00007ff9e73d8000 	C:\WINDOWS\System32\PSAPI.DLL
0x00007ff9e4680000 - 0x00007ff9e46b4000 	C:\WINDOWS\SYSTEM32\IPHLPAPI.DLL
0x00007ff9e77d0000 - 0x00007ff9e77da000 	C:\WINDOWS\System32\NSI.dll
0x00007ff9d1c40000 - 0x00007ff9d1c49000 	C:\Program Files\Android\Android Studio\jbr\bin\extnet.dll
0x00007ff9e54d0000 - 0x00007ff9e54eb000 	C:\WINDOWS\SYSTEM32\CRYPTSP.dll
0x00007ff9e4be0000 - 0x00007ff9e4c19000 	C:\WINDOWS\system32\rsaenh.dll
0x00007ff9e52a0000 - 0x00007ff9e52cb000 	C:\WINDOWS\SYSTEM32\USERENV.dll
0x00007ff9e5dd0000 - 0x00007ff9e5dfa000 	C:\WINDOWS\SYSTEM32\bcrypt.dll
0x00007ff9e54c0000 - 0x00007ff9e54cc000 	C:\WINDOWS\SYSTEM32\CRYPTBASE.dll
0x00007ff9886f0000 - 0x00007ff9886f8000 	C:\WINDOWS\system32\wshunix.dll
0x00007ff9c5980000 - 0x00007ff9c5998000 	C:\WINDOWS\system32\napinsp.dll
0x00007ff9e4710000 - 0x00007ff9e483c000 	C:\WINDOWS\SYSTEM32\DNSAPI.dll
0x00007ff9c5960000 - 0x00007ff9c5972000 	C:\WINDOWS\System32\winrnr.dll
0x00007ff9c5930000 - 0x00007ff9c5952000 	C:\WINDOWS\system32\nlansp_c.dll
0x00007ff9d8fb0000 - 0x00007ff9d8fc6000 	C:\WINDOWS\system32\wshbth.dll
0x00007ff9dcfd0000 - 0x00007ff9dcfdb000 	C:\Windows\System32\rasadhlp.dll
0x00007ff9df700000 - 0x00007ff9df786000 	C:\WINDOWS\System32\fwpuclnt.dll

JVMTI agents:
C:\Users\ACER\.gradle\wrapper\dists\gradle-8.13-all\54h0s9kvb6g2sinako7ub77ku\gradle-8.13\lib\agents\gradle-instrumentation-agent-8.13.jar path:C:\Program Files\Android\Android Studio\jbr\bin\instrument.dll, loaded, initialized, instrumentlib options:none

dbghelp: loaded successfully - version: 4.0.5 - missing functions: none
symbol engine: initialized successfully - sym options: 0x614 - pdb path: .;C:\Program Files\Android\Android Studio\jbr\bin;C:\WINDOWS\SYSTEM32;C:\WINDOWS\WinSxS\amd64_microsoft.windows.common-controls_6595b64144ccf1df_6.0.26100.7824_none_3e0870b2e3345462;C:\Program Files\Android\Android Studio\jbr\bin\server;C:\Users\ACER\.gradle\native\1def1411415f61bf3af743bc5b6707747c0891f09f0c88961ee8f79bc544acac\windows-amd64;C:\Users\ACER\.gradle\native\0.2.7\x86_64-windows-gnu

VM Arguments:
jvm_args: --add-opens=java.base/java.lang=ALL-UNNAMED --add-opens=java.base/java.lang.invoke=ALL-UNNAMED --add-opens=java.base/java.util=ALL-UNNAMED --add-opens=java.prefs/java.util.prefs=ALL-UNNAMED --add-exports=jdk.compiler/com.sun.tools.javac.api=ALL-UNNAMED --add-exports=jdk.compiler/com.sun.tools.javac.util=ALL-UNNAMED --add-opens=java.base/java.util=ALL-UNNAMED --add-opens=java.prefs/java.util.prefs=ALL-UNNAMED --add-opens=java.base/java.nio.charset=ALL-UNNAMED --add-opens=java.base/java.net=ALL-UNNAMED --add-opens=java.base/java.util.concurrent.atomic=ALL-UNNAMED --add-opens=java.xml/javax.xml.namespace=ALL-UNNAMED -XX:MaxMetaspaceSize=512m -XX:ReservedCodeCacheSize=256m -XX:+HeapDumpOnOutOfMemoryError -Xmx2G -Dfile.encoding=UTF-8 -Duser.country=IN -Duser.language=en -Duser.variant -javaagent:C:\Users\ACER\.gradle\wrapper\dists\gradle-8.13-all\54h0s9kvb6g2sinako7ub77ku\gradle-8.13\lib\agents\gradle-instrumentation-agent-8.13.jar 
java_command: org.gradle.launcher.daemon.bootstrap.GradleDaemon 8.13
java_class_path (initial): C:\Users\ACER\.gradle\wrapper\dists\gradle-8.13-all\54h0s9kvb6g2sinako7ub77ku\gradle-8.13\lib\gradle-daemon-main-8.13.jar
Launcher Type: SUN_STANDARD

[Global flags]
     intx CICompilerCount                          = 4                                         {product} {ergonomic}
   size_t CompressedClassSpaceSize                 = 436207616                                 {product} {ergonomic}
     uint ConcGCThreads                            = 2                                         {product} {ergonomic}
     uint G1ConcRefinementThreads                  = 8                                         {product} {ergonomic}
   size_t G1HeapRegionSize                         = 1048576                                   {product} {ergonomic}
    uintx GCDrainStackTargetSize                   = 64                                        {product} {ergonomic}
     bool HeapDumpOnOutOfMemoryError               = true                                   {manageable} {command line}
   size_t InitialHeapSize                          = 266338304                                 {product} {ergonomic}
   size_t MarkStackSize                            = 4194304                                   {product} {ergonomic}
   size_t MaxHeapSize                              = 2147483648                                {product} {command line}
   size_t MaxMetaspaceSize                         = 536870912                                 {product} {command line}
   size_t MaxNewSize                               = 1287651328                                {product} {ergonomic}
   size_t MinHeapDeltaBytes                        = 1048576                                   {product} {ergonomic}
   size_t MinHeapSize                              = 8388608                                   {product} {ergonomic}
    uintx NonNMethodCodeHeapSize                   = 5839372                                {pd product} {ergonomic}
    uintx NonProfiledCodeHeapSize                  = 131298042                              {pd product} {ergonomic}
    uintx ProfiledCodeHeapSize                     = 131298042                              {pd product} {ergonomic}
    uintx ReservedCodeCacheSize                    = 268435456                              {pd product} {command line}
     bool SegmentedCodeCache                       = true                                      {product} {ergonomic}
   size_t SoftMaxHeapSize                          = 2147483648                             {manageable} {ergonomic}
     bool UseCompressedOops                        = true                           {product lp64_product} {ergonomic}
     bool UseG1GC                                  = true                                      {product} {ergonomic}
     bool UseLargePagesIndividualAllocation        = false                                  {pd product} {ergonomic}

Logging:
Log output configuration:
 #0: stdout all=warning uptime,level,tags foldmultilines=false
 #1: stderr all=off uptime,level,tags foldmultilines=false

Environment Variables:
JAVA_HOME=C:\Program Files\Android\Android Studio\jbr
CLASSPATH=C:\Users\ACER\Downloads\WattX-main (2)\WattX-main\android\\gradle\wrapper\gradle-wrapper.jar
PATH=C:\Program Files\Android\Android Studio\jbr\bin;C:\Program Files\Java\jdk-17\bin;C:\WINDOWS\system32;C:\WINDOWS;C:\WINDOWS\System32\Wbem;C:\WINDOWS\System32\WindowsPowerShell\v1.0\;C:\WINDOWS\System32\OpenSSH\;C:\Program Files\dotnet\;C:\ProgramData\chocolatey\bin;C:\Users\ACER\AppData\Roaming\Microsoft\Windows\Start Menu\Programs\Python 3.12;C:\Program Files\Git\cmd;C:\Program Files\mysql-9.4.0-winx64\bin;C:\Program Files (x86)\Microsoft SQL Server\160\Tools\Binn\;C:\Program Files\Microsoft SQL Server\160\Tools\Binn\;C:\Program Files\Microsoft SQL Server\Client SDK\ODBC\170\Tools\Binn\;C:\Program Files\Microsoft SQL Server\160\DTS\Binn\;C:\xampp\php;C:\ProgramData\ComposerSetup\bin;C:\Program Files\Microsoft SQL Server\170\Tools\Binn\;C:\flutter\bin;C:\Users\ACER\AppData\Local\Programs\Python\Launcher\;C:\Program Files\MySQL\MySQL Shell 8.0\bin\;C:\msys64\ucrt64\bin;C:\MinGW\bin;C:\MinGW\mingw32\bin;C:\Users\ACER\AppData\Local\Programs\Microsoft VS Code\bin;C:\Users\ACER\AppData\Local\Microsoft\WindowsApps;C:\Users\ACER\AppData\Local\Microsoft\WinGet\Packages\Schniz.fnm_Microsoft.Winget.Source_8wekyb3d8bbwe;C:\Users\ACER\AppData\Local\Microsoft\WindowsApps;C:\Users\ACER\AppData\Roaming\Composer\vendor\bin;C:\Users\ACER\AppData\Local\Programs\Antigravity\bin;C:\Users\ACER\.dotnet\tools;C:\Users\ACER\AppData\Local\Python\bin;C:\flutter\bin\mingit\cmd;C:\flutter\bin\mingit\cmd
USERNAME=ACER
OS=Windows_NT
PROCESSOR_IDENTIFIER=Intel64 Family 6 Model 140 Stepping 1, GenuineIntel
TMP=C:\Users\ACER\AppData\Local\Temp
TEMP=C:\Users\ACER\AppData\Local\Temp




Periodic native trim disabled

JNI global refs:
JNI global refs: 28, weak refs: 0

JNI global refs memory usage: 835, weak refs: 833

Process memory usage:
Resident Set Size: 351460K (2% of 16551224K total physical memory with 1358980K free physical memory)

OOME stack traces (most recent first):
Classloader memory used:
Loader org.gradle.internal.classloader.VisitableURLClassLoader                         : 39909K
Loader bootstrap                                                                       : 25845K
Loader org.gradle.initialization.MixInLegacyTypesClassLoader                           : 12492K
Loader org.gradle.internal.classloader.VisitableURLClassLoader$InstrumentingVisitableURLClassLoader: 6207K
Loader jdk.internal.loader.ClassLoaders$PlatformClassLoader                            : 520K
Loader jdk.internal.loader.ClassLoaders$AppClassLoader                                 : 235K
Loader jdk.internal.reflect.DelegatingClassLoader                                      : 132K
Loader org.gradle.internal.classloader.VisitableURLClassLoader                         : 94544B

Classes loaded by more than one classloader:
Class Program                                                                         : loaded 4 times (x 72B)
Class org.gradle.internal.classloader.ClassLoaderHierarchy                            : loaded 2 times (x 70B)
Class org.gradle.api.internal.classpath.ManifestUtil                                  : loaded 2 times (x 71B)
Class org.gradle.internal.classloader.DefaultClassLoaderFactory                       : loaded 2 times (x 82B)
Class org.gradle.internal.classloader.ClassLoaderVisitor                              : loaded 2 times (x 76B)
Class org.gradle.api.internal.classpath.EffectiveClassPath                            : loaded 2 times (x 90B)
Class org.gradle.api.internal.DefaultClassPathProvider                                : loaded 2 times (x 76B)
Class [Lorg.gradle.api.internal.ClassPathProvider;                                    : loaded 2 times (x 69B)
Class org.gradle.api.internal.ClassPathProvider                                       : loaded 2 times (x 70B)
Class org.gradle.internal.service.UnknownServiceException                             : loaded 2 times (x 83B)
Class org.gradle.internal.classpath.TransformedClassPath                              : loaded 2 times (x 96B)
Class org.gradle.internal.classloader.InstrumentingClassLoader                        : loaded 2 times (x 70B)
Class org.gradle.internal.service.ServiceLocator                                      : loaded 2 times (x 70B)
Class org.gradle.internal.InternalTransformer                                         : loaded 2 times (x 70B)
Class org.gradle.internal.classloader.ClasspathUtil$1                                 : loaded 2 times (x 76B)
Class org.gradle.api.internal.classpath.DefaultModuleRegistry$DefaultModule           : loaded 2 times (x 86B)
Class org.gradle.api.internal.classpath.Module                                        : loaded 2 times (x 70B)
Class org.gradle.api.internal.classpath.UnknownModuleException                        : loaded 2 times (x 82B)
Class org.gradle.api.internal.DefaultClassPathRegistry                                : loaded 2 times (x 76B)
Class org.gradle.api.internal.ClassPathRegistry                                       : loaded 2 times (x 70B)
Class org.gradle.internal.classpath.DefaultClassPath$ImmutableUniqueList              : loaded 2 times (x 199B)
Class org.gradle.internal.classloader.FilteringClassLoader                            : loaded 2 times (x 105B)
Class Settings_gradle$1                                                               : loaded 2 times (x 74B)
Class org.gradle.internal.classpath.ClassPath                                         : loaded 2 times (x 70B)
Class org.gradle.api.UncheckedIOException                                             : loaded 2 times (x 82B)
Class org.gradle.internal.installation.GradleInstallation$1                           : loaded 2 times (x 75B)
Class org.gradle.api.internal.classpath.ModuleRegistry                                : loaded 2 times (x 70B)
Class org.gradle.api.internal.classpath.DefaultModuleRegistry                         : loaded 2 times (x 86B)
Class org.gradle.internal.service.ServiceLookupException                              : loaded 2 times (x 82B)
Class org.gradle.internal.classloader.ClassLoaderFactory                              : loaded 2 times (x 70B)
Class org.gradle.internal.service.CachingServiceLocator                               : loaded 2 times (x 82B)
Class org.gradle.internal.classloader.ClasspathUtil                                   : loaded 2 times (x 71B)
Class org.gradle.api.specs.Spec                                                       : loaded 2 times (x 70B)
Class Build_gradle$1                                                                  : loaded 2 times (x 78B)
Class org.gradle.internal.classloader.VisitableURLClassLoader$InstrumentingVisitableURLClassLoader: loaded 2 times (x 123B)
Class org.gradle.internal.classloader.VisitableURLClassLoader$Spec                    : loaded 2 times (x 74B)
Class org.gradle.internal.classpath.DefaultClassPath                                  : loaded 2 times (x 90B)
Class org.gradle.internal.classloader.ClassLoaderSpec                                 : loaded 2 times (x 71B)
Class Settings_gradle$1$1                                                             : loaded 2 times (x 74B)
Class org.gradle.internal.classloader.VisitableURLClassLoader                         : loaded 2 times (x 117B)
Class Settings_gradle                                                                 : loaded 2 times (x 128B)
Class org.gradle.internal.Cast                                                        : loaded 2 times (x 71B)
Class org.gradle.api.Action                                                           : loaded 2 times (x 70B)
Class org.gradle.internal.classpath.DefaultClassPath$ImmutableUniqueList$Builder      : loaded 2 times (x 75B)
Class org.gradle.api.GradleException                                                  : loaded 2 times (x 82B)
Class org.gradle.internal.IoActions                                                   : loaded 2 times (x 71B)
Class org.gradle.internal.classloader.SystemClassLoaderSpec                           : loaded 2 times (x 71B)
Class org.gradle.api.internal.classpath.GlobalCacheRootsProvider                      : loaded 2 times (x 70B)
Class Build_gradle                                                                    : loaded 2 times (x 130B)
Class org.gradle.internal.installation.CurrentGradleInstallationLocator               : loaded 2 times (x 71B)
Class org.gradle.internal.service.DefaultServiceLocator                               : loaded 2 times (x 83B)
Class org.gradle.internal.installation.CurrentGradleInstallation                      : loaded 2 times (x 73B)
Class org.gradle.util.internal.GUtil                                                  : loaded 2 times (x 71B)
Class org.gradle.internal.installation.GradleInstallation                             : loaded 2 times (x 75B)

---------------  S Y S T E M  ---------------

OS:
 Windows 11 , 64 bit Build 26100 (10.0.26100.7705)
OS uptime: 2 days 12:43 hours
Hyper-V role detected

CPU: total 8 (initial active 8) (4 cores per cpu, 2 threads per core) family 6 model 140 stepping 1 microcode 0xaa, cx8, cmov, fxsr, ht, mmx, 3dnowpref, sse, sse2, sse3, ssse3, sse4.1, sse4.2, popcnt, lzcnt, tsc, tscinvbit, avx, avx2, aes, erms, clmul, bmi1, bmi2, adx, avx512f, avx512dq, avx512cd, avx512bw, avx512vl, sha, fma, vzeroupper, avx512_vpopcntdq, avx512_vpclmulqdq, avx512_vaes, avx512_vnni, clflush, clflushopt, clwb, avx512_vbmi2, avx512_vbmi, hv, rdtscp, rdpid, fsrm, gfni, avx512_bitalg, f16c, cet_ibt, cet_ss, avx512_ifma
Processor Information for processor 0
  Max Mhz: 2803, Current Mhz: 2803, Mhz Limit: 2803
Processor Information for processor 1
  Max Mhz: 2803, Current Mhz: 2803, Mhz Limit: 2803
Processor Information for processor 2
  Max Mhz: 2803, Current Mhz: 1201, Mhz Limit: 2803
Processor Information for processor 3
  Max Mhz: 2803, Current Mhz: 2803, Mhz Limit: 2803
Processor Information for processor 4
  Max Mhz: 2803, Current Mhz: 2803, Mhz Limit: 2803
Processor Information for processor 5
  Max Mhz: 2803, Current Mhz: 2803, Mhz Limit: 2803
Processor Information for processor 6
  Max Mhz: 2803, Current Mhz: 2803, Mhz Limit: 2803
Processor Information for processor 7
  Max Mhz: 2803, Current Mhz: 2803, Mhz Limit: 2803

Memory: 4k page, system-wide physical 16163M (1306M free)
TotalPageFile size 29390M (AvailPageFile size 87M)
current process WorkingSet (physical memory assigned to process): 343M, peak: 343M
current process commit charge ("private bytes"): 378M, peak: 401M

vm_info: OpenJDK 64-Bit Server VM (21.0.8+-14196175-b1038.72) for windows-amd64 JRE (21.0.8+-14196175-b1038.72), built on 2025-10-01T10:24:33Z by "builder" with MS VC++ 16.10 / 16.11 (VS2019)

END.
