#
# There is insufficient memory for the Java Runtime Environment to continue.
# Native memory allocation (mmap) failed to map 266338304 bytes for G1 virtual space
# Possible reasons:
#   The system is out of physical RAM or swap space
#   The process is running with CompressedOops enabled, and the Java Heap may be blocking the growth of the native heap
# Possible solutions:
#   Reduce memory load on the system
#   Increase physical memory or swap space
#   Check if swap backing store is full
#   Decrease Java heap size (-Xmx/-Xms)
#   Decrease number of Java threads
#   Decrease Java thread stack sizes (-Xss)
#   Set larger code cache with -XX:ReservedCodeCacheSize=
#   JVM is running with Zero Based Compressed Oops mode in which the Java heap is
#     placed in the first 32GB address space. The Java Heap base address is the
#     maximum limit for the native heap growth. Please use -XX:HeapBaseMinAddress
#     to set the Java Heap base and to place the Java Heap above 32GB virtual address.
# This output file may be truncated or incomplete.
#
#  Out of Memory Error (os_windows.cpp:3548), pid=9424, tid=17816
#
# JRE version:  (17.0.12+8) (build )
# Java VM: Java HotSpot(TM) 64-Bit Server VM (17.0.12+8-LTS-286, mixed mode, sharing, tiered, compressed oops, compressed class ptrs, g1 gc, windows-amd64)
# No core dump will be written. Minidumps are not enabled by default on client versions of Windows
#

---------------  S U M M A R Y ------------

Command Line: 

Host: 11th Gen Intel(R) Core(TM) i7-1165G7 @ 2.80GHz, 8 cores, 15G,  Windows 11 , 64 bit Build 26100 (10.0.26100.7705)
Time: Wed Feb 18 09:43:38 2026 India Standard Time elapsed time: 2.049355 seconds (0d 0h 0m 2s)

---------------  T H R E A D  ---------------

Current thread (0x000001b9b190ee90):  JavaThread "Unknown thread" [_thread_in_vm, id=17816, stack(0x000000129f200000,0x000000129f300000)]

Stack: [0x000000129f200000,0x000000129f300000]
Native frames: (J=compiled Java code, j=interpreted, Vv=VM code, C=native code)
V  [jvm.dll+0x67a04a]
V  [jvm.dll+0x7da4ed]
V  [jvm.dll+0x7dbe33]
V  [jvm.dll+0x7dc4a3]
V  [jvm.dll+0x24508f]
V  [jvm.dll+0x677089]
V  [jvm.dll+0x66bd32]
V  [jvm.dll+0x301fa6]
V  [jvm.dll+0x309546]
V  [jvm.dll+0x359d2e]
V  [jvm.dll+0x359f5f]
V  [jvm.dll+0x2d9078]
V  [jvm.dll+0x2d9fe4]
V  [jvm.dll+0x7aca21]
V  [jvm.dll+0x367591]
V  [jvm.dll+0x78b999]
V  [jvm.dll+0x3ec83f]
V  [jvm.dll+0x3ee471]
C  [jli.dll+0x5297]
C  [ucrtbase.dll+0x37b0]
C  [KERNEL32.DLL+0x2e8d7]
C  [ntdll.dll+0x8c40c]


---------------  P R O C E S S  ---------------

Threads class SMR info:
_java_thread_list=0x00007ff83db37a18, length=0, elements={
}

Java Threads: ( => current thread )

Other Threads:
  0x000001b9b197c170 GCTaskThread "GC Thread#0" [stack: 0x000000129f300000,0x000000129f400000] [id=3860]
  0x000001b9b198ceb0 ConcurrentGCThread "G1 Main Marker" [stack: 0x000000129f400000,0x000000129f500000] [id=16604]
  0x000001b9b198e430 ConcurrentGCThread "G1 Conc#0" [stack: 0x000000129f500000,0x000000129f600000] [id=21164]

[error occurred during error reporting (printing all threads), id 0xc0000005, EXCEPTION_ACCESS_VIOLATION (0xc0000005) at pc=0x00007ff83d369b67]

VM state: not at safepoint (not fully initialized)

VM Mutex/Monitor currently owned by a thread:  ([mutex/lock_event])
[0x000001b9b190bb00] Heap_lock - owner thread: 0x000001b9b190ee90

Heap address: 0x0000000703600000, size: 4042 MB, Compressed Oops mode: Zero based, Oop shift amount: 3

CDS archive(s) mapped at: [0x0000000000000000-0x0000000000000000-0x0000000000000000), size 0, SharedBaseAddress: 0x0000000800000000, ArchiveRelocationMode: 1.
Narrow klass base: 0x0000000000000000, Narrow klass shift: 0, Narrow klass range: 0x0

GC Precious Log:
<Empty>

Heap:
 garbage-first heap   total 0K, used 0K [0x0000000703600000, 0x0000000800000000)
  region size 2048K, 0 young (0K), 0 survivors (0K)

[error occurred during error reporting (printing heap information), id 0xc0000005, EXCEPTION_ACCESS_VIOLATION (0xc0000005) at pc=0x00007ff83d753859]

GC Heap History (0 events):
No events

Deoptimization events (0 events):
No events

Classes unloaded (0 events):
No events

Classes redefined (0 events):
No events

Internal exceptions (0 events):
No events

VM Operations (0 events):
No events

Events (1 events):
Event: 0.010 Loaded shared library C:\Program Files\Java\jdk-17\bin\java.dll


Dynamic libraries:
0x00007ff6b4950000 - 0x00007ff6b4960000 	C:\Program Files\Java\jdk-17\bin\java.exe
0x00007ff8de620000 - 0x00007ff8de888000 	C:\WINDOWS\SYSTEM32\ntdll.dll
0x00007ff8dcd70000 - 0x00007ff8dce39000 	C:\WINDOWS\System32\KERNEL32.DLL
0x00007ff8db0c0000 - 0x00007ff8db4b1000 	C:\WINDOWS\System32\KERNELBASE.dll
0x00007ff8db5a0000 - 0x00007ff8db6eb000 	C:\WINDOWS\System32\ucrtbase.dll
0x00007ff8798f0000 - 0x00007ff879909000 	C:\Program Files\Java\jdk-17\bin\jli.dll
0x00007ff8798d0000 - 0x00007ff8798eb000 	C:\Program Files\Java\jdk-17\bin\VCRUNTIME140.dll
0x00007ff8dca10000 - 0x00007ff8dcac4000 	C:\WINDOWS\System32\ADVAPI32.dll
0x00007ff8dda40000 - 0x00007ff8ddae9000 	C:\WINDOWS\System32\msvcrt.dll
0x00007ff8dc4c0000 - 0x00007ff8dc566000 	C:\WINDOWS\System32\sechost.dll
0x00007ff8de400000 - 0x00007ff8de518000 	C:\WINDOWS\System32\RPCRT4.dll
0x00007ff8dc760000 - 0x00007ff8dc926000 	C:\WINDOWS\System32\USER32.dll
0x00007ff8db570000 - 0x00007ff8db597000 	C:\WINDOWS\System32\win32u.dll
0x00007ff8c3250000 - 0x00007ff8c34e3000 	C:\WINDOWS\WinSxS\amd64_microsoft.windows.common-controls_6595b64144ccf1df_6.0.26100.7824_none_3e0870b2e3345462\COMCTL32.dll
0x00007ff8ddf80000 - 0x00007ff8ddfab000 	C:\WINDOWS\System32\GDI32.dll
0x00007ff8daf00000 - 0x00007ff8db02b000 	C:\WINDOWS\System32\gdi32full.dll
0x00007ff8db6f0000 - 0x00007ff8db793000 	C:\WINDOWS\System32\msvcp_win.dll
0x00007ff8c7c80000 - 0x00007ff8c7c8b000 	C:\WINDOWS\SYSTEM32\VERSION.dll
0x00007ff8de350000 - 0x00007ff8de381000 	C:\WINDOWS\System32\IMM32.DLL
0x00007ff8c3ac0000 - 0x00007ff8c3acc000 	C:\Program Files\Java\jdk-17\bin\vcruntime140_1.dll
0x00007ff866610000 - 0x00007ff86669e000 	C:\Program Files\Java\jdk-17\bin\msvcp140.dll
0x00007ff83d080000 - 0x00007ff83dc60000 	C:\Program Files\Java\jdk-17\bin\server\jvm.dll
0x00007ff8dc570000 - 0x00007ff8dc578000 	C:\WINDOWS\System32\PSAPI.DLL
0x00007ff8d1bf0000 - 0x00007ff8d1c25000 	C:\WINDOWS\SYSTEM32\WINMM.dll
0x00007ff8c2360000 - 0x00007ff8c236a000 	C:\WINDOWS\SYSTEM32\WSOCK32.dll
0x00007ff8dc930000 - 0x00007ff8dc9a4000 	C:\WINDOWS\System32\WS2_32.dll
0x00007ff8d9ca0000 - 0x00007ff8d9cbb000 	C:\WINDOWS\SYSTEM32\kernel.appcore.dll
0x00007ff8bd140000 - 0x00007ff8bd14a000 	C:\Program Files\Java\jdk-17\bin\jimage.dll
0x00007ff8d8cd0000 - 0x00007ff8d8f12000 	C:\WINDOWS\SYSTEM32\DBGHELP.DLL
0x00007ff8ddfc0000 - 0x00007ff8de346000 	C:\WINDOWS\System32\combase.dll
0x00007ff8dd7c0000 - 0x00007ff8dd897000 	C:\WINDOWS\System32\OLEAUT32.dll
0x00007ff8bf2e0000 - 0x00007ff8bf31b000 	C:\WINDOWS\SYSTEM32\dbgcore.DLL
0x00007ff8db4c0000 - 0x00007ff8db565000 	C:\WINDOWS\System32\bcryptPrimitives.dll
0x00007ff8798a0000 - 0x00007ff8798c5000 	C:\Program Files\Java\jdk-17\bin\java.dll

dbghelp: loaded successfully - version: 4.0.5 - missing functions: none
symbol engine: initialized successfully - sym options: 0x614 - pdb path: .;C:\Program Files\Java\jdk-17\bin;C:\WINDOWS\SYSTEM32;C:\WINDOWS\WinSxS\amd64_microsoft.windows.common-controls_6595b64144ccf1df_6.0.26100.7824_none_3e0870b2e3345462;C:\Program Files\Java\jdk-17\bin\server

VM Arguments:
java_command: <unknown>
java_class_path (initial): <not set>
Launcher Type: SUN_STANDARD

[Global flags]
     intx CICompilerCount                          = 4                                         {product} {ergonomic}
     uint ConcGCThreads                            = 2                                         {product} {ergonomic}
     uint G1ConcRefinementThreads                  = 8                                         {product} {ergonomic}
   size_t G1HeapRegionSize                         = 2097152                                   {product} {ergonomic}
    uintx GCDrainStackTargetSize                   = 64                                        {product} {ergonomic}
   size_t InitialHeapSize                          = 266338304                                 {product} {ergonomic}
   size_t MarkStackSize                            = 4194304                                   {product} {ergonomic}
   size_t MaxHeapSize                              = 4238344192                                {product} {ergonomic}
   size_t MinHeapDeltaBytes                        = 2097152                                   {product} {ergonomic}
   size_t MinHeapSize                              = 8388608                                   {product} {ergonomic}
    uintx NonNMethodCodeHeapSize                   = 5839372                                {pd product} {ergonomic}
    uintx NonProfiledCodeHeapSize                  = 122909434                              {pd product} {ergonomic}
    uintx ProfiledCodeHeapSize                     = 122909434                              {pd product} {ergonomic}
    uintx ReservedCodeCacheSize                    = 251658240                              {pd product} {ergonomic}
     bool SegmentedCodeCache                       = true                                      {product} {ergonomic}
   size_t SoftMaxHeapSize                          = 4238344192                             {manageable} {ergonomic}
     bool UseCompressedClassPointers               = true                           {product lp64_product} {ergonomic}
     bool UseCompressedOops                        = true                           {product lp64_product} {ergonomic}
     bool UseG1GC                                  = true                                      {product} {ergonomic}
     bool UseLargePagesIndividualAllocation        = false                                  {pd product} {ergonomic}

Logging:
Log output configuration:
 #0: stdout all=warning uptime,level,tags
 #1: stderr all=off uptime,level,tags

Environment Variables:
PATH=C:\Program Files\Java\jdk-17\bin;C:\Program Files\Java\jdk-17\bin;C:\WINDOWS\system32;C:\WINDOWS;C:\WINDOWS\System32\Wbem;C:\WINDOWS\System32\WindowsPowerShell\v1.0\;C:\WINDOWS\System32\OpenSSH\;C:\Program Files\dotnet\;C:\ProgramData\chocolatey\bin;C:\Users\ACER\AppData\Roaming\Microsoft\Windows\Start Menu\Programs\Python 3.12;C:\Program Files\Git\cmd;C:\Program Files\mysql-9.4.0-winx64\bin;C:\Program Files (x86)\Microsoft SQL Server\160\Tools\Binn\;C:\Program Files\Microsoft SQL Server\160\Tools\Binn\;C:\Program Files\Microsoft SQL Server\Client SDK\ODBC\170\Tools\Binn\;C:\Program Files\Microsoft SQL Server\160\DTS\Binn\;C:\xampp\php;C:\ProgramData\ComposerSetup\bin;C:\Program Files\Microsoft SQL Server\170\Tools\Binn\;C:\flutter\bin;C:\Users\ACER\AppData\Local\Programs\Python\Launcher\;C:\Program Files\MySQL\MySQL Shell 8.0\bin\;C:\msys64\ucrt64\bin;C:\MinGW\bin;C:\MinGW\mingw32\bin;C:\Users\ACER\AppData\Local\Programs\Microsoft VS Code\bin;C:\Users\ACER\AppData\Local\Microsoft\WindowsApps;C:\Users\ACER\AppData\Local\Microsoft\WinGet\Packages\Schniz.fnm_Microsoft.Winget.Source_8wekyb3d8bbwe;C:\Users\ACER\AppData\Local\Microsoft\WindowsApps;C:\Users\ACER\AppData\Roaming\Composer\vendor\bin;C:\Users\ACER\AppData\Local\Programs\Antigravity\bin;C:\Users\ACER\.dotnet\tools;C:\Users\ACER\AppData\Local\Python\bin;C:\flutter\bin\mingit\cmd;C:\flutter\bin\mingit\cmd
USERNAME=ACER
OS=Windows_NT
PROCESSOR_IDENTIFIER=Intel64 Family 6 Model 140 Stepping 1, GenuineIntel



---------------  S Y S T E M  ---------------

OS:
 Windows 11 , 64 bit Build 26100 (10.0.26100.7705)
OS uptime: 0 days 1:43 hours
Hyper-V role detected

CPU: total 8 (initial active 8) (4 cores per cpu, 2 threads per core) family 6 model 140 stepping 1 microcode 0xaa, cx8, cmov, fxsr, ht, mmx, 3dnowpref, sse, sse2, sse3, ssse3, sse4.1, sse4.2, popcnt, lzcnt, tsc, tscinvbit, avx, avx2, aes, erms, clmul, bmi1, bmi2, adx, avx512f, avx512dq, avx512cd, avx512bw, avx512vl, sha, fma, vzeroupper, avx512_vpopcntdq, avx512_vpclmulqdq, avx512_vaes, avx512_vnni, clflush, clflushopt, clwb, avx512_vbmi2, avx512_vbmi, hv

Memory: 4k page, system-wide physical 16163M (686M free)
TotalPageFile size 29390M (AvailPageFile size 10M)
current process WorkingSet (physical memory assigned to process): 12M, peak: 12M
current process commit charge ("private bytes"): 60M, peak: 314M

vm_info: Java HotSpot(TM) 64-Bit Server VM (17.0.12+8-LTS-286) for windows-amd64 JRE (17.0.12+8-LTS-286), built on Jun  5 2024 06:46:59 by "mach5one" with MS VC++ 17.6 (VS2022)

END.
