#
# There is insufficient memory for the Java Runtime Environment to continue.
# Native memory allocation (malloc) failed to allocate 2242096 bytes for Chunk::new
# Possible reasons:
#   The system is out of physical RAM or swap space
#   The process is running with CompressedOops enabled, and the Java Heap may be blocking the growth of the native heap
# Possible solutions:
#   Reduce memory load on the system
#   Increase physical memory or swap space
#   Check if swap backing store is full
#   Decrease Java heap size (-Xmx/-Xms)
#   Decrease number of Java threads
#   Decrease Java thread stack sizes (-Xss)
#   Set larger code cache with -XX:ReservedCodeCacheSize=
#   JVM is running with Unscaled Compressed Oops mode in which the Java heap is
#     placed in the first 4GB address space. The Java Heap base address is the
#     maximum limit for the native heap growth. Please use -XX:HeapBaseMinAddress
#     to set the Java Heap base and to place the Java Heap above 4GB virtual address.
# This output file may be truncated or incomplete.
#
#  Out of Memory Error (arena.cpp:189), pid=31276, tid=33536
#
# JRE version: Java(TM) SE Runtime Environment (17.0.12+8) (build 17.0.12+8-LTS-286)
# Java VM: Java HotSpot(TM) 64-Bit Server VM (17.0.12+8-LTS-286, mixed mode, sharing, tiered, compressed oops, compressed class ptrs, g1 gc, windows-amd64)
# No core dump will be written. Minidumps are not enabled by default on client versions of Windows
#

---------------  S U M M A R Y ------------

Command Line: --add-opens=java.base/java.lang=ALL-UNNAMED --add-opens=java.base/java.lang.invoke=ALL-UNNAMED --add-opens=java.base/java.util=ALL-UNNAMED --add-opens=java.prefs/java.util.prefs=ALL-UNNAMED --add-exports=jdk.compiler/com.sun.tools.javac.api=ALL-UNNAMED --add-exports=jdk.compiler/com.sun.tools.javac.util=ALL-UNNAMED --add-opens=java.base/java.util=ALL-UNNAMED --add-opens=java.prefs/java.util.prefs=ALL-UNNAMED --add-opens=java.base/java.nio.charset=ALL-UNNAMED --add-opens=java.base/java.net=ALL-UNNAMED --add-opens=java.base/java.util.concurrent.atomic=ALL-UNNAMED --add-opens=java.xml/javax.xml.namespace=ALL-UNNAMED -XX:MaxMetaspaceSize=512m -XX:ReservedCodeCacheSize=256m -XX:+HeapDumpOnOutOfMemoryError -Xmx2G -Dfile.encoding=windows-1252 -Duser.country=IN -Duser.language=en -Duser.variant -javaagent:C:\Users\ACER\.gradle\wrapper\dists\gradle-8.13-all\54h0s9kvb6g2sinako7ub77ku\gradle-8.13\lib\agents\gradle-instrumentation-agent-8.13.jar org.gradle.launcher.daemon.bootstrap.GradleDaemon 8.13

Host: 11th Gen Intel(R) Core(TM) i7-1165G7 @ 2.80GHz, 8 cores, 15G,  Windows 11 , 64 bit Build 26100 (10.0.26100.7705)
Time: Wed Feb 25 22:16:32 2026 India Standard Time elapsed time: 43.880594 seconds (0d 0h 0m 43s)

---------------  T H R E A D  ---------------

Current thread (0x0000018f57536990):  JavaThread "C2 CompilerThread0" daemon [_thread_in_native, id=33536, stack(0x0000005270200000,0x0000005270300000)]


Current CompileTask:
C2:  43880 13081       4       java.beans.Introspector::addMethod (196 bytes)

Stack: [0x0000005270200000,0x0000005270300000]
Native frames: (J=compiled Java code, j=interpreted, Vv=VM code, C=native code)
V  [jvm.dll+0x67a04a]
V  [jvm.dll+0x7da4ed]
V  [jvm.dll+0x7dbe33]
V  [jvm.dll+0x7dc4a3]
V  [jvm.dll+0x24508f]
V  [jvm.dll+0xab773]
V  [jvm.dll+0xabd3c]
V  [jvm.dll+0x361b9f]
V  [jvm.dll+0x32c431]
V  [jvm.dll+0x32b8ca]
V  [jvm.dll+0x21683f]
V  [jvm.dll+0x215c6f]
V  [jvm.dll+0x1a2960]
V  [jvm.dll+0x22610b]
V  [jvm.dll+0x2242ab]
V  [jvm.dll+0x79075c]
V  [jvm.dll+0x78abea]
V  [jvm.dll+0x678f35]
C  [ucrtbase.dll+0x37b0]
C  [KERNEL32.DLL+0x2e8d7]
C  [ntdll.dll+0x8c40c]


---------------  P R O C E S S  ---------------

Threads class SMR info:
_java_thread_list=0x0000018f7b90dea0, length=136, elements={
0x0000018f381a6d30, 0x0000018f57406360, 0x0000018f57408c40, 0x0000018f57531300,
0x0000018f57531bd0, 0x0000018f575334b0, 0x0000018f57533d80, 0x0000018f57536990,
0x0000018f57546010, 0x0000018f57563970, 0x0000018f5765d490, 0x0000018f5765b630,
0x0000018f5765bb40, 0x0000018f5765c050, 0x0000018f5765c560, 0x0000018f5765deb0,
0x0000018f5765ca70, 0x0000018f5765e3c0, 0x0000018f5765cf80, 0x0000018f5765e8d0,
0x0000018f5765ede0, 0x0000018f79100330, 0x0000018f79100840, 0x0000018f79100d50,
0x0000018f790ff400, 0x0000018f790fe4d0, 0x0000018f790ffe20, 0x0000018f790feef0,
0x0000018f790ff910, 0x0000018f79101770, 0x0000018f790fdfc0, 0x0000018f791035d0,
0x0000018f79103ae0, 0x0000018f79104500, 0x0000018f79105940, 0x0000018f79102bb0,
0x0000018f79102190, 0x0000018f77e2afb0, 0x0000018f77e2e250, 0x0000018f77e2d320,
0x0000018f77e2b9d0, 0x0000018f77e2dd40, 0x0000018f77e2b4c0, 0x0000018f77e2c900,
0x0000018f77e2bee0, 0x0000018f77e2e760, 0x0000018f77e2f180, 0x0000018f77e2ec70,
0x0000018f77e2fba0, 0x0000018f77e2f690, 0x0000018f77e300b0, 0x0000018f77e305c0,
0x0000018f77e2d830, 0x0000018f77e2ce10, 0x0000018f77e31a00, 0x0000018f77e31f10,
0x0000018f77e30fe0, 0x0000018f77e30ad0, 0x0000018f77e314f0, 0x0000018f77e32420,
0x0000018f7ba429c0, 0x0000018f7ba41a90, 0x0000018f7ba41fa0, 0x0000018f7ba438f0,
0x0000018f7ba42ed0, 0x0000018f7ba433e0, 0x0000018f7ba44310, 0x0000018f7ba43e00,
0x0000018f7ba44820, 0x0000018f7ba44d30, 0x0000018f7ad73c80, 0x0000018f7ad72d50,
0x0000018f7ad73770, 0x0000018f7ad755d0, 0x0000018f7ad750c0, 0x0000018f7ad74bb0,
0x0000018f7ad746a0, 0x0000018f7ad74190, 0x0000018f7ad72840, 0x0000018f7ad71e20,
0x0000018f7ad75ae0, 0x0000018f7ad72330, 0x0000018f7ad75ff0, 0x0000018f7ad76500,
0x0000018f7ad76a10, 0x0000018f7ad73260, 0x0000018f7ad78d80, 0x0000018f7ad79290,
0x0000018f7ad78870, 0x0000018f7ad76f20, 0x0000018f7ad77430, 0x0000018f7ad77940,
0x0000018f7ad78360, 0x0000018f7ad797a0, 0x0000018f79864cd0, 0x0000018f798642b0,
0x0000018f798647c0, 0x0000018f79862e70, 0x0000018f79862450, 0x0000018f79863380,
0x0000018f79865c00, 0x0000018f79863890, 0x0000018f798651e0, 0x0000018f798656f0,
0x0000018f79863da0, 0x0000018f79862960, 0x0000018f7d0e4820, 0x0000018f7d0e29c0,
0x0000018f7d0e6170, 0x0000018f7d0e5240, 0x0000018f7d0e4d30, 0x0000018f7d0e3e00,
0x0000018f7d0e4310, 0x0000018f7d0e70a0, 0x0000018f7d0e84e0, 0x0000018f7d0e89f0,
0x0000018f7d0e8f00, 0x0000018f7d0e9410, 0x0000018f7d0e9e30, 0x0000018f79101260,
0x0000018f5765d9a0, 0x0000018f7a3a10e0, 0x0000018f7a08ef10, 0x0000018f7a3a1b00,
0x0000018f7a3a01b0, 0x0000018f7a3a3450, 0x0000018f7a3a0bd0, 0x0000018f7a3a15f0,
0x0000018f7a3a2010, 0x0000018f7a3a2520, 0x0000018f7a3a2a30, 0x0000018f7a39fca0,
0x0000018f7a3a2f40, 0x0000018f7a093420, 0x0000018f7a3a3960, 0x0000018f7a3a06c0
}

Java Threads: ( => current thread )
  0x0000018f381a6d30 JavaThread "main" [_thread_blocked, id=30520, stack(0x000000526f500000,0x000000526f600000)]
  0x0000018f57406360 JavaThread "Reference Handler" daemon [_thread_blocked, id=23892, stack(0x000000526fc00000,0x000000526fd00000)]
  0x0000018f57408c40 JavaThread "Finalizer" daemon [_thread_blocked, id=26732, stack(0x000000526fd00000,0x000000526fe00000)]
  0x0000018f57531300 JavaThread "Signal Dispatcher" daemon [_thread_blocked, id=19096, stack(0x000000526fe00000,0x000000526ff00000)]
  0x0000018f57531bd0 JavaThread "Attach Listener" daemon [_thread_blocked, id=29820, stack(0x000000526ff00000,0x0000005270000000)]
  0x0000018f575334b0 JavaThread "Service Thread" daemon [_thread_blocked, id=17576, stack(0x0000005270000000,0x0000005270100000)]
  0x0000018f57533d80 JavaThread "Monitor Deflation Thread" daemon [_thread_blocked, id=11492, stack(0x0000005270100000,0x0000005270200000)]
=>0x0000018f57536990 JavaThread "C2 CompilerThread0" daemon [_thread_in_native, id=33536, stack(0x0000005270200000,0x0000005270300000)]
  0x0000018f57546010 JavaThread "C1 CompilerThread0" daemon [_thread_blocked, id=32560, stack(0x0000005270300000,0x0000005270400000)]
  0x0000018f57563970 JavaThread "Sweeper thread" daemon [_thread_in_vm, id=12556, stack(0x0000005270400000,0x0000005270500000)]
  0x0000018f5765d490 JavaThread "Common-Cleaner" daemon [_thread_blocked, id=31752, stack(0x0000005270500000,0x0000005270600000)]
  0x0000018f5765b630 JavaThread "Notification Thread" daemon [_thread_blocked, id=14428, stack(0x0000005270600000,0x0000005270700000)]
  0x0000018f5765bb40 JavaThread "Daemon health stats" [_thread_blocked, id=32500, stack(0x0000005270900000,0x0000005270a00000)]
  0x0000018f5765c050 JavaThread "Incoming local TCP Connector on port 50877" [_thread_in_native, id=22760, stack(0x0000005270f00000,0x0000005271000000)]
  0x0000018f5765c560 JavaThread "Daemon periodic checks" [_thread_blocked, id=10336, stack(0x0000005271000000,0x0000005271100000)]
  0x0000018f5765deb0 JavaThread "Daemon" [_thread_blocked, id=14680, stack(0x0000005271100000,0x0000005271200000)]
  0x0000018f5765ca70 JavaThread "Handler for socket connection from /127.0.0.1:50877 to /127.0.0.1:50879" [_thread_in_native, id=28828, stack(0x0000005271200000,0x0000005271300000)]
  0x0000018f5765e3c0 JavaThread "Cancel handler" [_thread_blocked, id=29804, stack(0x0000005271300000,0x0000005271400000)]
  0x0000018f5765cf80 JavaThread "Daemon worker" [_thread_in_vm, id=30480, stack(0x0000005270800000,0x0000005270900000)]
  0x0000018f5765e8d0 JavaThread "Asynchronous log dispatcher for DefaultDaemonConnection: socket connection from /127.0.0.1:50877 to /127.0.0.1:50879" [_thread_blocked, id=9284, stack(0x0000005271400000,0x0000005271500000)]
  0x0000018f5765ede0 JavaThread "Stdin handler" [_thread_blocked, id=32048, stack(0x0000005271500000,0x0000005271600000)]
  0x0000018f79100330 JavaThread "Daemon client event forwarder" [_thread_blocked, id=10640, stack(0x0000005271600000,0x0000005271700000)]
  0x0000018f79100840 JavaThread "Cache worker for journal cache (C:\Users\ACER\.gradle\caches\journal-1)" [_thread_blocked, id=1276, stack(0x0000005271800000,0x0000005271900000)]
  0x0000018f79100d50 JavaThread "File lock request listener" [_thread_in_native, id=24524, stack(0x0000005271900000,0x0000005271a00000)]
  0x0000018f790ff400 JavaThread "Cache worker for file hash cache (C:\Users\ACER\.gradle\caches\8.13\fileHashes)" [_thread_blocked, id=32180, stack(0x0000005271a00000,0x0000005271b00000)]
  0x0000018f790fe4d0 JavaThread "Cache worker for file hash cache (C:\Users\ACER\Downloads\WattX-main (2)\WattX-main\android\.gradle\8.13\fileHashes)" [_thread_blocked, id=23268, stack(0x0000005271c00000,0x0000005271d00000)]
  0x0000018f790ffe20 JavaThread "Cache worker for Build Output Cleanup Cache (C:\Users\ACER\Downloads\WattX-main (2)\WattX-main\android\.gradle\buildOutputCleanup)" [_thread_blocked, id=8728, stack(0x0000005271d00000,0x0000005271e00000)]
  0x0000018f790feef0 JavaThread "File watcher server" daemon [_thread_in_native, id=2276, stack(0x0000005272000000,0x0000005272100000)]
  0x0000018f790ff910 JavaThread "File watcher consumer" daemon [_thread_blocked, id=30220, stack(0x0000005272100000,0x0000005272200000)]
  0x0000018f79101770 JavaThread "jar transforms" [_thread_blocked, id=25696, stack(0x0000005272200000,0x0000005272300000)]
  0x0000018f790fdfc0 JavaThread "jar transforms Thread 2" [_thread_blocked, id=19328, stack(0x0000005272300000,0x0000005272400000)]
  0x0000018f791035d0 JavaThread "File lock release action executor" [_thread_blocked, id=27424, stack(0x0000005272500000,0x0000005272600000)]
  0x0000018f79103ae0 JavaThread "Cache worker for checksums cache (C:\Users\ACER\Downloads\WattX-main (2)\WattX-main\android\.gradle\8.13\checksums)" [_thread_blocked, id=32016, stack(0x0000005272600000,0x0000005272700000)]
  0x0000018f79104500 JavaThread "Cache worker for file content cache (C:\Users\ACER\.gradle\caches\8.13\fileContent)" [_thread_blocked, id=22492, stack(0x0000005272700000,0x0000005272800000)]
  0x0000018f79105940 JavaThread "Cache worker for cache directory md-supplier (C:\Users\ACER\.gradle\caches\8.13\md-supplier)" [_thread_blocked, id=10056, stack(0x0000005272800000,0x0000005272900000)]
  0x0000018f79102bb0 JavaThread "Cache worker for cache directory md-rule (C:\Users\ACER\.gradle\caches\8.13\md-rule)" [_thread_blocked, id=23944, stack(0x0000005272900000,0x0000005272a00000)]
  0x0000018f79102190 JavaThread "Cache worker for Build Output Cleanup Cache (C:\flutter\packages\flutter_tools\gradle\.gradle\buildOutputCleanup)" [_thread_blocked, id=30804, stack(0x0000005272a00000,0x0000005272b00000)]
  0x0000018f77e2afb0 JavaThread "Unconstrained build operations" [_thread_blocked, id=28884, stack(0x0000005272400000,0x0000005272500000)]
  0x0000018f77e2e250 JavaThread "Unconstrained build operations Thread 2" [_thread_blocked, id=10452, stack(0x0000005272b00000,0x0000005272c00000)]
  0x0000018f77e2d320 JavaThread "Unconstrained build operations Thread 3" [_thread_blocked, id=10928, stack(0x0000005272c00000,0x0000005272d00000)]
  0x0000018f77e2b9d0 JavaThread "Unconstrained build operations Thread 4" [_thread_blocked, id=13476, stack(0x0000005272d00000,0x0000005272e00000)]
  0x0000018f77e2dd40 JavaThread "Unconstrained build operations Thread 5" [_thread_blocked, id=27276, stack(0x0000005272e00000,0x0000005272f00000)]
  0x0000018f77e2b4c0 JavaThread "Unconstrained build operations Thread 6" [_thread_blocked, id=12448, stack(0x0000005272f00000,0x0000005273000000)]
  0x0000018f77e2c900 JavaThread "Unconstrained build operations Thread 7" [_thread_blocked, id=3268, stack(0x0000005273000000,0x0000005273100000)]
  0x0000018f77e2bee0 JavaThread "Unconstrained build operations Thread 8" [_thread_blocked, id=23672, stack(0x0000005273100000,0x0000005273200000)]
  0x0000018f77e2e760 JavaThread "Unconstrained build operations Thread 9" [_thread_blocked, id=3244, stack(0x0000005273200000,0x0000005273300000)]
  0x0000018f77e2f180 JavaThread "Unconstrained build operations Thread 10" [_thread_blocked, id=29052, stack(0x0000005273300000,0x0000005273400000)]
  0x0000018f77e2ec70 JavaThread "Unconstrained build operations Thread 11" [_thread_blocked, id=27204, stack(0x0000005273400000,0x0000005273500000)]
  0x0000018f77e2fba0 JavaThread "Unconstrained build operations Thread 12" [_thread_blocked, id=12620, stack(0x0000005273500000,0x0000005273600000)]
  0x0000018f77e2f690 JavaThread "Unconstrained build operations Thread 13" [_thread_blocked, id=30076, stack(0x0000005273600000,0x0000005273700000)]
  0x0000018f77e300b0 JavaThread "Unconstrained build operations Thread 14" [_thread_blocked, id=24984, stack(0x0000005273700000,0x0000005273800000)]
  0x0000018f77e305c0 JavaThread "Unconstrained build operations Thread 15" [_thread_blocked, id=26452, stack(0x0000005273800000,0x0000005273900000)]
  0x0000018f77e2d830 JavaThread "Unconstrained build operations Thread 16" [_thread_blocked, id=23036, stack(0x0000005273900000,0x0000005273a00000)]
  0x0000018f77e2ce10 JavaThread "Unconstrained build operations Thread 17" [_thread_blocked, id=22168, stack(0x0000005273a00000,0x0000005273b00000)]
  0x0000018f77e31a00 JavaThread "Unconstrained build operations Thread 18" [_thread_blocked, id=23252, stack(0x0000005273b00000,0x0000005273c00000)]
  0x0000018f77e31f10 JavaThread "Unconstrained build operations Thread 19" [_thread_blocked, id=7040, stack(0x0000005273c00000,0x0000005273d00000)]
  0x0000018f77e30fe0 JavaThread "Unconstrained build operations Thread 20" [_thread_blocked, id=11140, stack(0x0000005273d00000,0x0000005273e00000)]
  0x0000018f77e30ad0 JavaThread "Unconstrained build operations Thread 21" [_thread_blocked, id=12464, stack(0x0000005273e00000,0x0000005273f00000)]
  0x0000018f77e314f0 JavaThread "Memory manager" [_thread_blocked, id=26664, stack(0x0000005273f00000,0x0000005274000000)]
  0x0000018f77e32420 JavaThread "build event listener" [_thread_blocked, id=18520, stack(0x0000005274000000,0x0000005274100000)]
  0x0000018f7ba429c0 JavaThread "included builds" [_thread_blocked, id=14736, stack(0x0000005274200000,0x0000005274300000)]
  0x0000018f7ba41a90 JavaThread "Execution worker" [_thread_blocked, id=9772, stack(0x0000005274300000,0x0000005274400000)]
  0x0000018f7ba41fa0 JavaThread "Execution worker Thread 2" [_thread_blocked, id=23520, stack(0x0000005274400000,0x0000005274500000)]
  0x0000018f7ba438f0 JavaThread "Execution worker Thread 3" [_thread_blocked, id=29844, stack(0x0000005274500000,0x0000005274600000)]
  0x0000018f7ba42ed0 JavaThread "Execution worker Thread 4" [_thread_blocked, id=2424, stack(0x0000005274600000,0x0000005274700000)]
  0x0000018f7ba433e0 JavaThread "Execution worker Thread 5" [_thread_blocked, id=31844, stack(0x0000005274700000,0x0000005274800000)]
  0x0000018f7ba44310 JavaThread "Execution worker Thread 6" [_thread_blocked, id=29988, stack(0x0000005274800000,0x0000005274900000)]
  0x0000018f7ba43e00 JavaThread "Execution worker Thread 7" [_thread_blocked, id=21944, stack(0x0000005274900000,0x0000005274a00000)]
  0x0000018f7ba44820 JavaThread "Cache worker for execution history cache (C:\flutter\packages\flutter_tools\gradle\.gradle\8.13\executionHistory)" [_thread_blocked, id=30072, stack(0x0000005274a00000,0x0000005274b00000)]
  0x0000018f7ba44d30 JavaThread "Unconstrained build operations Thread 22" [_thread_blocked, id=32336, stack(0x0000005274b00000,0x0000005274c00000)]
  0x0000018f7ad73c80 JavaThread "Unconstrained build operations Thread 23" [_thread_blocked, id=30820, stack(0x0000005274c00000,0x0000005274d00000)]
  0x0000018f7ad72d50 JavaThread "Unconstrained build operations Thread 24" [_thread_blocked, id=31272, stack(0x0000005274d00000,0x0000005274e00000)]
  0x0000018f7ad73770 JavaThread "Unconstrained build operations Thread 25" [_thread_blocked, id=29476, stack(0x0000005274e00000,0x0000005274f00000)]
  0x0000018f7ad755d0 JavaThread "Unconstrained build operations Thread 26" [_thread_blocked, id=17156, stack(0x0000005274f00000,0x0000005275000000)]
  0x0000018f7ad750c0 JavaThread "Unconstrained build operations Thread 27" [_thread_blocked, id=10504, stack(0x0000005275000000,0x0000005275100000)]
  0x0000018f7ad74bb0 JavaThread "Unconstrained build operations Thread 28" [_thread_blocked, id=12732, stack(0x0000005275100000,0x0000005275200000)]
  0x0000018f7ad746a0 JavaThread "Unconstrained build operations Thread 29" [_thread_blocked, id=24292, stack(0x0000005275200000,0x0000005275300000)]
  0x0000018f7ad74190 JavaThread "Unconstrained build operations Thread 30" [_thread_blocked, id=27048, stack(0x0000005275300000,0x0000005275400000)]
  0x0000018f7ad72840 JavaThread "Unconstrained build operations Thread 31" [_thread_blocked, id=23920, stack(0x0000005275400000,0x0000005275500000)]
  0x0000018f7ad71e20 JavaThread "Unconstrained build operations Thread 32" [_thread_blocked, id=32860, stack(0x0000005275500000,0x0000005275600000)]
  0x0000018f7ad75ae0 JavaThread "Unconstrained build operations Thread 33" [_thread_blocked, id=30252, stack(0x0000005275600000,0x0000005275700000)]
  0x0000018f7ad72330 JavaThread "Unconstrained build operations Thread 34" [_thread_blocked, id=12592, stack(0x0000005275700000,0x0000005275800000)]
  0x0000018f7ad75ff0 JavaThread "Unconstrained build operations Thread 35" [_thread_blocked, id=17952, stack(0x0000005275800000,0x0000005275900000)]
  0x0000018f7ad76500 JavaThread "Unconstrained build operations Thread 36" [_thread_blocked, id=30336, stack(0x0000005275900000,0x0000005275a00000)]
  0x0000018f7ad76a10 JavaThread "Unconstrained build operations Thread 37" [_thread_blocked, id=17056, stack(0x0000005275a00000,0x0000005275b00000)]
  0x0000018f7ad73260 JavaThread "Unconstrained build operations Thread 38" [_thread_blocked, id=31232, stack(0x0000005275b00000,0x0000005275c00000)]
  0x0000018f7ad78d80 JavaThread "Unconstrained build operations Thread 39" [_thread_blocked, id=18832, stack(0x0000005275c00000,0x0000005275d00000)]
  0x0000018f7ad79290 JavaThread "Unconstrained build operations Thread 40" [_thread_blocked, id=31052, stack(0x0000005275d00000,0x0000005275e00000)]
  0x0000018f7ad78870 JavaThread "Unconstrained build operations Thread 41" [_thread_blocked, id=10728, stack(0x0000005275e00000,0x0000005275f00000)]
  0x0000018f7ad76f20 JavaThread "Unconstrained build operations Thread 42" [_thread_blocked, id=32972, stack(0x0000005275f00000,0x0000005276000000)]
  0x0000018f7ad77430 JavaThread "Unconstrained build operations Thread 43" [_thread_blocked, id=14548, stack(0x0000005276000000,0x0000005276100000)]
  0x0000018f7ad77940 JavaThread "Unconstrained build operations Thread 44" [_thread_blocked, id=18216, stack(0x0000005276100000,0x0000005276200000)]
  0x0000018f7ad78360 JavaThread "Unconstrained build operations Thread 45" [_thread_blocked, id=5240, stack(0x0000005274100000,0x0000005274200000)]
  0x0000018f7ad797a0 JavaThread "Unconstrained build operations Thread 46" [_thread_blocked, id=17528, stack(0x0000005276200000,0x0000005276300000)]
  0x0000018f79864cd0 JavaThread "Unconstrained build operations Thread 47" [_thread_blocked, id=19152, stack(0x0000005276300000,0x0000005276400000)]
  0x0000018f798642b0 JavaThread "Unconstrained build operations Thread 48" [_thread_blocked, id=32332, stack(0x0000005276400000,0x0000005276500000)]
  0x0000018f798647c0 JavaThread "Unconstrained build operations Thread 49" [_thread_blocked, id=27656, stack(0x0000005276500000,0x0000005276600000)]
  0x0000018f79862e70 JavaThread "Unconstrained build operations Thread 50" [_thread_blocked, id=10028, stack(0x0000005276600000,0x0000005276700000)]
  0x0000018f79862450 JavaThread "Unconstrained build operations Thread 51" [_thread_blocked, id=32740, stack(0x0000005276700000,0x0000005276800000)]
  0x0000018f79863380 JavaThread "Unconstrained build operations Thread 52" [_thread_blocked, id=14136, stack(0x0000005276800000,0x0000005276900000)]
  0x0000018f79865c00 JavaThread "Unconstrained build operations Thread 53" [_thread_blocked, id=30392, stack(0x0000005276900000,0x0000005276a00000)]
  0x0000018f79863890 JavaThread "Unconstrained build operations Thread 54" [_thread_blocked, id=30944, stack(0x0000005276a00000,0x0000005276b00000)]
  0x0000018f798651e0 JavaThread "Unconstrained build operations Thread 55" [_thread_blocked, id=26932, stack(0x0000005276b00000,0x0000005276c00000)]
  0x0000018f798656f0 JavaThread "Unconstrained build operations Thread 56" [_thread_blocked, id=21884, stack(0x0000005276c00000,0x0000005276d00000)]
  0x0000018f79863da0 JavaThread "Unconstrained build operations Thread 57" [_thread_blocked, id=14040, stack(0x0000005276d00000,0x0000005276e00000)]
  0x0000018f79862960 JavaThread "Unconstrained build operations Thread 58" [_thread_blocked, id=25824, stack(0x0000005276e00000,0x0000005276f00000)]
  0x0000018f7d0e4820 JavaThread "Unconstrained build operations Thread 59" [_thread_blocked, id=27568, stack(0x0000005276f00000,0x0000005277000000)]
  0x0000018f7d0e29c0 JavaThread "Unconstrained build operations Thread 60" [_thread_blocked, id=23192, stack(0x0000005277000000,0x0000005277100000)]
  0x0000018f7d0e6170 JavaThread "Unconstrained build operations Thread 61" [_thread_blocked, id=23436, stack(0x0000005277100000,0x0000005277200000)]
  0x0000018f7d0e5240 JavaThread "Unconstrained build operations Thread 62" [_thread_blocked, id=26636, stack(0x0000005277200000,0x0000005277300000)]
  0x0000018f7d0e4d30 JavaThread "Unconstrained build operations Thread 63" [_thread_blocked, id=23052, stack(0x0000005277300000,0x0000005277400000)]
  0x0000018f7d0e3e00 JavaThread "Unconstrained build operations Thread 64" [_thread_blocked, id=7780, stack(0x0000005277400000,0x0000005277500000)]
  0x0000018f7d0e4310 JavaThread "Unconstrained build operations Thread 65" [_thread_blocked, id=31316, stack(0x0000005277500000,0x0000005277600000)]
  0x0000018f7d0e70a0 JavaThread "build event listener" [_thread_blocked, id=26224, stack(0x0000005271700000,0x0000005271800000)]
  0x0000018f7d0e84e0 JavaThread "jar transforms Thread 3" [_thread_blocked, id=22500, stack(0x0000005277900000,0x0000005277a00000)]
  0x0000018f7d0e89f0 JavaThread "Unconstrained build operations Thread 66" [_thread_blocked, id=5656, stack(0x0000005277600000,0x0000005277700000)]
  0x0000018f7d0e8f00 JavaThread "Unconstrained build operations Thread 67" [_thread_blocked, id=23372, stack(0x0000005277a00000,0x0000005277b00000)]
  0x0000018f7d0e9410 JavaThread "Unconstrained build operations Thread 68" [_thread_blocked, id=22420, stack(0x0000005277b00000,0x0000005277c00000)]
  0x0000018f7d0e9e30 JavaThread "Unconstrained build operations Thread 69" [_thread_blocked, id=25048, stack(0x0000005277c00000,0x0000005277d00000)]
  0x0000018f79101260 JavaThread "Unconstrained build operations Thread 70" [_thread_blocked, id=20700, stack(0x0000005277d00000,0x0000005277e00000)]
  0x0000018f5765d9a0 JavaThread "Unconstrained build operations Thread 71" [_thread_blocked, id=29732, stack(0x0000005277e00000,0x0000005277f00000)]
  0x0000018f7a3a10e0 JavaThread "Unconstrained build operations Thread 72" [_thread_blocked, id=31540, stack(0x0000005277f00000,0x0000005278000000)]
  0x0000018f7a08ef10 JavaThread "C2 CompilerThread1" daemon [_thread_in_native, id=20792, stack(0x0000005278000000,0x0000005278100000)]
  0x0000018f7a3a1b00 JavaThread "Unconstrained build operations Thread 73" [_thread_blocked, id=32252, stack(0x0000005278100000,0x0000005278200000)]
  0x0000018f7a3a01b0 JavaThread "Unconstrained build operations Thread 74" [_thread_blocked, id=33140, stack(0x0000005278200000,0x0000005278300000)]
  0x0000018f7a3a3450 JavaThread "Unconstrained build operations Thread 75" [_thread_blocked, id=17920, stack(0x0000005278300000,0x0000005278400000)]
  0x0000018f7a3a0bd0 JavaThread "Unconstrained build operations Thread 76" [_thread_blocked, id=17048, stack(0x0000005278400000,0x0000005278500000)]
  0x0000018f7a3a15f0 JavaThread "Unconstrained build operations Thread 77" [_thread_blocked, id=31160, stack(0x0000005278500000,0x0000005278600000)]
  0x0000018f7a3a2010 JavaThread "Unconstrained build operations Thread 78" [_thread_blocked, id=15736, stack(0x0000005278600000,0x0000005278700000)]
  0x0000018f7a3a2520 JavaThread "Unconstrained build operations Thread 79" [_thread_blocked, id=30972, stack(0x0000005278700000,0x0000005278800000)]
  0x0000018f7a3a2a30 JavaThread "Unconstrained build operations Thread 80" [_thread_blocked, id=24000, stack(0x0000005278800000,0x0000005278900000)]
  0x0000018f7a39fca0 JavaThread "jar transforms Thread 4" [_thread_blocked, id=33180, stack(0x0000005278900000,0x0000005278a00000)]
  0x0000018f7a3a2f40 JavaThread "Problems report writer" [_thread_blocked, id=2992, stack(0x0000005278a00000,0x0000005278b00000)]
  0x0000018f7a093420 JavaThread "C2 CompilerThread2" daemon [_thread_in_native, id=10552, stack(0x0000005278b00000,0x0000005278c00000)]
  0x0000018f7a3a3960 JavaThread "jar transforms Thread 5" [_thread_blocked, id=10296, stack(0x0000005278c00000,0x0000005278d00000)]
  0x0000018f7a3a06c0 JavaThread "jar transforms Thread 6" [_thread_blocked, id=30872, stack(0x0000005278d00000,0x0000005278e00000)]

Other Threads:
  0x0000018f57404d20 VMThread "VM Thread" [stack: 0x000000526fb00000,0x000000526fc00000] [id=17956]
  0x0000018f381a7ac0 WatcherThread [stack: 0x0000005270700000,0x0000005270800000] [id=33644]
  0x0000018f38204430 GCTaskThread "GC Thread#0" [stack: 0x000000526f600000,0x000000526f700000] [id=23540]
  0x0000018f773fe650 GCTaskThread "GC Thread#1" [stack: 0x0000005270a00000,0x0000005270b00000] [id=24436]
  0x0000018f578c4f70 GCTaskThread "GC Thread#2" [stack: 0x0000005270b00000,0x0000005270c00000] [id=17488]
  0x0000018f578c5230 GCTaskThread "GC Thread#3" [stack: 0x0000005270c00000,0x0000005270d00000] [id=1324]
  0x0000018f578c54f0 GCTaskThread "GC Thread#4" [stack: 0x0000005270d00000,0x0000005270e00000] [id=33724]
  0x0000018f578c7510 GCTaskThread "GC Thread#5" [stack: 0x0000005270e00000,0x0000005270f00000] [id=18000]
  0x0000018f79a3b000 GCTaskThread "GC Thread#6" [stack: 0x0000005271b00000,0x0000005271c00000] [id=10080]
  0x0000018f7950a4b0 GCTaskThread "GC Thread#7" [stack: 0x0000005271e00000,0x0000005271f00000] [id=32756]
  0x0000018f38253010 ConcurrentGCThread "G1 Main Marker" [stack: 0x000000526f700000,0x000000526f800000] [id=33708]
  0x0000018f38254f80 ConcurrentGCThread "G1 Conc#0" [stack: 0x000000526f800000,0x000000526f900000] [id=12108]
  0x0000018f778dfdf0 ConcurrentGCThread "G1 Conc#1" [stack: 0x0000005271f00000,0x0000005272000000] [id=32876]
  0x0000018f572bd230 ConcurrentGCThread "G1 Refine#0" [stack: 0x000000526f900000,0x000000526fa00000] [id=15580]
  0x0000018f572bda10 ConcurrentGCThread "G1 Service" [stack: 0x000000526fa00000,0x000000526fb00000] [id=31172]

Threads with active compile tasks:
C2 CompilerThread0    43925 13081       4       java.beans.Introspector::addMethod (196 bytes)
C1 CompilerThread0    43925 13138       3       groovyjarjarasm.asm.SymbolTable::addType (81 bytes)
C2 CompilerThread1    43925 13063       4       java.lang.Class::getMethod (59 bytes)
C2 CompilerThread2    43925 13106       4       groovy.lang.MetaMethod::getMopName (105 bytes)

VM state: not at safepoint (normal execution)

VM Mutex/Monitor currently owned by a thread: None

Heap address: 0x0000000080000000, size: 2048 MB, Compressed Oops mode: 32-bit

CDS archive(s) mapped at: [0x0000018f58000000-0x0000018f58bd0000-0x0000018f58bd0000), size 12386304, SharedBaseAddress: 0x0000018f58000000, ArchiveRelocationMode: 1.
Compressed class space mapped at: 0x0000018f59000000-0x0000018f73000000, reserved size: 436207616
Narrow klass base: 0x0000018f58000000, Narrow klass shift: 0, Narrow klass range: 0x100000000

GC Precious Log:
 CPUs: 8 total, 8 available
 Memory: 16163M
 Large Page Support: Disabled
 NUMA Support: Disabled
 Compressed Oops: Enabled (32-bit)
 Heap Region Size: 1M
 Heap Min Capacity: 8M
 Heap Initial Capacity: 254M
 Heap Max Capacity: 2G
 Pre-touch: Disabled
 Parallel Workers: 8
 Concurrent Workers: 2
 Concurrent Refinement Workers: 8
 Periodic GC: Disabled

Heap:
 garbage-first heap   total 243712K, used 171090K [0x0000000080000000, 0x0000000100000000)
  region size 1024K, 50 young (51200K), 5 survivors (5120K)
 Metaspace       used 101410K, committed 102336K, reserved 557056K
  class space    used 14104K, committed 14528K, reserved 425984K

Heap Regions: E=young(eden), S=young(survivor), O=old, HS=humongous(starts), HC=humongous(continues), CS=collection set, F=free, OA=open archive, CA=closed archive, TAMS=top-at-mark-start (previous, next)
|   0|0x0000000080000000, 0x0000000080100000, 0x0000000080100000|100%|HS|  |TAMS 0x0000000080100000, 0x0000000080000000| Complete 
|   1|0x0000000080100000, 0x0000000080200000, 0x0000000080200000|100%|HC|  |TAMS 0x0000000080200000, 0x0000000080100000| Complete 
|   2|0x0000000080200000, 0x0000000080300000, 0x0000000080300000|100%|HC|  |TAMS 0x0000000080300000, 0x0000000080200000| Complete 
|   3|0x0000000080300000, 0x0000000080400000, 0x0000000080400000|100%| O|  |TAMS 0x0000000080400000, 0x0000000080300000| Untracked 
|   4|0x0000000080400000, 0x0000000080500000, 0x0000000080500000|100%| O|  |TAMS 0x0000000080500000, 0x0000000080400000| Untracked 
|   5|0x0000000080500000, 0x0000000080600000, 0x0000000080600000|100%| O|  |TAMS 0x0000000080600000, 0x0000000080500000| Untracked 
|   6|0x0000000080600000, 0x0000000080700000, 0x0000000080700000|100%|HS|  |TAMS 0x0000000080700000, 0x0000000080600000| Complete 
|   7|0x0000000080700000, 0x0000000080800000, 0x0000000080800000|100%| O|  |TAMS 0x0000000080800000, 0x0000000080700000| Untracked 
|   8|0x0000000080800000, 0x0000000080900000, 0x0000000080900000|100%| O|  |TAMS 0x0000000080900000, 0x0000000080800000| Untracked 
|   9|0x0000000080900000, 0x00000000809c7c00, 0x0000000080a00000| 78%| O|  |TAMS 0x00000000809c7c00, 0x0000000080900000| Untracked 
|  10|0x0000000080a00000, 0x0000000080b00000, 0x0000000080b00000|100%| O|  |TAMS 0x0000000080b00000, 0x0000000080a00000| Untracked 
|  11|0x0000000080b00000, 0x0000000080c00000, 0x0000000080c00000|100%| O|  |TAMS 0x0000000080c00000, 0x0000000080b00000| Untracked 
|  12|0x0000000080c00000, 0x0000000080d00000, 0x0000000080d00000|100%| O|  |TAMS 0x0000000080d00000, 0x0000000080c00000| Untracked 
|  13|0x0000000080d00000, 0x0000000080e00000, 0x0000000080e00000|100%| O|  |TAMS 0x0000000080e00000, 0x0000000080d00000| Untracked 
|  14|0x0000000080e00000, 0x0000000080f00000, 0x0000000080f00000|100%| O|  |TAMS 0x0000000080f00000, 0x0000000080e00000| Untracked 
|  15|0x0000000080f00000, 0x0000000081000000, 0x0000000081000000|100%| O|  |TAMS 0x0000000081000000, 0x0000000080f00000| Untracked 
|  16|0x0000000081000000, 0x0000000081100000, 0x0000000081100000|100%| O|  |TAMS 0x0000000081100000, 0x0000000081000000| Untracked 
|  17|0x0000000081100000, 0x0000000081200000, 0x0000000081200000|100%| O|  |TAMS 0x0000000081200000, 0x0000000081100000| Untracked 
|  18|0x0000000081200000, 0x0000000081300000, 0x0000000081300000|100%| O|  |TAMS 0x0000000081300000, 0x0000000081200000| Untracked 
|  19|0x0000000081300000, 0x0000000081400000, 0x0000000081400000|100%| O|  |TAMS 0x0000000081400000, 0x0000000081300000| Untracked 
|  20|0x0000000081400000, 0x0000000081500000, 0x0000000081500000|100%| O|  |TAMS 0x0000000081500000, 0x0000000081400000| Untracked 
|  21|0x0000000081500000, 0x0000000081600000, 0x0000000081600000|100%| O|  |TAMS 0x0000000081600000, 0x0000000081500000| Untracked 
|  22|0x0000000081600000, 0x0000000081700000, 0x0000000081700000|100%| O|  |TAMS 0x0000000081700000, 0x0000000081600000| Untracked 
|  23|0x0000000081700000, 0x0000000081800000, 0x0000000081800000|100%|HS|  |TAMS 0x0000000081800000, 0x0000000081700000| Complete 
|  24|0x0000000081800000, 0x0000000081900000, 0x0000000081900000|100%| O|  |TAMS 0x0000000081900000, 0x0000000081800000| Untracked 
|  25|0x0000000081900000, 0x0000000081a00000, 0x0000000081a00000|100%| O|  |TAMS 0x0000000081a00000, 0x0000000081900000| Untracked 
|  26|0x0000000081a00000, 0x0000000081b00000, 0x0000000081b00000|100%| O|  |TAMS 0x0000000081b00000, 0x0000000081a00000| Untracked 
|  27|0x0000000081b00000, 0x0000000081c00000, 0x0000000081c00000|100%| O|  |TAMS 0x0000000081c00000, 0x0000000081b00000| Untracked 
|  28|0x0000000081c00000, 0x0000000081d00000, 0x0000000081d00000|100%| O|  |TAMS 0x0000000081d00000, 0x0000000081c00000| Untracked 
|  29|0x0000000081d00000, 0x0000000081e00000, 0x0000000081e00000|100%| O|  |TAMS 0x0000000081e00000, 0x0000000081d00000| Untracked 
|  30|0x0000000081e00000, 0x0000000081f00000, 0x0000000081f00000|100%| O|  |TAMS 0x0000000081f00000, 0x0000000081e00000| Untracked 
|  31|0x0000000081f00000, 0x0000000082000000, 0x0000000082000000|100%| O|  |TAMS 0x0000000082000000, 0x0000000081f00000| Untracked 
|  32|0x0000000082000000, 0x0000000082100000, 0x0000000082100000|100%| O|  |TAMS 0x0000000082100000, 0x0000000082000000| Untracked 
|  33|0x0000000082100000, 0x0000000082200000, 0x0000000082200000|100%| O|  |TAMS 0x0000000082200000, 0x0000000082100000| Untracked 
|  34|0x0000000082200000, 0x0000000082300000, 0x0000000082300000|100%| O|  |TAMS 0x0000000082300000, 0x0000000082200000| Untracked 
|  35|0x0000000082300000, 0x0000000082400000, 0x0000000082400000|100%| O|  |TAMS 0x0000000082400000, 0x0000000082300000| Untracked 
|  36|0x0000000082400000, 0x0000000082500000, 0x0000000082500000|100%| O|  |TAMS 0x0000000082500000, 0x0000000082400000| Untracked 
|  37|0x0000000082500000, 0x0000000082600000, 0x0000000082600000|100%| O|  |TAMS 0x0000000082600000, 0x0000000082500000| Untracked 
|  38|0x0000000082600000, 0x0000000082700000, 0x0000000082700000|100%| O|  |TAMS 0x0000000082700000, 0x0000000082600000| Untracked 
|  39|0x0000000082700000, 0x0000000082800000, 0x0000000082800000|100%| O|  |TAMS 0x0000000082800000, 0x0000000082700000| Untracked 
|  40|0x0000000082800000, 0x0000000082900000, 0x0000000082900000|100%| O|  |TAMS 0x0000000082900000, 0x0000000082800000| Untracked 
|  41|0x0000000082900000, 0x0000000082a00000, 0x0000000082a00000|100%|HS|  |TAMS 0x0000000082a00000, 0x0000000082900000| Complete 
|  42|0x0000000082a00000, 0x0000000082b00000, 0x0000000082b00000|100%|HC|  |TAMS 0x0000000082b00000, 0x0000000082a00000| Complete 
|  43|0x0000000082b00000, 0x0000000082c00000, 0x0000000082c00000|100%|HS|  |TAMS 0x0000000082c00000, 0x0000000082b00000| Complete 
|  44|0x0000000082c00000, 0x0000000082d00000, 0x0000000082d00000|100%|HC|  |TAMS 0x0000000082d00000, 0x0000000082c00000| Complete 
|  45|0x0000000082d00000, 0x0000000082e00000, 0x0000000082e00000|100%|HS|  |TAMS 0x0000000082e00000, 0x0000000082d00000| Complete 
|  46|0x0000000082e00000, 0x0000000082f00000, 0x0000000082f00000|100%|HC|  |TAMS 0x0000000082f00000, 0x0000000082e00000| Complete 
|  47|0x0000000082f00000, 0x0000000083000000, 0x0000000083000000|100%|HC|  |TAMS 0x0000000083000000, 0x0000000082f00000| Complete 
|  48|0x0000000083000000, 0x0000000083100000, 0x0000000083100000|100%| O|  |TAMS 0x0000000083100000, 0x0000000083000000| Untracked 
|  49|0x0000000083100000, 0x0000000083200000, 0x0000000083200000|100%| O|  |TAMS 0x0000000083200000, 0x0000000083100000| Untracked 
|  50|0x0000000083200000, 0x0000000083300000, 0x0000000083300000|100%| O|  |TAMS 0x0000000083300000, 0x0000000083200000| Untracked 
|  51|0x0000000083300000, 0x0000000083400000, 0x0000000083400000|100%|HS|  |TAMS 0x0000000083400000, 0x0000000083300000| Complete 
|  52|0x0000000083400000, 0x0000000083500000, 0x0000000083500000|100%|HC|  |TAMS 0x0000000083500000, 0x0000000083400000| Complete 
|  53|0x0000000083500000, 0x0000000083600000, 0x0000000083600000|100%|HC|  |TAMS 0x0000000083600000, 0x0000000083500000| Complete 
|  54|0x0000000083600000, 0x0000000083700000, 0x0000000083700000|100%| O|  |TAMS 0x0000000083700000, 0x0000000083600000| Untracked 
|  55|0x0000000083700000, 0x0000000083800000, 0x0000000083800000|100%| O|  |TAMS 0x0000000083800000, 0x0000000083700000| Untracked 
|  56|0x0000000083800000, 0x0000000083900000, 0x0000000083900000|100%| O|  |TAMS 0x0000000083900000, 0x0000000083800000| Complete 
|  57|0x0000000083900000, 0x0000000083a00000, 0x0000000083a00000|100%| O|  |TAMS 0x0000000083a00000, 0x0000000083900000| Untracked 
|  58|0x0000000083a00000, 0x0000000083b00000, 0x0000000083b00000|100%| O|  |TAMS 0x0000000083b00000, 0x0000000083a00000| Untracked 
|  59|0x0000000083b00000, 0x0000000083c00000, 0x0000000083c00000|100%| O|  |TAMS 0x0000000083c00000, 0x0000000083b00000| Untracked 
|  60|0x0000000083c00000, 0x0000000083d00000, 0x0000000083d00000|100%| O|  |TAMS 0x0000000083d00000, 0x0000000083c00000| Untracked 
|  61|0x0000000083d00000, 0x0000000083e00000, 0x0000000083e00000|100%| O|  |TAMS 0x0000000083e00000, 0x0000000083d00000| Untracked 
|  62|0x0000000083e00000, 0x0000000083f00000, 0x0000000083f00000|100%| O|  |TAMS 0x0000000083f00000, 0x0000000083e00000| Complete 
|  63|0x0000000083f00000, 0x0000000084000000, 0x0000000084000000|100%| O|  |TAMS 0x0000000084000000, 0x0000000083f00000| Untracked 
|  64|0x0000000084000000, 0x0000000084100000, 0x0000000084100000|100%| O|  |TAMS 0x0000000084100000, 0x0000000084000000| Untracked 
|  65|0x0000000084100000, 0x0000000084200000, 0x0000000084200000|100%| O|  |TAMS 0x0000000084200000, 0x0000000084100000| Untracked 
|  66|0x0000000084200000, 0x0000000084300000, 0x0000000084300000|100%| O|  |TAMS 0x0000000084300000, 0x0000000084200000| Untracked 
|  67|0x0000000084300000, 0x0000000084400000, 0x0000000084400000|100%| O|  |TAMS 0x0000000084400000, 0x0000000084300000| Untracked 
|  68|0x0000000084400000, 0x0000000084500000, 0x0000000084500000|100%| O|  |TAMS 0x0000000084500000, 0x0000000084400000| Complete 
|  69|0x0000000084500000, 0x0000000084600000, 0x0000000084600000|100%| O|  |TAMS 0x0000000084600000, 0x0000000084500000| Untracked 
|  70|0x0000000084600000, 0x0000000084700000, 0x0000000084700000|100%| O|  |TAMS 0x0000000084700000, 0x0000000084600000| Untracked 
|  71|0x0000000084700000, 0x0000000084800000, 0x0000000084800000|100%| O|  |TAMS 0x0000000084800000, 0x0000000084700000| Untracked 
|  72|0x0000000084800000, 0x0000000084900000, 0x0000000084900000|100%| O|  |TAMS 0x0000000084900000, 0x0000000084800000| Untracked 
|  73|0x0000000084900000, 0x0000000084a00000, 0x0000000084a00000|100%| O|  |TAMS 0x0000000084a00000, 0x0000000084900000| Untracked 
|  74|0x0000000084a00000, 0x0000000084b00000, 0x0000000084b00000|100%| O|  |TAMS 0x0000000084b00000, 0x0000000084a00000| Untracked 
|  75|0x0000000084b00000, 0x0000000084c00000, 0x0000000084c00000|100%|HS|  |TAMS 0x0000000084c00000, 0x0000000084b00000| Complete 
|  76|0x0000000084c00000, 0x0000000084d00000, 0x0000000084d00000|100%|HS|  |TAMS 0x0000000084d00000, 0x0000000084c00000| Complete 
|  77|0x0000000084d00000, 0x0000000084e00000, 0x0000000084e00000|100%|HC|  |TAMS 0x0000000084e00000, 0x0000000084d00000| Complete 
|  78|0x0000000084e00000, 0x0000000084f00000, 0x0000000084f00000|100%|HS|  |TAMS 0x0000000084f00000, 0x0000000084e00000| Complete 
|  79|0x0000000084f00000, 0x0000000085000000, 0x0000000085000000|100%|HS|  |TAMS 0x0000000085000000, 0x0000000084f00000| Complete 
|  80|0x0000000085000000, 0x0000000085100000, 0x0000000085100000|100%| O|  |TAMS 0x0000000085100000, 0x0000000085000000| Untracked 
|  81|0x0000000085100000, 0x0000000085200000, 0x0000000085200000|100%|HS|  |TAMS 0x0000000085200000, 0x0000000085100000| Complete 
|  82|0x0000000085200000, 0x0000000085300000, 0x0000000085300000|100%|HC|  |TAMS 0x0000000085300000, 0x0000000085200000| Complete 
|  83|0x0000000085300000, 0x0000000085400000, 0x0000000085400000|100%|HS|  |TAMS 0x0000000085400000, 0x0000000085300000| Complete 
|  84|0x0000000085400000, 0x0000000085500000, 0x0000000085500000|100%|HS|  |TAMS 0x0000000085500000, 0x0000000085400000| Complete 
|  85|0x0000000085500000, 0x0000000085600000, 0x0000000085600000|100%| O|  |TAMS 0x0000000085600000, 0x0000000085500000| Untracked 
|  86|0x0000000085600000, 0x0000000085700000, 0x0000000085700000|100%| O|  |TAMS 0x0000000085700000, 0x0000000085600000| Untracked 
|  87|0x0000000085700000, 0x0000000085800000, 0x0000000085800000|100%| O|  |TAMS 0x0000000085800000, 0x0000000085700000| Untracked 
|  88|0x0000000085800000, 0x0000000085900000, 0x0000000085900000|100%| O|  |TAMS 0x0000000085900000, 0x0000000085800000| Untracked 
|  89|0x0000000085900000, 0x0000000085a00000, 0x0000000085a00000|100%|HS|  |TAMS 0x0000000085a00000, 0x0000000085900000| Complete 
|  90|0x0000000085a00000, 0x0000000085b00000, 0x0000000085b00000|100%| O|  |TAMS 0x0000000085b00000, 0x0000000085a00000| Untracked 
|  91|0x0000000085b00000, 0x0000000085c00000, 0x0000000085c00000|100%| O|  |TAMS 0x0000000085c00000, 0x0000000085b00000| Untracked 
|  92|0x0000000085c00000, 0x0000000085d00000, 0x0000000085d00000|100%| O|  |TAMS 0x0000000085d00000, 0x0000000085c00000| Untracked 
|  93|0x0000000085d00000, 0x0000000085e00000, 0x0000000085e00000|100%| O|  |TAMS 0x0000000085e00000, 0x0000000085d00000| Untracked 
|  94|0x0000000085e00000, 0x0000000085f00000, 0x0000000085f00000|100%| O|  |TAMS 0x0000000085f00000, 0x0000000085e00000| Untracked 
|  95|0x0000000085f00000, 0x0000000086000000, 0x0000000086000000|100%| O|  |TAMS 0x0000000086000000, 0x0000000085f00000| Untracked 
|  96|0x0000000086000000, 0x0000000086100000, 0x0000000086100000|100%| O|  |TAMS 0x0000000086100000, 0x0000000086000000| Untracked 
|  97|0x0000000086100000, 0x0000000086200000, 0x0000000086200000|100%| O|  |TAMS 0x0000000086200000, 0x0000000086100000| Untracked 
|  98|0x0000000086200000, 0x0000000086300000, 0x0000000086300000|100%| O|  |TAMS 0x0000000086300000, 0x0000000086200000| Untracked 
|  99|0x0000000086300000, 0x0000000086400000, 0x0000000086400000|100%| O|  |TAMS 0x0000000086400000, 0x0000000086300000| Untracked 
| 100|0x0000000086400000, 0x0000000086500000, 0x0000000086500000|100%| O|  |TAMS 0x0000000086500000, 0x0000000086400000| Untracked 
| 101|0x0000000086500000, 0x0000000086600000, 0x0000000086600000|100%| O|  |TAMS 0x0000000086600000, 0x0000000086500000| Untracked 
| 102|0x0000000086600000, 0x0000000086700000, 0x0000000086700000|100%| O|  |TAMS 0x0000000086700000, 0x0000000086600000| Untracked 
| 103|0x0000000086700000, 0x0000000086800000, 0x0000000086800000|100%| O|  |TAMS 0x0000000086800000, 0x0000000086700000| Untracked 
| 104|0x0000000086800000, 0x0000000086900000, 0x0000000086900000|100%| O|  |TAMS 0x0000000086900000, 0x0000000086800000| Untracked 
| 105|0x0000000086900000, 0x0000000086a00000, 0x0000000086a00000|100%| O|  |TAMS 0x0000000086a00000, 0x0000000086900000| Untracked 
| 106|0x0000000086a00000, 0x0000000086b00000, 0x0000000086b00000|100%| O|  |TAMS 0x0000000086b00000, 0x0000000086a00000| Untracked 
| 107|0x0000000086b00000, 0x0000000086c00000, 0x0000000086c00000|100%| O|  |TAMS 0x0000000086b62000, 0x0000000086b00000| Untracked 
| 108|0x0000000086c00000, 0x0000000086d00000, 0x0000000086d00000|100%| O|  |TAMS 0x0000000086c00000, 0x0000000086c00000| Untracked 
| 109|0x0000000086d00000, 0x0000000086e00000, 0x0000000086e00000|100%| O|  |TAMS 0x0000000086d00000, 0x0000000086d00000| Untracked 
| 110|0x0000000086e00000, 0x0000000086f00000, 0x0000000086f00000|100%| O|  |TAMS 0x0000000086e00000, 0x0000000086e00000| Untracked 
| 111|0x0000000086f00000, 0x0000000087000000, 0x0000000087000000|100%| O|  |TAMS 0x0000000086f00000, 0x0000000086f00000| Untracked 
| 112|0x0000000087000000, 0x0000000087100000, 0x0000000087100000|100%| O|  |TAMS 0x0000000087000000, 0x0000000087000000| Untracked 
| 113|0x0000000087100000, 0x0000000087200000, 0x0000000087200000|100%| O|  |TAMS 0x0000000087100000, 0x0000000087100000| Untracked 
| 114|0x0000000087200000, 0x0000000087300000, 0x0000000087300000|100%| O|  |TAMS 0x0000000087200000, 0x0000000087200000| Untracked 
| 115|0x0000000087300000, 0x0000000087400000, 0x0000000087400000|100%| O|  |TAMS 0x0000000087300000, 0x0000000087300000| Untracked 
| 116|0x0000000087400000, 0x0000000087418c00, 0x0000000087500000|  9%| O|  |TAMS 0x0000000087400000, 0x0000000087400000| Untracked 
| 117|0x0000000087500000, 0x0000000087600000, 0x0000000087600000|100%|HS|  |TAMS 0x0000000087500000, 0x0000000087500000| Complete 
| 118|0x0000000087600000, 0x0000000087700000, 0x0000000087700000|100%|HS|  |TAMS 0x0000000087600000, 0x0000000087600000| Complete 
| 119|0x0000000087700000, 0x0000000087800000, 0x0000000087800000|100%|HS|  |TAMS 0x0000000087700000, 0x0000000087700000| Complete 
| 120|0x0000000087800000, 0x0000000087900000, 0x0000000087900000|100%|HS|  |TAMS 0x0000000087800000, 0x0000000087800000| Complete 
| 121|0x0000000087900000, 0x0000000087900000, 0x0000000087a00000|  0%| F|  |TAMS 0x0000000087900000, 0x0000000087900000| Untracked 
| 122|0x0000000087a00000, 0x0000000087a00000, 0x0000000087b00000|  0%| F|  |TAMS 0x0000000087a00000, 0x0000000087a00000| Untracked 
| 123|0x0000000087b00000, 0x0000000087b00000, 0x0000000087c00000|  0%| F|  |TAMS 0x0000000087b00000, 0x0000000087b00000| Untracked 
| 124|0x0000000087c00000, 0x0000000087c00000, 0x0000000087d00000|  0%| F|  |TAMS 0x0000000087c00000, 0x0000000087c00000| Untracked 
| 125|0x0000000087d00000, 0x0000000087d00000, 0x0000000087e00000|  0%| F|  |TAMS 0x0000000087d00000, 0x0000000087d00000| Untracked 
| 126|0x0000000087e00000, 0x0000000087e00000, 0x0000000087f00000|  0%| F|  |TAMS 0x0000000087e00000, 0x0000000087e00000| Untracked 
| 127|0x0000000087f00000, 0x0000000087f00000, 0x0000000088000000|  0%| F|  |TAMS 0x0000000087f00000, 0x0000000087f00000| Untracked 
| 128|0x0000000088000000, 0x0000000088000000, 0x0000000088100000|  0%| F|  |TAMS 0x0000000088000000, 0x0000000088000000| Untracked 
| 129|0x0000000088100000, 0x0000000088100000, 0x0000000088200000|  0%| F|  |TAMS 0x0000000088100000, 0x0000000088100000| Untracked 
| 130|0x0000000088200000, 0x0000000088200000, 0x0000000088300000|  0%| F|  |TAMS 0x0000000088200000, 0x0000000088200000| Untracked 
| 131|0x0000000088300000, 0x0000000088300000, 0x0000000088400000|  0%| F|  |TAMS 0x0000000088300000, 0x0000000088300000| Untracked 
| 132|0x0000000088400000, 0x0000000088400000, 0x0000000088500000|  0%| F|  |TAMS 0x0000000088400000, 0x0000000088400000| Untracked 
| 133|0x0000000088500000, 0x0000000088500000, 0x0000000088600000|  0%| F|  |TAMS 0x0000000088500000, 0x0000000088500000| Untracked 
| 134|0x0000000088600000, 0x0000000088600000, 0x0000000088700000|  0%| F|  |TAMS 0x0000000088600000, 0x0000000088600000| Untracked 
| 135|0x0000000088700000, 0x0000000088700000, 0x0000000088800000|  0%| F|  |TAMS 0x0000000088700000, 0x0000000088700000| Untracked 
| 136|0x0000000088800000, 0x0000000088800000, 0x0000000088900000|  0%| F|  |TAMS 0x0000000088800000, 0x0000000088800000| Untracked 
| 137|0x0000000088900000, 0x0000000088900000, 0x0000000088a00000|  0%| F|  |TAMS 0x0000000088900000, 0x0000000088900000| Untracked 
| 138|0x0000000088a00000, 0x0000000088a00000, 0x0000000088b00000|  0%| F|  |TAMS 0x0000000088a00000, 0x0000000088a00000| Untracked 
| 139|0x0000000088b00000, 0x0000000088b00000, 0x0000000088c00000|  0%| F|  |TAMS 0x0000000088b00000, 0x0000000088b00000| Untracked 
| 140|0x0000000088c00000, 0x0000000088c00000, 0x0000000088d00000|  0%| F|  |TAMS 0x0000000088c00000, 0x0000000088c00000| Untracked 
| 141|0x0000000088d00000, 0x0000000088d00000, 0x0000000088e00000|  0%| F|  |TAMS 0x0000000088d00000, 0x0000000088d00000| Untracked 
| 142|0x0000000088e00000, 0x0000000088e00000, 0x0000000088f00000|  0%| F|  |TAMS 0x0000000088e00000, 0x0000000088e00000| Untracked 
| 143|0x0000000088f00000, 0x0000000088f00000, 0x0000000089000000|  0%| F|  |TAMS 0x0000000088f00000, 0x0000000088f00000| Untracked 
| 144|0x0000000089000000, 0x0000000089000000, 0x0000000089100000|  0%| F|  |TAMS 0x0000000089000000, 0x0000000089000000| Untracked 
| 145|0x0000000089100000, 0x0000000089100000, 0x0000000089200000|  0%| F|  |TAMS 0x0000000089100000, 0x0000000089100000| Untracked 
| 146|0x0000000089200000, 0x0000000089200000, 0x0000000089300000|  0%| F|  |TAMS 0x0000000089200000, 0x0000000089200000| Untracked 
| 147|0x0000000089300000, 0x0000000089300000, 0x0000000089400000|  0%| F|  |TAMS 0x0000000089300000, 0x0000000089300000| Untracked 
| 148|0x0000000089400000, 0x0000000089400000, 0x0000000089500000|  0%| F|  |TAMS 0x0000000089400000, 0x0000000089400000| Untracked 
| 149|0x0000000089500000, 0x0000000089500000, 0x0000000089600000|  0%| F|  |TAMS 0x0000000089500000, 0x0000000089500000| Untracked 
| 150|0x0000000089600000, 0x0000000089600000, 0x0000000089700000|  0%| F|  |TAMS 0x0000000089600000, 0x0000000089600000| Untracked 
| 151|0x0000000089700000, 0x0000000089700000, 0x0000000089800000|  0%| F|  |TAMS 0x0000000089700000, 0x0000000089700000| Untracked 
| 152|0x0000000089800000, 0x0000000089800000, 0x0000000089900000|  0%| F|  |TAMS 0x0000000089800000, 0x0000000089800000| Untracked 
| 153|0x0000000089900000, 0x0000000089900000, 0x0000000089a00000|  0%| F|  |TAMS 0x0000000089900000, 0x0000000089900000| Untracked 
| 154|0x0000000089a00000, 0x0000000089a00000, 0x0000000089b00000|  0%| F|  |TAMS 0x0000000089a00000, 0x0000000089a00000| Untracked 
| 155|0x0000000089b00000, 0x0000000089b00000, 0x0000000089c00000|  0%| F|  |TAMS 0x0000000089b00000, 0x0000000089b00000| Untracked 
| 156|0x0000000089c00000, 0x0000000089c00000, 0x0000000089d00000|  0%| F|  |TAMS 0x0000000089c00000, 0x0000000089c00000| Untracked 
| 157|0x0000000089d00000, 0x0000000089d34340, 0x0000000089e00000| 20%| S|CS|TAMS 0x0000000089d00000, 0x0000000089d00000| Complete 
| 158|0x0000000089e00000, 0x0000000089f00000, 0x0000000089f00000|100%| S|CS|TAMS 0x0000000089e00000, 0x0000000089e00000| Complete 
| 159|0x0000000089f00000, 0x000000008a000000, 0x000000008a000000|100%| S|CS|TAMS 0x0000000089f00000, 0x0000000089f00000| Complete 
| 160|0x000000008a000000, 0x000000008a100000, 0x000000008a100000|100%| S|CS|TAMS 0x000000008a000000, 0x000000008a000000| Complete 
| 161|0x000000008a100000, 0x000000008a200000, 0x000000008a200000|100%| S|CS|TAMS 0x000000008a100000, 0x000000008a100000| Complete 
| 162|0x000000008a200000, 0x000000008a200000, 0x000000008a300000|  0%| F|  |TAMS 0x000000008a200000, 0x000000008a200000| Untracked 
| 163|0x000000008a300000, 0x000000008a300000, 0x000000008a400000|  0%| F|  |TAMS 0x000000008a300000, 0x000000008a300000| Untracked 
| 164|0x000000008a400000, 0x000000008a400000, 0x000000008a500000|  0%| F|  |TAMS 0x000000008a400000, 0x000000008a400000| Untracked 
| 165|0x000000008a500000, 0x000000008a500000, 0x000000008a600000|  0%| F|  |TAMS 0x000000008a500000, 0x000000008a500000| Untracked 
| 166|0x000000008a600000, 0x000000008a600000, 0x000000008a700000|  0%| F|  |TAMS 0x000000008a600000, 0x000000008a600000| Untracked 
| 167|0x000000008a700000, 0x000000008a700000, 0x000000008a800000|  0%| F|  |TAMS 0x000000008a700000, 0x000000008a700000| Untracked 
| 168|0x000000008a800000, 0x000000008a800000, 0x000000008a900000|  0%| F|  |TAMS 0x000000008a800000, 0x000000008a800000| Untracked 
| 169|0x000000008a900000, 0x000000008a900000, 0x000000008aa00000|  0%| F|  |TAMS 0x000000008a900000, 0x000000008a900000| Untracked 
| 170|0x000000008aa00000, 0x000000008aa00000, 0x000000008ab00000|  0%| F|  |TAMS 0x000000008aa00000, 0x000000008aa00000| Untracked 
| 171|0x000000008ab00000, 0x000000008ab00000, 0x000000008ac00000|  0%| F|  |TAMS 0x000000008ab00000, 0x000000008ab00000| Untracked 
| 172|0x000000008ac00000, 0x000000008ac00000, 0x000000008ad00000|  0%| F|  |TAMS 0x000000008ac00000, 0x000000008ac00000| Untracked 
| 173|0x000000008ad00000, 0x000000008ad00000, 0x000000008ae00000|  0%| F|  |TAMS 0x000000008ad00000, 0x000000008ad00000| Untracked 
| 174|0x000000008ae00000, 0x000000008ae00000, 0x000000008af00000|  0%| F|  |TAMS 0x000000008ae00000, 0x000000008ae00000| Untracked 
| 175|0x000000008af00000, 0x000000008af00000, 0x000000008b000000|  0%| F|  |TAMS 0x000000008af00000, 0x000000008af00000| Untracked 
| 176|0x000000008b000000, 0x000000008b000000, 0x000000008b100000|  0%| F|  |TAMS 0x000000008b000000, 0x000000008b000000| Untracked 
| 177|0x000000008b100000, 0x000000008b100000, 0x000000008b200000|  0%| F|  |TAMS 0x000000008b100000, 0x000000008b100000| Untracked 
| 178|0x000000008b200000, 0x000000008b200000, 0x000000008b300000|  0%| F|  |TAMS 0x000000008b200000, 0x000000008b200000| Untracked 
| 179|0x000000008b300000, 0x000000008b300000, 0x000000008b400000|  0%| F|  |TAMS 0x000000008b300000, 0x000000008b300000| Untracked 
| 180|0x000000008b400000, 0x000000008b400000, 0x000000008b500000|  0%| F|  |TAMS 0x000000008b400000, 0x000000008b400000| Untracked 
| 181|0x000000008b500000, 0x000000008b500000, 0x000000008b600000|  0%| F|  |TAMS 0x000000008b500000, 0x000000008b500000| Untracked 
| 182|0x000000008b600000, 0x000000008b600000, 0x000000008b700000|  0%| F|  |TAMS 0x000000008b600000, 0x000000008b600000| Untracked 
| 183|0x000000008b700000, 0x000000008b700000, 0x000000008b800000|  0%| F|  |TAMS 0x000000008b700000, 0x000000008b700000| Untracked 
| 184|0x000000008b800000, 0x000000008b800000, 0x000000008b900000|  0%| F|  |TAMS 0x000000008b800000, 0x000000008b800000| Untracked 
| 185|0x000000008b900000, 0x000000008b900000, 0x000000008ba00000|  0%| F|  |TAMS 0x000000008b900000, 0x000000008b900000| Untracked 
| 186|0x000000008ba00000, 0x000000008ba00000, 0x000000008bb00000|  0%| F|  |TAMS 0x000000008ba00000, 0x000000008ba00000| Untracked 
| 187|0x000000008bb00000, 0x000000008bb00000, 0x000000008bc00000|  0%| F|  |TAMS 0x000000008bb00000, 0x000000008bb00000| Untracked 
| 188|0x000000008bc00000, 0x000000008bc00000, 0x000000008bd00000|  0%| F|  |TAMS 0x000000008bc00000, 0x000000008bc00000| Untracked 
| 189|0x000000008bd00000, 0x000000008bd00000, 0x000000008be00000|  0%| F|  |TAMS 0x000000008bd00000, 0x000000008bd00000| Untracked 
| 190|0x000000008be00000, 0x000000008be00000, 0x000000008bf00000|  0%| F|  |TAMS 0x000000008be00000, 0x000000008be00000| Untracked 
| 191|0x000000008bf00000, 0x000000008bf00000, 0x000000008c000000|  0%| F|  |TAMS 0x000000008bf00000, 0x000000008bf00000| Untracked 
| 192|0x000000008c000000, 0x000000008c080800, 0x000000008c100000| 50%| E|  |TAMS 0x000000008c000000, 0x000000008c000000| Complete 
| 193|0x000000008c100000, 0x000000008c200000, 0x000000008c200000|100%| E|CS|TAMS 0x000000008c100000, 0x000000008c100000| Complete 
| 194|0x000000008c200000, 0x000000008c300000, 0x000000008c300000|100%| E|CS|TAMS 0x000000008c200000, 0x000000008c200000| Complete 
| 195|0x000000008c300000, 0x000000008c400000, 0x000000008c400000|100%| E|CS|TAMS 0x000000008c300000, 0x000000008c300000| Complete 
| 196|0x000000008c400000, 0x000000008c500000, 0x000000008c500000|100%| E|CS|TAMS 0x000000008c400000, 0x000000008c400000| Complete 
| 197|0x000000008c500000, 0x000000008c600000, 0x000000008c600000|100%| E|CS|TAMS 0x000000008c500000, 0x000000008c500000| Complete 
| 198|0x000000008c600000, 0x000000008c700000, 0x000000008c700000|100%| E|CS|TAMS 0x000000008c600000, 0x000000008c600000| Complete 
| 199|0x000000008c700000, 0x000000008c800000, 0x000000008c800000|100%| E|CS|TAMS 0x000000008c700000, 0x000000008c700000| Complete 
| 200|0x000000008c800000, 0x000000008c900000, 0x000000008c900000|100%| E|CS|TAMS 0x000000008c800000, 0x000000008c800000| Complete 
| 201|0x000000008c900000, 0x000000008ca00000, 0x000000008ca00000|100%| E|CS|TAMS 0x000000008c900000, 0x000000008c900000| Complete 
| 202|0x000000008ca00000, 0x000000008cb00000, 0x000000008cb00000|100%| E|CS|TAMS 0x000000008ca00000, 0x000000008ca00000| Complete 
| 203|0x000000008cb00000, 0x000000008cc00000, 0x000000008cc00000|100%| E|CS|TAMS 0x000000008cb00000, 0x000000008cb00000| Complete 
| 204|0x000000008cc00000, 0x000000008cd00000, 0x000000008cd00000|100%| E|CS|TAMS 0x000000008cc00000, 0x000000008cc00000| Complete 
| 205|0x000000008cd00000, 0x000000008ce00000, 0x000000008ce00000|100%| E|CS|TAMS 0x000000008cd00000, 0x000000008cd00000| Complete 
| 206|0x000000008ce00000, 0x000000008cf00000, 0x000000008cf00000|100%| E|CS|TAMS 0x000000008ce00000, 0x000000008ce00000| Complete 
| 207|0x000000008cf00000, 0x000000008d000000, 0x000000008d000000|100%| E|CS|TAMS 0x000000008cf00000, 0x000000008cf00000| Complete 
| 208|0x000000008d000000, 0x000000008d100000, 0x000000008d100000|100%| E|CS|TAMS 0x000000008d000000, 0x000000008d000000| Complete 
| 209|0x000000008d100000, 0x000000008d200000, 0x000000008d200000|100%| E|CS|TAMS 0x000000008d100000, 0x000000008d100000| Complete 
| 210|0x000000008d200000, 0x000000008d300000, 0x000000008d300000|100%| E|CS|TAMS 0x000000008d200000, 0x000000008d200000| Complete 
| 211|0x000000008d300000, 0x000000008d400000, 0x000000008d400000|100%| E|CS|TAMS 0x000000008d300000, 0x000000008d300000| Complete 
| 212|0x000000008d400000, 0x000000008d500000, 0x000000008d500000|100%| E|CS|TAMS 0x000000008d400000, 0x000000008d400000| Complete 
| 213|0x000000008d500000, 0x000000008d600000, 0x000000008d600000|100%| E|CS|TAMS 0x000000008d500000, 0x000000008d500000| Complete 
| 214|0x000000008d600000, 0x000000008d700000, 0x000000008d700000|100%| E|CS|TAMS 0x000000008d600000, 0x000000008d600000| Complete 
| 215|0x000000008d700000, 0x000000008d800000, 0x000000008d800000|100%| E|CS|TAMS 0x000000008d700000, 0x000000008d700000| Complete 
| 216|0x000000008d800000, 0x000000008d900000, 0x000000008d900000|100%| E|CS|TAMS 0x000000008d800000, 0x000000008d800000| Complete 
| 217|0x000000008d900000, 0x000000008da00000, 0x000000008da00000|100%| E|CS|TAMS 0x000000008d900000, 0x000000008d900000| Complete 
| 218|0x000000008da00000, 0x000000008db00000, 0x000000008db00000|100%| E|CS|TAMS 0x000000008da00000, 0x000000008da00000| Complete 
| 219|0x000000008db00000, 0x000000008dc00000, 0x000000008dc00000|100%| E|CS|TAMS 0x000000008db00000, 0x000000008db00000| Complete 
| 220|0x000000008dc00000, 0x000000008dd00000, 0x000000008dd00000|100%| E|CS|TAMS 0x000000008dc00000, 0x000000008dc00000| Complete 
| 221|0x000000008dd00000, 0x000000008de00000, 0x000000008de00000|100%| E|CS|TAMS 0x000000008dd00000, 0x000000008dd00000| Complete 
| 222|0x000000008de00000, 0x000000008df00000, 0x000000008df00000|100%| E|CS|TAMS 0x000000008de00000, 0x000000008de00000| Complete 
| 223|0x000000008df00000, 0x000000008e000000, 0x000000008e000000|100%| E|CS|TAMS 0x000000008df00000, 0x000000008df00000| Complete 
| 224|0x000000008e000000, 0x000000008e100000, 0x000000008e100000|100%| E|CS|TAMS 0x000000008e000000, 0x000000008e000000| Complete 
| 225|0x000000008e100000, 0x000000008e200000, 0x000000008e200000|100%| E|CS|TAMS 0x000000008e100000, 0x000000008e100000| Complete 
| 226|0x000000008e200000, 0x000000008e300000, 0x000000008e300000|100%| E|CS|TAMS 0x000000008e200000, 0x000000008e200000| Complete 
| 227|0x000000008e300000, 0x000000008e400000, 0x000000008e400000|100%| E|CS|TAMS 0x000000008e300000, 0x000000008e300000| Complete 
| 228|0x000000008e400000, 0x000000008e500000, 0x000000008e500000|100%| E|CS|TAMS 0x000000008e400000, 0x000000008e400000| Complete 
| 229|0x000000008e500000, 0x000000008e600000, 0x000000008e600000|100%| E|CS|TAMS 0x000000008e500000, 0x000000008e500000| Complete 
| 230|0x000000008e600000, 0x000000008e700000, 0x000000008e700000|100%| E|CS|TAMS 0x000000008e600000, 0x000000008e600000| Complete 
| 231|0x000000008e700000, 0x000000008e800000, 0x000000008e800000|100%| E|CS|TAMS 0x000000008e700000, 0x000000008e700000| Complete 
| 232|0x000000008e800000, 0x000000008e900000, 0x000000008e900000|100%| E|CS|TAMS 0x000000008e800000, 0x000000008e800000| Complete 
| 233|0x000000008e900000, 0x000000008ea00000, 0x000000008ea00000|100%| E|  |TAMS 0x000000008e900000, 0x000000008e900000| Complete 
| 234|0x000000008ea00000, 0x000000008eb00000, 0x000000008eb00000|100%| E|CS|TAMS 0x000000008ea00000, 0x000000008ea00000| Complete 
| 235|0x000000008eb00000, 0x000000008ec00000, 0x000000008ec00000|100%| E|CS|TAMS 0x000000008eb00000, 0x000000008eb00000| Complete 
| 236|0x000000008ec00000, 0x000000008ed00000, 0x000000008ed00000|100%| E|CS|TAMS 0x000000008ec00000, 0x000000008ec00000| Complete 
| 253|0x000000008fd00000, 0x000000008fe00000, 0x000000008fe00000|100%| E|CS|TAMS 0x000000008fd00000, 0x000000008fd00000| Complete 

Card table byte_map: [0x0000018f50190000,0x0000018f50590000] _byte_map_base: 0x0000018f4fd90000

Marking Bits (Prev, Next): (CMBitMap*) 0x0000018f38204960, (CMBitMap*) 0x0000018f382049a0
 Prev Bits: [0x0000018f50990000, 0x0000018f52990000)
 Next Bits: [0x0000018f52990000, 0x0000018f54990000)

Polling page: 0x0000018f36500000

Metaspace:

Usage:
  Non-class:     85.28 MB used.
      Class:     13.78 MB used.
       Both:     99.06 MB used.

Virtual space:
  Non-class space:      128.00 MB reserved,      85.75 MB ( 67%) committed,  2 nodes.
      Class space:      416.00 MB reserved,      14.25 MB (  3%) committed,  1 nodes.
             Both:      544.00 MB reserved,     100.00 MB ( 18%) committed. 

Chunk freelists:
   Non-Class:  9.89 MB
       Class:  1.68 MB
        Both:  11.58 MB

MaxMetaspaceSize: 512.00 MB
CompressedClassSpaceSize: 416.00 MB
Initial GC threshold: 21.00 MB
Current GC threshold: 165.44 MB
CDS: on
MetaspaceReclaimPolicy: balanced
 - commit_granule_bytes: 65536.
 - commit_granule_words: 8192.
 - virtual_space_node_default_size: 8388608.
 - enlarge_chunks_in_place: 1.
 - new_chunks_are_fully_committed: 0.
 - uncommit_free_chunks: 1.
 - use_allocation_guard: 0.
 - handle_deallocations: 1.


Internal statistics:

num_allocs_failed_limit: 6.
num_arena_births: 1350.
num_arena_deaths: 0.
num_vsnodes_births: 3.
num_vsnodes_deaths: 0.
num_space_committed: 1600.
num_space_uncommitted: 0.
num_chunks_returned_to_freelist: 6.
num_chunks_taken_from_freelist: 5901.
num_chunk_merges: 6.
num_chunk_splits: 3801.
num_chunks_enlarged: 2439.
num_inconsistent_stats: 0.

CodeHeap 'non-profiled nmethods': size=128192Kb used=8078Kb max_used=8079Kb free=120113Kb
 bounds [0x0000018f47d30000, 0x0000018f48520000, 0x0000018f4fa60000]
CodeHeap 'profiled nmethods': size=128192Kb used=22691Kb max_used=22691Kb free=105500Kb
 bounds [0x0000018f3fa60000, 0x0000018f41090000, 0x0000018f47790000]
CodeHeap 'non-nmethods': size=5760Kb used=2460Kb max_used=2521Kb free=3299Kb
 bounds [0x0000018f47790000, 0x0000018f47a10000, 0x0000018f47d30000]
 total_blobs=12492 nmethods=11506 adapters=896
 compilation: enabled
              stopped_count=0, restarted_count=0
 full_count=0

Compilation events (20 events):
Event: 41.691 Thread 0x0000018f57546010 13121  s    1       java.net.DatagramPacket::setAddress (6 bytes)
Event: 41.691 Thread 0x0000018f57546010 nmethod 13121 0x0000018f48500690 code [0x0000018f48500820, 0x0000018f485009d8]
Event: 41.691 Thread 0x0000018f57546010 13122  s    1       java.net.DatagramPacket::getLength (5 bytes)
Event: 41.691 Thread 0x0000018f57546010 nmethod 13122 0x0000018f48500a90 code [0x0000018f48500c20, 0x0000018f48500d98]
Event: 41.720 Thread 0x0000018f7a093420 nmethod 13095 0x0000018f48500e10 code [0x0000018f48501040, 0x0000018f48502b90]
Event: 41.720 Thread 0x0000018f7a093420 13089       4       org.codehaus.groovy.runtime.metaclass.MetaMethodIndex::copyNonPrivateNonNewMetaMethods (171 bytes)
Event: 41.728 Thread 0x0000018f7a093420 nmethod 13089 0x0000018f48503a10 code [0x0000018f48503be0, 0x0000018f48504150]
Event: 41.728 Thread 0x0000018f7a093420 13123 % !   4       com.google.common.cache.LocalCache$Segment::clear @ 35 (261 bytes)
Event: 41.748 Thread 0x0000018f57546010 13124       1       org.gradle.internal.resource.UriTextResource::access$100 (5 bytes)
Event: 41.748 Thread 0x0000018f57546010 nmethod 13124 0x0000018f48504590 code [0x0000018f48504720, 0x0000018f485047d8]
Event: 41.765 Thread 0x0000018f7a093420 nmethod 13123% 0x0000018f48504890 code [0x0000018f48504b00, 0x0000018f485057e0]
Event: 41.765 Thread 0x0000018f7a093420 13111       4       groovy.lang.MetaClassImpl::filterPropertyMethod (305 bytes)
Event: 41.776 Thread 0x0000018f7a093420 nmethod 13111 0x0000018f48506690 code [0x0000018f485068a0, 0x0000018f48506e80]
Event: 41.777 Thread 0x0000018f7a093420 13106       4       groovy.lang.MetaMethod::getMopName (105 bytes)
Event: 41.777 Thread 0x0000018f7a08ef10 nmethod 13039 0x0000018f48507390 code [0x0000018f48507b20, 0x0000018f4850fc08]
Event: 41.778 Thread 0x0000018f7a08ef10 13063       4       java.lang.Class::getMethod (59 bytes)
Event: 41.810 Thread 0x0000018f57546010 13125       3       java.util.LinkedList$ListItr::hasPrevious (13 bytes)
Event: 41.811 Thread 0x0000018f57546010 nmethod 13125 0x0000018f4107a710 code [0x0000018f4107a8a0, 0x0000018f4107aa18]
Event: 41.827 Thread 0x0000018f57546010 13127       3       groovy.lang.MetaClassImpl::applyStrayPropertyMethods (288 bytes)
Event: 41.830 Thread 0x0000018f57546010 nmethod 13127 0x0000018f4107aa90 code [0x0000018f4107af40, 0x0000018f4107d9b8]

GC Heap History (20 events):
Event: 26.282 GC heap before
{Heap before GC invocations=35 (full 0):
 garbage-first heap   total 135168K, used 109249K [0x0000000080000000, 0x0000000100000000)
  region size 1024K, 37 young (37888K), 1 survivors (1024K)
 Metaspace       used 69242K, committed 69888K, reserved 491520K
  class space    used 9849K, committed 10176K, reserved 425984K
}
Event: 26.285 GC heap after
{Heap after GC invocations=36 (full 0):
 garbage-first heap   total 135168K, used 74442K [0x0000000080000000, 0x0000000100000000)
  region size 1024K, 2 young (2048K), 2 survivors (2048K)
 Metaspace       used 69242K, committed 69888K, reserved 491520K
  class space    used 9849K, committed 10176K, reserved 425984K
}
Event: 26.665 GC heap before
{Heap before GC invocations=37 (full 0):
 garbage-first heap   total 142336K, used 110282K [0x0000000080000000, 0x0000000100000000)
  region size 1024K, 38 young (38912K), 2 survivors (2048K)
 Metaspace       used 69269K, committed 69952K, reserved 491520K
  class space    used 9851K, committed 10176K, reserved 425984K
}
Event: 26.671 GC heap after
{Heap after GC invocations=38 (full 0):
 garbage-first heap   total 142336K, used 76051K [0x0000000080000000, 0x0000000100000000)
  region size 1024K, 4 young (4096K), 4 survivors (4096K)
 Metaspace       used 69269K, committed 69952K, reserved 491520K
  class space    used 9851K, committed 10176K, reserved 425984K
}
Event: 26.713 GC heap before
{Heap before GC invocations=38 (full 0):
 garbage-first heap   total 142336K, used 78099K [0x0000000080000000, 0x0000000100000000)
  region size 1024K, 6 young (6144K), 4 survivors (4096K)
 Metaspace       used 69272K, committed 69952K, reserved 491520K
  class space    used 9851K, committed 10176K, reserved 425984K
}
Event: 26.720 GC heap after
{Heap after GC invocations=39 (full 0):
 garbage-first heap   total 142336K, used 75613K [0x0000000080000000, 0x0000000100000000)
  region size 1024K, 1 young (1024K), 1 survivors (1024K)
 Metaspace       used 69272K, committed 69952K, reserved 491520K
  class space    used 9851K, committed 10176K, reserved 425984K
}
Event: 27.291 GC heap before
{Heap before GC invocations=39 (full 0):
 garbage-first heap   total 142336K, used 83805K [0x0000000080000000, 0x0000000100000000)
  region size 1024K, 10 young (10240K), 1 survivors (1024K)
 Metaspace       used 70051K, committed 70784K, reserved 491520K
  class space    used 9946K, committed 10304K, reserved 425984K
}
Event: 27.294 GC heap after
{Heap after GC invocations=40 (full 0):
 garbage-first heap   total 243712K, used 76216K [0x0000000080000000, 0x0000000100000000)
  region size 1024K, 2 young (2048K), 2 survivors (2048K)
 Metaspace       used 70051K, committed 70784K, reserved 491520K
  class space    used 9946K, committed 10304K, reserved 425984K
}
Event: 30.663 GC heap before
{Heap before GC invocations=40 (full 0):
 garbage-first heap   total 243712K, used 210360K [0x0000000080000000, 0x0000000100000000)
  region size 1024K, 117 young (119808K), 2 survivors (2048K)
 Metaspace       used 78039K, committed 78848K, reserved 557056K
  class space    used 10880K, committed 11264K, reserved 425984K
}
Event: 30.672 GC heap after
{Heap after GC invocations=41 (full 0):
 garbage-first heap   total 243712K, used 101097K [0x0000000080000000, 0x0000000100000000)
  region size 1024K, 15 young (15360K), 15 survivors (15360K)
 Metaspace       used 78039K, committed 78848K, reserved 557056K
  class space    used 10880K, committed 11264K, reserved 425984K
}
Event: 32.984 GC heap before
{Heap before GC invocations=41 (full 0):
 garbage-first heap   total 243712K, used 197353K [0x0000000080000000, 0x0000000100000000)
  region size 1024K, 109 young (111616K), 15 survivors (15360K)
 Metaspace       used 85119K, committed 85888K, reserved 557056K
  class space    used 11838K, committed 12224K, reserved 425984K
}
Event: 32.996 GC heap after
{Heap after GC invocations=42 (full 0):
 garbage-first heap   total 243712K, used 105659K [0x0000000080000000, 0x0000000100000000)
  region size 1024K, 5 young (5120K), 5 survivors (5120K)
 Metaspace       used 85119K, committed 85888K, reserved 557056K
  class space    used 11838K, committed 12224K, reserved 425984K
}
Event: 35.058 GC heap before
{Heap before GC invocations=42 (full 0):
 garbage-first heap   total 243712K, used 200891K [0x0000000080000000, 0x0000000100000000)
  region size 1024K, 97 young (99328K), 5 survivors (5120K)
 Metaspace       used 89714K, committed 90560K, reserved 557056K
  class space    used 12451K, committed 12864K, reserved 425984K
}
Event: 35.071 GC heap after
{Heap after GC invocations=43 (full 0):
 garbage-first heap   total 243712K, used 110643K [0x0000000080000000, 0x0000000100000000)
  region size 1024K, 10 young (10240K), 10 survivors (10240K)
 Metaspace       used 89714K, committed 90560K, reserved 557056K
  class space    used 12451K, committed 12864K, reserved 425984K
}
Event: 38.117 GC heap before
{Heap before GC invocations=43 (full 0):
 garbage-first heap   total 243712K, used 200755K [0x0000000080000000, 0x0000000100000000)
  region size 1024K, 98 young (100352K), 10 survivors (10240K)
 Metaspace       used 96101K, committed 96960K, reserved 557056K
  class space    used 13457K, committed 13888K, reserved 425984K
}
Event: 38.130 GC heap after
{Heap after GC invocations=44 (full 0):
 garbage-first heap   total 243712K, used 113577K [0x0000000080000000, 0x0000000100000000)
  region size 1024K, 9 young (9216K), 9 survivors (9216K)
 Metaspace       used 96101K, committed 96960K, reserved 557056K
  class space    used 13457K, committed 13888K, reserved 425984K
}
Event: 40.179 GC heap before
{Heap before GC invocations=44 (full 0):
 garbage-first heap   total 243712K, used 201641K [0x0000000080000000, 0x0000000100000000)
  region size 1024K, 95 young (97280K), 9 survivors (9216K)
 Metaspace       used 98829K, committed 99712K, reserved 557056K
  class space    used 13793K, committed 14208K, reserved 425984K
}
Event: 40.191 GC heap after
{Heap after GC invocations=45 (full 0):
 garbage-first heap   total 243712K, used 122023K [0x0000000080000000, 0x0000000100000000)
  region size 1024K, 12 young (12288K), 12 survivors (12288K)
 Metaspace       used 98829K, committed 99712K, reserved 557056K
  class space    used 13793K, committed 14208K, reserved 425984K
}
Event: 40.849 GC heap before
{Heap before GC invocations=45 (full 0):
 garbage-first heap   total 243712K, used 198823K [0x0000000080000000, 0x0000000100000000)
  region size 1024K, 88 young (90112K), 12 survivors (12288K)
 Metaspace       used 100654K, committed 101568K, reserved 557056K
  class space    used 14006K, committed 14464K, reserved 425984K
}
Event: 40.859 GC heap after
{Heap after GC invocations=46 (full 0):
 garbage-first heap   total 243712K, used 122962K [0x0000000080000000, 0x0000000100000000)
  region size 1024K, 5 young (5120K), 5 survivors (5120K)
 Metaspace       used 100654K, committed 101568K, reserved 557056K
  class space    used 14006K, committed 14464K, reserved 425984K
}

Deoptimization events (20 events):
Event: 41.219 Thread 0x0000018f5765cf80 Uncommon trap: trap_request=0xffffff45 fr.pc=0x0000018f47df4bdc relative=0x000000000000053c
Event: 41.219 Thread 0x0000018f5765cf80 Uncommon trap: reason=unstable_if action=reinterpret pc=0x0000018f47df4bdc method=java.lang.String.replace(CC)Ljava/lang/String; @ 2 c2
Event: 41.220 Thread 0x0000018f5765cf80 DEOPT PACKING pc=0x0000018f47df4bdc sp=0x00000052708f7a10
Event: 41.220 Thread 0x0000018f5765cf80 DEOPT UNPACKING pc=0x0000018f477e5ba3 sp=0x00000052708f79c0 mode 2
Event: 41.260 Thread 0x0000018f5765cf80 Uncommon trap: trap_request=0xffffff45 fr.pc=0x0000018f4846fd74 relative=0x0000000000001a34
Event: 41.260 Thread 0x0000018f5765cf80 Uncommon trap: reason=unstable_if action=reinterpret pc=0x0000018f4846fd74 method=java.lang.reflect.AccessibleObject.checkCanSetAccessible(Ljava/lang/Class;Ljava/lang/Class;Z)Z @ 67 c2
Event: 41.261 Thread 0x0000018f5765cf80 DEOPT PACKING pc=0x0000018f4846fd74 sp=0x00000052708f8630
Event: 41.261 Thread 0x0000018f5765cf80 DEOPT UNPACKING pc=0x0000018f477e5ba3 sp=0x00000052708f8638 mode 2
Event: 41.315 Thread 0x0000018f5765cf80 Uncommon trap: trap_request=0xffffff45 fr.pc=0x0000018f482455f8 relative=0x0000000000000438
Event: 41.315 Thread 0x0000018f5765cf80 Uncommon trap: reason=unstable_if action=reinterpret pc=0x0000018f482455f8 method=java.util.StringJoiner.add(Ljava/lang/CharSequence;)Ljava/util/StringJoiner; @ 33 c2
Event: 41.315 Thread 0x0000018f5765cf80 DEOPT PACKING pc=0x0000018f482455f8 sp=0x00000052708f7950
Event: 41.315 Thread 0x0000018f5765cf80 DEOPT UNPACKING pc=0x0000018f477e5ba3 sp=0x00000052708f7900 mode 2
Event: 41.459 Thread 0x0000018f5765cf80 Uncommon trap: trap_request=0xfffffff4 fr.pc=0x0000018f484f1db0 relative=0x00000000000009b0
Event: 41.459 Thread 0x0000018f5765cf80 Uncommon trap: reason=null_check action=make_not_entrant pc=0x0000018f484f1db0 method=com.sun.beans.introspect.MethodInfo$MethodOrder.compare(Ljava/lang/reflect/Method;Ljava/lang/reflect/Method;)I @ 133 c2
Event: 41.459 Thread 0x0000018f5765cf80 DEOPT PACKING pc=0x0000018f484f1db0 sp=0x00000052708f51a0
Event: 41.459 Thread 0x0000018f5765cf80 DEOPT UNPACKING pc=0x0000018f477e5ba3 sp=0x00000052708f5140 mode 2
Event: 41.725 Thread 0x0000018f5765cf80 DEOPT PACKING pc=0x0000018f405a5c89 sp=0x00000052708f7f20
Event: 41.725 Thread 0x0000018f5765cf80 DEOPT UNPACKING pc=0x0000018f477e66e3 sp=0x00000052708f7530 mode 0
Event: 41.726 Thread 0x0000018f5765cf80 DEOPT PACKING pc=0x0000018f405a5c89 sp=0x00000052708f7f20
Event: 41.726 Thread 0x0000018f5765cf80 DEOPT UNPACKING pc=0x0000018f477e66e3 sp=0x00000052708f7530 mode 0

Classes unloaded (0 events):
No events

Classes redefined (0 events):
No events

Internal exceptions (20 events):
Event: 41.560 Thread 0x0000018f5765cf80 Exception <a 'java/lang/ClassNotFoundException'{0x000000008ceca818}: com/android/build/gradle/internal/dsl/BuildFeaturesImplCustomizer> (0x000000008ceca818) 
thrown [s\open\src\hotspot\share\classfile\systemDictionary.cpp, line 256]
Event: 41.563 Thread 0x0000018f5765cf80 Exception <a 'java/lang/ClassNotFoundException'{0x000000008cee5748}: com/android/build/gradle/internal/dsl/LibraryBuildFeaturesImplCustomizer> (0x000000008cee5748) 
thrown [s\open\src\hotspot\share\classfile\systemDictionary.cpp, line 256]
Event: 41.564 Thread 0x0000018f5765cf80 Exception <a 'java/lang/ClassNotFoundException'{0x000000008cefe950}: com/android/build/gradle/internal/dsl/LibraryBuildFeaturesImpl$AgpDecoratedCustomizer> (0x000000008cefe950) 
thrown [s\open\src\hotspot\share\classfile\systemDictionary.cpp, line 256]
Event: 41.565 Thread 0x0000018f5765cf80 Exception <a 'java/lang/ClassNotFoundException'{0x000000008cd13f48}: com/android/build/gradle/internal/dsl/LibraryBuildFeaturesImpl$AgpDecorated_DecoratedCustomizer> (0x000000008cd13f48) 
thrown [s\open\src\hotspot\share\classfile\systemDictionary.cpp, line 256]
Event: 41.598 Thread 0x0000018f5765cf80 Exception <a 'java/lang/ClassNotFoundException'{0x000000008cc85678}: com/android/build/gradle/internal/dsl/LintOptions_DecoratedBeanInfo> (0x000000008cc85678) 
thrown [s\open\src\hotspot\share\classfile\systemDictionary.cpp, line 256]
Event: 41.598 Thread 0x0000018f5765cf80 Exception <a 'java/lang/ClassNotFoundException'{0x000000008cc94770}: com/android/build/gradle/internal/dsl/LintOptionsBeanInfo> (0x000000008cc94770) 
thrown [s\open\src\hotspot\share\classfile\systemDictionary.cpp, line 256]
Event: 41.599 Thread 0x0000018f5765cf80 Exception <a 'java/lang/ClassNotFoundException'{0x000000008cca3848}: com/android/build/gradle/internal/dsl/LintOptionsCustomizer> (0x000000008cca3848) 
thrown [s\open\src\hotspot\share\classfile\systemDictionary.cpp, line 256]
Event: 41.605 Thread 0x0000018f5765cf80 Exception <a 'java/lang/ClassNotFoundException'{0x000000008cceeee0}: com/android/build/gradle/internal/dsl/LintOptions_DecoratedCustomizer> (0x000000008cceeee0) 
thrown [s\open\src\hotspot\share\classfile\systemDictionary.cpp, line 256]
Event: 41.615 Thread 0x0000018f5765cf80 Exception <a 'java/lang/ClassNotFoundException'{0x000000008cbd9da8}: groovy/lang/GString$1BeanInfo> (0x000000008cbd9da8) 
thrown [s\open\src\hotspot\share\classfile\systemDictionary.cpp, line 256]
Event: 41.616 Thread 0x0000018f5765cf80 Exception <a 'java/lang/ClassNotFoundException'{0x000000008cbff5d8}: groovy/lang/GStringBeanInfo> (0x000000008cbff5d8) 
thrown [s\open\src\hotspot\share\classfile\systemDictionary.cpp, line 256]
Event: 41.620 Thread 0x0000018f5765cf80 Exception <a 'java/lang/ClassNotFoundException'{0x000000008ca250f8}: groovy/lang/GStringCustomizer> (0x000000008ca250f8) 
thrown [s\open\src\hotspot\share\classfile\systemDictionary.cpp, line 256]
Event: 41.623 Thread 0x0000018f5765cf80 Exception <a 'java/lang/ClassNotFoundException'{0x000000008ca54280}: groovy/lang/GString$1Customizer> (0x000000008ca54280) 
thrown [s\open\src\hotspot\share\classfile\systemDictionary.cpp, line 256]
Event: 41.626 Thread 0x0000018f5765cf80 Exception <a 'java/lang/ClassNotFoundException'{0x000000008ca7c9f8}: build_2m5kmx0pzhr2kxhiv1nndy5zt$_run_closure2BeanInfo> (0x000000008ca7c9f8) 
thrown [s\open\src\hotspot\share\classfile\systemDictionary.cpp, line 256]
Event: 41.627 Thread 0x0000018f5765cf80 Exception <a 'java/lang/ClassNotFoundException'{0x000000008ca88ba0}: build_2m5kmx0pzhr2kxhiv1nndy5zt$_run_closure2Customizer> (0x000000008ca88ba0) 
thrown [s\open\src\hotspot\share\classfile\systemDictionary.cpp, line 256]
Event: 41.660 Thread 0x0000018f5765cf80 Exception <a 'java/lang/ClassNotFoundException'{0x000000008c6577d8}: org/codehaus/groovy/runtime/GStringImplBeanInfo> (0x000000008c6577d8) 
thrown [s\open\src\hotspot\share\classfile\systemDictionary.cpp, line 256]
Event: 41.663 Thread 0x0000018f5765cf80 Exception <a 'java/lang/ClassNotFoundException'{0x000000008c441e00}: org/codehaus/groovy/runtime/GStringImplCustomizer> (0x000000008c441e00) 
thrown [s\open\src\hotspot\share\classfile\systemDictionary.cpp, line 256]
Event: 41.814 Thread 0x0000018f5765cf80 Exception <a 'java/lang/ClassNotFoundException'{0x000000008c209ea0}: user_agent_x9krx4ml5q0o1wqy8rpjzwlmBeanInfo> (0x000000008c209ea0) 
thrown [s\open\src\hotspot\share\classfile\systemDictionary.cpp, line 256]
Event: 41.826 Thread 0x0000018f5765cf80 Exception <a 'java/lang/ClassNotFoundException'{0x000000008c2150a0}: user_agent_x9krx4ml5q0o1wqy8rpjzwlmCustomizer> (0x000000008c2150a0) 
thrown [s\open\src\hotspot\share\classfile\systemDictionary.cpp, line 256]
Event: 41.861 Thread 0x0000018f5765cf80 Exception <a 'java/lang/ClassNotFoundException'{0x000000008c245888}: java/io/FileBeanInfo> (0x000000008c245888) 
thrown [s\open\src\hotspot\share\classfile\systemDictionary.cpp, line 256]
Event: 41.862 Thread 0x0000018f5765cf80 Exception <a 'java/lang/ClassNotFoundException'{0x000000008c24c4a0}: java/io/FileCustomizer> (0x000000008c24c4a0) 
thrown [s\open\src\hotspot\share\classfile\systemDictionary.cpp, line 256]

VM Operations (20 events):
Event: 37.488 Executing VM operation: ICBufferFull
Event: 37.489 Executing VM operation: ICBufferFull done
Event: 38.117 Executing VM operation: G1CollectForAllocation
Event: 38.130 Executing VM operation: G1CollectForAllocation done
Event: 38.749 Executing VM operation: ICBufferFull
Event: 38.749 Executing VM operation: ICBufferFull done
Event: 39.757 Executing VM operation: Cleanup
Event: 39.757 Executing VM operation: Cleanup done
Event: 40.178 Executing VM operation: G1CollectForAllocation
Event: 40.192 Executing VM operation: G1CollectForAllocation done
Event: 40.849 Executing VM operation: G1CollectForAllocation
Event: 40.859 Executing VM operation: G1CollectForAllocation done
Event: 40.971 Executing VM operation: G1Concurrent
Event: 40.979 Executing VM operation: G1Concurrent done
Event: 41.040 Executing VM operation: G1Concurrent
Event: 41.041 Executing VM operation: G1Concurrent done
Event: 41.277 Executing VM operation: HandshakeAllThreads
Event: 41.277 Executing VM operation: HandshakeAllThreads done
Event: 42.291 Executing VM operation: Cleanup
Event: 42.291 Executing VM operation: Cleanup done

Events (20 events):
Event: 41.493 loading class java/lang/EnumBeanInfo done
Event: 41.493 loading class java/lang/EnumBeanInfo
Event: 41.493 loading class java/lang/EnumBeanInfo done
Event: 41.494 loading class java/lang/EnumCustomizer
Event: 41.494 loading class java/lang/EnumCustomizer done
Event: 41.494 loading class java/lang/EnumCustomizer
Event: 41.494 loading class java/lang/EnumCustomizer done
Event: 41.637 loading class jdk/internal/reflect/UnsafeStaticBooleanFieldAccessorImpl
Event: 41.637 loading class jdk/internal/reflect/UnsafeStaticBooleanFieldAccessorImpl done
Event: 41.665 Thread 0x0000018f7a093420 Thread added: 0x0000018f7a093420
Event: 41.730 Thread 0x0000018f7a3a3960 Thread added: 0x0000018f7a3a3960
Event: 41.745 Thread 0x0000018f7a3a06c0 Thread added: 0x0000018f7a3a06c0
Event: 41.861 loading class java/io/FileBeanInfo
Event: 41.861 loading class java/io/FileBeanInfo done
Event: 41.861 loading class java/io/FileBeanInfo
Event: 41.861 loading class java/io/FileBeanInfo done
Event: 41.861 loading class java/io/FileCustomizer
Event: 41.861 loading class java/io/FileCustomizer done
Event: 41.862 loading class java/io/FileCustomizer
Event: 41.862 loading class java/io/FileCustomizer done


Dynamic libraries:
0x00007ff679680000 - 0x00007ff679690000 	C:\Program Files\Java\jdk-17\bin\java.exe
0x00007ff9e9600000 - 0x00007ff9e9868000 	C:\WINDOWS\SYSTEM32\ntdll.dll
0x00007ff9e80e0000 - 0x00007ff9e81a9000 	C:\WINDOWS\System32\KERNEL32.DLL
0x00007ff9e6800000 - 0x00007ff9e6bf1000 	C:\WINDOWS\System32\KERNELBASE.dll
0x00007ff9e71c0000 - 0x00007ff9e730b000 	C:\WINDOWS\System32\ucrtbase.dll
0x00007ff9dca50000 - 0x00007ff9dca69000 	C:\Program Files\Java\jdk-17\bin\jli.dll
0x00007ff9dc3f0000 - 0x00007ff9dc40b000 	C:\Program Files\Java\jdk-17\bin\VCRUNTIME140.dll
0x00007ff9e9500000 - 0x00007ff9e95b4000 	C:\WINDOWS\System32\ADVAPI32.dll
0x00007ff9e7410000 - 0x00007ff9e74b9000 	C:\WINDOWS\System32\msvcrt.dll
0x00007ff9e74c0000 - 0x00007ff9e7566000 	C:\WINDOWS\System32\sechost.dll
0x00007ff9e76b0000 - 0x00007ff9e77c8000 	C:\WINDOWS\System32\RPCRT4.dll
0x00007ff9e7f10000 - 0x00007ff9e80d6000 	C:\WINDOWS\System32\USER32.dll
0x00007ff9ce680000 - 0x00007ff9ce913000 	C:\WINDOWS\WinSxS\amd64_microsoft.windows.common-controls_6595b64144ccf1df_6.0.26100.7824_none_3e0870b2e3345462\COMCTL32.dll
0x00007ff9e6cb0000 - 0x00007ff9e6cd7000 	C:\WINDOWS\System32\win32u.dll
0x00007ff9e8220000 - 0x00007ff9e824b000 	C:\WINDOWS\System32\GDI32.dll
0x00007ff9e6fd0000 - 0x00007ff9e70fb000 	C:\WINDOWS\System32\gdi32full.dll
0x00007ff9e6c00000 - 0x00007ff9e6ca3000 	C:\WINDOWS\System32\msvcp_win.dll
0x00007ff9d2c40000 - 0x00007ff9d2c4b000 	C:\WINDOWS\SYSTEM32\VERSION.dll
0x00007ff9e7570000 - 0x00007ff9e75a1000 	C:\WINDOWS\System32\IMM32.DLL
0x00007ff9e0da0000 - 0x00007ff9e0dac000 	C:\Program Files\Java\jdk-17\bin\vcruntime140_1.dll
0x00007ff9db6b0000 - 0x00007ff9db73e000 	C:\Program Files\Java\jdk-17\bin\msvcp140.dll
0x00007ff982b40000 - 0x00007ff983720000 	C:\Program Files\Java\jdk-17\bin\server\jvm.dll
0x00007ff9e73d0000 - 0x00007ff9e73d8000 	C:\WINDOWS\System32\PSAPI.DLL
0x00007ff9ce920000 - 0x00007ff9ce92a000 	C:\WINDOWS\SYSTEM32\WSOCK32.dll
0x00007ff9e75b0000 - 0x00007ff9e7624000 	C:\WINDOWS\System32\WS2_32.dll
0x00007ff9dd830000 - 0x00007ff9dd865000 	C:\WINDOWS\SYSTEM32\WINMM.dll
0x00007ff9e4c80000 - 0x00007ff9e4c9b000 	C:\WINDOWS\SYSTEM32\kernel.appcore.dll
0x00007ff9dca90000 - 0x00007ff9dca9a000 	C:\Program Files\Java\jdk-17\bin\jimage.dll
0x00007ff9e3d00000 - 0x00007ff9e3f42000 	C:\WINDOWS\SYSTEM32\DBGHELP.DLL
0x00007ff9e77e0000 - 0x00007ff9e7b66000 	C:\WINDOWS\System32\combase.dll
0x00007ff9e7c10000 - 0x00007ff9e7ce7000 	C:\WINDOWS\System32\OLEAUT32.dll
0x00007ff9ca560000 - 0x00007ff9ca59b000 	C:\WINDOWS\SYSTEM32\dbgcore.DLL
0x00007ff9e6750000 - 0x00007ff9e67f5000 	C:\WINDOWS\System32\bcryptPrimitives.dll
0x00007ff9e40c0000 - 0x00007ff9e40ce000 	C:\Program Files\Java\jdk-17\bin\instrument.dll
0x00007ff9dc3c0000 - 0x00007ff9dc3e5000 	C:\Program Files\Java\jdk-17\bin\java.dll
0x00007ff9db5d0000 - 0x00007ff9db6a7000 	C:\Program Files\Java\jdk-17\bin\jsvml.dll
0x00007ff9e8ce0000 - 0x00007ff9e9432000 	C:\WINDOWS\System32\SHELL32.dll
0x00007ff9e6e60000 - 0x00007ff9e6fca000 	C:\WINDOWS\System32\wintypes.dll
0x00007ff9e5ee0000 - 0x00007ff9e6743000 	C:\WINDOWS\System32\windows.storage.dll
0x00007ff9e8b30000 - 0x00007ff9e8c26000 	C:\WINDOWS\System32\SHCORE.dll
0x00007ff9e81b0000 - 0x00007ff9e8217000 	C:\WINDOWS\System32\shlwapi.dll
0x00007ff9e5e00000 - 0x00007ff9e5e29000 	C:\WINDOWS\SYSTEM32\profapi.dll
0x00007ff9db5b0000 - 0x00007ff9db5c8000 	C:\Program Files\Java\jdk-17\bin\zip.dll
0x00007ff9dbc30000 - 0x00007ff9dbc49000 	C:\Program Files\Java\jdk-17\bin\net.dll
0x00007ff9d8e80000 - 0x00007ff9d8fa7000 	C:\WINDOWS\SYSTEM32\WINHTTP.dll
0x00007ff9e51f0000 - 0x00007ff9e525b000 	C:\WINDOWS\system32\mswsock.dll
0x00007ff9db8d0000 - 0x00007ff9db8e6000 	C:\Program Files\Java\jdk-17\bin\nio.dll
0x00007ff9e3f70000 - 0x00007ff9e3f80000 	C:\Program Files\Java\jdk-17\bin\verify.dll
0x00007ff9d9210000 - 0x00007ff9d9237000 	C:\Users\ACER\.gradle\native\1def1411415f61bf3af743bc5b6707747c0891f09f0c88961ee8f79bc544acac\windows-amd64\native-platform.dll
0x00007ff9a5710000 - 0x00007ff9a5788000 	C:\Users\ACER\.gradle\native\0.2.7\x86_64-windows-gnu\gradle-fileevents.dll
0x00007ff9db890000 - 0x00007ff9db89a000 	C:\Program Files\Java\jdk-17\bin\management.dll
0x00007ff9da840000 - 0x00007ff9da84b000 	C:\Program Files\Java\jdk-17\bin\management_ext.dll
0x00007ff9e4680000 - 0x00007ff9e46b4000 	C:\WINDOWS\SYSTEM32\IPHLPAPI.DLL
0x00007ff9e77d0000 - 0x00007ff9e77da000 	C:\WINDOWS\System32\NSI.dll
0x00007ff9dd800000 - 0x00007ff9dd81e000 	C:\WINDOWS\SYSTEM32\dhcpcsvc6.DLL
0x00007ff9dd6e0000 - 0x00007ff9dd703000 	C:\WINDOWS\SYSTEM32\dhcpcsvc.DLL
0x00007ff9e4710000 - 0x00007ff9e483c000 	C:\WINDOWS\SYSTEM32\DNSAPI.dll
0x00007ff9e54d0000 - 0x00007ff9e54eb000 	C:\WINDOWS\SYSTEM32\CRYPTSP.dll
0x00007ff9e4be0000 - 0x00007ff9e4c19000 	C:\WINDOWS\system32\rsaenh.dll
0x00007ff9e52a0000 - 0x00007ff9e52cb000 	C:\WINDOWS\SYSTEM32\USERENV.dll
0x00007ff9e5dd0000 - 0x00007ff9e5dfa000 	C:\WINDOWS\SYSTEM32\bcrypt.dll
0x00007ff9e54c0000 - 0x00007ff9e54cc000 	C:\WINDOWS\SYSTEM32\CRYPTBASE.dll
0x00007ff9e2d80000 - 0x00007ff9e2d8e000 	C:\Program Files\Java\jdk-17\bin\sunmscapi.dll
0x00007ff9e6ce0000 - 0x00007ff9e6e57000 	C:\WINDOWS\System32\CRYPT32.dll
0x00007ff9e56e0000 - 0x00007ff9e5710000 	C:\WINDOWS\SYSTEM32\ncrypt.dll
0x00007ff9e5690000 - 0x00007ff9e56cf000 	C:\WINDOWS\SYSTEM32\NTASN1.dll
0x00007ff9886f0000 - 0x00007ff9886f8000 	C:\WINDOWS\system32\wshunix.dll
0x00007ff9c5980000 - 0x00007ff9c5998000 	C:\WINDOWS\system32\napinsp.dll
0x00007ff9c5960000 - 0x00007ff9c5972000 	C:\WINDOWS\System32\winrnr.dll
0x00007ff9c5930000 - 0x00007ff9c5952000 	C:\WINDOWS\system32\nlansp_c.dll
0x00007ff9d8fb0000 - 0x00007ff9d8fc6000 	C:\WINDOWS\system32\wshbth.dll
0x00007ff9dcfd0000 - 0x00007ff9dcfdb000 	C:\Windows\System32\rasadhlp.dll
0x00007ff9df700000 - 0x00007ff9df786000 	C:\WINDOWS\System32\fwpuclnt.dll

dbghelp: loaded successfully - version: 4.0.5 - missing functions: none
symbol engine: initialized successfully - sym options: 0x614 - pdb path: .;C:\Program Files\Java\jdk-17\bin;C:\WINDOWS\SYSTEM32;C:\WINDOWS\WinSxS\amd64_microsoft.windows.common-controls_6595b64144ccf1df_6.0.26100.7824_none_3e0870b2e3345462;C:\Program Files\Java\jdk-17\bin\server;C:\Users\ACER\.gradle\native\1def1411415f61bf3af743bc5b6707747c0891f09f0c88961ee8f79bc544acac\windows-amd64;C:\Users\ACER\.gradle\native\0.2.7\x86_64-windows-gnu

VM Arguments:
jvm_args: --add-opens=java.base/java.lang=ALL-UNNAMED --add-opens=java.base/java.lang.invoke=ALL-UNNAMED --add-opens=java.base/java.util=ALL-UNNAMED --add-opens=java.prefs/java.util.prefs=ALL-UNNAMED --add-exports=jdk.compiler/com.sun.tools.javac.api=ALL-UNNAMED --add-exports=jdk.compiler/com.sun.tools.javac.util=ALL-UNNAMED --add-opens=java.base/java.util=ALL-UNNAMED --add-opens=java.prefs/java.util.prefs=ALL-UNNAMED --add-opens=java.base/java.nio.charset=ALL-UNNAMED --add-opens=java.base/java.net=ALL-UNNAMED --add-opens=java.base/java.util.concurrent.atomic=ALL-UNNAMED --add-opens=java.xml/javax.xml.namespace=ALL-UNNAMED -XX:MaxMetaspaceSize=512m -XX:ReservedCodeCacheSize=256m -XX:+HeapDumpOnOutOfMemoryError -Xmx2G -Dfile.encoding=windows-1252 -Duser.country=IN -Duser.language=en -Duser.variant -javaagent:C:\Users\ACER\.gradle\wrapper\dists\gradle-8.13-all\54h0s9kvb6g2sinako7ub77ku\gradle-8.13\lib\agents\gradle-instrumentation-agent-8.13.jar 
java_command: org.gradle.launcher.daemon.bootstrap.GradleDaemon 8.13
java_class_path (initial): C:\Users\ACER\.gradle\wrapper\dists\gradle-8.13-all\54h0s9kvb6g2sinako7ub77ku\gradle-8.13\lib\gradle-daemon-main-8.13.jar
Launcher Type: SUN_STANDARD

[Global flags]
     intx CICompilerCount                          = 4                                         {product} {ergonomic}
   size_t CompressedClassSpaceSize                 = 436207616                                 {product} {ergonomic}
     uint ConcGCThreads                            = 2                                         {product} {ergonomic}
     uint G1ConcRefinementThreads                  = 8                                         {product} {ergonomic}
   size_t G1HeapRegionSize                         = 1048576                                   {product} {ergonomic}
    uintx GCDrainStackTargetSize                   = 64                                        {product} {ergonomic}
     bool HeapDumpOnOutOfMemoryError               = true                                   {manageable} {command line}
   size_t InitialHeapSize                          = 266338304                                 {product} {ergonomic}
   size_t MarkStackSize                            = 4194304                                   {product} {ergonomic}
   size_t MaxHeapSize                              = 2147483648                                {product} {command line}
   size_t MaxMetaspaceSize                         = 536870912                                 {product} {command line}
   size_t MaxNewSize                               = 1287651328                                {product} {ergonomic}
   size_t MinHeapDeltaBytes                        = 1048576                                   {product} {ergonomic}
   size_t MinHeapSize                              = 8388608                                   {product} {ergonomic}
    uintx NonNMethodCodeHeapSize                   = 5839372                                {pd product} {ergonomic}
    uintx NonProfiledCodeHeapSize                  = 131298042                              {pd product} {ergonomic}
    uintx ProfiledCodeHeapSize                     = 131298042                              {pd product} {ergonomic}
    uintx ReservedCodeCacheSize                    = 268435456                              {pd product} {command line}
     bool SegmentedCodeCache                       = true                                      {product} {ergonomic}
   size_t SoftMaxHeapSize                          = 2147483648                             {manageable} {ergonomic}
   double SweeperThreshold                         = 0.468750                                  {product} {ergonomic}
     bool UseCompressedClassPointers               = true                           {product lp64_product} {ergonomic}
     bool UseCompressedOops                        = true                           {product lp64_product} {ergonomic}
     bool UseG1GC                                  = true                                      {product} {ergonomic}
     bool UseLargePagesIndividualAllocation        = false                                  {pd product} {ergonomic}

Logging:
Log output configuration:
 #0: stdout all=warning uptime,level,tags
 #1: stderr all=off uptime,level,tags

Environment Variables:
CLASSPATH=c:\Users\ACER\Downloads\WattX-main (2)\WattX-main\android\\gradle\wrapper\gradle-wrapper.jar
PATH=C:\Program Files\Java\jdk-17\bin;C:\WINDOWS\system32;C:\WINDOWS;C:\WINDOWS\System32\Wbem;C:\WINDOWS\System32\WindowsPowerShell\v1.0\;C:\WINDOWS\System32\OpenSSH\;C:\Program Files\dotnet\;C:\ProgramData\chocolatey\bin;C:\Users\ACER\AppData\Roaming\Microsoft\Windows\Start Menu\Programs\Python 3.12;C:\Program Files\Git\cmd;C:\Program Files\mysql-9.4.0-winx64\bin;C:\Program Files (x86)\Microsoft SQL Server\160\Tools\Binn\;C:\Program Files\Microsoft SQL Server\160\Tools\Binn\;C:\Program Files\Microsoft SQL Server\Client SDK\ODBC\170\Tools\Binn\;C:\Program Files\Microsoft SQL Server\160\DTS\Binn\;C:\xampp\php;C:\ProgramData\ComposerSetup\bin;C:\Program Files\Microsoft SQL Server\170\Tools\Binn\;C:\flutter\bin;C:\Users\ACER\AppData\Local\Programs\Python\Launcher\;C:\Program Files\MySQL\MySQL Shell 8.0\bin\;C:\msys64\ucrt64\bin;C:\MinGW\bin;C:\MinGW\mingw32\bin;C:\Users\ACER\AppData\Local\Programs\Microsoft VS Code\bin;C:\Users\ACER\AppData\Local\Microsoft\WindowsApps;C:\Users\ACER\AppData\Local\Microsoft\WinGet\Packages\Schniz.fnm_Microsoft.Winget.Source_8wekyb3d8bbwe;C:\Users\ACER\AppData\Local\Microsoft\WindowsApps;C:\Users\ACER\AppData\Roaming\Composer\vendor\bin;C:\Users\ACER\AppData\Local\Programs\Antigravity\bin;C:\Users\ACER\.dotnet\tools;C:\Users\ACER\AppData\Local\Python\bin
USERNAME=ACER
OS=Windows_NT
PROCESSOR_IDENTIFIER=Intel64 Family 6 Model 140 Stepping 1, GenuineIntel



---------------  S Y S T E M  ---------------

OS:
 Windows 11 , 64 bit Build 26100 (10.0.26100.7705)
OS uptime: 2 days 13:45 hours
Hyper-V role detected

CPU: total 8 (initial active 8) (4 cores per cpu, 2 threads per core) family 6 model 140 stepping 1 microcode 0xaa, cx8, cmov, fxsr, ht, mmx, 3dnowpref, sse, sse2, sse3, ssse3, sse4.1, sse4.2, popcnt, lzcnt, tsc, tscinvbit, avx, avx2, aes, erms, clmul, bmi1, bmi2, adx, avx512f, avx512dq, avx512cd, avx512bw, avx512vl, sha, fma, vzeroupper, avx512_vpopcntdq, avx512_vpclmulqdq, avx512_vaes, avx512_vnni, clflush, clflushopt, clwb, avx512_vbmi2, avx512_vbmi, hv

Memory: 4k page, system-wide physical 16163M (1189M free)
TotalPageFile size 29390M (AvailPageFile size 2M)
current process WorkingSet (physical memory assigned to process): 534M, peak: 535M
current process commit charge ("private bytes"): 575M, peak: 576M

vm_info: Java HotSpot(TM) 64-Bit Server VM (17.0.12+8-LTS-286) for windows-amd64 JRE (17.0.12+8-LTS-286), built on Jun  5 2024 06:46:59 by "mach5one" with MS VC++ 17.6 (VS2022)

END.
